Loading dataset synthetic_clusters...
Shape X_train:  (5000, 2)
Shape Y_train:  (5000,)
Shape X_test:  (1000, 2)
Shape Y_test:  (1000,)
Dataset loaded!
Initialization of the model...
Scheme train: annealing
Rep init type: fixed_length_random
Space init: latent
Type loss: log_dist
Model:  AE(
  (encoder): Encoder(
    (hidden): ModuleList()
    (out): Linear(in_features=2, out_features=2, bias=True)
  )
  (decoder): Decoder(
    (hidden): ModuleList()
    (out): Linear(in_features=2, out_features=2, bias=True)
  )
)
Starting training on synthetic_clusters...
Starting lap 1 for evolution on synthetic_clusters data in mode train...
Running k-means...
Running k-means...
shape of s torch.Size([2, 4])
Running k-segments...
s1 shape:  torch.Size([18, 2])
s2 shape:  torch.Size([18, 2])
s_alphas shape:  torch.Size([18, 2])
s1 shape:  torch.Size([18, 2])
s2 shape:  torch.Size([18, 2])
s_alphas shape:  torch.Size([18, 2])
s1 shape:  torch.Size([2, 2])
s2 shape:  torch.Size([2, 2])
shape s_inter_rec_np =  (18, 2)
i = 0, X_full shape = (5002, 2)
i = 1, X_full shape = (5022, 2)
i = 2, X_full shape = (5022, 2)
i = 3, X_full shape = (5002, 2)
i = 4, X_full shape = (5020, 2)
i = 0, X_full shape = (5002, 2)
i = 1, X_full shape = (5022, 2)
i = 2, X_full shape = (5022, 2)
i = 3, X_full shape = (5002, 2)
i = 4, X_full shape = (5020, 2)
['ACC = 0.995', 'NMI = 0.956', 'ARI = 0.981']
Lap 1 for evolution DONE!
Train epoch = 0, alpha = 0.1, beta = 1e-08, gamma = 0.0001
2021-05-15 22:25:33.935808	Train Epoch: 0 [0/5000 (0%)]	Loss: 0.402875
2021-05-15 22:25:34.043928	Train Epoch: 0 [2560/5000 (53%)]	Loss: 0.387596
====> Epoch: 0 Average loss: 0.3994
Train epoch = 1, alpha = 0.1, beta = 1e-08, gamma = 0.0001
2021-05-15 22:25:34.138364	Train Epoch: 1 [0/5000 (0%)]	Loss: 0.367750
2021-05-15 22:25:34.238835	Train Epoch: 1 [2560/5000 (53%)]	Loss: 0.287169
====> Epoch: 1 Average loss: 0.3331
Train epoch = 2, alpha = 0.1, beta = 1e-08, gamma = 0.0001
2021-05-15 22:25:34.336748	Train Epoch: 2 [0/5000 (0%)]	Loss: 0.275849
2021-05-15 22:25:34.450718	Train Epoch: 2 [2560/5000 (53%)]	Loss: 0.277836
====> Epoch: 2 Average loss: 0.2832
Train epoch = 3, alpha = 0.1, beta = 1e-08, gamma = 0.0001
2021-05-15 22:25:34.553078	Train Epoch: 3 [0/5000 (0%)]	Loss: 0.273197
2021-05-15 22:25:34.671267	Train Epoch: 3 [2560/5000 (53%)]	Loss: 0.232062
====> Epoch: 3 Average loss: 0.2459
Train epoch = 4, alpha = 0.42320861065570825, beta = 1e-08, gamma = 0.0001
2021-05-15 22:25:34.771934	Train Epoch: 4 [0/5000 (0%)]	Loss: 0.223101
2021-05-15 22:25:34.875938	Train Epoch: 4 [2560/5000 (53%)]	Loss: 0.200562
====> Epoch: 4 Average loss: 0.2189
Train epoch = 5, alpha = 0.42320861065570825, beta = 1e-08, gamma = 0.0001
2021-05-15 22:25:34.977584	Train Epoch: 5 [0/5000 (0%)]	Loss: 0.199511
2021-05-15 22:25:35.078845	Train Epoch: 5 [2560/5000 (53%)]	Loss: 0.196813
====> Epoch: 5 Average loss: 0.1999
Train epoch = 6, alpha = 0.42320861065570825, beta = 1e-08, gamma = 0.0001
2021-05-15 22:25:35.178979	Train Epoch: 6 [0/5000 (0%)]	Loss: 0.181789
2021-05-15 22:25:35.303448	Train Epoch: 6 [2560/5000 (53%)]	Loss: 0.179993
====> Epoch: 6 Average loss: 0.1838
Train epoch = 7, alpha = 0.42320861065570825, beta = 1e-08, gamma = 0.0001
2021-05-15 22:25:35.423534	Train Epoch: 7 [0/5000 (0%)]	Loss: 0.182954
2021-05-15 22:25:35.571622	Train Epoch: 7 [2560/5000 (53%)]	Loss: 0.151836
====> Epoch: 7 Average loss: 0.1733
Train epoch = 8, alpha = 0.42320861065570825, beta = 1e-08, gamma = 0.0001
2021-05-15 22:25:35.676486	Train Epoch: 8 [0/5000 (0%)]	Loss: 0.150012
2021-05-15 22:25:35.779787	Train Epoch: 8 [2560/5000 (53%)]	Loss: 0.151650
====> Epoch: 8 Average loss: 0.1656
Train epoch = 9, alpha = 0.7515684111296623, beta = 1e-08, gamma = 0.0001
2021-05-15 22:25:35.882709	Train Epoch: 9 [0/5000 (0%)]	Loss: 0.181567
2021-05-15 22:25:35.991082	Train Epoch: 9 [2560/5000 (53%)]	Loss: 0.165667
====> Epoch: 9 Average loss: 0.1593
Train epoch = 10, alpha = 0.7515684111296623, beta = 1e-08, gamma = 0.0001
2021-05-15 22:25:36.107321	Train Epoch: 10 [0/5000 (0%)]	Loss: 0.159202
2021-05-15 22:25:36.232307	Train Epoch: 10 [2560/5000 (53%)]	Loss: 0.155970
====> Epoch: 10 Average loss: 0.1561
Train epoch = 11, alpha = 0.7515684111296623, beta = 1e-08, gamma = 0.0001
2021-05-15 22:25:36.335413	Train Epoch: 11 [0/5000 (0%)]	Loss: 0.138500
2021-05-15 22:25:36.471415	Train Epoch: 11 [2560/5000 (53%)]	Loss: 0.121131
====> Epoch: 11 Average loss: 0.1546
Train epoch = 12, alpha = 0.7515684111296623, beta = 1e-08, gamma = 0.0001
2021-05-15 22:25:36.578883	Train Epoch: 12 [0/5000 (0%)]	Loss: 0.165956
2021-05-15 22:25:36.701155	Train Epoch: 12 [2560/5000 (53%)]	Loss: 0.152047
====> Epoch: 12 Average loss: 0.1517
Train epoch = 13, alpha = 0.7515684111296623, beta = 1e-08, gamma = 0.0001
2021-05-15 22:25:36.801965	Train Epoch: 13 [0/5000 (0%)]	Loss: 0.127674
2021-05-15 22:25:36.908274	Train Epoch: 13 [2560/5000 (53%)]	Loss: 0.153328
====> Epoch: 13 Average loss: 0.1508
Train epoch = 14, alpha = 1.077971160195895, beta = 1e-08, gamma = 0.0001
2021-05-15 22:25:37.008127	Train Epoch: 14 [0/5000 (0%)]	Loss: 0.126424
2021-05-15 22:25:37.108242	Train Epoch: 14 [2560/5000 (53%)]	Loss: 0.128270
====> Epoch: 14 Average loss: 0.1496
Train epoch = 15, alpha = 1.077971160195895, beta = 1e-08, gamma = 0.0001
2021-05-15 22:25:37.206158	Train Epoch: 15 [0/5000 (0%)]	Loss: 0.134016
2021-05-15 22:25:37.305429	Train Epoch: 15 [2560/5000 (53%)]	Loss: 0.129378
====> Epoch: 15 Average loss: 0.1491
Train epoch = 16, alpha = 1.077971160195895, beta = 1e-08, gamma = 0.0001
2021-05-15 22:25:37.415956	Train Epoch: 16 [0/5000 (0%)]	Loss: 0.115713
2021-05-15 22:25:37.541107	Train Epoch: 16 [2560/5000 (53%)]	Loss: 0.160421
====> Epoch: 16 Average loss: 0.1488
Train epoch = 17, alpha = 1.077971160195895, beta = 1e-08, gamma = 0.0001
2021-05-15 22:25:37.658062	Train Epoch: 17 [0/5000 (0%)]	Loss: 0.148643
2021-05-15 22:25:37.777937	Train Epoch: 17 [2560/5000 (53%)]	Loss: 0.144755
====> Epoch: 17 Average loss: 0.1475
Train epoch = 18, alpha = 1.077971160195895, beta = 1e-08, gamma = 0.0001
2021-05-15 22:25:37.875993	Train Epoch: 18 [0/5000 (0%)]	Loss: 0.138735
2021-05-15 22:25:37.976938	Train Epoch: 18 [2560/5000 (53%)]	Loss: 0.134718
====> Epoch: 18 Average loss: 0.1473
Train epoch = 19, alpha = 1.4087110115785935, beta = 1e-08, gamma = 0.0001
2021-05-15 22:25:38.075065	Train Epoch: 19 [0/5000 (0%)]	Loss: 0.157497
2021-05-15 22:25:38.172447	Train Epoch: 19 [2560/5000 (53%)]	Loss: 0.152139
====> Epoch: 19 Average loss: 0.1467
Train epoch = 20, alpha = 1.4087110115785935, beta = 1e-08, gamma = 0.0001
2021-05-15 22:25:38.269397	Train Epoch: 20 [0/5000 (0%)]	Loss: 0.151003
2021-05-15 22:25:38.369414	Train Epoch: 20 [2560/5000 (53%)]	Loss: 0.150244
====> Epoch: 20 Average loss: 0.1447
Train epoch = 21, alpha = 1.4087110115785935, beta = 1e-08, gamma = 0.0001
2021-05-15 22:25:38.469766	Train Epoch: 21 [0/5000 (0%)]	Loss: 0.152394
2021-05-15 22:25:38.572675	Train Epoch: 21 [2560/5000 (53%)]	Loss: 0.158451
====> Epoch: 21 Average loss: 0.1440
Train epoch = 22, alpha = 1.4087110115785935, beta = 1e-08, gamma = 0.0001
2021-05-15 22:25:38.671641	Train Epoch: 22 [0/5000 (0%)]	Loss: 0.147736
2021-05-15 22:25:38.771060	Train Epoch: 22 [2560/5000 (53%)]	Loss: 0.140848
====> Epoch: 22 Average loss: 0.1422
Train epoch = 23, alpha = 1.4087110115785935, beta = 1e-08, gamma = 0.0001
2021-05-15 22:25:38.872403	Train Epoch: 23 [0/5000 (0%)]	Loss: 0.136359
2021-05-15 22:25:38.986663	Train Epoch: 23 [2560/5000 (53%)]	Loss: 0.133415
====> Epoch: 23 Average loss: 0.1408
Train epoch = 24, alpha = 1.7481914085889256, beta = 1e-08, gamma = 0.0001
2021-05-15 22:25:39.085540	Train Epoch: 24 [0/5000 (0%)]	Loss: 0.141789
2021-05-15 22:25:39.204539	Train Epoch: 24 [2560/5000 (53%)]	Loss: 0.129844
====> Epoch: 24 Average loss: 0.1390
Train epoch = 25, alpha = 1.7481914085889256, beta = 1e-08, gamma = 0.0001
2021-05-15 22:25:39.303119	Train Epoch: 25 [0/5000 (0%)]	Loss: 0.127669
2021-05-15 22:25:39.409361	Train Epoch: 25 [2560/5000 (53%)]	Loss: 0.128981
====> Epoch: 25 Average loss: 0.1367
Train epoch = 26, alpha = 1.7481914085889256, beta = 1e-08, gamma = 0.0001
2021-05-15 22:25:39.513941	Train Epoch: 26 [0/5000 (0%)]	Loss: 0.136770
2021-05-15 22:25:39.613157	Train Epoch: 26 [2560/5000 (53%)]	Loss: 0.128950
====> Epoch: 26 Average loss: 0.1346
Train epoch = 27, alpha = 1.7481914085889256, beta = 1e-08, gamma = 0.0001
2021-05-15 22:25:39.711175	Train Epoch: 27 [0/5000 (0%)]	Loss: 0.109346
2021-05-15 22:25:39.828099	Train Epoch: 27 [2560/5000 (53%)]	Loss: 0.115650
====> Epoch: 27 Average loss: 0.1318
Train epoch = 28, alpha = 1.7481914085889256, beta = 1e-08, gamma = 0.0001
2021-05-15 22:25:39.926876	Train Epoch: 28 [0/5000 (0%)]	Loss: 0.129339
2021-05-15 22:25:40.031448	Train Epoch: 28 [2560/5000 (53%)]	Loss: 0.118104
====> Epoch: 28 Average loss: 0.1288
Train epoch = 29, alpha = 2.0993673883731723, beta = 1e-08, gamma = 0.0001
2021-05-15 22:25:40.141409	Train Epoch: 29 [0/5000 (0%)]	Loss: 0.113618
2021-05-15 22:25:40.265902	Train Epoch: 29 [2560/5000 (53%)]	Loss: 0.108166
====> Epoch: 29 Average loss: 0.1252
Train epoch = 30, alpha = 2.0993673883731723, beta = 1e-08, gamma = 0.0001
2021-05-15 22:25:40.368807	Train Epoch: 30 [0/5000 (0%)]	Loss: 0.119500
2021-05-15 22:25:40.473618	Train Epoch: 30 [2560/5000 (53%)]	Loss: 0.115889
====> Epoch: 30 Average loss: 0.1212
Train epoch = 31, alpha = 2.0993673883731723, beta = 1e-08, gamma = 0.0001
2021-05-15 22:25:40.575514	Train Epoch: 31 [0/5000 (0%)]	Loss: 0.120268
2021-05-15 22:25:40.674825	Train Epoch: 31 [2560/5000 (53%)]	Loss: 0.101161
====> Epoch: 31 Average loss: 0.1169
Train epoch = 32, alpha = 2.0993673883731723, beta = 1e-08, gamma = 0.0001
2021-05-15 22:25:40.772165	Train Epoch: 32 [0/5000 (0%)]	Loss: 0.089031
2021-05-15 22:25:40.871236	Train Epoch: 32 [2560/5000 (53%)]	Loss: 0.106094
====> Epoch: 32 Average loss: 0.1119
Train epoch = 33, alpha = 2.0993673883731723, beta = 1e-08, gamma = 0.0001
2021-05-15 22:25:40.966949	Train Epoch: 33 [0/5000 (0%)]	Loss: 0.091142
2021-05-15 22:25:41.064054	Train Epoch: 33 [2560/5000 (53%)]	Loss: 0.101281
====> Epoch: 33 Average loss: 0.1075
Train epoch = 34, alpha = 2.464368294574091, beta = 1e-08, gamma = 0.0001
2021-05-15 22:25:41.164187	Train Epoch: 34 [0/5000 (0%)]	Loss: 0.092441
2021-05-15 22:25:41.263973	Train Epoch: 34 [2560/5000 (53%)]	Loss: 0.097772
====> Epoch: 34 Average loss: 0.1017
Train epoch = 35, alpha = 2.464368294574091, beta = 1e-08, gamma = 0.0001
2021-05-15 22:25:41.363515	Train Epoch: 35 [0/5000 (0%)]	Loss: 0.096724
2021-05-15 22:25:41.482381	Train Epoch: 35 [2560/5000 (53%)]	Loss: 0.096540
====> Epoch: 35 Average loss: 0.0953
Train epoch = 36, alpha = 2.464368294574091, beta = 1e-08, gamma = 0.0001
2021-05-15 22:25:41.582327	Train Epoch: 36 [0/5000 (0%)]	Loss: 0.088732
2021-05-15 22:25:41.696448	Train Epoch: 36 [2560/5000 (53%)]	Loss: 0.090264
====> Epoch: 36 Average loss: 0.0890
Train epoch = 37, alpha = 2.464368294574091, beta = 1e-08, gamma = 0.0001
2021-05-15 22:25:41.795671	Train Epoch: 37 [0/5000 (0%)]	Loss: 0.080795
2021-05-15 22:25:41.894384	Train Epoch: 37 [2560/5000 (53%)]	Loss: 0.075366
====> Epoch: 37 Average loss: 0.0821
Train epoch = 38, alpha = 2.464368294574091, beta = 1e-08, gamma = 0.0001
2021-05-15 22:25:41.992524	Train Epoch: 38 [0/5000 (0%)]	Loss: 0.064510
2021-05-15 22:25:42.092683	Train Epoch: 38 [2560/5000 (53%)]	Loss: 0.089520
====> Epoch: 38 Average loss: 0.0757
Train epoch = 39, alpha = 2.844848336696129, beta = 1e-08, gamma = 0.0001
2021-05-15 22:25:42.190755	Train Epoch: 39 [0/5000 (0%)]	Loss: 0.065963
2021-05-15 22:25:42.307040	Train Epoch: 39 [2560/5000 (53%)]	Loss: 0.065698
====> Epoch: 39 Average loss: 0.0687
Train epoch = 40, alpha = 2.844848336696129, beta = 1e-08, gamma = 0.0001
2021-05-15 22:25:42.405472	Train Epoch: 40 [0/5000 (0%)]	Loss: 0.061303
2021-05-15 22:25:42.525058	Train Epoch: 40 [2560/5000 (53%)]	Loss: 0.053453
====> Epoch: 40 Average loss: 0.0616
Train epoch = 41, alpha = 2.844848336696129, beta = 1e-08, gamma = 0.0001
2021-05-15 22:25:42.660861	Train Epoch: 41 [0/5000 (0%)]	Loss: 0.056911
2021-05-15 22:25:42.764156	Train Epoch: 41 [2560/5000 (53%)]	Loss: 0.046709
====> Epoch: 41 Average loss: 0.0547
Train epoch = 42, alpha = 2.844848336696129, beta = 1e-08, gamma = 0.0001
2021-05-15 22:25:42.868845	Train Epoch: 42 [0/5000 (0%)]	Loss: 0.050363
2021-05-15 22:25:42.975186	Train Epoch: 42 [2560/5000 (53%)]	Loss: 0.048745
====> Epoch: 42 Average loss: 0.0481
Train epoch = 43, alpha = 2.844848336696129, beta = 1e-08, gamma = 0.0001
2021-05-15 22:25:43.077384	Train Epoch: 43 [0/5000 (0%)]	Loss: 0.038057
2021-05-15 22:25:43.182325	Train Epoch: 43 [2560/5000 (53%)]	Loss: 0.031377
====> Epoch: 43 Average loss: 0.0417
Train epoch = 44, alpha = 3.242178315324023, beta = 1e-08, gamma = 0.0001
2021-05-15 22:25:43.287086	Train Epoch: 44 [0/5000 (0%)]	Loss: 0.032166
2021-05-15 22:25:43.409626	Train Epoch: 44 [2560/5000 (53%)]	Loss: 0.036858
====> Epoch: 44 Average loss: 0.0354
Train epoch = 45, alpha = 3.242178315324023, beta = 1e-08, gamma = 0.0001
2021-05-15 22:25:43.512091	Train Epoch: 45 [0/5000 (0%)]	Loss: 0.035168
2021-05-15 22:25:43.631317	Train Epoch: 45 [2560/5000 (53%)]	Loss: 0.026759
====> Epoch: 45 Average loss: 0.0299
Train epoch = 46, alpha = 3.242178315324023, beta = 1e-08, gamma = 0.0001
2021-05-15 22:25:43.728976	Train Epoch: 46 [0/5000 (0%)]	Loss: 0.025421
2021-05-15 22:25:43.829698	Train Epoch: 46 [2560/5000 (53%)]	Loss: 0.025075
====> Epoch: 46 Average loss: 0.0247
Train epoch = 47, alpha = 3.242178315324023, beta = 1e-08, gamma = 0.0001
2021-05-15 22:25:43.927307	Train Epoch: 47 [0/5000 (0%)]	Loss: 0.019963
2021-05-15 22:25:44.026807	Train Epoch: 47 [2560/5000 (53%)]	Loss: 0.020878
====> Epoch: 47 Average loss: 0.0203
Train epoch = 48, alpha = 3.242178315324023, beta = 1e-08, gamma = 0.0001
2021-05-15 22:25:44.125957	Train Epoch: 48 [0/5000 (0%)]	Loss: 0.017912
2021-05-15 22:25:44.230951	Train Epoch: 48 [2560/5000 (53%)]	Loss: 0.014782
====> Epoch: 48 Average loss: 0.0165
Train epoch = 49, alpha = 3.65755473609305, beta = 1e-08, gamma = 0.0001
2021-05-15 22:25:44.329050	Train Epoch: 49 [0/5000 (0%)]	Loss: 0.014869
2021-05-15 22:25:44.448098	Train Epoch: 49 [2560/5000 (53%)]	Loss: 0.012769
====> Epoch: 49 Average loss: 0.0130
Starting lap 2 for evolution on synthetic_clusters data in mode train...
Running k-means...
Running k-means...
shape of s torch.Size([2, 4])
Running k-segments...
s1 shape:  torch.Size([18, 2])
s2 shape:  torch.Size([18, 2])
s_alphas shape:  torch.Size([18, 2])
s1 shape:  torch.Size([18, 2])
s2 shape:  torch.Size([18, 2])
s_alphas shape:  torch.Size([18, 2])
s1 shape:  torch.Size([2, 2])
s2 shape:  torch.Size([2, 2])
shape s_inter_rec_np =  (18, 2)
i = 0, X_full shape = (5002, 2)
i = 1, X_full shape = (5022, 2)
i = 2, X_full shape = (5022, 2)
i = 3, X_full shape = (5002, 2)
i = 4, X_full shape = (5020, 2)
i = 0, X_full shape = (5002, 2)
i = 1, X_full shape = (5022, 2)
i = 2, X_full shape = (5022, 2)
i = 3, X_full shape = (5002, 2)
i = 4, X_full shape = (5020, 2)
['ACC = 0.834', 'NMI = 0.354', 'ARI = 0.446']
Lap 2 for evolution DONE!
Train epoch = 50, alpha = 3.65755473609305, beta = 1e-08, gamma = 0.0001
2021-05-15 22:25:48.140162	Train Epoch: 50 [0/5000 (0%)]	Loss: 0.013193
2021-05-15 22:25:48.245572	Train Epoch: 50 [2560/5000 (53%)]	Loss: 0.010174
====> Epoch: 50 Average loss: 0.0102
Train epoch = 51, alpha = 3.65755473609305, beta = 1e-08, gamma = 0.0001
2021-05-15 22:25:48.351184	Train Epoch: 51 [0/5000 (0%)]	Loss: 0.009564
2021-05-15 22:25:48.477197	Train Epoch: 51 [2560/5000 (53%)]	Loss: 0.006878
====> Epoch: 51 Average loss: 0.0079
Train epoch = 52, alpha = 3.65755473609305, beta = 1e-08, gamma = 0.0001
2021-05-15 22:25:48.579683	Train Epoch: 52 [0/5000 (0%)]	Loss: 0.006440
2021-05-15 22:25:48.679890	Train Epoch: 52 [2560/5000 (53%)]	Loss: 0.006064
====> Epoch: 52 Average loss: 0.0061
Train epoch = 53, alpha = 3.65755473609305, beta = 1e-08, gamma = 0.0001
2021-05-15 22:25:48.778605	Train Epoch: 53 [0/5000 (0%)]	Loss: 0.005044
2021-05-15 22:25:48.878703	Train Epoch: 53 [2560/5000 (53%)]	Loss: 0.004458
====> Epoch: 53 Average loss: 0.0046
Train epoch = 54, alpha = 4.092064942246333, beta = 1e-08, gamma = 0.0001
2021-05-15 22:25:48.979652	Train Epoch: 54 [0/5000 (0%)]	Loss: 0.003408
2021-05-15 22:25:49.097155	Train Epoch: 54 [2560/5000 (53%)]	Loss: 0.003257
====> Epoch: 54 Average loss: 0.0034
Train epoch = 55, alpha = 4.092064942246333, beta = 1e-08, gamma = 0.0001
2021-05-15 22:25:49.194493	Train Epoch: 55 [0/5000 (0%)]	Loss: 0.002835
2021-05-15 22:25:49.293507	Train Epoch: 55 [2560/5000 (53%)]	Loss: 0.002379
====> Epoch: 55 Average loss: 0.0025
Train epoch = 56, alpha = 4.092064942246333, beta = 1e-08, gamma = 0.0001
2021-05-15 22:25:49.396251	Train Epoch: 56 [0/5000 (0%)]	Loss: 0.002199
2021-05-15 22:25:49.496315	Train Epoch: 56 [2560/5000 (53%)]	Loss: 0.002021
====> Epoch: 56 Average loss: 0.0018
Train epoch = 57, alpha = 4.092064942246333, beta = 1e-08, gamma = 0.0001
2021-05-15 22:25:49.593784	Train Epoch: 57 [0/5000 (0%)]	Loss: 0.001375
2021-05-15 22:25:49.696596	Train Epoch: 57 [2560/5000 (53%)]	Loss: 0.001125
====> Epoch: 57 Average loss: 0.0013
Train epoch = 58, alpha = 4.092064942246333, beta = 1e-08, gamma = 0.0001
2021-05-15 22:25:49.793987	Train Epoch: 58 [0/5000 (0%)]	Loss: 0.000991
2021-05-15 22:25:49.892741	Train Epoch: 58 [2560/5000 (53%)]	Loss: 0.000831
====> Epoch: 58 Average loss: 0.0009
Train epoch = 59, alpha = 4.546727776716206, beta = 1e-08, gamma = 0.0001
2021-05-15 22:25:49.990066	Train Epoch: 59 [0/5000 (0%)]	Loss: 0.000782
2021-05-15 22:25:50.093327	Train Epoch: 59 [2560/5000 (53%)]	Loss: 0.000647
====> Epoch: 59 Average loss: 0.0007
Train epoch = 60, alpha = 4.546727776716206, beta = 1e-08, gamma = 0.0001
2021-05-15 22:25:50.196177	Train Epoch: 60 [0/5000 (0%)]	Loss: 0.000496
2021-05-15 22:25:50.319332	Train Epoch: 60 [2560/5000 (53%)]	Loss: 0.000364
====> Epoch: 60 Average loss: 0.0005
Train epoch = 61, alpha = 4.546727776716206, beta = 1e-08, gamma = 0.0001
2021-05-15 22:25:50.420293	Train Epoch: 61 [0/5000 (0%)]	Loss: 0.000371
2021-05-15 22:25:50.535376	Train Epoch: 61 [2560/5000 (53%)]	Loss: 0.000319
====> Epoch: 61 Average loss: 0.0003
Train epoch = 62, alpha = 4.546727776716206, beta = 1e-08, gamma = 0.0001
2021-05-15 22:25:50.637179	Train Epoch: 62 [0/5000 (0%)]	Loss: 0.000261
2021-05-15 22:25:50.758004	Train Epoch: 62 [2560/5000 (53%)]	Loss: 0.000201
====> Epoch: 62 Average loss: 0.0002
Train epoch = 63, alpha = 4.546727776716206, beta = 1e-08, gamma = 0.0001
2021-05-15 22:25:50.861210	Train Epoch: 63 [0/5000 (0%)]	Loss: 0.000175
2021-05-15 22:25:50.987942	Train Epoch: 63 [2560/5000 (53%)]	Loss: 0.000156
====> Epoch: 63 Average loss: 0.0002
Train epoch = 64, alpha = 5.0225200099929665, beta = 1e-08, gamma = 0.0001
2021-05-15 22:25:51.090217	Train Epoch: 64 [0/5000 (0%)]	Loss: 0.000114
2021-05-15 22:25:51.193022	Train Epoch: 64 [2560/5000 (53%)]	Loss: 0.000102
====> Epoch: 64 Average loss: 0.0001
Train epoch = 65, alpha = 5.0225200099929665, beta = 1e-08, gamma = 0.0001
2021-05-15 22:25:51.295241	Train Epoch: 65 [0/5000 (0%)]	Loss: 0.000074
2021-05-15 22:25:51.402961	Train Epoch: 65 [2560/5000 (53%)]	Loss: 0.000069
====> Epoch: 65 Average loss: 0.0001
Train epoch = 66, alpha = 5.0225200099929665, beta = 1e-08, gamma = 0.0001
2021-05-15 22:25:51.501040	Train Epoch: 66 [0/5000 (0%)]	Loss: 0.000048
2021-05-15 22:25:51.603132	Train Epoch: 66 [2560/5000 (53%)]	Loss: 0.000048
====> Epoch: 66 Average loss: 0.0000
Train epoch = 67, alpha = 5.0225200099929665, beta = 1e-08, gamma = 0.0001
2021-05-15 22:25:51.704014	Train Epoch: 67 [0/5000 (0%)]	Loss: 0.000036
2021-05-15 22:25:51.818846	Train Epoch: 67 [2560/5000 (53%)]	Loss: 0.000030
====> Epoch: 67 Average loss: 0.0000
Train epoch = 68, alpha = 5.0225200099929665, beta = 1e-08, gamma = 0.0001
2021-05-15 22:25:51.919748	Train Epoch: 68 [0/5000 (0%)]	Loss: 0.000029
2021-05-15 22:25:52.021838	Train Epoch: 68 [2560/5000 (53%)]	Loss: 0.000022
====> Epoch: 68 Average loss: 0.0000
Train epoch = 69, alpha = 5.520394146673345, beta = 1e-08, gamma = 0.0001
2021-05-15 22:25:52.123754	Train Epoch: 69 [0/5000 (0%)]	Loss: 0.000016
2021-05-15 22:25:52.223405	Train Epoch: 69 [2560/5000 (53%)]	Loss: 0.000014
====> Epoch: 69 Average loss: 0.0000
Train epoch = 70, alpha = 5.520394146673345, beta = 1e-08, gamma = 0.0001
2021-05-15 22:25:52.320885	Train Epoch: 70 [0/5000 (0%)]	Loss: 0.000012
2021-05-15 22:25:52.419544	Train Epoch: 70 [2560/5000 (53%)]	Loss: 0.000010
====> Epoch: 70 Average loss: 0.0000
Train epoch = 71, alpha = 5.520394146673345, beta = 1e-08, gamma = 0.0001
2021-05-15 22:25:52.521892	Train Epoch: 71 [0/5000 (0%)]	Loss: 0.000007
2021-05-15 22:25:52.637789	Train Epoch: 71 [2560/5000 (53%)]	Loss: 0.000006
====> Epoch: 71 Average loss: 0.0000
Train epoch = 72, alpha = 5.520394146673345, beta = 1e-08, gamma = 0.0001
2021-05-15 22:25:52.737506	Train Epoch: 72 [0/5000 (0%)]	Loss: 0.000005
2021-05-15 22:25:52.854659	Train Epoch: 72 [2560/5000 (53%)]	Loss: 0.000004
====> Epoch: 72 Average loss: 0.0000
Train epoch = 73, alpha = 5.520394146673345, beta = 1e-08, gamma = 0.0001
2021-05-15 22:25:52.953811	Train Epoch: 73 [0/5000 (0%)]	Loss: 0.000003
2021-05-15 22:25:53.072391	Train Epoch: 73 [2560/5000 (53%)]	Loss: 0.000003
====> Epoch: 73 Average loss: 0.0000
Train epoch = 74, alpha = 6.041290820871168, beta = 1e-08, gamma = 0.0001
2021-05-15 22:25:53.170999	Train Epoch: 74 [0/5000 (0%)]	Loss: 0.000002
2021-05-15 22:25:53.270318	Train Epoch: 74 [2560/5000 (53%)]	Loss: 0.000002
====> Epoch: 74 Average loss: 0.0000
Train epoch = 75, alpha = 6.041290820871168, beta = 1e-08, gamma = 0.0001
2021-05-15 22:25:53.367835	Train Epoch: 75 [0/5000 (0%)]	Loss: 0.000001
2021-05-15 22:25:53.469661	Train Epoch: 75 [2560/5000 (53%)]	Loss: 0.000001
====> Epoch: 75 Average loss: 0.0000
Train epoch = 76, alpha = 6.041290820871168, beta = 1e-08, gamma = 0.0001
2021-05-15 22:25:53.568828	Train Epoch: 76 [0/5000 (0%)]	Loss: 0.000001
2021-05-15 22:25:53.667928	Train Epoch: 76 [2560/5000 (53%)]	Loss: 0.000001
====> Epoch: 76 Average loss: 0.0000
Train epoch = 77, alpha = 6.041290820871168, beta = 1e-08, gamma = 0.0001
2021-05-15 22:25:53.764533	Train Epoch: 77 [0/5000 (0%)]	Loss: 0.000001
2021-05-15 22:25:53.866109	Train Epoch: 77 [2560/5000 (53%)]	Loss: 0.000000
====> Epoch: 77 Average loss: 0.0000
Train epoch = 78, alpha = 6.041290820871168, beta = 1e-08, gamma = 0.0001
2021-05-15 22:25:53.964350	Train Epoch: 78 [0/5000 (0%)]	Loss: 0.000000
2021-05-15 22:25:54.063049	Train Epoch: 78 [2560/5000 (53%)]	Loss: 0.000000
====> Epoch: 78 Average loss: 0.0000
Train epoch = 79, alpha = 6.586147687908683, beta = 1e-08, gamma = 0.0001
2021-05-15 22:25:54.163904	Train Epoch: 79 [0/5000 (0%)]	Loss: 0.000000
2021-05-15 22:25:54.263896	Train Epoch: 79 [2560/5000 (53%)]	Loss: 0.000000
====> Epoch: 79 Average loss: 0.0000
Train epoch = 80, alpha = 6.586147687908683, beta = 1e-08, gamma = 0.0001
2021-05-15 22:25:54.363441	Train Epoch: 80 [0/5000 (0%)]	Loss: 0.000000
2021-05-15 22:25:54.482747	Train Epoch: 80 [2560/5000 (53%)]	Loss: 0.000000
====> Epoch: 80 Average loss: 0.0000
Train epoch = 81, alpha = 6.586147687908683, beta = 1e-08, gamma = 0.0001
2021-05-15 22:25:54.581131	Train Epoch: 81 [0/5000 (0%)]	Loss: 0.000000
2021-05-15 22:25:54.680585	Train Epoch: 81 [2560/5000 (53%)]	Loss: 0.000000
====> Epoch: 81 Average loss: 0.0000
Train epoch = 82, alpha = 6.586147687908683, beta = 1e-08, gamma = 0.0001
2021-05-15 22:25:54.781926	Train Epoch: 82 [0/5000 (0%)]	Loss: 0.000000
2021-05-15 22:25:54.902830	Train Epoch: 82 [2560/5000 (53%)]	Loss: 0.000000
====> Epoch: 82 Average loss: 0.0000
Train epoch = 83, alpha = 6.586147687908683, beta = 1e-08, gamma = 0.0001
2021-05-15 22:25:55.002002	Train Epoch: 83 [0/5000 (0%)]	Loss: 0.000000
2021-05-15 22:25:55.100855	Train Epoch: 83 [2560/5000 (53%)]	Loss: 0.000000
====> Epoch: 83 Average loss: 0.0000
Train epoch = 84, alpha = 7.155905984855657, beta = 1e-08, gamma = 0.0001
2021-05-15 22:25:55.202598	Train Epoch: 84 [0/5000 (0%)]	Loss: 0.000000
2021-05-15 22:25:55.322552	Train Epoch: 84 [2560/5000 (53%)]	Loss: 0.000000
====> Epoch: 84 Average loss: 0.0000
Train epoch = 85, alpha = 7.155905984855657, beta = 1e-08, gamma = 0.0001
2021-05-15 22:25:55.422689	Train Epoch: 85 [0/5000 (0%)]	Loss: 0.000000
2021-05-15 22:25:55.521631	Train Epoch: 85 [2560/5000 (53%)]	Loss: 0.000000
====> Epoch: 85 Average loss: 0.0000
Train epoch = 86, alpha = 7.155905984855657, beta = 1e-08, gamma = 0.0001
2021-05-15 22:25:55.617478	Train Epoch: 86 [0/5000 (0%)]	Loss: 0.000000
2021-05-15 22:25:55.715852	Train Epoch: 86 [2560/5000 (53%)]	Loss: 0.000000
====> Epoch: 86 Average loss: 0.0000
Train epoch = 87, alpha = 7.155905984855657, beta = 1e-08, gamma = 0.0001
2021-05-15 22:25:55.817106	Train Epoch: 87 [0/5000 (0%)]	Loss: 0.000000
2021-05-15 22:25:55.946386	Train Epoch: 87 [2560/5000 (53%)]	Loss: 0.000000
====> Epoch: 87 Average loss: 0.0000
Train epoch = 88, alpha = 7.155905984855657, beta = 1e-08, gamma = 0.0001
2021-05-15 22:25:56.065388	Train Epoch: 88 [0/5000 (0%)]	Loss: 0.000000
2021-05-15 22:25:56.181144	Train Epoch: 88 [2560/5000 (53%)]	Loss: 0.000000
====> Epoch: 88 Average loss: 0.0000
Train epoch = 89, alpha = 7.751515502863206, beta = 1e-08, gamma = 0.0001
2021-05-15 22:25:56.291436	Train Epoch: 89 [0/5000 (0%)]	Loss: 0.000000
2021-05-15 22:25:56.421271	Train Epoch: 89 [2560/5000 (53%)]	Loss: 0.000000
====> Epoch: 89 Average loss: 0.0000
Train epoch = 90, alpha = 7.751515502863206, beta = 1e-08, gamma = 0.0001
2021-05-15 22:25:56.533089	Train Epoch: 90 [0/5000 (0%)]	Loss: 0.000000
2021-05-15 22:25:56.667029	Train Epoch: 90 [2560/5000 (53%)]	Loss: 0.000000
====> Epoch: 90 Average loss: 0.0000
Train epoch = 91, alpha = 7.751515502863206, beta = 1e-08, gamma = 0.0001
2021-05-15 22:25:56.775549	Train Epoch: 91 [0/5000 (0%)]	Loss: 0.000000
2021-05-15 22:25:56.900452	Train Epoch: 91 [2560/5000 (53%)]	Loss: 0.000000
====> Epoch: 91 Average loss: 0.0000
Train epoch = 92, alpha = 7.751515502863206, beta = 1e-08, gamma = 0.0001
2021-05-15 22:25:57.007862	Train Epoch: 92 [0/5000 (0%)]	Loss: 0.000000
2021-05-15 22:25:57.135672	Train Epoch: 92 [2560/5000 (53%)]	Loss: 0.000000
====> Epoch: 92 Average loss: 0.0000
Train epoch = 93, alpha = 7.751515502863206, beta = 1e-08, gamma = 0.0001
2021-05-15 22:25:57.245938	Train Epoch: 93 [0/5000 (0%)]	Loss: 0.000000
2021-05-15 22:25:57.370409	Train Epoch: 93 [2560/5000 (53%)]	Loss: 0.000000
====> Epoch: 93 Average loss: 0.0000
Train epoch = 94, alpha = 8.373938454865366, beta = 1e-08, gamma = 0.0001
2021-05-15 22:25:57.478598	Train Epoch: 94 [0/5000 (0%)]	Loss: 0.000000
2021-05-15 22:25:57.605492	Train Epoch: 94 [2560/5000 (53%)]	Loss: 0.000000
====> Epoch: 94 Average loss: 0.0000
Train epoch = 95, alpha = 8.373938454865366, beta = 1e-08, gamma = 0.0001
2021-05-15 22:25:57.711973	Train Epoch: 95 [0/5000 (0%)]	Loss: 0.000000
2021-05-15 22:25:57.823678	Train Epoch: 95 [2560/5000 (53%)]	Loss: 0.000000
====> Epoch: 95 Average loss: 0.0000
Train epoch = 96, alpha = 8.373938454865366, beta = 1e-08, gamma = 0.0001
2021-05-15 22:25:57.933357	Train Epoch: 96 [0/5000 (0%)]	Loss: 0.000000
2021-05-15 22:25:58.065431	Train Epoch: 96 [2560/5000 (53%)]	Loss: 0.000000
====> Epoch: 96 Average loss: 0.0000
Train epoch = 97, alpha = 8.373938454865366, beta = 1e-08, gamma = 0.0001
2021-05-15 22:25:58.189438	Train Epoch: 97 [0/5000 (0%)]	Loss: 0.000000
2021-05-15 22:25:58.325807	Train Epoch: 97 [2560/5000 (53%)]	Loss: 0.000000
====> Epoch: 97 Average loss: 0.0000
Train epoch = 98, alpha = 8.373938454865366, beta = 1e-08, gamma = 0.0001
2021-05-15 22:25:58.440203	Train Epoch: 98 [0/5000 (0%)]	Loss: 0.000000
2021-05-15 22:25:58.554842	Train Epoch: 98 [2560/5000 (53%)]	Loss: 0.000000
====> Epoch: 98 Average loss: 0.0000
Train epoch = 99, alpha = 9.024152561056017, beta = 1e-08, gamma = 0.0001
2021-05-15 22:25:58.652360	Train Epoch: 99 [0/5000 (0%)]	Loss: 0.000000
2021-05-15 22:25:58.750012	Train Epoch: 99 [2560/5000 (53%)]	Loss: 0.000000
====> Epoch: 99 Average loss: 0.0000
Starting lap 3 for evolution on synthetic_clusters data in mode train...
Running k-means...
Running k-means...
shape of s torch.Size([2, 4])
Running k-segments...
s1 shape:  torch.Size([18, 2])
s2 shape:  torch.Size([18, 2])
s_alphas shape:  torch.Size([18, 2])
s1 shape:  torch.Size([18, 2])
s2 shape:  torch.Size([18, 2])
s_alphas shape:  torch.Size([18, 2])
s1 shape:  torch.Size([2, 2])
s2 shape:  torch.Size([2, 2])
shape s_inter_rec_np =  (18, 2)
i = 0, X_full shape = (5002, 2)
i = 1, X_full shape = (5022, 2)
i = 2, X_full shape = (5022, 2)
i = 3, X_full shape = (5002, 2)
i = 4, X_full shape = (5020, 2)
i = 0, X_full shape = (5002, 2)
i = 1, X_full shape = (5022, 2)
i = 2, X_full shape = (5022, 2)
i = 3, X_full shape = (5002, 2)
i = 4, X_full shape = (5020, 2)
['ACC = 0.808', 'NMI = 0.294', 'ARI = 0.378']
Lap 3 for evolution DONE!
Train epoch = 100, alpha = 9.024152561056017, beta = 1e-08, gamma = 0.0001
2021-05-15 22:26:02.607478	Train Epoch: 100 [0/5000 (0%)]	Loss: 0.000000
2021-05-15 22:26:02.709028	Train Epoch: 100 [2560/5000 (53%)]	Loss: -0.000000
====> Epoch: 100 Average loss: 0.0000
Train epoch = 101, alpha = 9.024152561056017, beta = 1e-08, gamma = 0.0001
2021-05-15 22:26:02.808022	Train Epoch: 101 [0/5000 (0%)]	Loss: 0.000000
2021-05-15 22:26:02.906236	Train Epoch: 101 [2560/5000 (53%)]	Loss: 0.000000
====> Epoch: 101 Average loss: 0.0000
Train epoch = 102, alpha = 9.024152561056017, beta = 1e-08, gamma = 0.0001
2021-05-15 22:26:03.008817	Train Epoch: 102 [0/5000 (0%)]	Loss: 0.000000
2021-05-15 22:26:03.127409	Train Epoch: 102 [2560/5000 (53%)]	Loss: 0.000000
====> Epoch: 102 Average loss: 0.0000
Train epoch = 103, alpha = 9.024152561056017, beta = 1e-08, gamma = 0.0001
2021-05-15 22:26:03.227824	Train Epoch: 103 [0/5000 (0%)]	Loss: 0.000000
2021-05-15 22:26:03.334256	Train Epoch: 103 [2560/5000 (53%)]	Loss: 0.000000
====> Epoch: 103 Average loss: 0.0000
Train epoch = 104, alpha = 9.70315357178555, beta = 1e-08, gamma = 0.0001
2021-05-15 22:26:03.435928	Train Epoch: 104 [0/5000 (0%)]	Loss: 0.000000
2021-05-15 22:26:03.584032	Train Epoch: 104 [2560/5000 (53%)]	Loss: 0.000000
====> Epoch: 104 Average loss: 0.0000
Train epoch = 105, alpha = 9.70315357178555, beta = 1e-08, gamma = 0.0001
2021-05-15 22:26:03.685800	Train Epoch: 105 [0/5000 (0%)]	Loss: 0.000000
2021-05-15 22:26:03.788214	Train Epoch: 105 [2560/5000 (53%)]	Loss: 0.000000
====> Epoch: 105 Average loss: 0.0000
Train epoch = 106, alpha = 9.70315357178555, beta = 1e-08, gamma = 0.0001
2021-05-15 22:26:03.978549	Train Epoch: 106 [0/5000 (0%)]	Loss: 0.000000
2021-05-15 22:26:04.196430	Train Epoch: 106 [2560/5000 (53%)]	Loss: 0.000000
====> Epoch: 106 Average loss: 0.0000
Train epoch = 107, alpha = 9.70315357178555, beta = 1e-08, gamma = 0.0001
2021-05-15 22:26:04.367443	Train Epoch: 107 [0/5000 (0%)]	Loss: 0.000000
2021-05-15 22:26:04.531171	Train Epoch: 107 [2560/5000 (53%)]	Loss: 0.000000
====> Epoch: 107 Average loss: 0.0000
Train epoch = 108, alpha = 9.70315357178555, beta = 1e-08, gamma = 0.0001
2021-05-15 22:26:04.637698	Train Epoch: 108 [0/5000 (0%)]	Loss: 0.000000
2021-05-15 22:26:04.760740	Train Epoch: 108 [2560/5000 (53%)]	Loss: 0.000000
====> Epoch: 108 Average loss: 0.0000
Train epoch = 109, alpha = 10.41195738045587, beta = 1e-08, gamma = 0.0001
2021-05-15 22:26:04.867097	Train Epoch: 109 [0/5000 (0%)]	Loss: 0.000000
2021-05-15 22:26:04.972186	Train Epoch: 109 [2560/5000 (53%)]	Loss: 0.000000
====> Epoch: 109 Average loss: 0.0000
Train epoch = 110, alpha = 10.41195738045587, beta = 1e-08, gamma = 0.0001
2021-05-15 22:26:05.076169	Train Epoch: 110 [0/5000 (0%)]	Loss: 0.000000
2021-05-15 22:26:05.179027	Train Epoch: 110 [2560/5000 (53%)]	Loss: 0.000000
====> Epoch: 110 Average loss: 0.0000
Train epoch = 111, alpha = 10.41195738045587, beta = 1e-08, gamma = 0.0001
2021-05-15 22:26:05.281099	Train Epoch: 111 [0/5000 (0%)]	Loss: 0.000000
2021-05-15 22:26:05.396706	Train Epoch: 111 [2560/5000 (53%)]	Loss: 0.000000
====> Epoch: 111 Average loss: 0.0000
Train epoch = 112, alpha = 10.41195738045587, beta = 1e-08, gamma = 0.0001
2021-05-15 22:26:05.503836	Train Epoch: 112 [0/5000 (0%)]	Loss: 0.000000
2021-05-15 22:26:05.625447	Train Epoch: 112 [2560/5000 (53%)]	Loss: 0.000000
====> Epoch: 112 Average loss: 0.0000
Train epoch = 113, alpha = 10.41195738045587, beta = 1e-08, gamma = 0.0001
2021-05-15 22:26:05.731137	Train Epoch: 113 [0/5000 (0%)]	Loss: 0.000000
2021-05-15 22:26:05.846849	Train Epoch: 113 [2560/5000 (53%)]	Loss: 0.000000
====> Epoch: 113 Average loss: 0.0000
Train epoch = 114, alpha = 11.151601834294587, beta = 1e-08, gamma = 0.0001
2021-05-15 22:26:05.943470	Train Epoch: 114 [0/5000 (0%)]	Loss: 0.000000
2021-05-15 22:26:06.044085	Train Epoch: 114 [2560/5000 (53%)]	Loss: 0.000000
====> Epoch: 114 Average loss: 0.0000
Train epoch = 115, alpha = 11.151601834294587, beta = 1e-08, gamma = 0.0001
2021-05-15 22:26:06.147342	Train Epoch: 115 [0/5000 (0%)]	Loss: 0.000000
2021-05-15 22:26:06.272211	Train Epoch: 115 [2560/5000 (53%)]	Loss: 0.000000
====> Epoch: 115 Average loss: 0.0000
Train epoch = 116, alpha = 11.151601834294587, beta = 1e-08, gamma = 0.0001
2021-05-15 22:26:06.373044	Train Epoch: 116 [0/5000 (0%)]	Loss: 0.000000
2021-05-15 22:26:06.496045	Train Epoch: 116 [2560/5000 (53%)]	Loss: 0.000000
====> Epoch: 116 Average loss: 0.0000
Train epoch = 117, alpha = 11.151601834294587, beta = 1e-08, gamma = 0.0001
2021-05-15 22:26:06.595394	Train Epoch: 117 [0/5000 (0%)]	Loss: 0.000000
2021-05-15 22:26:06.695062	Train Epoch: 117 [2560/5000 (53%)]	Loss: 0.000000
====> Epoch: 117 Average loss: 0.0000
Train epoch = 118, alpha = 11.151601834294587, beta = 1e-08, gamma = 0.0001
2021-05-15 22:26:06.797179	Train Epoch: 118 [0/5000 (0%)]	Loss: 0.000000
2021-05-15 22:26:06.917069	Train Epoch: 118 [2560/5000 (53%)]	Loss: 0.000000
====> Epoch: 118 Average loss: 0.0000
Train epoch = 119, alpha = 11.923148320526698, beta = 1e-08, gamma = 0.0001
2021-05-15 22:26:07.016998	Train Epoch: 119 [0/5000 (0%)]	Loss: 0.000000
2021-05-15 22:26:07.140056	Train Epoch: 119 [2560/5000 (53%)]	Loss: 0.000000
====> Epoch: 119 Average loss: 0.0000
Train epoch = 120, alpha = 11.923148320526698, beta = 1e-08, gamma = 0.0001
2021-05-15 22:26:07.236885	Train Epoch: 120 [0/5000 (0%)]	Loss: 0.000000
2021-05-15 22:26:07.340541	Train Epoch: 120 [2560/5000 (53%)]	Loss: 0.000000
====> Epoch: 120 Average loss: 0.0000
Train epoch = 121, alpha = 11.923148320526698, beta = 1e-08, gamma = 0.0001
2021-05-15 22:26:07.439231	Train Epoch: 121 [0/5000 (0%)]	Loss: 0.000000
2021-05-15 22:26:07.565773	Train Epoch: 121 [2560/5000 (53%)]	Loss: 0.000000
====> Epoch: 121 Average loss: 0.0000
Train epoch = 122, alpha = 11.923148320526698, beta = 1e-08, gamma = 0.0001
2021-05-15 22:26:07.673184	Train Epoch: 122 [0/5000 (0%)]	Loss: 0.000000
2021-05-15 22:26:07.778670	Train Epoch: 122 [2560/5000 (53%)]	Loss: 0.000000
====> Epoch: 122 Average loss: 0.0000
Train epoch = 123, alpha = 11.923148320526698, beta = 1e-08, gamma = 0.0001
2021-05-15 22:26:07.887001	Train Epoch: 123 [0/5000 (0%)]	Loss: 0.000000
2021-05-15 22:26:08.012610	Train Epoch: 123 [2560/5000 (53%)]	Loss: 0.000000
====> Epoch: 123 Average loss: 0.0000
Train epoch = 124, alpha = 12.727683184476852, beta = 1e-08, gamma = 0.0001
2021-05-15 22:26:08.116573	Train Epoch: 124 [0/5000 (0%)]	Loss: 0.000000
2021-05-15 22:26:08.218693	Train Epoch: 124 [2560/5000 (53%)]	Loss: 0.000000
====> Epoch: 124 Average loss: 0.0000
Train epoch = 125, alpha = 12.727683184476852, beta = 1e-08, gamma = 0.0001
2021-05-15 22:26:08.320243	Train Epoch: 125 [0/5000 (0%)]	Loss: 0.000000
2021-05-15 22:26:08.422282	Train Epoch: 125 [2560/5000 (53%)]	Loss: 0.000000
====> Epoch: 125 Average loss: 0.0000
Train epoch = 126, alpha = 12.727683184476852, beta = 1e-08, gamma = 0.0001
2021-05-15 22:26:08.526263	Train Epoch: 126 [0/5000 (0%)]	Loss: 0.000000
2021-05-15 22:26:08.645757	Train Epoch: 126 [2560/5000 (53%)]	Loss: 0.000000
====> Epoch: 126 Average loss: 0.0000
Train epoch = 127, alpha = 12.727683184476852, beta = 1e-08, gamma = 0.0001
2021-05-15 22:26:08.745390	Train Epoch: 127 [0/5000 (0%)]	Loss: 0.000000
2021-05-15 22:26:08.867368	Train Epoch: 127 [2560/5000 (53%)]	Loss: 0.000000
====> Epoch: 127 Average loss: 0.0000
Train epoch = 128, alpha = 12.727683184476852, beta = 1e-08, gamma = 0.0001
2021-05-15 22:26:08.968518	Train Epoch: 128 [0/5000 (0%)]	Loss: 0.000000
2021-05-15 22:26:09.068961	Train Epoch: 128 [2560/5000 (53%)]	Loss: 0.000000
====> Epoch: 128 Average loss: 0.0000
Train epoch = 129, alpha = 13.56631902140002, beta = 1e-08, gamma = 0.0001
2021-05-15 22:26:09.170957	Train Epoch: 129 [0/5000 (0%)]	Loss: 0.000000
2021-05-15 22:26:09.281521	Train Epoch: 129 [2560/5000 (53%)]	Loss: 0.000000
====> Epoch: 129 Average loss: 0.0000
Train epoch = 130, alpha = 13.56631902140002, beta = 1e-08, gamma = 0.0001
2021-05-15 22:26:09.385297	Train Epoch: 130 [0/5000 (0%)]	Loss: 0.000000
2021-05-15 22:26:09.490875	Train Epoch: 130 [2560/5000 (53%)]	Loss: 0.000000
====> Epoch: 130 Average loss: 0.0000
Train epoch = 131, alpha = 13.56631902140002, beta = 1e-08, gamma = 0.0001
2021-05-15 22:26:09.595178	Train Epoch: 131 [0/5000 (0%)]	Loss: 0.000000
2021-05-15 22:26:09.721880	Train Epoch: 131 [2560/5000 (53%)]	Loss: 0.000000
====> Epoch: 131 Average loss: 0.0000
Train epoch = 132, alpha = 13.56631902140002, beta = 1e-08, gamma = 0.0001
2021-05-15 22:26:09.860363	Train Epoch: 132 [0/5000 (0%)]	Loss: 0.000000
2021-05-15 22:26:09.988778	Train Epoch: 132 [2560/5000 (53%)]	Loss: 0.000000
====> Epoch: 132 Average loss: 0.0000
Train epoch = 133, alpha = 13.56631902140002, beta = 1e-08, gamma = 0.0001
2021-05-15 22:26:10.095178	Train Epoch: 133 [0/5000 (0%)]	Loss: 0.000000
2021-05-15 22:26:10.201373	Train Epoch: 133 [2560/5000 (53%)]	Loss: 0.000000
====> Epoch: 133 Average loss: 0.0000
Train epoch = 134, alpha = 14.440195873340702, beta = 1e-08, gamma = 0.0001
2021-05-15 22:26:10.337800	Train Epoch: 134 [0/5000 (0%)]	Loss: 0.000000
2021-05-15 22:26:10.472072	Train Epoch: 134 [2560/5000 (53%)]	Loss: 0.000000
====> Epoch: 134 Average loss: 0.0000
Train epoch = 135, alpha = 14.440195873340702, beta = 1e-08, gamma = 0.0001
2021-05-15 22:26:10.576939	Train Epoch: 135 [0/5000 (0%)]	Loss: 0.000000
2021-05-15 22:26:10.678212	Train Epoch: 135 [2560/5000 (53%)]	Loss: 0.000000
====> Epoch: 135 Average loss: 0.0000
Train epoch = 136, alpha = 14.440195873340702, beta = 1e-08, gamma = 0.0001
2021-05-15 22:26:10.776940	Train Epoch: 136 [0/5000 (0%)]	Loss: 0.000000
2021-05-15 22:26:10.881444	Train Epoch: 136 [2560/5000 (53%)]	Loss: 0.000000
====> Epoch: 136 Average loss: 0.0000
Train epoch = 137, alpha = 14.440195873340702, beta = 1e-08, gamma = 0.0001
2021-05-15 22:26:10.981231	Train Epoch: 137 [0/5000 (0%)]	Loss: 0.000000
2021-05-15 22:26:11.099368	Train Epoch: 137 [2560/5000 (53%)]	Loss: 0.000000
====> Epoch: 137 Average loss: 0.0000
Train epoch = 138, alpha = 14.440195873340702, beta = 1e-08, gamma = 0.0001
2021-05-15 22:26:11.200135	Train Epoch: 138 [0/5000 (0%)]	Loss: 0.000000
2021-05-15 22:26:11.301353	Train Epoch: 138 [2560/5000 (53%)]	Loss: 0.000000
====> Epoch: 138 Average loss: 0.0000
Train epoch = 139, alpha = 15.350482354741938, beta = 1e-08, gamma = 0.0001
2021-05-15 22:26:11.400033	Train Epoch: 139 [0/5000 (0%)]	Loss: 0.000000
2021-05-15 22:26:11.501943	Train Epoch: 139 [2560/5000 (53%)]	Loss: 0.000000
====> Epoch: 139 Average loss: 0.0000
Train epoch = 140, alpha = 15.350482354741938, beta = 1e-08, gamma = 0.0001
2021-05-15 22:26:11.605874	Train Epoch: 140 [0/5000 (0%)]	Loss: 0.000000
2021-05-15 22:26:11.723503	Train Epoch: 140 [2560/5000 (53%)]	Loss: 0.000000
====> Epoch: 140 Average loss: 0.0000
Train epoch = 141, alpha = 15.350482354741938, beta = 1e-08, gamma = 0.0001
2021-05-15 22:26:11.821432	Train Epoch: 141 [0/5000 (0%)]	Loss: 0.000000
2021-05-15 22:26:11.921182	Train Epoch: 141 [2560/5000 (53%)]	Loss: 0.000000
====> Epoch: 141 Average loss: 0.0000
Train epoch = 142, alpha = 15.350482354741938, beta = 1e-08, gamma = 0.0001
2021-05-15 22:26:12.022272	Train Epoch: 142 [0/5000 (0%)]	Loss: 0.000000
2021-05-15 22:26:12.124821	Train Epoch: 142 [2560/5000 (53%)]	Loss: 0.000000
====> Epoch: 142 Average loss: 0.0000
Train epoch = 143, alpha = 15.350482354741938, beta = 1e-08, gamma = 0.0001
2021-05-15 22:26:12.224162	Train Epoch: 143 [0/5000 (0%)]	Loss: 0.000000
2021-05-15 22:26:12.322308	Train Epoch: 143 [2560/5000 (53%)]	Loss: 0.000000
====> Epoch: 143 Average loss: 0.0000
Train epoch = 144, alpha = 16.29837672498614, beta = 1e-08, gamma = 0.0001
2021-05-15 22:26:12.422255	Train Epoch: 144 [0/5000 (0%)]	Loss: 0.000000
2021-05-15 22:26:12.524714	Train Epoch: 144 [2560/5000 (53%)]	Loss: 0.000000
====> Epoch: 144 Average loss: 0.0000
Train epoch = 145, alpha = 16.29837672498614, beta = 1e-08, gamma = 0.0001
2021-05-15 22:26:12.627897	Train Epoch: 145 [0/5000 (0%)]	Loss: 0.000000
2021-05-15 22:26:12.725267	Train Epoch: 145 [2560/5000 (53%)]	Loss: 0.000000
====> Epoch: 145 Average loss: 0.0000
Train epoch = 146, alpha = 16.29837672498614, beta = 1e-08, gamma = 0.0001
2021-05-15 22:26:12.826329	Train Epoch: 146 [0/5000 (0%)]	Loss: 0.000000
2021-05-15 22:26:12.925710	Train Epoch: 146 [2560/5000 (53%)]	Loss: 0.000000
====> Epoch: 146 Average loss: 0.0000
Train epoch = 147, alpha = 16.29837672498614, beta = 1e-08, gamma = 0.0001
2021-05-15 22:26:13.027720	Train Epoch: 147 [0/5000 (0%)]	Loss: 0.000000
2021-05-15 22:26:13.146536	Train Epoch: 147 [2560/5000 (53%)]	Loss: 0.000000
====> Epoch: 147 Average loss: 0.0000
Train epoch = 148, alpha = 16.29837672498614, beta = 1e-08, gamma = 0.0001
2021-05-15 22:26:13.244439	Train Epoch: 148 [0/5000 (0%)]	Loss: 0.000000
2021-05-15 22:26:13.343699	Train Epoch: 148 [2560/5000 (53%)]	Loss: 0.000000
====> Epoch: 148 Average loss: 0.0000
Train epoch = 149, alpha = 17.28510792195538, beta = 1e-08, gamma = 0.0001
2021-05-15 22:26:13.443061	Train Epoch: 149 [0/5000 (0%)]	Loss: 0.000000
2021-05-15 22:26:13.542745	Train Epoch: 149 [2560/5000 (53%)]	Loss: 0.000000
====> Epoch: 149 Average loss: 0.0000
Starting lap 4 for evolution on synthetic_clusters data in mode train...
Running k-means...
Running k-means...
shape of s torch.Size([2, 4])
Running k-segments...
s1 shape:  torch.Size([18, 2])
s2 shape:  torch.Size([18, 2])
s_alphas shape:  torch.Size([18, 2])
s1 shape:  torch.Size([18, 2])
s2 shape:  torch.Size([18, 2])
s_alphas shape:  torch.Size([18, 2])
s1 shape:  torch.Size([2, 2])
s2 shape:  torch.Size([2, 2])
shape s_inter_rec_np =  (18, 2)
i = 0, X_full shape = (5002, 2)
i = 1, X_full shape = (5022, 2)
i = 2, X_full shape = (5022, 2)
i = 3, X_full shape = (5002, 2)
i = 4, X_full shape = (5020, 2)
i = 0, X_full shape = (5002, 2)
i = 1, X_full shape = (5022, 2)
i = 2, X_full shape = (5022, 2)
i = 3, X_full shape = (5002, 2)
i = 4, X_full shape = (5020, 2)
['ACC = 0.813', 'NMI = 0.304', 'ARI = 0.391']
Lap 4 for evolution DONE!
Train epoch = 150, alpha = 17.28510792195538, beta = 1e-08, gamma = 0.0001
2021-05-15 22:26:17.253094	Train Epoch: 150 [0/5000 (0%)]	Loss: 0.000000
2021-05-15 22:26:17.353030	Train Epoch: 150 [2560/5000 (53%)]	Loss: 0.000000
====> Epoch: 150 Average loss: 0.0000
Train epoch = 151, alpha = 17.28510792195538, beta = 1e-08, gamma = 0.0001
2021-05-15 22:26:17.451943	Train Epoch: 151 [0/5000 (0%)]	Loss: 0.000000
2021-05-15 22:26:17.567118	Train Epoch: 151 [2560/5000 (53%)]	Loss: 0.000000
====> Epoch: 151 Average loss: 0.0000
Train epoch = 152, alpha = 17.28510792195538, beta = 1e-08, gamma = 0.0001
2021-05-15 22:26:17.669872	Train Epoch: 152 [0/5000 (0%)]	Loss: 0.000000
2021-05-15 22:26:17.770685	Train Epoch: 152 [2560/5000 (53%)]	Loss: 0.000000
====> Epoch: 152 Average loss: 0.0000
Train epoch = 153, alpha = 17.28510792195538, beta = 1e-08, gamma = 0.0001
2021-05-15 22:26:17.867124	Train Epoch: 153 [0/5000 (0%)]	Loss: 0.000000
2021-05-15 22:26:17.968062	Train Epoch: 153 [2560/5000 (53%)]	Loss: 0.000000
====> Epoch: 153 Average loss: 0.0000
Train epoch = 154, alpha = 18.311936567640323, beta = 1e-08, gamma = 0.0001
2021-05-15 22:26:18.086968	Train Epoch: 154 [0/5000 (0%)]	Loss: 0.000000
2021-05-15 22:26:18.212143	Train Epoch: 154 [2560/5000 (53%)]	Loss: 0.000000
====> Epoch: 154 Average loss: 0.0000
Train epoch = 155, alpha = 18.311936567640323, beta = 1e-08, gamma = 0.0001
2021-05-15 22:26:18.316021	Train Epoch: 155 [0/5000 (0%)]	Loss: 0.000000
2021-05-15 22:26:18.422015	Train Epoch: 155 [2560/5000 (53%)]	Loss: 0.000000
====> Epoch: 155 Average loss: 0.0000
Train epoch = 156, alpha = 18.311936567640323, beta = 1e-08, gamma = 0.0001
2021-05-15 22:26:18.527034	Train Epoch: 156 [0/5000 (0%)]	Loss: 0.000000
2021-05-15 22:26:18.651478	Train Epoch: 156 [2560/5000 (53%)]	Loss: 0.000000
====> Epoch: 156 Average loss: 0.0000
Train epoch = 157, alpha = 18.311936567640323, beta = 1e-08, gamma = 0.0001
2021-05-15 22:26:18.760186	Train Epoch: 157 [0/5000 (0%)]	Loss: 0.000000
2021-05-15 22:26:18.874359	Train Epoch: 157 [2560/5000 (53%)]	Loss: 0.000000
====> Epoch: 157 Average loss: 0.0000
Train epoch = 158, alpha = 18.311936567640323, beta = 1e-08, gamma = 0.0001
2021-05-15 22:26:18.974422	Train Epoch: 158 [0/5000 (0%)]	Loss: 0.000000
2021-05-15 22:26:19.073368	Train Epoch: 158 [2560/5000 (53%)]	Loss: 0.000000
====> Epoch: 158 Average loss: 0.0000
Train epoch = 159, alpha = 19.380155954520465, beta = 1e-08, gamma = 0.0001
2021-05-15 22:26:19.171615	Train Epoch: 159 [0/5000 (0%)]	Loss: 0.000000
2021-05-15 22:26:19.271401	Train Epoch: 159 [2560/5000 (53%)]	Loss: 0.000000
====> Epoch: 159 Average loss: 0.0000
Train epoch = 160, alpha = 19.380155954520465, beta = 1e-08, gamma = 0.0001
2021-05-15 22:26:19.369124	Train Epoch: 160 [0/5000 (0%)]	Loss: 0.000000
2021-05-15 22:26:19.467536	Train Epoch: 160 [2560/5000 (53%)]	Loss: 0.000000
====> Epoch: 160 Average loss: 0.0000
Train epoch = 161, alpha = 19.380155954520465, beta = 1e-08, gamma = 0.0001
2021-05-15 22:26:19.565562	Train Epoch: 161 [0/5000 (0%)]	Loss: 0.000000
2021-05-15 22:26:19.670655	Train Epoch: 161 [2560/5000 (53%)]	Loss: 0.000000
====> Epoch: 161 Average loss: 0.0000
Train epoch = 162, alpha = 19.380155954520465, beta = 1e-08, gamma = 0.0001
2021-05-15 22:26:19.773873	Train Epoch: 162 [0/5000 (0%)]	Loss: 0.000000
2021-05-15 22:26:19.876801	Train Epoch: 162 [2560/5000 (53%)]	Loss: 0.000000
====> Epoch: 162 Average loss: 0.0000
Train epoch = 163, alpha = 19.380155954520465, beta = 1e-08, gamma = 0.0001
2021-05-15 22:26:19.982806	Train Epoch: 163 [0/5000 (0%)]	Loss: 0.000000
2021-05-15 22:26:20.088878	Train Epoch: 163 [2560/5000 (53%)]	Loss: 0.000000
====> Epoch: 163 Average loss: 0.0000
Train epoch = 164, alpha = 20.4910930196826, beta = 1e-08, gamma = 0.0001
2021-05-15 22:26:20.192744	Train Epoch: 164 [0/5000 (0%)]	Loss: 0.000000
2021-05-15 22:26:20.316209	Train Epoch: 164 [2560/5000 (53%)]	Loss: 0.000000
====> Epoch: 164 Average loss: 0.0000
Train epoch = 165, alpha = 20.4910930196826, beta = 1e-08, gamma = 0.0001
2021-05-15 22:26:20.414166	Train Epoch: 165 [0/5000 (0%)]	Loss: 0.000000
2021-05-15 22:26:20.513440	Train Epoch: 165 [2560/5000 (53%)]	Loss: 0.000000
====> Epoch: 165 Average loss: 0.0000
Train epoch = 166, alpha = 20.4910930196826, beta = 1e-08, gamma = 0.0001
2021-05-15 22:26:20.626516	Train Epoch: 166 [0/5000 (0%)]	Loss: 0.000000
2021-05-15 22:26:20.743777	Train Epoch: 166 [2560/5000 (53%)]	Loss: 0.000000
====> Epoch: 166 Average loss: 0.0000
Train epoch = 167, alpha = 20.4910930196826, beta = 1e-08, gamma = 0.0001
2021-05-15 22:26:20.855910	Train Epoch: 167 [0/5000 (0%)]	Loss: 0.000000
2021-05-15 22:26:20.997522	Train Epoch: 167 [2560/5000 (53%)]	Loss: 0.000000
====> Epoch: 167 Average loss: 0.0000
Train epoch = 168, alpha = 20.4910930196826, beta = 1e-08, gamma = 0.0001
2021-05-15 22:26:21.096214	Train Epoch: 168 [0/5000 (0%)]	Loss: 0.000000
2021-05-15 22:26:21.195917	Train Epoch: 168 [2560/5000 (53%)]	Loss: 0.000000
====> Epoch: 168 Average loss: 0.0000
Train epoch = 169, alpha = 21.64610931229765, beta = 1e-08, gamma = 0.0001
2021-05-15 22:26:21.292238	Train Epoch: 169 [0/5000 (0%)]	Loss: 0.000000
2021-05-15 22:26:21.395466	Train Epoch: 169 [2560/5000 (53%)]	Loss: 0.000000
====> Epoch: 169 Average loss: 0.0000
Train epoch = 170, alpha = 21.64610931229765, beta = 1e-08, gamma = 0.0001
2021-05-15 22:26:21.492429	Train Epoch: 170 [0/5000 (0%)]	Loss: 0.000000
2021-05-15 22:26:21.605907	Train Epoch: 170 [2560/5000 (53%)]	Loss: 0.000000
====> Epoch: 170 Average loss: 0.0000
Train epoch = 171, alpha = 21.64610931229765, beta = 1e-08, gamma = 0.0001
2021-05-15 22:26:21.721387	Train Epoch: 171 [0/5000 (0%)]	Loss: 0.000000
2021-05-15 22:26:21.835576	Train Epoch: 171 [2560/5000 (53%)]	Loss: 0.000000
====> Epoch: 171 Average loss: 0.0000
Train epoch = 172, alpha = 21.64610931229765, beta = 1e-08, gamma = 0.0001
2021-05-15 22:26:21.951980	Train Epoch: 172 [0/5000 (0%)]	Loss: 0.000000
2021-05-15 22:26:22.074101	Train Epoch: 172 [2560/5000 (53%)]	Loss: 0.000000
====> Epoch: 172 Average loss: 0.0000
Train epoch = 173, alpha = 21.64610931229765, beta = 1e-08, gamma = 0.0001
2021-05-15 22:26:22.183589	Train Epoch: 173 [0/5000 (0%)]	Loss: 0.000000
2021-05-15 22:26:22.308597	Train Epoch: 173 [2560/5000 (53%)]	Loss: 0.000000
====> Epoch: 173 Average loss: 0.0000
Train epoch = 174, alpha = 22.846601959033872, beta = 1e-08, gamma = 0.0001
2021-05-15 22:26:22.414013	Train Epoch: 174 [0/5000 (0%)]	Loss: 0.000000
2021-05-15 22:26:22.535903	Train Epoch: 174 [2560/5000 (53%)]	Loss: 0.000000
====> Epoch: 174 Average loss: 0.0000
Train epoch = 175, alpha = 22.846601959033872, beta = 1e-08, gamma = 0.0001
2021-05-15 22:26:22.650714	Train Epoch: 175 [0/5000 (0%)]	Loss: 0.000000
2021-05-15 22:26:22.766864	Train Epoch: 175 [2560/5000 (53%)]	Loss: 0.000000
====> Epoch: 175 Average loss: 0.0000
Train epoch = 176, alpha = 22.846601959033872, beta = 1e-08, gamma = 0.0001
2021-05-15 22:26:22.891389	Train Epoch: 176 [0/5000 (0%)]	Loss: 0.000000
2021-05-15 22:26:22.994432	Train Epoch: 176 [2560/5000 (53%)]	Loss: 0.000000
====> Epoch: 176 Average loss: 0.0000
Train epoch = 177, alpha = 22.846601959033872, beta = 1e-08, gamma = 0.0001
2021-05-15 22:26:23.106074	Train Epoch: 177 [0/5000 (0%)]	Loss: 0.000000
2021-05-15 22:26:23.207264	Train Epoch: 177 [2560/5000 (53%)]	Loss: 0.000000
====> Epoch: 177 Average loss: 0.0000
Train epoch = 178, alpha = 22.846601959033872, beta = 1e-08, gamma = 0.0001
2021-05-15 22:26:23.305670	Train Epoch: 178 [0/5000 (0%)]	Loss: 0.000000
2021-05-15 22:26:23.408489	Train Epoch: 178 [2560/5000 (53%)]	Loss: 0.000000
====> Epoch: 178 Average loss: 0.0000
Train epoch = 179, alpha = 24.094004631173387, beta = 1e-08, gamma = 0.0001
2021-05-15 22:26:23.508735	Train Epoch: 179 [0/5000 (0%)]	Loss: 0.000000
2021-05-15 22:26:23.627799	Train Epoch: 179 [2560/5000 (53%)]	Loss: 0.000000
====> Epoch: 179 Average loss: 0.0000
Train epoch = 180, alpha = 24.094004631173387, beta = 1e-08, gamma = 0.0001
2021-05-15 22:26:23.725058	Train Epoch: 180 [0/5000 (0%)]	Loss: 0.000000
2021-05-15 22:26:23.826502	Train Epoch: 180 [2560/5000 (53%)]	Loss: 0.000000
====> Epoch: 180 Average loss: 0.0000
Train epoch = 181, alpha = 24.094004631173387, beta = 1e-08, gamma = 0.0001
2021-05-15 22:26:23.927713	Train Epoch: 181 [0/5000 (0%)]	Loss: 0.000000
2021-05-15 22:26:24.026078	Train Epoch: 181 [2560/5000 (53%)]	Loss: 0.000000
====> Epoch: 181 Average loss: 0.0000
Train epoch = 182, alpha = 24.094004631173387, beta = 1e-08, gamma = 0.0001
2021-05-15 22:26:24.126211	Train Epoch: 182 [0/5000 (0%)]	Loss: 0.000000
2021-05-15 22:26:24.225426	Train Epoch: 182 [2560/5000 (53%)]	Loss: 0.000000
====> Epoch: 182 Average loss: 0.0000
Train epoch = 183, alpha = 24.094004631173387, beta = 1e-08, gamma = 0.0001
2021-05-15 22:26:24.324211	Train Epoch: 183 [0/5000 (0%)]	Loss: 0.000000
2021-05-15 22:26:24.425099	Train Epoch: 183 [2560/5000 (53%)]	Loss: 0.000000
====> Epoch: 183 Average loss: 0.0000
Train epoch = 184, alpha = 25.38978851656256, beta = 1e-08, gamma = 0.0001
2021-05-15 22:26:24.522992	Train Epoch: 184 [0/5000 (0%)]	Loss: 0.000000
2021-05-15 22:26:24.624212	Train Epoch: 184 [2560/5000 (53%)]	Loss: 0.000000
====> Epoch: 184 Average loss: 0.0000
Train epoch = 185, alpha = 25.38978851656256, beta = 1e-08, gamma = 0.0001
2021-05-15 22:26:24.722758	Train Epoch: 185 [0/5000 (0%)]	Loss: 0.000000
2021-05-15 22:26:24.825713	Train Epoch: 185 [2560/5000 (53%)]	Loss: 0.000000
====> Epoch: 185 Average loss: 0.0000
Train epoch = 186, alpha = 25.38978851656256, beta = 1e-08, gamma = 0.0001
2021-05-15 22:26:24.925987	Train Epoch: 186 [0/5000 (0%)]	Loss: 0.000000
2021-05-15 22:26:25.024739	Train Epoch: 186 [2560/5000 (53%)]	Loss: 0.000000
====> Epoch: 186 Average loss: 0.0000
Train epoch = 187, alpha = 25.38978851656256, beta = 1e-08, gamma = 0.0001
2021-05-15 22:26:25.126379	Train Epoch: 187 [0/5000 (0%)]	Loss: 0.000000
2021-05-15 22:26:25.241009	Train Epoch: 187 [2560/5000 (53%)]	Loss: 0.000000
====> Epoch: 187 Average loss: 0.0000
Train epoch = 188, alpha = 25.38978851656256, beta = 1e-08, gamma = 0.0001
2021-05-15 22:26:25.339734	Train Epoch: 188 [0/5000 (0%)]	Loss: 0.000000
2021-05-15 22:26:25.440781	Train Epoch: 188 [2560/5000 (53%)]	Loss: 0.000000
====> Epoch: 188 Average loss: 0.0000
Train epoch = 189, alpha = 26.735463299025135, beta = 1e-08, gamma = 0.0001
2021-05-15 22:26:25.539502	Train Epoch: 189 [0/5000 (0%)]	Loss: 0.000000
2021-05-15 22:26:25.645278	Train Epoch: 189 [2560/5000 (53%)]	Loss: 0.000000
====> Epoch: 189 Average loss: 0.0000
Train epoch = 190, alpha = 26.735463299025135, beta = 1e-08, gamma = 0.0001
2021-05-15 22:26:25.745524	Train Epoch: 190 [0/5000 (0%)]	Loss: 0.000000
2021-05-15 22:26:25.857104	Train Epoch: 190 [2560/5000 (53%)]	Loss: 0.000000
====> Epoch: 190 Average loss: 0.0000
Train epoch = 191, alpha = 26.735463299025135, beta = 1e-08, gamma = 0.0001
2021-05-15 22:26:25.971789	Train Epoch: 191 [0/5000 (0%)]	Loss: 0.000000
2021-05-15 22:26:26.086963	Train Epoch: 191 [2560/5000 (53%)]	Loss: 0.000000
====> Epoch: 191 Average loss: 0.0000
Train epoch = 192, alpha = 26.735463299025135, beta = 1e-08, gamma = 0.0001
2021-05-15 22:26:26.214444	Train Epoch: 192 [0/5000 (0%)]	Loss: 0.000000
2021-05-15 22:26:26.577090	Train Epoch: 192 [2560/5000 (53%)]	Loss: 0.000000
====> Epoch: 192 Average loss: 0.0000
Train epoch = 193, alpha = 26.735463299025135, beta = 1e-08, gamma = 0.0001
2021-05-15 22:26:26.853017	Train Epoch: 193 [0/5000 (0%)]	Loss: 0.000000
2021-05-15 22:26:27.131803	Train Epoch: 193 [2560/5000 (53%)]	Loss: 0.000000
====> Epoch: 193 Average loss: 0.0000
Train epoch = 194, alpha = 28.13257814746897, beta = 1e-08, gamma = 0.0001
2021-05-15 22:26:27.415534	Train Epoch: 194 [0/5000 (0%)]	Loss: 0.000000
2021-05-15 22:26:27.640424	Train Epoch: 194 [2560/5000 (53%)]	Loss: 0.000000
====> Epoch: 194 Average loss: 0.0000
Train epoch = 195, alpha = 28.13257814746897, beta = 1e-08, gamma = 0.0001
2021-05-15 22:26:27.776590	Train Epoch: 195 [0/5000 (0%)]	Loss: 0.000000
2021-05-15 22:26:27.893236	Train Epoch: 195 [2560/5000 (53%)]	Loss: 0.000000
====> Epoch: 195 Average loss: 0.0000
Train epoch = 196, alpha = 28.13257814746897, beta = 1e-08, gamma = 0.0001
2021-05-15 22:26:28.027811	Train Epoch: 196 [0/5000 (0%)]	Loss: 0.000000
2021-05-15 22:26:28.144251	Train Epoch: 196 [2560/5000 (53%)]	Loss: 0.000000
====> Epoch: 196 Average loss: 0.0000
Train epoch = 197, alpha = 28.13257814746897, beta = 1e-08, gamma = 0.0001
2021-05-15 22:26:28.278092	Train Epoch: 197 [0/5000 (0%)]	Loss: 0.000000
2021-05-15 22:26:28.394651	Train Epoch: 197 [2560/5000 (53%)]	Loss: 0.000000
====> Epoch: 197 Average loss: 0.0000
Train epoch = 198, alpha = 28.13257814746897, beta = 1e-08, gamma = 0.0001
2021-05-15 22:26:28.517714	Train Epoch: 198 [0/5000 (0%)]	Loss: 0.000000
2021-05-15 22:26:28.658303	Train Epoch: 198 [2560/5000 (53%)]	Loss: 0.000000
====> Epoch: 198 Average loss: 0.0000
Train epoch = 199, alpha = 29.582722716600045, beta = 1e-08, gamma = 0.0001
2021-05-15 22:26:28.779671	Train Epoch: 199 [0/5000 (0%)]	Loss: 0.000000
2021-05-15 22:26:28.906838	Train Epoch: 199 [2560/5000 (53%)]	Loss: 0.000000
====> Epoch: 199 Average loss: 0.0000
Saving model...
Training DONE!
Loading dataset synthetic_clusters...
Shape X_train:  (5000, 2)
Shape Y_train:  (5000,)
Shape X_test:  (1000, 2)
Shape Y_test:  (1000,)
Dataset loaded!
Initialization of the model...
Scheme train: annealing
Rep init type: fixed_length_random
Space init: latent
Type loss: log_dist
Model:  AE(
  (encoder): Encoder(
    (hidden): ModuleList()
    (out): Linear(in_features=2, out_features=2, bias=True)
  )
  (decoder): Decoder(
    (hidden): ModuleList()
    (out): Linear(in_features=2, out_features=2, bias=True)
  )
)
Starting testing on synthetic_clusters data in mode test...
Running k-means...
Running k-means...
shape of s torch.Size([2, 4])
Running k-segments...
s1 shape:  torch.Size([18, 2])
s2 shape:  torch.Size([18, 2])
s_alphas shape:  torch.Size([18, 2])
s1 shape:  torch.Size([18, 2])
s2 shape:  torch.Size([18, 2])
s_alphas shape:  torch.Size([18, 2])
s1 shape:  torch.Size([2, 2])
s2 shape:  torch.Size([2, 2])
shape s_inter_rec_np =  (18, 2)
i = 0, X_full shape = (1002, 2)
i = 1, X_full shape = (1022, 2)
i = 2, X_full shape = (1022, 2)
i = 3, X_full shape = (1002, 2)
i = 4, X_full shape = (1020, 2)
i = 0, X_full shape = (1002, 2)
i = 1, X_full shape = (1022, 2)
i = 2, X_full shape = (1022, 2)
i = 3, X_full shape = (1002, 2)
i = 4, X_full shape = (1020, 2)
['ACC = 0.825', 'NMI = 0.331', 'ARI = 0.422']
Final testing DONE!
