Loading dataset synthetic_functions...
Shape X_train:  (6000, 2)
Shape Y_train:  (6000,)
Shape X_test:  (1000, 2)
Shape Y_test:  (1000,)
Dataset loaded!
Initialization of the model...
Scheme train: annealing
Rep init type: fixed_length_random
Space init: latent
Type loss: log_dist
Model:  AE(
  (encoder): Encoder(
    (hidden): ModuleList()
    (out): Linear(in_features=2, out_features=2, bias=True)
  )
  (decoder): Decoder(
    (hidden): ModuleList()
    (out): Linear(in_features=2, out_features=2, bias=True)
  )
)
Starting training on synthetic_functions...
Starting lap 1 for evolution on synthetic_functions data in mode train...
Running k-means...
Running k-means...
shape of s torch.Size([2, 4])
Running k-segments...
s1 shape:  torch.Size([18, 2])
s2 shape:  torch.Size([18, 2])
s_alphas shape:  torch.Size([18, 2])
s1 shape:  torch.Size([18, 2])
s2 shape:  torch.Size([18, 2])
s_alphas shape:  torch.Size([18, 2])
s1 shape:  torch.Size([2, 2])
s2 shape:  torch.Size([2, 2])
shape s_inter_rec_np =  (18, 2)
i = 0, X_full shape = (6002, 2)
i = 1, X_full shape = (6022, 2)
i = 2, X_full shape = (6022, 2)
i = 3, X_full shape = (6002, 2)
i = 4, X_full shape = (6020, 2)
i = 0, X_full shape = (6002, 2)
i = 1, X_full shape = (6022, 2)
i = 2, X_full shape = (6022, 2)
i = 3, X_full shape = (6002, 2)
i = 4, X_full shape = (6020, 2)
['ACC = 1.0', 'NMI = 1.0', 'ARI = 1.0']
Lap 1 for evolution DONE!
Train epoch = 0, alpha = 0.1, beta = 0.0001, gamma = 0.0001
2021-05-16 00:12:24.956176	Train Epoch: 0 [0/6000 (0%)]	Loss: 0.983888
2021-05-16 00:12:25.045056	Train Epoch: 0 [2560/6000 (43%)]	Loss: 1.054762
2021-05-16 00:12:25.133034	Train Epoch: 0 [5120/6000 (87%)]	Loss: 0.955571
====> Epoch: 0 Average loss: 1.0427
Train epoch = 1, alpha = 0.1, beta = 0.0001, gamma = 0.0001
2021-05-16 00:12:25.169514	Train Epoch: 1 [0/6000 (0%)]	Loss: 0.906927
2021-05-16 00:12:25.263166	Train Epoch: 1 [2560/6000 (43%)]	Loss: 0.929420
2021-05-16 00:12:25.348920	Train Epoch: 1 [5120/6000 (87%)]	Loss: 0.874726
====> Epoch: 1 Average loss: 0.9397
Train epoch = 2, alpha = 0.1, beta = 0.0001, gamma = 0.0001
2021-05-16 00:12:25.390988	Train Epoch: 2 [0/6000 (0%)]	Loss: 0.838318
2021-05-16 00:12:25.481979	Train Epoch: 2 [2560/6000 (43%)]	Loss: 0.813956
2021-05-16 00:12:25.572667	Train Epoch: 2 [5120/6000 (87%)]	Loss: 0.771063
====> Epoch: 2 Average loss: 0.8525
Train epoch = 3, alpha = 0.1, beta = 0.0001, gamma = 0.0001
2021-05-16 00:12:25.609518	Train Epoch: 3 [0/6000 (0%)]	Loss: 0.729539
2021-05-16 00:12:25.699716	Train Epoch: 3 [2560/6000 (43%)]	Loss: 0.727106
2021-05-16 00:12:25.790064	Train Epoch: 3 [5120/6000 (87%)]	Loss: 0.765635
====> Epoch: 3 Average loss: 0.7831
Train epoch = 4, alpha = 0.42320861065570825, beta = 0.0001, gamma = 0.0001
2021-05-16 00:12:25.825203	Train Epoch: 4 [0/6000 (0%)]	Loss: 0.796326
2021-05-16 00:12:25.916575	Train Epoch: 4 [2560/6000 (43%)]	Loss: 0.687589
2021-05-16 00:12:26.006672	Train Epoch: 4 [5120/6000 (87%)]	Loss: 0.649624
====> Epoch: 4 Average loss: 0.7290
Train epoch = 5, alpha = 0.42320861065570825, beta = 0.0001, gamma = 0.0001
2021-05-16 00:12:26.040004	Train Epoch: 5 [0/6000 (0%)]	Loss: 0.654121
2021-05-16 00:12:26.139579	Train Epoch: 5 [2560/6000 (43%)]	Loss: 0.719709
2021-05-16 00:12:26.232356	Train Epoch: 5 [5120/6000 (87%)]	Loss: 0.563275
====> Epoch: 5 Average loss: 0.6797
Train epoch = 6, alpha = 0.42320861065570825, beta = 0.0001, gamma = 0.0001
2021-05-16 00:12:26.271197	Train Epoch: 6 [0/6000 (0%)]	Loss: 0.602705
2021-05-16 00:12:26.366617	Train Epoch: 6 [2560/6000 (43%)]	Loss: 0.645261
2021-05-16 00:12:26.457027	Train Epoch: 6 [5120/6000 (87%)]	Loss: 0.585428
====> Epoch: 6 Average loss: 0.6374
Train epoch = 7, alpha = 0.42320861065570825, beta = 0.0001, gamma = 0.0001
2021-05-16 00:12:26.494442	Train Epoch: 7 [0/6000 (0%)]	Loss: 0.611490
2021-05-16 00:12:26.583460	Train Epoch: 7 [2560/6000 (43%)]	Loss: 0.613290
2021-05-16 00:12:26.681528	Train Epoch: 7 [5120/6000 (87%)]	Loss: 0.513092
====> Epoch: 7 Average loss: 0.6032
Train epoch = 8, alpha = 0.42320861065570825, beta = 0.0001, gamma = 0.0001
2021-05-16 00:12:26.719856	Train Epoch: 8 [0/6000 (0%)]	Loss: 0.544986
2021-05-16 00:12:26.815193	Train Epoch: 8 [2560/6000 (43%)]	Loss: 0.550633
2021-05-16 00:12:26.905121	Train Epoch: 8 [5120/6000 (87%)]	Loss: 0.532516
====> Epoch: 8 Average loss: 0.5697
Train epoch = 9, alpha = 0.7515684111296623, beta = 0.0001, gamma = 0.0001
2021-05-16 00:12:26.943366	Train Epoch: 9 [0/6000 (0%)]	Loss: 0.547188
2021-05-16 00:12:27.038627	Train Epoch: 9 [2560/6000 (43%)]	Loss: 0.463872
2021-05-16 00:12:27.129749	Train Epoch: 9 [5120/6000 (87%)]	Loss: 0.466809
====> Epoch: 9 Average loss: 0.5364
Train epoch = 10, alpha = 0.7515684111296623, beta = 0.0001, gamma = 0.0001
2021-05-16 00:12:27.169389	Train Epoch: 10 [0/6000 (0%)]	Loss: 0.519631
2021-05-16 00:12:27.266107	Train Epoch: 10 [2560/6000 (43%)]	Loss: 0.503503
2021-05-16 00:12:27.355832	Train Epoch: 10 [5120/6000 (87%)]	Loss: 0.520461
====> Epoch: 10 Average loss: 0.5070
Train epoch = 11, alpha = 0.7515684111296623, beta = 0.0001, gamma = 0.0001
2021-05-16 00:12:27.392720	Train Epoch: 11 [0/6000 (0%)]	Loss: 0.459212
2021-05-16 00:12:27.497018	Train Epoch: 11 [2560/6000 (43%)]	Loss: 0.480037
2021-05-16 00:12:27.589472	Train Epoch: 11 [5120/6000 (87%)]	Loss: 0.430889
====> Epoch: 11 Average loss: 0.4763
Train epoch = 12, alpha = 0.7515684111296623, beta = 0.0001, gamma = 0.0001
2021-05-16 00:12:27.628019	Train Epoch: 12 [0/6000 (0%)]	Loss: 0.416789
2021-05-16 00:12:27.723326	Train Epoch: 12 [2560/6000 (43%)]	Loss: 0.432578
2021-05-16 00:12:27.820456	Train Epoch: 12 [5120/6000 (87%)]	Loss: 0.363357
====> Epoch: 12 Average loss: 0.4424
Train epoch = 13, alpha = 0.7515684111296623, beta = 0.0001, gamma = 0.0001
2021-05-16 00:12:27.867418	Train Epoch: 13 [0/6000 (0%)]	Loss: 0.389582
2021-05-16 00:12:27.976111	Train Epoch: 13 [2560/6000 (43%)]	Loss: 0.455637
2021-05-16 00:12:28.066897	Train Epoch: 13 [5120/6000 (87%)]	Loss: 0.366574
====> Epoch: 13 Average loss: 0.4075
Train epoch = 14, alpha = 1.077971160195895, beta = 0.0001, gamma = 0.0001
2021-05-16 00:12:28.102759	Train Epoch: 14 [0/6000 (0%)]	Loss: 0.343865
2021-05-16 00:12:28.201473	Train Epoch: 14 [2560/6000 (43%)]	Loss: 0.347405
2021-05-16 00:12:28.293267	Train Epoch: 14 [5120/6000 (87%)]	Loss: 0.347745
====> Epoch: 14 Average loss: 0.3710
Train epoch = 15, alpha = 1.077971160195895, beta = 0.0001, gamma = 0.0001
2021-05-16 00:12:28.326052	Train Epoch: 15 [0/6000 (0%)]	Loss: 0.374570
2021-05-16 00:12:28.431279	Train Epoch: 15 [2560/6000 (43%)]	Loss: 0.351761
2021-05-16 00:12:28.521247	Train Epoch: 15 [5120/6000 (87%)]	Loss: 0.290181
====> Epoch: 15 Average loss: 0.3338
Train epoch = 16, alpha = 1.077971160195895, beta = 0.0001, gamma = 0.0001
2021-05-16 00:12:28.555322	Train Epoch: 16 [0/6000 (0%)]	Loss: 0.297191
2021-05-16 00:12:28.653065	Train Epoch: 16 [2560/6000 (43%)]	Loss: 0.313645
2021-05-16 00:12:28.743928	Train Epoch: 16 [5120/6000 (87%)]	Loss: 0.270016
====> Epoch: 16 Average loss: 0.2940
Train epoch = 17, alpha = 1.077971160195895, beta = 0.0001, gamma = 0.0001
2021-05-16 00:12:28.785095	Train Epoch: 17 [0/6000 (0%)]	Loss: 0.249103
2021-05-16 00:12:28.897513	Train Epoch: 17 [2560/6000 (43%)]	Loss: 0.224022
2021-05-16 00:12:28.990930	Train Epoch: 17 [5120/6000 (87%)]	Loss: 0.212916
====> Epoch: 17 Average loss: 0.2552
Train epoch = 18, alpha = 1.077971160195895, beta = 0.0001, gamma = 0.0001
2021-05-16 00:12:29.035335	Train Epoch: 18 [0/6000 (0%)]	Loss: 0.226136
2021-05-16 00:12:29.137446	Train Epoch: 18 [2560/6000 (43%)]	Loss: 0.189100
2021-05-16 00:12:29.236951	Train Epoch: 18 [5120/6000 (87%)]	Loss: 0.197700
====> Epoch: 18 Average loss: 0.2159
Train epoch = 19, alpha = 1.4087110115785935, beta = 0.0001, gamma = 0.0001
2021-05-16 00:12:29.281514	Train Epoch: 19 [0/6000 (0%)]	Loss: 0.182503
2021-05-16 00:12:29.382646	Train Epoch: 19 [2560/6000 (43%)]	Loss: 0.187304
2021-05-16 00:12:29.479453	Train Epoch: 19 [5120/6000 (87%)]	Loss: 0.166499
====> Epoch: 19 Average loss: 0.1808
Train epoch = 20, alpha = 1.4087110115785935, beta = 0.0001, gamma = 0.0001
2021-05-16 00:12:29.522347	Train Epoch: 20 [0/6000 (0%)]	Loss: 0.135378
2021-05-16 00:12:29.628370	Train Epoch: 20 [2560/6000 (43%)]	Loss: 0.146115
2021-05-16 00:12:29.721836	Train Epoch: 20 [5120/6000 (87%)]	Loss: 0.116696
====> Epoch: 20 Average loss: 0.1473
Train epoch = 21, alpha = 1.4087110115785935, beta = 0.0001, gamma = 0.0001
2021-05-16 00:12:29.765231	Train Epoch: 21 [0/6000 (0%)]	Loss: 0.120666
2021-05-16 00:12:29.856583	Train Epoch: 21 [2560/6000 (43%)]	Loss: 0.114204
2021-05-16 00:12:29.950822	Train Epoch: 21 [5120/6000 (87%)]	Loss: 0.109626
====> Epoch: 21 Average loss: 0.1167
Train epoch = 22, alpha = 1.4087110115785935, beta = 0.0001, gamma = 0.0001
2021-05-16 00:12:29.988498	Train Epoch: 22 [0/6000 (0%)]	Loss: 0.101981
2021-05-16 00:12:30.084642	Train Epoch: 22 [2560/6000 (43%)]	Loss: 0.095413
2021-05-16 00:12:30.179530	Train Epoch: 22 [5120/6000 (87%)]	Loss: 0.083188
====> Epoch: 22 Average loss: 0.0901
Train epoch = 23, alpha = 1.4087110115785935, beta = 0.0001, gamma = 0.0001
2021-05-16 00:12:30.211624	Train Epoch: 23 [0/6000 (0%)]	Loss: 0.077912
2021-05-16 00:12:30.307290	Train Epoch: 23 [2560/6000 (43%)]	Loss: 0.067855
2021-05-16 00:12:30.402116	Train Epoch: 23 [5120/6000 (87%)]	Loss: 0.060616
====> Epoch: 23 Average loss: 0.0683
Train epoch = 24, alpha = 1.7481914085889256, beta = 0.0001, gamma = 0.0001
2021-05-16 00:12:30.438459	Train Epoch: 24 [0/6000 (0%)]	Loss: 0.051336
2021-05-16 00:12:30.533242	Train Epoch: 24 [2560/6000 (43%)]	Loss: 0.046882
2021-05-16 00:12:30.622446	Train Epoch: 24 [5120/6000 (87%)]	Loss: 0.042265
====> Epoch: 24 Average loss: 0.0499
Train epoch = 25, alpha = 1.7481914085889256, beta = 0.0001, gamma = 0.0001
2021-05-16 00:12:30.655839	Train Epoch: 25 [0/6000 (0%)]	Loss: 0.041204
2021-05-16 00:12:30.754769	Train Epoch: 25 [2560/6000 (43%)]	Loss: 0.030023
2021-05-16 00:12:30.849275	Train Epoch: 25 [5120/6000 (87%)]	Loss: 0.032234
====> Epoch: 25 Average loss: 0.0357
Train epoch = 26, alpha = 1.7481914085889256, beta = 0.0001, gamma = 0.0001
2021-05-16 00:12:30.883967	Train Epoch: 26 [0/6000 (0%)]	Loss: 0.026498
2021-05-16 00:12:30.981043	Train Epoch: 26 [2560/6000 (43%)]	Loss: 0.023806
2021-05-16 00:12:31.069819	Train Epoch: 26 [5120/6000 (87%)]	Loss: 0.021376
====> Epoch: 26 Average loss: 0.0249
Train epoch = 27, alpha = 1.7481914085889256, beta = 0.0001, gamma = 0.0001
2021-05-16 00:12:31.105434	Train Epoch: 27 [0/6000 (0%)]	Loss: 0.019757
2021-05-16 00:12:31.198920	Train Epoch: 27 [2560/6000 (43%)]	Loss: 0.016123
2021-05-16 00:12:31.287089	Train Epoch: 27 [5120/6000 (87%)]	Loss: 0.014661
====> Epoch: 27 Average loss: 0.0169
Train epoch = 28, alpha = 1.7481914085889256, beta = 0.0001, gamma = 0.0001
2021-05-16 00:12:31.321975	Train Epoch: 28 [0/6000 (0%)]	Loss: 0.012722
2021-05-16 00:12:31.422107	Train Epoch: 28 [2560/6000 (43%)]	Loss: 0.009939
2021-05-16 00:12:31.510145	Train Epoch: 28 [5120/6000 (87%)]	Loss: 0.009607
====> Epoch: 28 Average loss: 0.0112
Train epoch = 29, alpha = 2.0993673883731723, beta = 0.0001, gamma = 0.0001
2021-05-16 00:12:31.547161	Train Epoch: 29 [0/6000 (0%)]	Loss: 0.008329
2021-05-16 00:12:31.644087	Train Epoch: 29 [2560/6000 (43%)]	Loss: 0.007009
2021-05-16 00:12:31.733756	Train Epoch: 29 [5120/6000 (87%)]	Loss: 0.006368
====> Epoch: 29 Average loss: 0.0073
Train epoch = 30, alpha = 2.0993673883731723, beta = 0.0001, gamma = 0.0001
2021-05-16 00:12:31.773883	Train Epoch: 30 [0/6000 (0%)]	Loss: 0.005966
2021-05-16 00:12:31.872546	Train Epoch: 30 [2560/6000 (43%)]	Loss: 0.004471
2021-05-16 00:12:31.964227	Train Epoch: 30 [5120/6000 (87%)]	Loss: 0.003861
====> Epoch: 30 Average loss: 0.0046
Train epoch = 31, alpha = 2.0993673883731723, beta = 0.0001, gamma = 0.0001
2021-05-16 00:12:31.997128	Train Epoch: 31 [0/6000 (0%)]	Loss: 0.003268
2021-05-16 00:12:32.090176	Train Epoch: 31 [2560/6000 (43%)]	Loss: 0.003025
2021-05-16 00:12:32.182323	Train Epoch: 31 [5120/6000 (87%)]	Loss: 0.002017
====> Epoch: 31 Average loss: 0.0029
Train epoch = 32, alpha = 2.0993673883731723, beta = 0.0001, gamma = 0.0001
2021-05-16 00:12:32.219568	Train Epoch: 32 [0/6000 (0%)]	Loss: 0.002126
2021-05-16 00:12:32.316447	Train Epoch: 32 [2560/6000 (43%)]	Loss: 0.001874
2021-05-16 00:12:32.411574	Train Epoch: 32 [5120/6000 (87%)]	Loss: 0.001474
====> Epoch: 32 Average loss: 0.0018
Train epoch = 33, alpha = 2.0993673883731723, beta = 0.0001, gamma = 0.0001
2021-05-16 00:12:32.452185	Train Epoch: 33 [0/6000 (0%)]	Loss: 0.001398
2021-05-16 00:12:32.540460	Train Epoch: 33 [2560/6000 (43%)]	Loss: 0.000993
2021-05-16 00:12:32.636983	Train Epoch: 33 [5120/6000 (87%)]	Loss: 0.000804
====> Epoch: 33 Average loss: 0.0011
Train epoch = 34, alpha = 2.464368294574091, beta = 0.0001, gamma = 0.0001
2021-05-16 00:12:32.672896	Train Epoch: 34 [0/6000 (0%)]	Loss: 0.000767
2021-05-16 00:12:32.769924	Train Epoch: 34 [2560/6000 (43%)]	Loss: 0.000623
2021-05-16 00:12:32.865094	Train Epoch: 34 [5120/6000 (87%)]	Loss: 0.000531
====> Epoch: 34 Average loss: 0.0006
Train epoch = 35, alpha = 2.464368294574091, beta = 0.0001, gamma = 0.0001
2021-05-16 00:12:32.898774	Train Epoch: 35 [0/6000 (0%)]	Loss: 0.000436
2021-05-16 00:12:32.998215	Train Epoch: 35 [2560/6000 (43%)]	Loss: 0.000388
2021-05-16 00:12:33.089852	Train Epoch: 35 [5120/6000 (87%)]	Loss: 0.000311
====> Epoch: 35 Average loss: 0.0004
Train epoch = 36, alpha = 2.464368294574091, beta = 0.0001, gamma = 0.0001
2021-05-16 00:12:33.128895	Train Epoch: 36 [0/6000 (0%)]	Loss: 0.000195
2021-05-16 00:12:33.229700	Train Epoch: 36 [2560/6000 (43%)]	Loss: 0.000174
2021-05-16 00:12:33.323775	Train Epoch: 36 [5120/6000 (87%)]	Loss: 0.000139
====> Epoch: 36 Average loss: 0.0002
Train epoch = 37, alpha = 2.464368294574091, beta = 0.0001, gamma = 0.0001
2021-05-16 00:12:33.360813	Train Epoch: 37 [0/6000 (0%)]	Loss: 0.000150
2021-05-16 00:12:33.461643	Train Epoch: 37 [2560/6000 (43%)]	Loss: 0.000082
2021-05-16 00:12:33.547573	Train Epoch: 37 [5120/6000 (87%)]	Loss: 0.000070
====> Epoch: 37 Average loss: 0.0001
Train epoch = 38, alpha = 2.464368294574091, beta = 0.0001, gamma = 0.0001
2021-05-16 00:12:33.586470	Train Epoch: 38 [0/6000 (0%)]	Loss: 0.000053
2021-05-16 00:12:33.687399	Train Epoch: 38 [2560/6000 (43%)]	Loss: 0.000037
2021-05-16 00:12:33.782562	Train Epoch: 38 [5120/6000 (87%)]	Loss: 0.000011
====> Epoch: 38 Average loss: 0.0000
Train epoch = 39, alpha = 2.844848336696129, beta = 0.0001, gamma = 0.0001
2021-05-16 00:12:33.819878	Train Epoch: 39 [0/6000 (0%)]	Loss: -0.000016
2021-05-16 00:12:33.918489	Train Epoch: 39 [2560/6000 (43%)]	Loss: -0.000017
2021-05-16 00:12:34.007193	Train Epoch: 39 [5120/6000 (87%)]	Loss: -0.000043
====> Epoch: 39 Average loss: -0.0000
Train epoch = 40, alpha = 2.844848336696129, beta = 0.0001, gamma = 0.0001
2021-05-16 00:12:34.044258	Train Epoch: 40 [0/6000 (0%)]	Loss: -0.000027
2021-05-16 00:12:34.139089	Train Epoch: 40 [2560/6000 (43%)]	Loss: -0.000032
2021-05-16 00:12:34.228484	Train Epoch: 40 [5120/6000 (87%)]	Loss: -0.000039
====> Epoch: 40 Average loss: -0.0000
Train epoch = 41, alpha = 2.844848336696129, beta = 0.0001, gamma = 0.0001
2021-05-16 00:12:34.265318	Train Epoch: 41 [0/6000 (0%)]	Loss: -0.000064
2021-05-16 00:12:34.355909	Train Epoch: 41 [2560/6000 (43%)]	Loss: -0.000052
2021-05-16 00:12:34.447148	Train Epoch: 41 [5120/6000 (87%)]	Loss: -0.000060
====> Epoch: 41 Average loss: -0.0001
Train epoch = 42, alpha = 2.844848336696129, beta = 0.0001, gamma = 0.0001
2021-05-16 00:12:34.480473	Train Epoch: 42 [0/6000 (0%)]	Loss: -0.000061
2021-05-16 00:12:34.580060	Train Epoch: 42 [2560/6000 (43%)]	Loss: -0.000063
2021-05-16 00:12:34.674666	Train Epoch: 42 [5120/6000 (87%)]	Loss: -0.000064
====> Epoch: 42 Average loss: -0.0001
Train epoch = 43, alpha = 2.844848336696129, beta = 0.0001, gamma = 0.0001
2021-05-16 00:12:34.712660	Train Epoch: 43 [0/6000 (0%)]	Loss: -0.000064
2021-05-16 00:12:34.806869	Train Epoch: 43 [2560/6000 (43%)]	Loss: -0.000063
2021-05-16 00:12:34.897804	Train Epoch: 43 [5120/6000 (87%)]	Loss: -0.000077
====> Epoch: 43 Average loss: -0.0001
Train epoch = 44, alpha = 3.242178315324023, beta = 0.0001, gamma = 0.0001
2021-05-16 00:12:34.930413	Train Epoch: 44 [0/6000 (0%)]	Loss: -0.000078
2021-05-16 00:12:35.057706	Train Epoch: 44 [2560/6000 (43%)]	Loss: -0.000078
2021-05-16 00:12:35.174495	Train Epoch: 44 [5120/6000 (87%)]	Loss: -0.000074
====> Epoch: 44 Average loss: -0.0001
Train epoch = 45, alpha = 3.242178315324023, beta = 0.0001, gamma = 0.0001
2021-05-16 00:12:35.214132	Train Epoch: 45 [0/6000 (0%)]	Loss: -0.000075
2021-05-16 00:12:35.308150	Train Epoch: 45 [2560/6000 (43%)]	Loss: -0.000071
2021-05-16 00:12:35.423930	Train Epoch: 45 [5120/6000 (87%)]	Loss: -0.000079
====> Epoch: 45 Average loss: -0.0001
Train epoch = 46, alpha = 3.242178315324023, beta = 0.0001, gamma = 0.0001
2021-05-16 00:12:35.461713	Train Epoch: 46 [0/6000 (0%)]	Loss: -0.000089
2021-05-16 00:12:35.567940	Train Epoch: 46 [2560/6000 (43%)]	Loss: -0.000087
2021-05-16 00:12:35.668580	Train Epoch: 46 [5120/6000 (87%)]	Loss: -0.000088
====> Epoch: 46 Average loss: -0.0001
Train epoch = 47, alpha = 3.242178315324023, beta = 0.0001, gamma = 0.0001
2021-05-16 00:12:35.707344	Train Epoch: 47 [0/6000 (0%)]	Loss: -0.000083
2021-05-16 00:12:35.810181	Train Epoch: 47 [2560/6000 (43%)]	Loss: -0.000086
2021-05-16 00:12:35.903504	Train Epoch: 47 [5120/6000 (87%)]	Loss: -0.000087
====> Epoch: 47 Average loss: -0.0001
Train epoch = 48, alpha = 3.242178315324023, beta = 0.0001, gamma = 0.0001
2021-05-16 00:12:35.938091	Train Epoch: 48 [0/6000 (0%)]	Loss: -0.000077
2021-05-16 00:12:36.034670	Train Epoch: 48 [2560/6000 (43%)]	Loss: -0.000089
2021-05-16 00:12:36.126224	Train Epoch: 48 [5120/6000 (87%)]	Loss: -0.000090
====> Epoch: 48 Average loss: -0.0001
Train epoch = 49, alpha = 3.65755473609305, beta = 0.0001, gamma = 0.0001
2021-05-16 00:12:36.168885	Train Epoch: 49 [0/6000 (0%)]	Loss: -0.000085
2021-05-16 00:12:36.265106	Train Epoch: 49 [2560/6000 (43%)]	Loss: -0.000088
2021-05-16 00:12:36.354338	Train Epoch: 49 [5120/6000 (87%)]	Loss: -0.000085
====> Epoch: 49 Average loss: -0.0001
Starting lap 2 for evolution on synthetic_functions data in mode train...
Running k-means...
Running k-means...
shape of s torch.Size([2, 4])
Running k-segments...
s1 shape:  torch.Size([18, 2])
s2 shape:  torch.Size([18, 2])
s_alphas shape:  torch.Size([18, 2])
s1 shape:  torch.Size([18, 2])
s2 shape:  torch.Size([18, 2])
s_alphas shape:  torch.Size([18, 2])
s1 shape:  torch.Size([2, 2])
s2 shape:  torch.Size([2, 2])
shape s_inter_rec_np =  (18, 2)
i = 0, X_full shape = (6002, 2)
i = 1, X_full shape = (6022, 2)
i = 2, X_full shape = (6022, 2)
i = 3, X_full shape = (6002, 2)
i = 4, X_full shape = (6020, 2)
i = 0, X_full shape = (6002, 2)
i = 1, X_full shape = (6022, 2)
i = 2, X_full shape = (6022, 2)
i = 3, X_full shape = (6002, 2)
i = 4, X_full shape = (6020, 2)
['ACC = 1.0', 'NMI = 1.0', 'ARI = 1.0']
Lap 2 for evolution DONE!
Train epoch = 50, alpha = 3.65755473609305, beta = 0.0001, gamma = 0.0001
2021-05-16 00:12:40.776027	Train Epoch: 50 [0/6000 (0%)]	Loss: -0.000079
2021-05-16 00:12:40.867643	Train Epoch: 50 [2560/6000 (43%)]	Loss: -0.000098
2021-05-16 00:12:40.957339	Train Epoch: 50 [5120/6000 (87%)]	Loss: -0.000093
====> Epoch: 50 Average loss: -0.0001
Train epoch = 51, alpha = 3.65755473609305, beta = 0.0001, gamma = 0.0001
2021-05-16 00:12:40.996300	Train Epoch: 51 [0/6000 (0%)]	Loss: -0.000076
2021-05-16 00:12:41.090266	Train Epoch: 51 [2560/6000 (43%)]	Loss: -0.000089
2021-05-16 00:12:41.183645	Train Epoch: 51 [5120/6000 (87%)]	Loss: -0.000086
====> Epoch: 51 Average loss: -0.0001
Train epoch = 52, alpha = 3.65755473609305, beta = 0.0001, gamma = 0.0001
2021-05-16 00:12:41.218072	Train Epoch: 52 [0/6000 (0%)]	Loss: -0.000089
2021-05-16 00:12:41.315604	Train Epoch: 52 [2560/6000 (43%)]	Loss: -0.000094
2021-05-16 00:12:41.408703	Train Epoch: 52 [5120/6000 (87%)]	Loss: -0.000081
====> Epoch: 52 Average loss: -0.0001
Train epoch = 53, alpha = 3.65755473609305, beta = 0.0001, gamma = 0.0001
2021-05-16 00:12:41.445989	Train Epoch: 53 [0/6000 (0%)]	Loss: -0.000088
2021-05-16 00:12:41.581287	Train Epoch: 53 [2560/6000 (43%)]	Loss: -0.000087
2021-05-16 00:12:41.853863	Train Epoch: 53 [5120/6000 (87%)]	Loss: -0.000097
====> Epoch: 53 Average loss: -0.0001
Train epoch = 54, alpha = 4.092064942246333, beta = 0.0001, gamma = 0.0001
2021-05-16 00:12:42.004931	Train Epoch: 54 [0/6000 (0%)]	Loss: -0.000083
2021-05-16 00:12:42.236113	Train Epoch: 54 [2560/6000 (43%)]	Loss: -0.000098
2021-05-16 00:12:42.331602	Train Epoch: 54 [5120/6000 (87%)]	Loss: -0.000096
====> Epoch: 54 Average loss: -0.0001
Train epoch = 55, alpha = 4.092064942246333, beta = 0.0001, gamma = 0.0001
2021-05-16 00:12:42.371426	Train Epoch: 55 [0/6000 (0%)]	Loss: -0.000087
2021-05-16 00:12:42.477509	Train Epoch: 55 [2560/6000 (43%)]	Loss: -0.000090
2021-05-16 00:12:42.575056	Train Epoch: 55 [5120/6000 (87%)]	Loss: -0.000087
====> Epoch: 55 Average loss: -0.0001
Train epoch = 56, alpha = 4.092064942246333, beta = 0.0001, gamma = 0.0001
2021-05-16 00:12:42.614976	Train Epoch: 56 [0/6000 (0%)]	Loss: -0.000080
2021-05-16 00:12:42.708454	Train Epoch: 56 [2560/6000 (43%)]	Loss: -0.000087
2021-05-16 00:12:42.802008	Train Epoch: 56 [5120/6000 (87%)]	Loss: -0.000086
====> Epoch: 56 Average loss: -0.0001
Train epoch = 57, alpha = 4.092064942246333, beta = 0.0001, gamma = 0.0001
2021-05-16 00:12:42.838359	Train Epoch: 57 [0/6000 (0%)]	Loss: -0.000085
2021-05-16 00:12:43.018870	Train Epoch: 57 [2560/6000 (43%)]	Loss: -0.000095
2021-05-16 00:12:43.113563	Train Epoch: 57 [5120/6000 (87%)]	Loss: -0.000098
====> Epoch: 57 Average loss: -0.0001
Train epoch = 58, alpha = 4.092064942246333, beta = 0.0001, gamma = 0.0001
2021-05-16 00:12:43.155286	Train Epoch: 58 [0/6000 (0%)]	Loss: -0.000093
2021-05-16 00:12:43.262256	Train Epoch: 58 [2560/6000 (43%)]	Loss: -0.000086
2021-05-16 00:12:43.359907	Train Epoch: 58 [5120/6000 (87%)]	Loss: -0.000093
====> Epoch: 58 Average loss: -0.0001
Train epoch = 59, alpha = 4.546727776716206, beta = 0.0001, gamma = 0.0001
2021-05-16 00:12:43.406751	Train Epoch: 59 [0/6000 (0%)]	Loss: -0.000089
2021-05-16 00:12:43.508747	Train Epoch: 59 [2560/6000 (43%)]	Loss: -0.000090
2021-05-16 00:12:43.602505	Train Epoch: 59 [5120/6000 (87%)]	Loss: -0.000089
====> Epoch: 59 Average loss: -0.0001
Train epoch = 60, alpha = 4.546727776716206, beta = 0.0001, gamma = 0.0001
2021-05-16 00:12:43.646130	Train Epoch: 60 [0/6000 (0%)]	Loss: -0.000089
2021-05-16 00:12:43.740493	Train Epoch: 60 [2560/6000 (43%)]	Loss: -0.000092
2021-05-16 00:12:43.831617	Train Epoch: 60 [5120/6000 (87%)]	Loss: -0.000090
====> Epoch: 60 Average loss: -0.0001
Train epoch = 61, alpha = 4.546727776716206, beta = 0.0001, gamma = 0.0001
2021-05-16 00:12:43.873694	Train Epoch: 61 [0/6000 (0%)]	Loss: -0.000088
2021-05-16 00:12:43.972165	Train Epoch: 61 [2560/6000 (43%)]	Loss: -0.000102
2021-05-16 00:12:44.063152	Train Epoch: 61 [5120/6000 (87%)]	Loss: -0.000087
====> Epoch: 61 Average loss: -0.0001
Train epoch = 62, alpha = 4.546727776716206, beta = 0.0001, gamma = 0.0001
2021-05-16 00:12:44.098806	Train Epoch: 62 [0/6000 (0%)]	Loss: -0.000083
2021-05-16 00:12:44.191369	Train Epoch: 62 [2560/6000 (43%)]	Loss: -0.000087
2021-05-16 00:12:44.286541	Train Epoch: 62 [5120/6000 (87%)]	Loss: -0.000081
====> Epoch: 62 Average loss: -0.0001
Train epoch = 63, alpha = 4.546727776716206, beta = 0.0001, gamma = 0.0001
2021-05-16 00:12:44.321269	Train Epoch: 63 [0/6000 (0%)]	Loss: -0.000087
2021-05-16 00:12:44.426622	Train Epoch: 63 [2560/6000 (43%)]	Loss: -0.000084
2021-05-16 00:12:44.522748	Train Epoch: 63 [5120/6000 (87%)]	Loss: -0.000090
====> Epoch: 63 Average loss: -0.0001
Train epoch = 64, alpha = 5.0225200099929665, beta = 0.0001, gamma = 0.0001
2021-05-16 00:12:44.562078	Train Epoch: 64 [0/6000 (0%)]	Loss: -0.000087
2021-05-16 00:12:44.662221	Train Epoch: 64 [2560/6000 (43%)]	Loss: -0.000089
2021-05-16 00:12:44.754609	Train Epoch: 64 [5120/6000 (87%)]	Loss: -0.000086
====> Epoch: 64 Average loss: -0.0001
Train epoch = 65, alpha = 5.0225200099929665, beta = 0.0001, gamma = 0.0001
2021-05-16 00:12:44.796199	Train Epoch: 65 [0/6000 (0%)]	Loss: -0.000099
2021-05-16 00:12:44.891584	Train Epoch: 65 [2560/6000 (43%)]	Loss: -0.000089
2021-05-16 00:12:44.984495	Train Epoch: 65 [5120/6000 (87%)]	Loss: -0.000090
====> Epoch: 65 Average loss: -0.0001
Train epoch = 66, alpha = 5.0225200099929665, beta = 0.0001, gamma = 0.0001
2021-05-16 00:12:45.024523	Train Epoch: 66 [0/6000 (0%)]	Loss: -0.000085
2021-05-16 00:12:45.121434	Train Epoch: 66 [2560/6000 (43%)]	Loss: -0.000089
2021-05-16 00:12:45.212522	Train Epoch: 66 [5120/6000 (87%)]	Loss: -0.000095
====> Epoch: 66 Average loss: -0.0001
Train epoch = 67, alpha = 5.0225200099929665, beta = 0.0001, gamma = 0.0001
2021-05-16 00:12:45.245114	Train Epoch: 67 [0/6000 (0%)]	Loss: -0.000090
2021-05-16 00:12:45.340405	Train Epoch: 67 [2560/6000 (43%)]	Loss: -0.000089
2021-05-16 00:12:45.433094	Train Epoch: 67 [5120/6000 (87%)]	Loss: -0.000092
====> Epoch: 67 Average loss: -0.0001
Train epoch = 68, alpha = 5.0225200099929665, beta = 0.0001, gamma = 0.0001
2021-05-16 00:12:45.469422	Train Epoch: 68 [0/6000 (0%)]	Loss: -0.000089
2021-05-16 00:12:45.567048	Train Epoch: 68 [2560/6000 (43%)]	Loss: -0.000088
2021-05-16 00:12:45.656015	Train Epoch: 68 [5120/6000 (87%)]	Loss: -0.000091
====> Epoch: 68 Average loss: -0.0001
Train epoch = 69, alpha = 5.520394146673345, beta = 0.0001, gamma = 0.0001
2021-05-16 00:12:45.690987	Train Epoch: 69 [0/6000 (0%)]	Loss: -0.000090
2021-05-16 00:12:45.784548	Train Epoch: 69 [2560/6000 (43%)]	Loss: -0.000085
2021-05-16 00:12:45.874837	Train Epoch: 69 [5120/6000 (87%)]	Loss: -0.000097
====> Epoch: 69 Average loss: -0.0001
Train epoch = 70, alpha = 5.520394146673345, beta = 0.0001, gamma = 0.0001
2021-05-16 00:12:45.910077	Train Epoch: 70 [0/6000 (0%)]	Loss: -0.000090
2021-05-16 00:12:46.003295	Train Epoch: 70 [2560/6000 (43%)]	Loss: -0.000084
2021-05-16 00:12:46.094078	Train Epoch: 70 [5120/6000 (87%)]	Loss: -0.000090
====> Epoch: 70 Average loss: -0.0001
Train epoch = 71, alpha = 5.520394146673345, beta = 0.0001, gamma = 0.0001
2021-05-16 00:12:46.129585	Train Epoch: 71 [0/6000 (0%)]	Loss: -0.000077
2021-05-16 00:12:46.230627	Train Epoch: 71 [2560/6000 (43%)]	Loss: -0.000093
2021-05-16 00:12:46.320992	Train Epoch: 71 [5120/6000 (87%)]	Loss: -0.000091
====> Epoch: 71 Average loss: -0.0001
Train epoch = 72, alpha = 5.520394146673345, beta = 0.0001, gamma = 0.0001
2021-05-16 00:12:46.357667	Train Epoch: 72 [0/6000 (0%)]	Loss: -0.000091
2021-05-16 00:12:46.457487	Train Epoch: 72 [2560/6000 (43%)]	Loss: -0.000087
2021-05-16 00:12:46.547875	Train Epoch: 72 [5120/6000 (87%)]	Loss: -0.000090
====> Epoch: 72 Average loss: -0.0001
Train epoch = 73, alpha = 5.520394146673345, beta = 0.0001, gamma = 0.0001
2021-05-16 00:12:46.587675	Train Epoch: 73 [0/6000 (0%)]	Loss: -0.000095
2021-05-16 00:12:46.680025	Train Epoch: 73 [2560/6000 (43%)]	Loss: -0.000094
2021-05-16 00:12:46.770641	Train Epoch: 73 [5120/6000 (87%)]	Loss: -0.000098
====> Epoch: 73 Average loss: -0.0001
Train epoch = 74, alpha = 6.041290820871168, beta = 0.0001, gamma = 0.0001
2021-05-16 00:12:46.805487	Train Epoch: 74 [0/6000 (0%)]	Loss: -0.000094
2021-05-16 00:12:46.900873	Train Epoch: 74 [2560/6000 (43%)]	Loss: -0.000092
2021-05-16 00:12:46.990148	Train Epoch: 74 [5120/6000 (87%)]	Loss: -0.000078
====> Epoch: 74 Average loss: -0.0001
Train epoch = 75, alpha = 6.041290820871168, beta = 0.0001, gamma = 0.0001
2021-05-16 00:12:47.028366	Train Epoch: 75 [0/6000 (0%)]	Loss: -0.000088
2021-05-16 00:12:47.130531	Train Epoch: 75 [2560/6000 (43%)]	Loss: -0.000093
2021-05-16 00:12:47.220669	Train Epoch: 75 [5120/6000 (87%)]	Loss: -0.000090
====> Epoch: 75 Average loss: -0.0001
Train epoch = 76, alpha = 6.041290820871168, beta = 0.0001, gamma = 0.0001
2021-05-16 00:12:47.258863	Train Epoch: 76 [0/6000 (0%)]	Loss: -0.000087
2021-05-16 00:12:47.351769	Train Epoch: 76 [2560/6000 (43%)]	Loss: -0.000097
2021-05-16 00:12:47.447861	Train Epoch: 76 [5120/6000 (87%)]	Loss: -0.000085
====> Epoch: 76 Average loss: -0.0001
Train epoch = 77, alpha = 6.041290820871168, beta = 0.0001, gamma = 0.0001
2021-05-16 00:12:47.482471	Train Epoch: 77 [0/6000 (0%)]	Loss: -0.000088
2021-05-16 00:12:47.578960	Train Epoch: 77 [2560/6000 (43%)]	Loss: -0.000088
2021-05-16 00:12:47.666437	Train Epoch: 77 [5120/6000 (87%)]	Loss: -0.000090
====> Epoch: 77 Average loss: -0.0001
Train epoch = 78, alpha = 6.041290820871168, beta = 0.0001, gamma = 0.0001
2021-05-16 00:12:47.704840	Train Epoch: 78 [0/6000 (0%)]	Loss: -0.000089
2021-05-16 00:12:47.806823	Train Epoch: 78 [2560/6000 (43%)]	Loss: -0.000090
2021-05-16 00:12:47.898074	Train Epoch: 78 [5120/6000 (87%)]	Loss: -0.000089
====> Epoch: 78 Average loss: -0.0001
Train epoch = 79, alpha = 6.586147687908683, beta = 0.0001, gamma = 0.0001
2021-05-16 00:12:47.936788	Train Epoch: 79 [0/6000 (0%)]	Loss: -0.000087
2021-05-16 00:12:48.034325	Train Epoch: 79 [2560/6000 (43%)]	Loss: -0.000086
2021-05-16 00:12:48.130730	Train Epoch: 79 [5120/6000 (87%)]	Loss: -0.000093
====> Epoch: 79 Average loss: -0.0001
Train epoch = 80, alpha = 6.586147687908683, beta = 0.0001, gamma = 0.0001
2021-05-16 00:12:48.175431	Train Epoch: 80 [0/6000 (0%)]	Loss: -0.000094
2021-05-16 00:12:48.283724	Train Epoch: 80 [2560/6000 (43%)]	Loss: -0.000084
2021-05-16 00:12:48.375345	Train Epoch: 80 [5120/6000 (87%)]	Loss: -0.000083
====> Epoch: 80 Average loss: -0.0001
Train epoch = 81, alpha = 6.586147687908683, beta = 0.0001, gamma = 0.0001
2021-05-16 00:12:48.421968	Train Epoch: 81 [0/6000 (0%)]	Loss: -0.000091
2021-05-16 00:12:48.515745	Train Epoch: 81 [2560/6000 (43%)]	Loss: -0.000086
2021-05-16 00:12:48.607445	Train Epoch: 81 [5120/6000 (87%)]	Loss: -0.000090
====> Epoch: 81 Average loss: -0.0001
Train epoch = 82, alpha = 6.586147687908683, beta = 0.0001, gamma = 0.0001
2021-05-16 00:12:48.647001	Train Epoch: 82 [0/6000 (0%)]	Loss: -0.000081
2021-05-16 00:12:48.756056	Train Epoch: 82 [2560/6000 (43%)]	Loss: -0.000095
2021-05-16 00:12:48.853708	Train Epoch: 82 [5120/6000 (87%)]	Loss: -0.000082
====> Epoch: 82 Average loss: -0.0001
Train epoch = 83, alpha = 6.586147687908683, beta = 0.0001, gamma = 0.0001
2021-05-16 00:12:48.891791	Train Epoch: 83 [0/6000 (0%)]	Loss: -0.000097
2021-05-16 00:12:49.002183	Train Epoch: 83 [2560/6000 (43%)]	Loss: -0.000090
2021-05-16 00:12:49.100748	Train Epoch: 83 [5120/6000 (87%)]	Loss: -0.000082
====> Epoch: 83 Average loss: -0.0001
Train epoch = 84, alpha = 7.155905984855657, beta = 0.0001, gamma = 0.0001
2021-05-16 00:12:49.139079	Train Epoch: 84 [0/6000 (0%)]	Loss: -0.000089
2021-05-16 00:12:49.235249	Train Epoch: 84 [2560/6000 (43%)]	Loss: -0.000087
2021-05-16 00:12:49.332273	Train Epoch: 84 [5120/6000 (87%)]	Loss: -0.000086
====> Epoch: 84 Average loss: -0.0001
Train epoch = 85, alpha = 7.155905984855657, beta = 0.0001, gamma = 0.0001
2021-05-16 00:12:49.368237	Train Epoch: 85 [0/6000 (0%)]	Loss: -0.000086
2021-05-16 00:12:49.476418	Train Epoch: 85 [2560/6000 (43%)]	Loss: -0.000089
2021-05-16 00:12:49.570049	Train Epoch: 85 [5120/6000 (87%)]	Loss: -0.000092
====> Epoch: 85 Average loss: -0.0001
Train epoch = 86, alpha = 7.155905984855657, beta = 0.0001, gamma = 0.0001
2021-05-16 00:12:49.617262	Train Epoch: 86 [0/6000 (0%)]	Loss: -0.000083
2021-05-16 00:12:49.716044	Train Epoch: 86 [2560/6000 (43%)]	Loss: -0.000092
2021-05-16 00:12:49.806577	Train Epoch: 86 [5120/6000 (87%)]	Loss: -0.000088
====> Epoch: 86 Average loss: -0.0001
Train epoch = 87, alpha = 7.155905984855657, beta = 0.0001, gamma = 0.0001
2021-05-16 00:12:49.842285	Train Epoch: 87 [0/6000 (0%)]	Loss: -0.000092
2021-05-16 00:12:49.941643	Train Epoch: 87 [2560/6000 (43%)]	Loss: -0.000083
2021-05-16 00:12:50.033648	Train Epoch: 87 [5120/6000 (87%)]	Loss: -0.000087
====> Epoch: 87 Average loss: -0.0001
Train epoch = 88, alpha = 7.155905984855657, beta = 0.0001, gamma = 0.0001
2021-05-16 00:12:50.074383	Train Epoch: 88 [0/6000 (0%)]	Loss: -0.000096
2021-05-16 00:12:50.173939	Train Epoch: 88 [2560/6000 (43%)]	Loss: -0.000090
2021-05-16 00:12:50.268203	Train Epoch: 88 [5120/6000 (87%)]	Loss: -0.000098
====> Epoch: 88 Average loss: -0.0001
Train epoch = 89, alpha = 7.751515502863206, beta = 0.0001, gamma = 0.0001
2021-05-16 00:12:50.306512	Train Epoch: 89 [0/6000 (0%)]	Loss: -0.000087
2021-05-16 00:12:50.415709	Train Epoch: 89 [2560/6000 (43%)]	Loss: -0.000082
2021-05-16 00:12:50.506944	Train Epoch: 89 [5120/6000 (87%)]	Loss: -0.000084
====> Epoch: 89 Average loss: -0.0001
Train epoch = 90, alpha = 7.751515502863206, beta = 0.0001, gamma = 0.0001
2021-05-16 00:12:50.543219	Train Epoch: 90 [0/6000 (0%)]	Loss: -0.000074
2021-05-16 00:12:50.640185	Train Epoch: 90 [2560/6000 (43%)]	Loss: -0.000092
2021-05-16 00:12:50.733697	Train Epoch: 90 [5120/6000 (87%)]	Loss: -0.000085
====> Epoch: 90 Average loss: -0.0001
Train epoch = 91, alpha = 7.751515502863206, beta = 0.0001, gamma = 0.0001
2021-05-16 00:12:50.771203	Train Epoch: 91 [0/6000 (0%)]	Loss: -0.000090
2021-05-16 00:12:50.872490	Train Epoch: 91 [2560/6000 (43%)]	Loss: -0.000085
2021-05-16 00:12:50.964205	Train Epoch: 91 [5120/6000 (87%)]	Loss: -0.000089
====> Epoch: 91 Average loss: -0.0001
Train epoch = 92, alpha = 7.751515502863206, beta = 0.0001, gamma = 0.0001
2021-05-16 00:12:51.020878	Train Epoch: 92 [0/6000 (0%)]	Loss: -0.000099
2021-05-16 00:12:51.159417	Train Epoch: 92 [2560/6000 (43%)]	Loss: -0.000072
2021-05-16 00:12:51.254397	Train Epoch: 92 [5120/6000 (87%)]	Loss: -0.000086
====> Epoch: 92 Average loss: -0.0001
Train epoch = 93, alpha = 7.751515502863206, beta = 0.0001, gamma = 0.0001
2021-05-16 00:12:51.289669	Train Epoch: 93 [0/6000 (0%)]	Loss: -0.000087
2021-05-16 00:12:51.389783	Train Epoch: 93 [2560/6000 (43%)]	Loss: -0.000089
2021-05-16 00:12:51.490544	Train Epoch: 93 [5120/6000 (87%)]	Loss: -0.000087
====> Epoch: 93 Average loss: -0.0001
Train epoch = 94, alpha = 8.373938454865366, beta = 0.0001, gamma = 0.0001
2021-05-16 00:12:51.536710	Train Epoch: 94 [0/6000 (0%)]	Loss: -0.000089
2021-05-16 00:12:51.641205	Train Epoch: 94 [2560/6000 (43%)]	Loss: -0.000095
2021-05-16 00:12:51.735827	Train Epoch: 94 [5120/6000 (87%)]	Loss: -0.000090
====> Epoch: 94 Average loss: -0.0001
Train epoch = 95, alpha = 8.373938454865366, beta = 0.0001, gamma = 0.0001
2021-05-16 00:12:51.776149	Train Epoch: 95 [0/6000 (0%)]	Loss: -0.000103
2021-05-16 00:12:51.883383	Train Epoch: 95 [2560/6000 (43%)]	Loss: -0.000099
2021-05-16 00:12:51.972853	Train Epoch: 95 [5120/6000 (87%)]	Loss: -0.000092
====> Epoch: 95 Average loss: -0.0001
Train epoch = 96, alpha = 8.373938454865366, beta = 0.0001, gamma = 0.0001
2021-05-16 00:12:52.018675	Train Epoch: 96 [0/6000 (0%)]	Loss: -0.000088
2021-05-16 00:12:52.150124	Train Epoch: 96 [2560/6000 (43%)]	Loss: -0.000082
2021-05-16 00:12:52.242117	Train Epoch: 96 [5120/6000 (87%)]	Loss: -0.000094
====> Epoch: 96 Average loss: -0.0001
Train epoch = 97, alpha = 8.373938454865366, beta = 0.0001, gamma = 0.0001
2021-05-16 00:12:52.278624	Train Epoch: 97 [0/6000 (0%)]	Loss: -0.000088
2021-05-16 00:12:52.374328	Train Epoch: 97 [2560/6000 (43%)]	Loss: -0.000084
2021-05-16 00:12:52.477105	Train Epoch: 97 [5120/6000 (87%)]	Loss: -0.000091
====> Epoch: 97 Average loss: -0.0001
Train epoch = 98, alpha = 8.373938454865366, beta = 0.0001, gamma = 0.0001
2021-05-16 00:12:52.515585	Train Epoch: 98 [0/6000 (0%)]	Loss: -0.000086
2021-05-16 00:12:52.618257	Train Epoch: 98 [2560/6000 (43%)]	Loss: -0.000097
2021-05-16 00:12:52.711548	Train Epoch: 98 [5120/6000 (87%)]	Loss: -0.000098
====> Epoch: 98 Average loss: -0.0001
Train epoch = 99, alpha = 9.024152561056017, beta = 0.0001, gamma = 0.0001
2021-05-16 00:12:52.755931	Train Epoch: 99 [0/6000 (0%)]	Loss: -0.000093
2021-05-16 00:12:52.855115	Train Epoch: 99 [2560/6000 (43%)]	Loss: -0.000092
2021-05-16 00:12:52.953899	Train Epoch: 99 [5120/6000 (87%)]	Loss: -0.000088
====> Epoch: 99 Average loss: -0.0001
Starting lap 3 for evolution on synthetic_functions data in mode train...
Running k-means...
Running k-means...
shape of s torch.Size([2, 4])
Running k-segments...
s1 shape:  torch.Size([18, 2])
s2 shape:  torch.Size([18, 2])
s_alphas shape:  torch.Size([18, 2])
s1 shape:  torch.Size([18, 2])
s2 shape:  torch.Size([18, 2])
s_alphas shape:  torch.Size([18, 2])
s1 shape:  torch.Size([2, 2])
s2 shape:  torch.Size([2, 2])
shape s_inter_rec_np =  (18, 2)
i = 0, X_full shape = (6002, 2)
i = 1, X_full shape = (6022, 2)
i = 2, X_full shape = (6022, 2)
i = 3, X_full shape = (6002, 2)
i = 4, X_full shape = (6020, 2)
i = 0, X_full shape = (6002, 2)
i = 1, X_full shape = (6022, 2)
i = 2, X_full shape = (6022, 2)
i = 3, X_full shape = (6002, 2)
i = 4, X_full shape = (6020, 2)
['ACC = 1.0', 'NMI = 1.0', 'ARI = 1.0']
Lap 3 for evolution DONE!
Train epoch = 100, alpha = 9.024152561056017, beta = 0.0001, gamma = 0.0001
2021-05-16 00:12:57.590684	Train Epoch: 100 [0/6000 (0%)]	Loss: -0.000078
2021-05-16 00:12:57.683675	Train Epoch: 100 [2560/6000 (43%)]	Loss: -0.000092
2021-05-16 00:12:57.775468	Train Epoch: 100 [5120/6000 (87%)]	Loss: -0.000092
====> Epoch: 100 Average loss: -0.0001
Train epoch = 101, alpha = 9.024152561056017, beta = 0.0001, gamma = 0.0001
2021-05-16 00:12:57.815223	Train Epoch: 101 [0/6000 (0%)]	Loss: -0.000098
2021-05-16 00:12:57.915174	Train Epoch: 101 [2560/6000 (43%)]	Loss: -0.000093
2021-05-16 00:12:58.010032	Train Epoch: 101 [5120/6000 (87%)]	Loss: -0.000088
====> Epoch: 101 Average loss: -0.0001
Train epoch = 102, alpha = 9.024152561056017, beta = 0.0001, gamma = 0.0001
2021-05-16 00:12:58.045566	Train Epoch: 102 [0/6000 (0%)]	Loss: -0.000086
2021-05-16 00:12:58.146410	Train Epoch: 102 [2560/6000 (43%)]	Loss: -0.000085
2021-05-16 00:12:58.236194	Train Epoch: 102 [5120/6000 (87%)]	Loss: -0.000089
====> Epoch: 102 Average loss: -0.0001
Train epoch = 103, alpha = 9.024152561056017, beta = 0.0001, gamma = 0.0001
2021-05-16 00:12:58.273719	Train Epoch: 103 [0/6000 (0%)]	Loss: -0.000092
2021-05-16 00:12:58.374482	Train Epoch: 103 [2560/6000 (43%)]	Loss: -0.000085
2021-05-16 00:12:58.470299	Train Epoch: 103 [5120/6000 (87%)]	Loss: -0.000093
====> Epoch: 103 Average loss: -0.0001
Train epoch = 104, alpha = 9.70315357178555, beta = 0.0001, gamma = 0.0001
2021-05-16 00:12:58.505724	Train Epoch: 104 [0/6000 (0%)]	Loss: -0.000093
2021-05-16 00:12:58.602002	Train Epoch: 104 [2560/6000 (43%)]	Loss: -0.000089
2021-05-16 00:12:58.694184	Train Epoch: 104 [5120/6000 (87%)]	Loss: -0.000082
====> Epoch: 104 Average loss: -0.0001
Train epoch = 105, alpha = 9.70315357178555, beta = 0.0001, gamma = 0.0001
2021-05-16 00:12:58.734093	Train Epoch: 105 [0/6000 (0%)]	Loss: -0.000095
2021-05-16 00:12:58.837311	Train Epoch: 105 [2560/6000 (43%)]	Loss: -0.000093
2021-05-16 00:12:58.927508	Train Epoch: 105 [5120/6000 (87%)]	Loss: -0.000094
====> Epoch: 105 Average loss: -0.0001
Train epoch = 106, alpha = 9.70315357178555, beta = 0.0001, gamma = 0.0001
2021-05-16 00:12:58.969687	Train Epoch: 106 [0/6000 (0%)]	Loss: -0.000081
2021-05-16 00:12:59.071197	Train Epoch: 106 [2560/6000 (43%)]	Loss: -0.000096
2021-05-16 00:12:59.167040	Train Epoch: 106 [5120/6000 (87%)]	Loss: -0.000094
====> Epoch: 106 Average loss: -0.0001
Train epoch = 107, alpha = 9.70315357178555, beta = 0.0001, gamma = 0.0001
2021-05-16 00:12:59.204807	Train Epoch: 107 [0/6000 (0%)]	Loss: -0.000085
2021-05-16 00:12:59.302930	Train Epoch: 107 [2560/6000 (43%)]	Loss: -0.000088
2021-05-16 00:12:59.395147	Train Epoch: 107 [5120/6000 (87%)]	Loss: -0.000094
====> Epoch: 107 Average loss: -0.0001
Train epoch = 108, alpha = 9.70315357178555, beta = 0.0001, gamma = 0.0001
2021-05-16 00:12:59.438936	Train Epoch: 108 [0/6000 (0%)]	Loss: -0.000090
2021-05-16 00:12:59.536597	Train Epoch: 108 [2560/6000 (43%)]	Loss: -0.000091
2021-05-16 00:12:59.635402	Train Epoch: 108 [5120/6000 (87%)]	Loss: -0.000090
====> Epoch: 108 Average loss: -0.0001
Train epoch = 109, alpha = 10.41195738045587, beta = 0.0001, gamma = 0.0001
2021-05-16 00:12:59.672010	Train Epoch: 109 [0/6000 (0%)]	Loss: -0.000083
2021-05-16 00:12:59.769806	Train Epoch: 109 [2560/6000 (43%)]	Loss: -0.000087
2021-05-16 00:12:59.866972	Train Epoch: 109 [5120/6000 (87%)]	Loss: -0.000088
====> Epoch: 109 Average loss: -0.0001
Train epoch = 110, alpha = 10.41195738045587, beta = 0.0001, gamma = 0.0001
2021-05-16 00:12:59.907256	Train Epoch: 110 [0/6000 (0%)]	Loss: -0.000087
2021-05-16 00:13:00.016966	Train Epoch: 110 [2560/6000 (43%)]	Loss: -0.000089
2021-05-16 00:13:00.116958	Train Epoch: 110 [5120/6000 (87%)]	Loss: -0.000093
====> Epoch: 110 Average loss: -0.0001
Train epoch = 111, alpha = 10.41195738045587, beta = 0.0001, gamma = 0.0001
2021-05-16 00:13:00.151623	Train Epoch: 111 [0/6000 (0%)]	Loss: -0.000085
2021-05-16 00:13:00.248903	Train Epoch: 111 [2560/6000 (43%)]	Loss: -0.000087
2021-05-16 00:13:00.340656	Train Epoch: 111 [5120/6000 (87%)]	Loss: -0.000094
====> Epoch: 111 Average loss: -0.0001
Train epoch = 112, alpha = 10.41195738045587, beta = 0.0001, gamma = 0.0001
2021-05-16 00:13:00.383947	Train Epoch: 112 [0/6000 (0%)]	Loss: -0.000092
2021-05-16 00:13:00.487085	Train Epoch: 112 [2560/6000 (43%)]	Loss: -0.000086
2021-05-16 00:13:00.583947	Train Epoch: 112 [5120/6000 (87%)]	Loss: -0.000078
====> Epoch: 112 Average loss: -0.0001
Train epoch = 113, alpha = 10.41195738045587, beta = 0.0001, gamma = 0.0001
2021-05-16 00:13:00.624649	Train Epoch: 113 [0/6000 (0%)]	Loss: -0.000082
2021-05-16 00:13:00.728984	Train Epoch: 113 [2560/6000 (43%)]	Loss: -0.000090
2021-05-16 00:13:00.823939	Train Epoch: 113 [5120/6000 (87%)]	Loss: -0.000088
====> Epoch: 113 Average loss: -0.0001
Train epoch = 114, alpha = 11.151601834294587, beta = 0.0001, gamma = 0.0001
2021-05-16 00:13:00.860809	Train Epoch: 114 [0/6000 (0%)]	Loss: -0.000091
2021-05-16 00:13:00.960649	Train Epoch: 114 [2560/6000 (43%)]	Loss: -0.000093
2021-05-16 00:13:01.058875	Train Epoch: 114 [5120/6000 (87%)]	Loss: -0.000085
====> Epoch: 114 Average loss: -0.0001
Train epoch = 115, alpha = 11.151601834294587, beta = 0.0001, gamma = 0.0001
2021-05-16 00:13:01.103720	Train Epoch: 115 [0/6000 (0%)]	Loss: -0.000086
2021-05-16 00:13:01.209088	Train Epoch: 115 [2560/6000 (43%)]	Loss: -0.000095
2021-05-16 00:13:01.304366	Train Epoch: 115 [5120/6000 (87%)]	Loss: -0.000099
====> Epoch: 115 Average loss: -0.0001
Train epoch = 116, alpha = 11.151601834294587, beta = 0.0001, gamma = 0.0001
2021-05-16 00:13:01.342073	Train Epoch: 116 [0/6000 (0%)]	Loss: -0.000087
2021-05-16 00:13:01.452419	Train Epoch: 116 [2560/6000 (43%)]	Loss: -0.000086
2021-05-16 00:13:01.544407	Train Epoch: 116 [5120/6000 (87%)]	Loss: -0.000091
====> Epoch: 116 Average loss: -0.0001
Train epoch = 117, alpha = 11.151601834294587, beta = 0.0001, gamma = 0.0001
2021-05-16 00:13:01.582565	Train Epoch: 117 [0/6000 (0%)]	Loss: -0.000084
2021-05-16 00:13:01.683108	Train Epoch: 117 [2560/6000 (43%)]	Loss: -0.000083
2021-05-16 00:13:01.775484	Train Epoch: 117 [5120/6000 (87%)]	Loss: -0.000083
====> Epoch: 117 Average loss: -0.0001
Train epoch = 118, alpha = 11.151601834294587, beta = 0.0001, gamma = 0.0001
2021-05-16 00:13:01.816375	Train Epoch: 118 [0/6000 (0%)]	Loss: -0.000089
2021-05-16 00:13:01.910742	Train Epoch: 118 [2560/6000 (43%)]	Loss: -0.000100
2021-05-16 00:13:02.000726	Train Epoch: 118 [5120/6000 (87%)]	Loss: -0.000088
====> Epoch: 118 Average loss: -0.0001
Train epoch = 119, alpha = 11.923148320526698, beta = 0.0001, gamma = 0.0001
2021-05-16 00:13:02.036702	Train Epoch: 119 [0/6000 (0%)]	Loss: -0.000091
2021-05-16 00:13:02.135937	Train Epoch: 119 [2560/6000 (43%)]	Loss: -0.000092
2021-05-16 00:13:02.225911	Train Epoch: 119 [5120/6000 (87%)]	Loss: -0.000087
====> Epoch: 119 Average loss: -0.0001
Train epoch = 120, alpha = 11.923148320526698, beta = 0.0001, gamma = 0.0001
2021-05-16 00:13:02.266725	Train Epoch: 120 [0/6000 (0%)]	Loss: -0.000093
2021-05-16 00:13:02.364565	Train Epoch: 120 [2560/6000 (43%)]	Loss: -0.000085
2021-05-16 00:13:02.459585	Train Epoch: 120 [5120/6000 (87%)]	Loss: -0.000089
====> Epoch: 120 Average loss: -0.0001
Train epoch = 121, alpha = 11.923148320526698, beta = 0.0001, gamma = 0.0001
2021-05-16 00:13:02.492253	Train Epoch: 121 [0/6000 (0%)]	Loss: -0.000087
2021-05-16 00:13:02.587260	Train Epoch: 121 [2560/6000 (43%)]	Loss: -0.000097
2021-05-16 00:13:02.675762	Train Epoch: 121 [5120/6000 (87%)]	Loss: -0.000095
====> Epoch: 121 Average loss: -0.0001
Train epoch = 122, alpha = 11.923148320526698, beta = 0.0001, gamma = 0.0001
2021-05-16 00:13:02.719319	Train Epoch: 122 [0/6000 (0%)]	Loss: -0.000088
2021-05-16 00:13:02.816094	Train Epoch: 122 [2560/6000 (43%)]	Loss: -0.000098
2021-05-16 00:13:02.907707	Train Epoch: 122 [5120/6000 (87%)]	Loss: -0.000090
====> Epoch: 122 Average loss: -0.0001
Train epoch = 123, alpha = 11.923148320526698, beta = 0.0001, gamma = 0.0001
2021-05-16 00:13:02.947864	Train Epoch: 123 [0/6000 (0%)]	Loss: -0.000104
2021-05-16 00:13:03.049616	Train Epoch: 123 [2560/6000 (43%)]	Loss: -0.000091
2021-05-16 00:13:03.141268	Train Epoch: 123 [5120/6000 (87%)]	Loss: -0.000096
====> Epoch: 123 Average loss: -0.0001
Train epoch = 124, alpha = 12.727683184476852, beta = 0.0001, gamma = 0.0001
2021-05-16 00:13:03.178763	Train Epoch: 124 [0/6000 (0%)]	Loss: -0.000089
2021-05-16 00:13:03.276119	Train Epoch: 124 [2560/6000 (43%)]	Loss: -0.000085
2021-05-16 00:13:03.368256	Train Epoch: 124 [5120/6000 (87%)]	Loss: -0.000090
====> Epoch: 124 Average loss: -0.0001
Train epoch = 125, alpha = 12.727683184476852, beta = 0.0001, gamma = 0.0001
2021-05-16 00:13:03.401293	Train Epoch: 125 [0/6000 (0%)]	Loss: -0.000086
2021-05-16 00:13:03.501495	Train Epoch: 125 [2560/6000 (43%)]	Loss: -0.000095
2021-05-16 00:13:03.593842	Train Epoch: 125 [5120/6000 (87%)]	Loss: -0.000093
====> Epoch: 125 Average loss: -0.0001
Train epoch = 126, alpha = 12.727683184476852, beta = 0.0001, gamma = 0.0001
2021-05-16 00:13:03.628672	Train Epoch: 126 [0/6000 (0%)]	Loss: -0.000102
2021-05-16 00:13:03.724520	Train Epoch: 126 [2560/6000 (43%)]	Loss: -0.000093
2021-05-16 00:13:03.817968	Train Epoch: 126 [5120/6000 (87%)]	Loss: -0.000093
====> Epoch: 126 Average loss: -0.0001
Train epoch = 127, alpha = 12.727683184476852, beta = 0.0001, gamma = 0.0001
2021-05-16 00:13:03.854234	Train Epoch: 127 [0/6000 (0%)]	Loss: -0.000088
2021-05-16 00:13:03.950840	Train Epoch: 127 [2560/6000 (43%)]	Loss: -0.000091
2021-05-16 00:13:04.040398	Train Epoch: 127 [5120/6000 (87%)]	Loss: -0.000089
====> Epoch: 127 Average loss: -0.0001
Train epoch = 128, alpha = 12.727683184476852, beta = 0.0001, gamma = 0.0001
2021-05-16 00:13:04.080543	Train Epoch: 128 [0/6000 (0%)]	Loss: -0.000096
2021-05-16 00:13:04.177596	Train Epoch: 128 [2560/6000 (43%)]	Loss: -0.000087
2021-05-16 00:13:04.275473	Train Epoch: 128 [5120/6000 (87%)]	Loss: -0.000093
====> Epoch: 128 Average loss: -0.0001
Train epoch = 129, alpha = 13.56631902140002, beta = 0.0001, gamma = 0.0001
2021-05-16 00:13:04.314313	Train Epoch: 129 [0/6000 (0%)]	Loss: -0.000090
2021-05-16 00:13:04.407184	Train Epoch: 129 [2560/6000 (43%)]	Loss: -0.000077
2021-05-16 00:13:04.500784	Train Epoch: 129 [5120/6000 (87%)]	Loss: -0.000094
====> Epoch: 129 Average loss: -0.0001
Train epoch = 130, alpha = 13.56631902140002, beta = 0.0001, gamma = 0.0001
2021-05-16 00:13:04.541257	Train Epoch: 130 [0/6000 (0%)]	Loss: -0.000094
2021-05-16 00:13:04.637360	Train Epoch: 130 [2560/6000 (43%)]	Loss: -0.000102
2021-05-16 00:13:04.727683	Train Epoch: 130 [5120/6000 (87%)]	Loss: -0.000088
====> Epoch: 130 Average loss: -0.0001
Train epoch = 131, alpha = 13.56631902140002, beta = 0.0001, gamma = 0.0001
2021-05-16 00:13:04.761471	Train Epoch: 131 [0/6000 (0%)]	Loss: -0.000094
2021-05-16 00:13:04.857892	Train Epoch: 131 [2560/6000 (43%)]	Loss: -0.000086
2021-05-16 00:13:04.948901	Train Epoch: 131 [5120/6000 (87%)]	Loss: -0.000078
====> Epoch: 131 Average loss: -0.0001
Train epoch = 132, alpha = 13.56631902140002, beta = 0.0001, gamma = 0.0001
2021-05-16 00:13:04.989653	Train Epoch: 132 [0/6000 (0%)]	Loss: -0.000090
2021-05-16 00:13:05.090528	Train Epoch: 132 [2560/6000 (43%)]	Loss: -0.000093
2021-05-16 00:13:05.182923	Train Epoch: 132 [5120/6000 (87%)]	Loss: -0.000089
====> Epoch: 132 Average loss: -0.0001
Train epoch = 133, alpha = 13.56631902140002, beta = 0.0001, gamma = 0.0001
2021-05-16 00:13:05.216452	Train Epoch: 133 [0/6000 (0%)]	Loss: -0.000092
2021-05-16 00:13:05.308209	Train Epoch: 133 [2560/6000 (43%)]	Loss: -0.000083
2021-05-16 00:13:05.400858	Train Epoch: 133 [5120/6000 (87%)]	Loss: -0.000089
====> Epoch: 133 Average loss: -0.0001
Train epoch = 134, alpha = 14.440195873340702, beta = 0.0001, gamma = 0.0001
2021-05-16 00:13:05.440676	Train Epoch: 134 [0/6000 (0%)]	Loss: -0.000093
2021-05-16 00:13:05.538890	Train Epoch: 134 [2560/6000 (43%)]	Loss: -0.000084
2021-05-16 00:13:05.631625	Train Epoch: 134 [5120/6000 (87%)]	Loss: -0.000099
====> Epoch: 134 Average loss: -0.0001
Train epoch = 135, alpha = 14.440195873340702, beta = 0.0001, gamma = 0.0001
2021-05-16 00:13:05.670323	Train Epoch: 135 [0/6000 (0%)]	Loss: -0.000090
2021-05-16 00:13:05.768941	Train Epoch: 135 [2560/6000 (43%)]	Loss: -0.000087
2021-05-16 00:13:05.859728	Train Epoch: 135 [5120/6000 (87%)]	Loss: -0.000081
====> Epoch: 135 Average loss: -0.0001
Train epoch = 136, alpha = 14.440195873340702, beta = 0.0001, gamma = 0.0001
2021-05-16 00:13:05.901671	Train Epoch: 136 [0/6000 (0%)]	Loss: -0.000090
2021-05-16 00:13:05.999597	Train Epoch: 136 [2560/6000 (43%)]	Loss: -0.000093
2021-05-16 00:13:06.090177	Train Epoch: 136 [5120/6000 (87%)]	Loss: -0.000096
====> Epoch: 136 Average loss: -0.0001
Train epoch = 137, alpha = 14.440195873340702, beta = 0.0001, gamma = 0.0001
2021-05-16 00:13:06.131307	Train Epoch: 137 [0/6000 (0%)]	Loss: -0.000082
2021-05-16 00:13:06.232288	Train Epoch: 137 [2560/6000 (43%)]	Loss: -0.000078
2021-05-16 00:13:06.324355	Train Epoch: 137 [5120/6000 (87%)]	Loss: -0.000088
====> Epoch: 137 Average loss: -0.0001
Train epoch = 138, alpha = 14.440195873340702, beta = 0.0001, gamma = 0.0001
2021-05-16 00:13:06.359687	Train Epoch: 138 [0/6000 (0%)]	Loss: -0.000097
2021-05-16 00:13:06.459290	Train Epoch: 138 [2560/6000 (43%)]	Loss: -0.000085
2021-05-16 00:13:06.552733	Train Epoch: 138 [5120/6000 (87%)]	Loss: -0.000090
====> Epoch: 138 Average loss: -0.0001
Train epoch = 139, alpha = 15.350482354741938, beta = 0.0001, gamma = 0.0001
2021-05-16 00:13:06.588092	Train Epoch: 139 [0/6000 (0%)]	Loss: -0.000087
2021-05-16 00:13:06.684409	Train Epoch: 139 [2560/6000 (43%)]	Loss: -0.000083
2021-05-16 00:13:06.779835	Train Epoch: 139 [5120/6000 (87%)]	Loss: -0.000089
====> Epoch: 139 Average loss: -0.0001
Train epoch = 140, alpha = 15.350482354741938, beta = 0.0001, gamma = 0.0001
2021-05-16 00:13:06.820038	Train Epoch: 140 [0/6000 (0%)]	Loss: -0.000086
2021-05-16 00:13:06.921708	Train Epoch: 140 [2560/6000 (43%)]	Loss: -0.000093
2021-05-16 00:13:07.017847	Train Epoch: 140 [5120/6000 (87%)]	Loss: -0.000088
====> Epoch: 140 Average loss: -0.0001
Train epoch = 141, alpha = 15.350482354741938, beta = 0.0001, gamma = 0.0001
2021-05-16 00:13:07.063748	Train Epoch: 141 [0/6000 (0%)]	Loss: -0.000094
2021-05-16 00:13:07.163610	Train Epoch: 141 [2560/6000 (43%)]	Loss: -0.000089
2021-05-16 00:13:07.260766	Train Epoch: 141 [5120/6000 (87%)]	Loss: -0.000091
====> Epoch: 141 Average loss: -0.0001
Train epoch = 142, alpha = 15.350482354741938, beta = 0.0001, gamma = 0.0001
2021-05-16 00:13:07.291572	Train Epoch: 142 [0/6000 (0%)]	Loss: -0.000095
2021-05-16 00:13:07.382484	Train Epoch: 142 [2560/6000 (43%)]	Loss: -0.000094
2021-05-16 00:13:07.467237	Train Epoch: 142 [5120/6000 (87%)]	Loss: -0.000098
====> Epoch: 142 Average loss: -0.0001
Train epoch = 143, alpha = 15.350482354741938, beta = 0.0001, gamma = 0.0001
2021-05-16 00:13:07.501496	Train Epoch: 143 [0/6000 (0%)]	Loss: -0.000083
2021-05-16 00:13:07.586043	Train Epoch: 143 [2560/6000 (43%)]	Loss: -0.000091
2021-05-16 00:13:07.669378	Train Epoch: 143 [5120/6000 (87%)]	Loss: -0.000100
====> Epoch: 143 Average loss: -0.0001
Train epoch = 144, alpha = 16.29837672498614, beta = 0.0001, gamma = 0.0001
2021-05-16 00:13:07.701215	Train Epoch: 144 [0/6000 (0%)]	Loss: -0.000089
2021-05-16 00:13:07.789377	Train Epoch: 144 [2560/6000 (43%)]	Loss: -0.000086
2021-05-16 00:13:07.873062	Train Epoch: 144 [5120/6000 (87%)]	Loss: -0.000095
====> Epoch: 144 Average loss: -0.0001
Train epoch = 145, alpha = 16.29837672498614, beta = 0.0001, gamma = 0.0001
2021-05-16 00:13:07.909096	Train Epoch: 145 [0/6000 (0%)]	Loss: -0.000085
2021-05-16 00:13:08.001967	Train Epoch: 145 [2560/6000 (43%)]	Loss: -0.000099
2021-05-16 00:13:08.086765	Train Epoch: 145 [5120/6000 (87%)]	Loss: -0.000098
====> Epoch: 145 Average loss: -0.0001
Train epoch = 146, alpha = 16.29837672498614, beta = 0.0001, gamma = 0.0001
2021-05-16 00:13:08.118259	Train Epoch: 146 [0/6000 (0%)]	Loss: -0.000080
2021-05-16 00:13:08.205708	Train Epoch: 146 [2560/6000 (43%)]	Loss: -0.000089
2021-05-16 00:13:08.288200	Train Epoch: 146 [5120/6000 (87%)]	Loss: -0.000088
====> Epoch: 146 Average loss: -0.0001
Train epoch = 147, alpha = 16.29837672498614, beta = 0.0001, gamma = 0.0001
2021-05-16 00:13:08.322930	Train Epoch: 147 [0/6000 (0%)]	Loss: -0.000089
2021-05-16 00:13:08.415657	Train Epoch: 147 [2560/6000 (43%)]	Loss: -0.000094
2021-05-16 00:13:08.499729	Train Epoch: 147 [5120/6000 (87%)]	Loss: -0.000094
====> Epoch: 147 Average loss: -0.0001
Train epoch = 148, alpha = 16.29837672498614, beta = 0.0001, gamma = 0.0001
2021-05-16 00:13:08.534018	Train Epoch: 148 [0/6000 (0%)]	Loss: -0.000076
2021-05-16 00:13:08.618406	Train Epoch: 148 [2560/6000 (43%)]	Loss: -0.000082
2021-05-16 00:13:08.705463	Train Epoch: 148 [5120/6000 (87%)]	Loss: -0.000093
====> Epoch: 148 Average loss: -0.0001
Train epoch = 149, alpha = 17.28510792195538, beta = 0.0001, gamma = 0.0001
2021-05-16 00:13:08.742858	Train Epoch: 149 [0/6000 (0%)]	Loss: -0.000101
2021-05-16 00:13:08.832516	Train Epoch: 149 [2560/6000 (43%)]	Loss: -0.000094
2021-05-16 00:13:08.935625	Train Epoch: 149 [5120/6000 (87%)]	Loss: -0.000082
====> Epoch: 149 Average loss: -0.0001
Starting lap 4 for evolution on synthetic_functions data in mode train...
Running k-means...
Running k-means...
shape of s torch.Size([2, 4])
Running k-segments...
s1 shape:  torch.Size([18, 2])
s2 shape:  torch.Size([18, 2])
s_alphas shape:  torch.Size([18, 2])
s1 shape:  torch.Size([18, 2])
s2 shape:  torch.Size([18, 2])
s_alphas shape:  torch.Size([18, 2])
s1 shape:  torch.Size([2, 2])
s2 shape:  torch.Size([2, 2])
shape s_inter_rec_np =  (18, 2)
i = 0, X_full shape = (6002, 2)
i = 1, X_full shape = (6022, 2)
i = 2, X_full shape = (6022, 2)
i = 3, X_full shape = (6002, 2)
i = 4, X_full shape = (6020, 2)
i = 0, X_full shape = (6002, 2)
i = 1, X_full shape = (6022, 2)
i = 2, X_full shape = (6022, 2)
i = 3, X_full shape = (6002, 2)
i = 4, X_full shape = (6020, 2)
['ACC = 1.0', 'NMI = 1.0', 'ARI = 1.0']
Lap 4 for evolution DONE!
Train epoch = 150, alpha = 17.28510792195538, beta = 0.0001, gamma = 0.0001
2021-05-16 00:13:12.990293	Train Epoch: 150 [0/6000 (0%)]	Loss: -0.000097
2021-05-16 00:13:13.085356	Train Epoch: 150 [2560/6000 (43%)]	Loss: -0.000102
2021-05-16 00:13:13.182733	Train Epoch: 150 [5120/6000 (87%)]	Loss: -0.000084
====> Epoch: 150 Average loss: -0.0001
Train epoch = 151, alpha = 17.28510792195538, beta = 0.0001, gamma = 0.0001
2021-05-16 00:13:13.220309	Train Epoch: 151 [0/6000 (0%)]	Loss: -0.000084
2021-05-16 00:13:13.319304	Train Epoch: 151 [2560/6000 (43%)]	Loss: -0.000090
2021-05-16 00:13:13.414211	Train Epoch: 151 [5120/6000 (87%)]	Loss: -0.000092
====> Epoch: 151 Average loss: -0.0001
Train epoch = 152, alpha = 17.28510792195538, beta = 0.0001, gamma = 0.0001
2021-05-16 00:13:13.451119	Train Epoch: 152 [0/6000 (0%)]	Loss: -0.000092
2021-05-16 00:13:13.556642	Train Epoch: 152 [2560/6000 (43%)]	Loss: -0.000092
2021-05-16 00:13:13.639270	Train Epoch: 152 [5120/6000 (87%)]	Loss: -0.000086
====> Epoch: 152 Average loss: -0.0001
Train epoch = 153, alpha = 17.28510792195538, beta = 0.0001, gamma = 0.0001
2021-05-16 00:13:13.671112	Train Epoch: 153 [0/6000 (0%)]	Loss: -0.000095
2021-05-16 00:13:13.755449	Train Epoch: 153 [2560/6000 (43%)]	Loss: -0.000083
2021-05-16 00:13:13.837672	Train Epoch: 153 [5120/6000 (87%)]	Loss: -0.000100
====> Epoch: 153 Average loss: -0.0001
Train epoch = 154, alpha = 18.311936567640323, beta = 0.0001, gamma = 0.0001
2021-05-16 00:13:13.869428	Train Epoch: 154 [0/6000 (0%)]	Loss: -0.000092
2021-05-16 00:13:13.954208	Train Epoch: 154 [2560/6000 (43%)]	Loss: -0.000083
2021-05-16 00:13:14.037279	Train Epoch: 154 [5120/6000 (87%)]	Loss: -0.000083
====> Epoch: 154 Average loss: -0.0001
Train epoch = 155, alpha = 18.311936567640323, beta = 0.0001, gamma = 0.0001
2021-05-16 00:13:14.073517	Train Epoch: 155 [0/6000 (0%)]	Loss: -0.000095
2021-05-16 00:13:14.162964	Train Epoch: 155 [2560/6000 (43%)]	Loss: -0.000089
2021-05-16 00:13:14.245689	Train Epoch: 155 [5120/6000 (87%)]	Loss: -0.000081
====> Epoch: 155 Average loss: -0.0001
Train epoch = 156, alpha = 18.311936567640323, beta = 0.0001, gamma = 0.0001
2021-05-16 00:13:14.280370	Train Epoch: 156 [0/6000 (0%)]	Loss: -0.000079
2021-05-16 00:13:14.368584	Train Epoch: 156 [2560/6000 (43%)]	Loss: -0.000087
2021-05-16 00:13:14.455349	Train Epoch: 156 [5120/6000 (87%)]	Loss: -0.000085
====> Epoch: 156 Average loss: -0.0001
Train epoch = 157, alpha = 18.311936567640323, beta = 0.0001, gamma = 0.0001
2021-05-16 00:13:14.491676	Train Epoch: 157 [0/6000 (0%)]	Loss: -0.000088
2021-05-16 00:13:14.579183	Train Epoch: 157 [2560/6000 (43%)]	Loss: -0.000083
2021-05-16 00:13:14.667136	Train Epoch: 157 [5120/6000 (87%)]	Loss: -0.000090
====> Epoch: 157 Average loss: -0.0001
Train epoch = 158, alpha = 18.311936567640323, beta = 0.0001, gamma = 0.0001
2021-05-16 00:13:14.703131	Train Epoch: 158 [0/6000 (0%)]	Loss: -0.000091
2021-05-16 00:13:14.794440	Train Epoch: 158 [2560/6000 (43%)]	Loss: -0.000087
2021-05-16 00:13:14.878344	Train Epoch: 158 [5120/6000 (87%)]	Loss: -0.000089
====> Epoch: 158 Average loss: -0.0001
Train epoch = 159, alpha = 19.380155954520465, beta = 0.0001, gamma = 0.0001
2021-05-16 00:13:14.912404	Train Epoch: 159 [0/6000 (0%)]	Loss: -0.000085
2021-05-16 00:13:14.995176	Train Epoch: 159 [2560/6000 (43%)]	Loss: -0.000088
2021-05-16 00:13:15.080813	Train Epoch: 159 [5120/6000 (87%)]	Loss: -0.000086
====> Epoch: 159 Average loss: -0.0001
Train epoch = 160, alpha = 19.380155954520465, beta = 0.0001, gamma = 0.0001
2021-05-16 00:13:15.112139	Train Epoch: 160 [0/6000 (0%)]	Loss: -0.000094
2021-05-16 00:13:15.196567	Train Epoch: 160 [2560/6000 (43%)]	Loss: -0.000093
2021-05-16 00:13:15.279919	Train Epoch: 160 [5120/6000 (87%)]	Loss: -0.000093
====> Epoch: 160 Average loss: -0.0001
Train epoch = 161, alpha = 19.380155954520465, beta = 0.0001, gamma = 0.0001
2021-05-16 00:13:15.311455	Train Epoch: 161 [0/6000 (0%)]	Loss: -0.000092
2021-05-16 00:13:15.395894	Train Epoch: 161 [2560/6000 (43%)]	Loss: -0.000095
2021-05-16 00:13:15.481772	Train Epoch: 161 [5120/6000 (87%)]	Loss: -0.000081
====> Epoch: 161 Average loss: -0.0001
Train epoch = 162, alpha = 19.380155954520465, beta = 0.0001, gamma = 0.0001
2021-05-16 00:13:15.512940	Train Epoch: 162 [0/6000 (0%)]	Loss: -0.000084
2021-05-16 00:13:15.597030	Train Epoch: 162 [2560/6000 (43%)]	Loss: -0.000093
2021-05-16 00:13:15.682322	Train Epoch: 162 [5120/6000 (87%)]	Loss: -0.000098
====> Epoch: 162 Average loss: -0.0001
Train epoch = 163, alpha = 19.380155954520465, beta = 0.0001, gamma = 0.0001
2021-05-16 00:13:15.712866	Train Epoch: 163 [0/6000 (0%)]	Loss: -0.000087
2021-05-16 00:13:15.800454	Train Epoch: 163 [2560/6000 (43%)]	Loss: -0.000095
2021-05-16 00:13:15.883449	Train Epoch: 163 [5120/6000 (87%)]	Loss: -0.000099
====> Epoch: 163 Average loss: -0.0001
Train epoch = 164, alpha = 20.4910930196826, beta = 0.0001, gamma = 0.0001
2021-05-16 00:13:15.913766	Train Epoch: 164 [0/6000 (0%)]	Loss: -0.000090
2021-05-16 00:13:15.999672	Train Epoch: 164 [2560/6000 (43%)]	Loss: -0.000086
2021-05-16 00:13:16.084858	Train Epoch: 164 [5120/6000 (87%)]	Loss: -0.000093
====> Epoch: 164 Average loss: -0.0001
Train epoch = 165, alpha = 20.4910930196826, beta = 0.0001, gamma = 0.0001
2021-05-16 00:13:16.118580	Train Epoch: 165 [0/6000 (0%)]	Loss: -0.000090
2021-05-16 00:13:16.208125	Train Epoch: 165 [2560/6000 (43%)]	Loss: -0.000091
2021-05-16 00:13:16.292742	Train Epoch: 165 [5120/6000 (87%)]	Loss: -0.000093
====> Epoch: 165 Average loss: -0.0001
Train epoch = 166, alpha = 20.4910930196826, beta = 0.0001, gamma = 0.0001
2021-05-16 00:13:16.323296	Train Epoch: 166 [0/6000 (0%)]	Loss: -0.000099
2021-05-16 00:13:16.409913	Train Epoch: 166 [2560/6000 (43%)]	Loss: -0.000093
2021-05-16 00:13:16.496422	Train Epoch: 166 [5120/6000 (87%)]	Loss: -0.000091
====> Epoch: 166 Average loss: -0.0001
Train epoch = 167, alpha = 20.4910930196826, beta = 0.0001, gamma = 0.0001
2021-05-16 00:13:16.531997	Train Epoch: 167 [0/6000 (0%)]	Loss: -0.000086
2021-05-16 00:13:16.617301	Train Epoch: 167 [2560/6000 (43%)]	Loss: -0.000095
2021-05-16 00:13:16.700540	Train Epoch: 167 [5120/6000 (87%)]	Loss: -0.000090
====> Epoch: 167 Average loss: -0.0001
Train epoch = 168, alpha = 20.4910930196826, beta = 0.0001, gamma = 0.0001
2021-05-16 00:13:16.732966	Train Epoch: 168 [0/6000 (0%)]	Loss: -0.000079
2021-05-16 00:13:16.817760	Train Epoch: 168 [2560/6000 (43%)]	Loss: -0.000093
2021-05-16 00:13:16.902466	Train Epoch: 168 [5120/6000 (87%)]	Loss: -0.000092
====> Epoch: 168 Average loss: -0.0001
Train epoch = 169, alpha = 21.64610931229765, beta = 0.0001, gamma = 0.0001
2021-05-16 00:13:16.934902	Train Epoch: 169 [0/6000 (0%)]	Loss: -0.000086
2021-05-16 00:13:17.022952	Train Epoch: 169 [2560/6000 (43%)]	Loss: -0.000093
2021-05-16 00:13:17.107241	Train Epoch: 169 [5120/6000 (87%)]	Loss: -0.000091
====> Epoch: 169 Average loss: -0.0001
Train epoch = 170, alpha = 21.64610931229765, beta = 0.0001, gamma = 0.0001
2021-05-16 00:13:17.137912	Train Epoch: 170 [0/6000 (0%)]	Loss: -0.000099
2021-05-16 00:13:17.223191	Train Epoch: 170 [2560/6000 (43%)]	Loss: -0.000096
2021-05-16 00:13:17.305082	Train Epoch: 170 [5120/6000 (87%)]	Loss: -0.000090
====> Epoch: 170 Average loss: -0.0001
Train epoch = 171, alpha = 21.64610931229765, beta = 0.0001, gamma = 0.0001
2021-05-16 00:13:17.337359	Train Epoch: 171 [0/6000 (0%)]	Loss: -0.000092
2021-05-16 00:13:17.425617	Train Epoch: 171 [2560/6000 (43%)]	Loss: -0.000090
2021-05-16 00:13:17.508817	Train Epoch: 171 [5120/6000 (87%)]	Loss: -0.000097
====> Epoch: 171 Average loss: -0.0001
Train epoch = 172, alpha = 21.64610931229765, beta = 0.0001, gamma = 0.0001
2021-05-16 00:13:17.541265	Train Epoch: 172 [0/6000 (0%)]	Loss: -0.000094
2021-05-16 00:13:17.626432	Train Epoch: 172 [2560/6000 (43%)]	Loss: -0.000095
2021-05-16 00:13:17.709772	Train Epoch: 172 [5120/6000 (87%)]	Loss: -0.000098
====> Epoch: 172 Average loss: -0.0001
Train epoch = 173, alpha = 21.64610931229765, beta = 0.0001, gamma = 0.0001
2021-05-16 00:13:17.742427	Train Epoch: 173 [0/6000 (0%)]	Loss: -0.000088
2021-05-16 00:13:17.826501	Train Epoch: 173 [2560/6000 (43%)]	Loss: -0.000093
2021-05-16 00:13:17.911497	Train Epoch: 173 [5120/6000 (87%)]	Loss: -0.000092
====> Epoch: 173 Average loss: -0.0001
Train epoch = 174, alpha = 22.846601959033872, beta = 0.0001, gamma = 0.0001
2021-05-16 00:13:17.941932	Train Epoch: 174 [0/6000 (0%)]	Loss: -0.000089
2021-05-16 00:13:18.033133	Train Epoch: 174 [2560/6000 (43%)]	Loss: -0.000102
2021-05-16 00:13:18.121369	Train Epoch: 174 [5120/6000 (87%)]	Loss: -0.000094
====> Epoch: 174 Average loss: -0.0001
Train epoch = 175, alpha = 22.846601959033872, beta = 0.0001, gamma = 0.0001
2021-05-16 00:13:18.156270	Train Epoch: 175 [0/6000 (0%)]	Loss: -0.000089
2021-05-16 00:13:18.248495	Train Epoch: 175 [2560/6000 (43%)]	Loss: -0.000091
2021-05-16 00:13:18.333256	Train Epoch: 175 [5120/6000 (87%)]	Loss: -0.000090
====> Epoch: 175 Average loss: -0.0001
Train epoch = 176, alpha = 22.846601959033872, beta = 0.0001, gamma = 0.0001
2021-05-16 00:13:18.386669	Train Epoch: 176 [0/6000 (0%)]	Loss: -0.000090
2021-05-16 00:13:18.491535	Train Epoch: 176 [2560/6000 (43%)]	Loss: -0.000096
2021-05-16 00:13:18.583041	Train Epoch: 176 [5120/6000 (87%)]	Loss: -0.000086
====> Epoch: 176 Average loss: -0.0001
Train epoch = 177, alpha = 22.846601959033872, beta = 0.0001, gamma = 0.0001
2021-05-16 00:13:18.620829	Train Epoch: 177 [0/6000 (0%)]	Loss: -0.000089
2021-05-16 00:13:18.717576	Train Epoch: 177 [2560/6000 (43%)]	Loss: -0.000090
2021-05-16 00:13:18.815930	Train Epoch: 177 [5120/6000 (87%)]	Loss: -0.000097
====> Epoch: 177 Average loss: -0.0001
Train epoch = 178, alpha = 22.846601959033872, beta = 0.0001, gamma = 0.0001
2021-05-16 00:13:18.851172	Train Epoch: 178 [0/6000 (0%)]	Loss: -0.000082
2021-05-16 00:13:18.935803	Train Epoch: 178 [2560/6000 (43%)]	Loss: -0.000093
2021-05-16 00:13:19.021695	Train Epoch: 178 [5120/6000 (87%)]	Loss: -0.000091
====> Epoch: 178 Average loss: -0.0001
Train epoch = 179, alpha = 24.094004631173387, beta = 0.0001, gamma = 0.0001
2021-05-16 00:13:19.052161	Train Epoch: 179 [0/6000 (0%)]	Loss: -0.000092
2021-05-16 00:13:19.140070	Train Epoch: 179 [2560/6000 (43%)]	Loss: -0.000089
2021-05-16 00:13:19.223541	Train Epoch: 179 [5120/6000 (87%)]	Loss: -0.000089
====> Epoch: 179 Average loss: -0.0001
Train epoch = 180, alpha = 24.094004631173387, beta = 0.0001, gamma = 0.0001
2021-05-16 00:13:19.256229	Train Epoch: 180 [0/6000 (0%)]	Loss: -0.000081
2021-05-16 00:13:19.339867	Train Epoch: 180 [2560/6000 (43%)]	Loss: -0.000077
2021-05-16 00:13:19.425789	Train Epoch: 180 [5120/6000 (87%)]	Loss: -0.000085
====> Epoch: 180 Average loss: -0.0001
Train epoch = 181, alpha = 24.094004631173387, beta = 0.0001, gamma = 0.0001
2021-05-16 00:13:19.460347	Train Epoch: 181 [0/6000 (0%)]	Loss: -0.000085
2021-05-16 00:13:19.554764	Train Epoch: 181 [2560/6000 (43%)]	Loss: -0.000092
2021-05-16 00:13:19.646133	Train Epoch: 181 [5120/6000 (87%)]	Loss: -0.000085
====> Epoch: 181 Average loss: -0.0001
Train epoch = 182, alpha = 24.094004631173387, beta = 0.0001, gamma = 0.0001
2021-05-16 00:13:19.678233	Train Epoch: 182 [0/6000 (0%)]	Loss: -0.000082
2021-05-16 00:13:19.764626	Train Epoch: 182 [2560/6000 (43%)]	Loss: -0.000086
2021-05-16 00:13:19.848651	Train Epoch: 182 [5120/6000 (87%)]	Loss: -0.000093
====> Epoch: 182 Average loss: -0.0001
Train epoch = 183, alpha = 24.094004631173387, beta = 0.0001, gamma = 0.0001
2021-05-16 00:13:19.882798	Train Epoch: 183 [0/6000 (0%)]	Loss: -0.000088
2021-05-16 00:13:19.967212	Train Epoch: 183 [2560/6000 (43%)]	Loss: -0.000091
2021-05-16 00:13:20.051197	Train Epoch: 183 [5120/6000 (87%)]	Loss: -0.000090
====> Epoch: 183 Average loss: -0.0001
Train epoch = 184, alpha = 25.38978851656256, beta = 0.0001, gamma = 0.0001
2021-05-16 00:13:20.083030	Train Epoch: 184 [0/6000 (0%)]	Loss: -0.000088
2021-05-16 00:13:20.170175	Train Epoch: 184 [2560/6000 (43%)]	Loss: -0.000089
2021-05-16 00:13:20.252451	Train Epoch: 184 [5120/6000 (87%)]	Loss: -0.000088
====> Epoch: 184 Average loss: -0.0001
Train epoch = 185, alpha = 25.38978851656256, beta = 0.0001, gamma = 0.0001
2021-05-16 00:13:20.283315	Train Epoch: 185 [0/6000 (0%)]	Loss: -0.000092
2021-05-16 00:13:20.369210	Train Epoch: 185 [2560/6000 (43%)]	Loss: -0.000090
2021-05-16 00:13:20.458720	Train Epoch: 185 [5120/6000 (87%)]	Loss: -0.000099
====> Epoch: 185 Average loss: -0.0001
Train epoch = 186, alpha = 25.38978851656256, beta = 0.0001, gamma = 0.0001
2021-05-16 00:13:20.499694	Train Epoch: 186 [0/6000 (0%)]	Loss: -0.000091
2021-05-16 00:13:20.590539	Train Epoch: 186 [2560/6000 (43%)]	Loss: -0.000088
2021-05-16 00:13:20.674620	Train Epoch: 186 [5120/6000 (87%)]	Loss: -0.000088
====> Epoch: 186 Average loss: -0.0001
Train epoch = 187, alpha = 25.38978851656256, beta = 0.0001, gamma = 0.0001
2021-05-16 00:13:20.707607	Train Epoch: 187 [0/6000 (0%)]	Loss: -0.000084
2021-05-16 00:13:20.792042	Train Epoch: 187 [2560/6000 (43%)]	Loss: -0.000087
2021-05-16 00:13:20.875675	Train Epoch: 187 [5120/6000 (87%)]	Loss: -0.000086
====> Epoch: 187 Average loss: -0.0001
Train epoch = 188, alpha = 25.38978851656256, beta = 0.0001, gamma = 0.0001
2021-05-16 00:13:20.909117	Train Epoch: 188 [0/6000 (0%)]	Loss: -0.000084
2021-05-16 00:13:20.994800	Train Epoch: 188 [2560/6000 (43%)]	Loss: -0.000087
2021-05-16 00:13:21.077245	Train Epoch: 188 [5120/6000 (87%)]	Loss: -0.000098
====> Epoch: 188 Average loss: -0.0001
Train epoch = 189, alpha = 26.735463299025135, beta = 0.0001, gamma = 0.0001
2021-05-16 00:13:21.110854	Train Epoch: 189 [0/6000 (0%)]	Loss: -0.000093
2021-05-16 00:13:21.193655	Train Epoch: 189 [2560/6000 (43%)]	Loss: -0.000091
2021-05-16 00:13:21.275841	Train Epoch: 189 [5120/6000 (87%)]	Loss: -0.000084
====> Epoch: 189 Average loss: -0.0001
Train epoch = 190, alpha = 26.735463299025135, beta = 0.0001, gamma = 0.0001
2021-05-16 00:13:21.308915	Train Epoch: 190 [0/6000 (0%)]	Loss: -0.000086
2021-05-16 00:13:21.393510	Train Epoch: 190 [2560/6000 (43%)]	Loss: -0.000085
2021-05-16 00:13:21.481155	Train Epoch: 190 [5120/6000 (87%)]	Loss: -0.000088
====> Epoch: 190 Average loss: -0.0001
Train epoch = 191, alpha = 26.735463299025135, beta = 0.0001, gamma = 0.0001
2021-05-16 00:13:21.514616	Train Epoch: 191 [0/6000 (0%)]	Loss: -0.000088
2021-05-16 00:13:21.605353	Train Epoch: 191 [2560/6000 (43%)]	Loss: -0.000091
2021-05-16 00:13:21.688799	Train Epoch: 191 [5120/6000 (87%)]	Loss: -0.000095
====> Epoch: 191 Average loss: -0.0001
Train epoch = 192, alpha = 26.735463299025135, beta = 0.0001, gamma = 0.0001
2021-05-16 00:13:21.718972	Train Epoch: 192 [0/6000 (0%)]	Loss: -0.000098
2021-05-16 00:13:21.806294	Train Epoch: 192 [2560/6000 (43%)]	Loss: -0.000091
2021-05-16 00:13:21.889677	Train Epoch: 192 [5120/6000 (87%)]	Loss: -0.000095
====> Epoch: 192 Average loss: -0.0001
Train epoch = 193, alpha = 26.735463299025135, beta = 0.0001, gamma = 0.0001
2021-05-16 00:13:21.920756	Train Epoch: 193 [0/6000 (0%)]	Loss: -0.000091
2021-05-16 00:13:22.009831	Train Epoch: 193 [2560/6000 (43%)]	Loss: -0.000096
2021-05-16 00:13:22.096836	Train Epoch: 193 [5120/6000 (87%)]	Loss: -0.000095
====> Epoch: 193 Average loss: -0.0001
Train epoch = 194, alpha = 28.13257814746897, beta = 0.0001, gamma = 0.0001
2021-05-16 00:13:22.132782	Train Epoch: 194 [0/6000 (0%)]	Loss: -0.000100
2021-05-16 00:13:22.222375	Train Epoch: 194 [2560/6000 (43%)]	Loss: -0.000083
2021-05-16 00:13:22.306631	Train Epoch: 194 [5120/6000 (87%)]	Loss: -0.000090
====> Epoch: 194 Average loss: -0.0001
Train epoch = 195, alpha = 28.13257814746897, beta = 0.0001, gamma = 0.0001
2021-05-16 00:13:22.337713	Train Epoch: 195 [0/6000 (0%)]	Loss: -0.000095
2021-05-16 00:13:22.426032	Train Epoch: 195 [2560/6000 (43%)]	Loss: -0.000087
2021-05-16 00:13:22.513855	Train Epoch: 195 [5120/6000 (87%)]	Loss: -0.000095
====> Epoch: 195 Average loss: -0.0001
Train epoch = 196, alpha = 28.13257814746897, beta = 0.0001, gamma = 0.0001
2021-05-16 00:13:22.547305	Train Epoch: 196 [0/6000 (0%)]	Loss: -0.000089
2021-05-16 00:13:22.651605	Train Epoch: 196 [2560/6000 (43%)]	Loss: -0.000084
2021-05-16 00:13:22.749945	Train Epoch: 196 [5120/6000 (87%)]	Loss: -0.000091
====> Epoch: 196 Average loss: -0.0001
Train epoch = 197, alpha = 28.13257814746897, beta = 0.0001, gamma = 0.0001
2021-05-16 00:13:22.791043	Train Epoch: 197 [0/6000 (0%)]	Loss: -0.000097
2021-05-16 00:13:22.880148	Train Epoch: 197 [2560/6000 (43%)]	Loss: -0.000091
2021-05-16 00:13:22.969709	Train Epoch: 197 [5120/6000 (87%)]	Loss: -0.000092
====> Epoch: 197 Average loss: -0.0001
Train epoch = 198, alpha = 28.13257814746897, beta = 0.0001, gamma = 0.0001
2021-05-16 00:13:23.001633	Train Epoch: 198 [0/6000 (0%)]	Loss: -0.000093
2021-05-16 00:13:23.105261	Train Epoch: 198 [2560/6000 (43%)]	Loss: -0.000092
2021-05-16 00:13:23.189902	Train Epoch: 198 [5120/6000 (87%)]	Loss: -0.000092
====> Epoch: 198 Average loss: -0.0001
Train epoch = 199, alpha = 29.582722716600045, beta = 0.0001, gamma = 0.0001
2021-05-16 00:13:23.233932	Train Epoch: 199 [0/6000 (0%)]	Loss: -0.000089
2021-05-16 00:13:23.325663	Train Epoch: 199 [2560/6000 (43%)]	Loss: -0.000084
2021-05-16 00:13:23.415843	Train Epoch: 199 [5120/6000 (87%)]	Loss: -0.000087
====> Epoch: 199 Average loss: -0.0001
Saving model...
Training DONE!
Loading dataset synthetic_functions...
Shape X_train:  (6000, 2)
Shape Y_train:  (6000,)
Shape X_test:  (1000, 2)
Shape Y_test:  (1000,)
Dataset loaded!
Initialization of the model...
Scheme train: annealing
Rep init type: fixed_length_random
Space init: latent
Type loss: log_dist
Model:  AE(
  (encoder): Encoder(
    (hidden): ModuleList()
    (out): Linear(in_features=2, out_features=2, bias=True)
  )
  (decoder): Decoder(
    (hidden): ModuleList()
    (out): Linear(in_features=2, out_features=2, bias=True)
  )
)
Starting testing on synthetic_functions data in mode test...
Running k-means...
Running k-means...
shape of s torch.Size([2, 4])
Running k-segments...
s1 shape:  torch.Size([18, 2])
s2 shape:  torch.Size([18, 2])
s_alphas shape:  torch.Size([18, 2])
s1 shape:  torch.Size([18, 2])
s2 shape:  torch.Size([18, 2])
s_alphas shape:  torch.Size([18, 2])
s1 shape:  torch.Size([2, 2])
s2 shape:  torch.Size([2, 2])
shape s_inter_rec_np =  (18, 2)
i = 0, X_full shape = (1002, 2)
i = 1, X_full shape = (1022, 2)
i = 2, X_full shape = (1022, 2)
i = 3, X_full shape = (1002, 2)
i = 4, X_full shape = (1020, 2)
i = 0, X_full shape = (1002, 2)
i = 1, X_full shape = (1022, 2)
i = 2, X_full shape = (1022, 2)
i = 3, X_full shape = (1002, 2)
i = 4, X_full shape = (1020, 2)
['ACC = 1.0', 'NMI = 1.0', 'ARI = 1.0']
Final testing DONE!
