Loading dataset synthetic_clusters...
Shape X_train:  (5000, 2)
Shape Y_train:  (5000,)
Shape X_test:  (1000, 2)
Shape Y_test:  (1000,)
Dataset loaded!
Initialization of the model...
Scheme train: annealing
Rep init type: fixed_length_random
Space init: latent
Type loss: log_dist
Model:  AE(
  (encoder): Encoder(
    (hidden): ModuleList()
    (out): Linear(in_features=2, out_features=2, bias=True)
  )
  (decoder): Decoder(
    (hidden): ModuleList()
    (out): Linear(in_features=2, out_features=2, bias=True)
  )
)
Starting training on synthetic_clusters...
Starting lap 1 for evolution on synthetic_clusters data in mode train...
Running k-means...
Running k-means...
shape of s torch.Size([2, 4])
Running k-segments...
s1 shape:  torch.Size([18, 2])
s2 shape:  torch.Size([18, 2])
s_alphas shape:  torch.Size([18, 2])
s1 shape:  torch.Size([18, 2])
s2 shape:  torch.Size([18, 2])
s_alphas shape:  torch.Size([18, 2])
s1 shape:  torch.Size([2, 2])
s2 shape:  torch.Size([2, 2])
shape s_inter_rec_np =  (18, 2)
i = 0, X_full shape = (5002, 2)
i = 1, X_full shape = (5022, 2)
i = 2, X_full shape = (5022, 2)
i = 3, X_full shape = (5002, 2)
i = 4, X_full shape = (5020, 2)
i = 0, X_full shape = (5002, 2)
i = 1, X_full shape = (5022, 2)
i = 2, X_full shape = (5022, 2)
i = 3, X_full shape = (5002, 2)
i = 4, X_full shape = (5020, 2)
['ACC = 0.972', 'NMI = 0.845', 'ARI = 0.893']
Lap 1 for evolution DONE!
Train epoch = 0, alpha = 0.1, beta = 1e-07, gamma = 0.0001
2021-05-15 22:23:54.080927	Train Epoch: 0 [0/5000 (0%)]	Loss: 0.998591
2021-05-15 22:23:54.175242	Train Epoch: 0 [2560/5000 (53%)]	Loss: 1.021475
====> Epoch: 0 Average loss: 1.1098
Train epoch = 1, alpha = 0.1, beta = 1e-07, gamma = 0.0001
2021-05-15 22:23:54.268464	Train Epoch: 1 [0/5000 (0%)]	Loss: 1.050917
2021-05-15 22:23:54.361112	Train Epoch: 1 [2560/5000 (53%)]	Loss: 1.024805
====> Epoch: 1 Average loss: 1.0323
Train epoch = 2, alpha = 0.1, beta = 1e-07, gamma = 0.0001
2021-05-15 22:23:54.451764	Train Epoch: 2 [0/5000 (0%)]	Loss: 0.940889
2021-05-15 22:23:54.565870	Train Epoch: 2 [2560/5000 (53%)]	Loss: 0.951811
====> Epoch: 2 Average loss: 0.9668
Train epoch = 3, alpha = 0.1, beta = 1e-07, gamma = 0.0001
2021-05-15 22:23:54.662077	Train Epoch: 3 [0/5000 (0%)]	Loss: 0.866382
2021-05-15 22:23:54.779201	Train Epoch: 3 [2560/5000 (53%)]	Loss: 0.894967
====> Epoch: 3 Average loss: 0.9078
Train epoch = 4, alpha = 0.42320861065570825, beta = 1e-07, gamma = 0.0001
2021-05-15 22:23:54.880171	Train Epoch: 4 [0/5000 (0%)]	Loss: 0.774464
2021-05-15 22:23:54.998310	Train Epoch: 4 [2560/5000 (53%)]	Loss: 0.764240
====> Epoch: 4 Average loss: 0.8471
Train epoch = 5, alpha = 0.42320861065570825, beta = 1e-07, gamma = 0.0001
2021-05-15 22:23:55.097230	Train Epoch: 5 [0/5000 (0%)]	Loss: 0.818772
2021-05-15 22:23:55.195039	Train Epoch: 5 [2560/5000 (53%)]	Loss: 0.713230
====> Epoch: 5 Average loss: 0.7905
Train epoch = 6, alpha = 0.42320861065570825, beta = 1e-07, gamma = 0.0001
2021-05-15 22:23:55.292154	Train Epoch: 6 [0/5000 (0%)]	Loss: 0.740654
2021-05-15 22:23:55.385578	Train Epoch: 6 [2560/5000 (53%)]	Loss: 0.756542
====> Epoch: 6 Average loss: 0.7347
Train epoch = 7, alpha = 0.42320861065570825, beta = 1e-07, gamma = 0.0001
2021-05-15 22:23:55.476937	Train Epoch: 7 [0/5000 (0%)]	Loss: 0.684149
2021-05-15 22:23:55.575898	Train Epoch: 7 [2560/5000 (53%)]	Loss: 0.653024
====> Epoch: 7 Average loss: 0.6817
Train epoch = 8, alpha = 0.42320861065570825, beta = 1e-07, gamma = 0.0001
2021-05-15 22:23:55.669484	Train Epoch: 8 [0/5000 (0%)]	Loss: 0.565509
2021-05-15 22:23:55.762769	Train Epoch: 8 [2560/5000 (53%)]	Loss: 0.611426
====> Epoch: 8 Average loss: 0.6285
Train epoch = 9, alpha = 0.7515684111296623, beta = 1e-07, gamma = 0.0001
2021-05-15 22:23:55.857729	Train Epoch: 9 [0/5000 (0%)]	Loss: 0.560135
2021-05-15 22:23:55.952048	Train Epoch: 9 [2560/5000 (53%)]	Loss: 0.611127
====> Epoch: 9 Average loss: 0.5788
Train epoch = 10, alpha = 0.7515684111296623, beta = 1e-07, gamma = 0.0001
2021-05-15 22:23:56.043432	Train Epoch: 10 [0/5000 (0%)]	Loss: 0.535626
2021-05-15 22:23:56.137701	Train Epoch: 10 [2560/5000 (53%)]	Loss: 0.545370
====> Epoch: 10 Average loss: 0.5292
Train epoch = 11, alpha = 0.7515684111296623, beta = 1e-07, gamma = 0.0001
2021-05-15 22:23:56.232810	Train Epoch: 11 [0/5000 (0%)]	Loss: 0.503977
2021-05-15 22:23:56.329883	Train Epoch: 11 [2560/5000 (53%)]	Loss: 0.391183
====> Epoch: 11 Average loss: 0.4833
Train epoch = 12, alpha = 0.7515684111296623, beta = 1e-07, gamma = 0.0001
2021-05-15 22:23:56.428932	Train Epoch: 12 [0/5000 (0%)]	Loss: 0.413371
2021-05-15 22:23:56.549961	Train Epoch: 12 [2560/5000 (53%)]	Loss: 0.441150
====> Epoch: 12 Average loss: 0.4370
Train epoch = 13, alpha = 0.7515684111296623, beta = 1e-07, gamma = 0.0001
2021-05-15 22:23:56.650715	Train Epoch: 13 [0/5000 (0%)]	Loss: 0.410015
2021-05-15 22:23:56.767344	Train Epoch: 13 [2560/5000 (53%)]	Loss: 0.369014
====> Epoch: 13 Average loss: 0.3935
Train epoch = 14, alpha = 1.077971160195895, beta = 1e-07, gamma = 0.0001
2021-05-15 22:23:56.865911	Train Epoch: 14 [0/5000 (0%)]	Loss: 0.354033
2021-05-15 22:23:56.964757	Train Epoch: 14 [2560/5000 (53%)]	Loss: 0.359156
====> Epoch: 14 Average loss: 0.3564
Train epoch = 15, alpha = 1.077971160195895, beta = 1e-07, gamma = 0.0001
2021-05-15 22:23:57.059710	Train Epoch: 15 [0/5000 (0%)]	Loss: 0.291242
2021-05-15 22:23:57.155511	Train Epoch: 15 [2560/5000 (53%)]	Loss: 0.285964
====> Epoch: 15 Average loss: 0.3178
Train epoch = 16, alpha = 1.077971160195895, beta = 1e-07, gamma = 0.0001
2021-05-15 22:23:57.246795	Train Epoch: 16 [0/5000 (0%)]	Loss: 0.294814
2021-05-15 22:23:57.361988	Train Epoch: 16 [2560/5000 (53%)]	Loss: 0.276945
====> Epoch: 16 Average loss: 0.2831
Train epoch = 17, alpha = 1.077971160195895, beta = 1e-07, gamma = 0.0001
2021-05-15 22:23:57.460360	Train Epoch: 17 [0/5000 (0%)]	Loss: 0.243563
2021-05-15 22:23:57.558881	Train Epoch: 17 [2560/5000 (53%)]	Loss: 0.228971
====> Epoch: 17 Average loss: 0.2502
Train epoch = 18, alpha = 1.077971160195895, beta = 1e-07, gamma = 0.0001
2021-05-15 22:23:57.658139	Train Epoch: 18 [0/5000 (0%)]	Loss: 0.230957
2021-05-15 22:23:57.778465	Train Epoch: 18 [2560/5000 (53%)]	Loss: 0.205064
====> Epoch: 18 Average loss: 0.2196
Train epoch = 19, alpha = 1.4087110115785935, beta = 1e-07, gamma = 0.0001
2021-05-15 22:23:57.875829	Train Epoch: 19 [0/5000 (0%)]	Loss: 0.175680
2021-05-15 22:23:57.973766	Train Epoch: 19 [2560/5000 (53%)]	Loss: 0.209582
====> Epoch: 19 Average loss: 0.1913
Train epoch = 20, alpha = 1.4087110115785935, beta = 1e-07, gamma = 0.0001
2021-05-15 22:23:58.071533	Train Epoch: 20 [0/5000 (0%)]	Loss: 0.188232
2021-05-15 22:23:58.183762	Train Epoch: 20 [2560/5000 (53%)]	Loss: 0.155742
====> Epoch: 20 Average loss: 0.1654
Train epoch = 21, alpha = 1.4087110115785935, beta = 1e-07, gamma = 0.0001
2021-05-15 22:23:58.276033	Train Epoch: 21 [0/5000 (0%)]	Loss: 0.148492
2021-05-15 22:23:58.390571	Train Epoch: 21 [2560/5000 (53%)]	Loss: 0.120754
====> Epoch: 21 Average loss: 0.1412
Train epoch = 22, alpha = 1.4087110115785935, beta = 1e-07, gamma = 0.0001
2021-05-15 22:23:58.482416	Train Epoch: 22 [0/5000 (0%)]	Loss: 0.118476
2021-05-15 22:23:58.576745	Train Epoch: 22 [2560/5000 (53%)]	Loss: 0.118210
====> Epoch: 22 Average loss: 0.1198
Train epoch = 23, alpha = 1.4087110115785935, beta = 1e-07, gamma = 0.0001
2021-05-15 22:23:58.670053	Train Epoch: 23 [0/5000 (0%)]	Loss: 0.096079
2021-05-15 22:23:58.764285	Train Epoch: 23 [2560/5000 (53%)]	Loss: 0.097112
====> Epoch: 23 Average loss: 0.1006
Train epoch = 24, alpha = 1.7481914085889256, beta = 1e-07, gamma = 0.0001
2021-05-15 22:23:58.859389	Train Epoch: 24 [0/5000 (0%)]	Loss: 0.084423
2021-05-15 22:23:58.974662	Train Epoch: 24 [2560/5000 (53%)]	Loss: 0.077858
====> Epoch: 24 Average loss: 0.0837
Train epoch = 25, alpha = 1.7481914085889256, beta = 1e-07, gamma = 0.0001
2021-05-15 22:23:59.068474	Train Epoch: 25 [0/5000 (0%)]	Loss: 0.071189
2021-05-15 22:23:59.160258	Train Epoch: 25 [2560/5000 (53%)]	Loss: 0.060031
====> Epoch: 25 Average loss: 0.0689
Train epoch = 26, alpha = 1.7481914085889256, beta = 1e-07, gamma = 0.0001
2021-05-15 22:23:59.252014	Train Epoch: 26 [0/5000 (0%)]	Loss: 0.061680
2021-05-15 22:23:59.350757	Train Epoch: 26 [2560/5000 (53%)]	Loss: 0.053377
====> Epoch: 26 Average loss: 0.0564
Train epoch = 27, alpha = 1.7481914085889256, beta = 1e-07, gamma = 0.0001
2021-05-15 22:23:59.443250	Train Epoch: 27 [0/5000 (0%)]	Loss: 0.045789
2021-05-15 22:23:59.554022	Train Epoch: 27 [2560/5000 (53%)]	Loss: 0.039715
====> Epoch: 27 Average loss: 0.0455
Train epoch = 28, alpha = 1.7481914085889256, beta = 1e-07, gamma = 0.0001
2021-05-15 22:23:59.648274	Train Epoch: 28 [0/5000 (0%)]	Loss: 0.039640
2021-05-15 22:23:59.741521	Train Epoch: 28 [2560/5000 (53%)]	Loss: 0.033332
====> Epoch: 28 Average loss: 0.0366
Train epoch = 29, alpha = 2.0993673883731723, beta = 1e-07, gamma = 0.0001
2021-05-15 22:23:59.833535	Train Epoch: 29 [0/5000 (0%)]	Loss: 0.029637
2021-05-15 22:23:59.947099	Train Epoch: 29 [2560/5000 (53%)]	Loss: 0.032062
====> Epoch: 29 Average loss: 0.0294
Train epoch = 30, alpha = 2.0993673883731723, beta = 1e-07, gamma = 0.0001
2021-05-15 22:24:00.043691	Train Epoch: 30 [0/5000 (0%)]	Loss: 0.021555
2021-05-15 22:24:00.137823	Train Epoch: 30 [2560/5000 (53%)]	Loss: 0.023991
====> Epoch: 30 Average loss: 0.0235
Train epoch = 31, alpha = 2.0993673883731723, beta = 1e-07, gamma = 0.0001
2021-05-15 22:24:00.231252	Train Epoch: 31 [0/5000 (0%)]	Loss: 0.018856
2021-05-15 22:24:00.324678	Train Epoch: 31 [2560/5000 (53%)]	Loss: 0.016301
====> Epoch: 31 Average loss: 0.0188
Train epoch = 32, alpha = 2.0993673883731723, beta = 1e-07, gamma = 0.0001
2021-05-15 22:24:00.416605	Train Epoch: 32 [0/5000 (0%)]	Loss: 0.016195
2021-05-15 22:24:00.510335	Train Epoch: 32 [2560/5000 (53%)]	Loss: 0.013365
====> Epoch: 32 Average loss: 0.0153
Train epoch = 33, alpha = 2.0993673883731723, beta = 1e-07, gamma = 0.0001
2021-05-15 22:24:00.604486	Train Epoch: 33 [0/5000 (0%)]	Loss: 0.016623
2021-05-15 22:24:00.699605	Train Epoch: 33 [2560/5000 (53%)]	Loss: 0.010482
====> Epoch: 33 Average loss: 0.0123
Train epoch = 34, alpha = 2.464368294574091, beta = 1e-07, gamma = 0.0001
2021-05-15 22:24:00.791226	Train Epoch: 34 [0/5000 (0%)]	Loss: 0.010955
2021-05-15 22:24:00.887323	Train Epoch: 34 [2560/5000 (53%)]	Loss: 0.009027
====> Epoch: 34 Average loss: 0.0101
Train epoch = 35, alpha = 2.464368294574091, beta = 1e-07, gamma = 0.0001
2021-05-15 22:24:00.982473	Train Epoch: 35 [0/5000 (0%)]	Loss: 0.009092
2021-05-15 22:24:01.077320	Train Epoch: 35 [2560/5000 (53%)]	Loss: 0.008079
====> Epoch: 35 Average loss: 0.0084
Train epoch = 36, alpha = 2.464368294574091, beta = 1e-07, gamma = 0.0001
2021-05-15 22:24:01.175750	Train Epoch: 36 [0/5000 (0%)]	Loss: 0.007387
2021-05-15 22:24:01.298030	Train Epoch: 36 [2560/5000 (53%)]	Loss: 0.006699
====> Epoch: 36 Average loss: 0.0070
Train epoch = 37, alpha = 2.464368294574091, beta = 1e-07, gamma = 0.0001
2021-05-15 22:24:01.396510	Train Epoch: 37 [0/5000 (0%)]	Loss: 0.006288
2021-05-15 22:24:01.516241	Train Epoch: 37 [2560/5000 (53%)]	Loss: 0.005075
====> Epoch: 37 Average loss: 0.0059
Train epoch = 38, alpha = 2.464368294574091, beta = 1e-07, gamma = 0.0001
2021-05-15 22:24:01.614192	Train Epoch: 38 [0/5000 (0%)]	Loss: 0.005438
2021-05-15 22:24:01.714083	Train Epoch: 38 [2560/5000 (53%)]	Loss: 0.004849
====> Epoch: 38 Average loss: 0.0050
Train epoch = 39, alpha = 2.844848336696129, beta = 1e-07, gamma = 0.0001
2021-05-15 22:24:01.808758	Train Epoch: 39 [0/5000 (0%)]	Loss: 0.005043
2021-05-15 22:24:01.908278	Train Epoch: 39 [2560/5000 (53%)]	Loss: 0.004156
====> Epoch: 39 Average loss: 0.0043
Train epoch = 40, alpha = 2.844848336696129, beta = 1e-07, gamma = 0.0001
2021-05-15 22:24:02.004404	Train Epoch: 40 [0/5000 (0%)]	Loss: 0.003642
2021-05-15 22:24:02.117448	Train Epoch: 40 [2560/5000 (53%)]	Loss: 0.003716
====> Epoch: 40 Average loss: 0.0037
Train epoch = 41, alpha = 2.844848336696129, beta = 1e-07, gamma = 0.0001
2021-05-15 22:24:02.213909	Train Epoch: 41 [0/5000 (0%)]	Loss: 0.003453
2021-05-15 22:24:02.306533	Train Epoch: 41 [2560/5000 (53%)]	Loss: 0.002976
====> Epoch: 41 Average loss: 0.0032
Train epoch = 42, alpha = 2.844848336696129, beta = 1e-07, gamma = 0.0001
2021-05-15 22:24:02.399352	Train Epoch: 42 [0/5000 (0%)]	Loss: 0.002537
2021-05-15 22:24:02.513489	Train Epoch: 42 [2560/5000 (53%)]	Loss: 0.002830
====> Epoch: 42 Average loss: 0.0028
Train epoch = 43, alpha = 2.844848336696129, beta = 1e-07, gamma = 0.0001
2021-05-15 22:24:02.609179	Train Epoch: 43 [0/5000 (0%)]	Loss: 0.002423
2021-05-15 22:24:02.701531	Train Epoch: 43 [2560/5000 (53%)]	Loss: 0.002232
====> Epoch: 43 Average loss: 0.0024
Train epoch = 44, alpha = 3.242178315324023, beta = 1e-07, gamma = 0.0001
2021-05-15 22:24:02.796467	Train Epoch: 44 [0/5000 (0%)]	Loss: 0.002126
2021-05-15 22:24:02.935166	Train Epoch: 44 [2560/5000 (53%)]	Loss: 0.001969
====> Epoch: 44 Average loss: 0.0021
Train epoch = 45, alpha = 3.242178315324023, beta = 1e-07, gamma = 0.0001
2021-05-15 22:24:03.051855	Train Epoch: 45 [0/5000 (0%)]	Loss: 0.002036
2021-05-15 22:24:03.179972	Train Epoch: 45 [2560/5000 (53%)]	Loss: 0.001674
====> Epoch: 45 Average loss: 0.0018
Train epoch = 46, alpha = 3.242178315324023, beta = 1e-07, gamma = 0.0001
2021-05-15 22:24:03.299782	Train Epoch: 46 [0/5000 (0%)]	Loss: 0.001554
2021-05-15 22:24:03.459590	Train Epoch: 46 [2560/5000 (53%)]	Loss: 0.001482
====> Epoch: 46 Average loss: 0.0015
Train epoch = 47, alpha = 3.242178315324023, beta = 1e-07, gamma = 0.0001
2021-05-15 22:24:03.617796	Train Epoch: 47 [0/5000 (0%)]	Loss: 0.001334
2021-05-15 22:24:03.753880	Train Epoch: 47 [2560/5000 (53%)]	Loss: 0.001387
====> Epoch: 47 Average loss: 0.0013
Train epoch = 48, alpha = 3.242178315324023, beta = 1e-07, gamma = 0.0001
2021-05-15 22:24:03.868168	Train Epoch: 48 [0/5000 (0%)]	Loss: 0.001072
2021-05-15 22:24:03.997176	Train Epoch: 48 [2560/5000 (53%)]	Loss: 0.001060
====> Epoch: 48 Average loss: 0.0011
Train epoch = 49, alpha = 3.65755473609305, beta = 1e-07, gamma = 0.0001
2021-05-15 22:24:04.095867	Train Epoch: 49 [0/5000 (0%)]	Loss: 0.001079
2021-05-15 22:24:04.215958	Train Epoch: 49 [2560/5000 (53%)]	Loss: 0.000898
====> Epoch: 49 Average loss: 0.0010
Starting lap 2 for evolution on synthetic_clusters data in mode train...
Running k-means...
Running k-means...
shape of s torch.Size([2, 4])
Running k-segments...
s1 shape:  torch.Size([18, 2])
s2 shape:  torch.Size([18, 2])
s_alphas shape:  torch.Size([18, 2])
s1 shape:  torch.Size([18, 2])
s2 shape:  torch.Size([18, 2])
s_alphas shape:  torch.Size([18, 2])
s1 shape:  torch.Size([2, 2])
s2 shape:  torch.Size([2, 2])
shape s_inter_rec_np =  (18, 2)
i = 0, X_full shape = (5002, 2)
i = 1, X_full shape = (5022, 2)
i = 2, X_full shape = (5022, 2)
i = 3, X_full shape = (5002, 2)
i = 4, X_full shape = (5020, 2)
i = 0, X_full shape = (5002, 2)
i = 1, X_full shape = (5022, 2)
i = 2, X_full shape = (5022, 2)
i = 3, X_full shape = (5002, 2)
i = 4, X_full shape = (5020, 2)
['ACC = 0.993', 'NMI = 0.947', 'ARI = 0.973']
Lap 2 for evolution DONE!
Train epoch = 50, alpha = 3.65755473609305, beta = 1e-07, gamma = 0.0001
2021-05-15 22:24:07.959273	Train Epoch: 50 [0/5000 (0%)]	Loss: 0.000856
2021-05-15 22:24:08.054793	Train Epoch: 50 [2560/5000 (53%)]	Loss: 0.000773
====> Epoch: 50 Average loss: 0.0008
Train epoch = 51, alpha = 3.65755473609305, beta = 1e-07, gamma = 0.0001
2021-05-15 22:24:08.147209	Train Epoch: 51 [0/5000 (0%)]	Loss: 0.000763
2021-05-15 22:24:08.242364	Train Epoch: 51 [2560/5000 (53%)]	Loss: 0.000612
====> Epoch: 51 Average loss: 0.0007
Train epoch = 52, alpha = 3.65755473609305, beta = 1e-07, gamma = 0.0001
2021-05-15 22:24:08.336522	Train Epoch: 52 [0/5000 (0%)]	Loss: 0.000619
2021-05-15 22:24:08.435079	Train Epoch: 52 [2560/5000 (53%)]	Loss: 0.000507
====> Epoch: 52 Average loss: 0.0006
Train epoch = 53, alpha = 3.65755473609305, beta = 1e-07, gamma = 0.0001
2021-05-15 22:24:08.528770	Train Epoch: 53 [0/5000 (0%)]	Loss: 0.000487
2021-05-15 22:24:08.621883	Train Epoch: 53 [2560/5000 (53%)]	Loss: 0.000492
====> Epoch: 53 Average loss: 0.0005
Train epoch = 54, alpha = 4.092064942246333, beta = 1e-07, gamma = 0.0001
2021-05-15 22:24:08.716452	Train Epoch: 54 [0/5000 (0%)]	Loss: 0.000437
2021-05-15 22:24:08.811088	Train Epoch: 54 [2560/5000 (53%)]	Loss: 0.000358
====> Epoch: 54 Average loss: 0.0004
Train epoch = 55, alpha = 4.092064942246333, beta = 1e-07, gamma = 0.0001
2021-05-15 22:24:08.904196	Train Epoch: 55 [0/5000 (0%)]	Loss: 0.000331
2021-05-15 22:24:08.999040	Train Epoch: 55 [2560/5000 (53%)]	Loss: 0.000335
====> Epoch: 55 Average loss: 0.0004
Train epoch = 56, alpha = 4.092064942246333, beta = 1e-07, gamma = 0.0001
2021-05-15 22:24:09.095404	Train Epoch: 56 [0/5000 (0%)]	Loss: 0.000295
2021-05-15 22:24:09.192764	Train Epoch: 56 [2560/5000 (53%)]	Loss: 0.000299
====> Epoch: 56 Average loss: 0.0003
Train epoch = 57, alpha = 4.092064942246333, beta = 1e-07, gamma = 0.0001
2021-05-15 22:24:09.286858	Train Epoch: 57 [0/5000 (0%)]	Loss: 0.000227
2021-05-15 22:24:09.384994	Train Epoch: 57 [2560/5000 (53%)]	Loss: 0.000271
====> Epoch: 57 Average loss: 0.0003
Train epoch = 58, alpha = 4.092064942246333, beta = 1e-07, gamma = 0.0001
2021-05-15 22:24:09.479075	Train Epoch: 58 [0/5000 (0%)]	Loss: 0.000199
2021-05-15 22:24:09.573806	Train Epoch: 58 [2560/5000 (53%)]	Loss: 0.000182
====> Epoch: 58 Average loss: 0.0002
Train epoch = 59, alpha = 4.546727776716206, beta = 1e-07, gamma = 0.0001
2021-05-15 22:24:09.670197	Train Epoch: 59 [0/5000 (0%)]	Loss: 0.000202
2021-05-15 22:24:09.787895	Train Epoch: 59 [2560/5000 (53%)]	Loss: 0.000145
====> Epoch: 59 Average loss: 0.0002
Train epoch = 60, alpha = 4.546727776716206, beta = 1e-07, gamma = 0.0001
2021-05-15 22:24:09.903997	Train Epoch: 60 [0/5000 (0%)]	Loss: 0.000143
2021-05-15 22:24:10.003863	Train Epoch: 60 [2560/5000 (53%)]	Loss: 0.000126
====> Epoch: 60 Average loss: 0.0001
Train epoch = 61, alpha = 4.546727776716206, beta = 1e-07, gamma = 0.0001
2021-05-15 22:24:10.138751	Train Epoch: 61 [0/5000 (0%)]	Loss: 0.000113
2021-05-15 22:24:10.260285	Train Epoch: 61 [2560/5000 (53%)]	Loss: 0.000101
====> Epoch: 61 Average loss: 0.0001
Train epoch = 62, alpha = 4.546727776716206, beta = 1e-07, gamma = 0.0001
2021-05-15 22:24:10.368110	Train Epoch: 62 [0/5000 (0%)]	Loss: 0.000111
2021-05-15 22:24:10.487334	Train Epoch: 62 [2560/5000 (53%)]	Loss: 0.000095
====> Epoch: 62 Average loss: 0.0001
Train epoch = 63, alpha = 4.546727776716206, beta = 1e-07, gamma = 0.0001
2021-05-15 22:24:10.587793	Train Epoch: 63 [0/5000 (0%)]	Loss: 0.000084
2021-05-15 22:24:10.680881	Train Epoch: 63 [2560/5000 (53%)]	Loss: 0.000075
====> Epoch: 63 Average loss: 0.0001
Train epoch = 64, alpha = 5.0225200099929665, beta = 1e-07, gamma = 0.0001
2021-05-15 22:24:10.775114	Train Epoch: 64 [0/5000 (0%)]	Loss: 0.000071
2021-05-15 22:24:10.890201	Train Epoch: 64 [2560/5000 (53%)]	Loss: 0.000073
====> Epoch: 64 Average loss: 0.0001
Train epoch = 65, alpha = 5.0225200099929665, beta = 1e-07, gamma = 0.0001
2021-05-15 22:24:10.985357	Train Epoch: 65 [0/5000 (0%)]	Loss: 0.000059
2021-05-15 22:24:11.095506	Train Epoch: 65 [2560/5000 (53%)]	Loss: 0.000049
====> Epoch: 65 Average loss: 0.0001
Train epoch = 66, alpha = 5.0225200099929665, beta = 1e-07, gamma = 0.0001
2021-05-15 22:24:11.191431	Train Epoch: 66 [0/5000 (0%)]	Loss: 0.000038
2021-05-15 22:24:11.287092	Train Epoch: 66 [2560/5000 (53%)]	Loss: 0.000047
====> Epoch: 66 Average loss: 0.0000
Train epoch = 67, alpha = 5.0225200099929665, beta = 1e-07, gamma = 0.0001
2021-05-15 22:24:11.382434	Train Epoch: 67 [0/5000 (0%)]	Loss: 0.000035
2021-05-15 22:24:11.491564	Train Epoch: 67 [2560/5000 (53%)]	Loss: 0.000033
====> Epoch: 67 Average loss: 0.0000
Train epoch = 68, alpha = 5.0225200099929665, beta = 1e-07, gamma = 0.0001
2021-05-15 22:24:11.587418	Train Epoch: 68 [0/5000 (0%)]	Loss: 0.000031
2021-05-15 22:24:11.683821	Train Epoch: 68 [2560/5000 (53%)]	Loss: 0.000027
====> Epoch: 68 Average loss: 0.0000
Train epoch = 69, alpha = 5.520394146673345, beta = 1e-07, gamma = 0.0001
2021-05-15 22:24:11.778473	Train Epoch: 69 [0/5000 (0%)]	Loss: 0.000022
2021-05-15 22:24:11.894145	Train Epoch: 69 [2560/5000 (53%)]	Loss: 0.000020
====> Epoch: 69 Average loss: 0.0000
Train epoch = 70, alpha = 5.520394146673345, beta = 1e-07, gamma = 0.0001
2021-05-15 22:24:11.989719	Train Epoch: 70 [0/5000 (0%)]	Loss: 0.000020
2021-05-15 22:24:12.085048	Train Epoch: 70 [2560/5000 (53%)]	Loss: 0.000017
====> Epoch: 70 Average loss: 0.0000
Train epoch = 71, alpha = 5.520394146673345, beta = 1e-07, gamma = 0.0001
2021-05-15 22:24:12.180684	Train Epoch: 71 [0/5000 (0%)]	Loss: 0.000014
2021-05-15 22:24:12.290876	Train Epoch: 71 [2560/5000 (53%)]	Loss: 0.000014
====> Epoch: 71 Average loss: 0.0000
Train epoch = 72, alpha = 5.520394146673345, beta = 1e-07, gamma = 0.0001
2021-05-15 22:24:12.383455	Train Epoch: 72 [0/5000 (0%)]	Loss: 0.000013
2021-05-15 22:24:12.480295	Train Epoch: 72 [2560/5000 (53%)]	Loss: 0.000010
====> Epoch: 72 Average loss: 0.0000
Train epoch = 73, alpha = 5.520394146673345, beta = 1e-07, gamma = 0.0001
2021-05-15 22:24:12.572131	Train Epoch: 73 [0/5000 (0%)]	Loss: 0.000009
2021-05-15 22:24:12.666571	Train Epoch: 73 [2560/5000 (53%)]	Loss: 0.000009
====> Epoch: 73 Average loss: 0.0000
Train epoch = 74, alpha = 6.041290820871168, beta = 1e-07, gamma = 0.0001
2021-05-15 22:24:12.762315	Train Epoch: 74 [0/5000 (0%)]	Loss: 0.000007
2021-05-15 22:24:12.873862	Train Epoch: 74 [2560/5000 (53%)]	Loss: 0.000006
====> Epoch: 74 Average loss: 0.0000
Train epoch = 75, alpha = 6.041290820871168, beta = 1e-07, gamma = 0.0001
2021-05-15 22:24:12.967811	Train Epoch: 75 [0/5000 (0%)]	Loss: 0.000006
2021-05-15 22:24:13.064326	Train Epoch: 75 [2560/5000 (53%)]	Loss: 0.000005
====> Epoch: 75 Average loss: 0.0000
Train epoch = 76, alpha = 6.041290820871168, beta = 1e-07, gamma = 0.0001
2021-05-15 22:24:13.156124	Train Epoch: 76 [0/5000 (0%)]	Loss: 0.000004
2021-05-15 22:24:13.248557	Train Epoch: 76 [2560/5000 (53%)]	Loss: 0.000004
====> Epoch: 76 Average loss: 0.0000
Train epoch = 77, alpha = 6.041290820871168, beta = 1e-07, gamma = 0.0001
2021-05-15 22:24:13.345237	Train Epoch: 77 [0/5000 (0%)]	Loss: 0.000004
2021-05-15 22:24:13.439074	Train Epoch: 77 [2560/5000 (53%)]	Loss: 0.000003
====> Epoch: 77 Average loss: 0.0000
Train epoch = 78, alpha = 6.041290820871168, beta = 1e-07, gamma = 0.0001
2021-05-15 22:24:13.532042	Train Epoch: 78 [0/5000 (0%)]	Loss: 0.000003
2021-05-15 22:24:13.641991	Train Epoch: 78 [2560/5000 (53%)]	Loss: 0.000003
====> Epoch: 78 Average loss: 0.0000
Train epoch = 79, alpha = 6.586147687908683, beta = 1e-07, gamma = 0.0001
2021-05-15 22:24:13.735571	Train Epoch: 79 [0/5000 (0%)]	Loss: 0.000002
2021-05-15 22:24:13.830355	Train Epoch: 79 [2560/5000 (53%)]	Loss: 0.000002
====> Epoch: 79 Average loss: 0.0000
Train epoch = 80, alpha = 6.586147687908683, beta = 1e-07, gamma = 0.0001
2021-05-15 22:24:13.925292	Train Epoch: 80 [0/5000 (0%)]	Loss: 0.000002
2021-05-15 22:24:14.037615	Train Epoch: 80 [2560/5000 (53%)]	Loss: 0.000002
====> Epoch: 80 Average loss: 0.0000
Train epoch = 81, alpha = 6.586147687908683, beta = 1e-07, gamma = 0.0001
2021-05-15 22:24:14.135697	Train Epoch: 81 [0/5000 (0%)]	Loss: 0.000002
2021-05-15 22:24:14.257382	Train Epoch: 81 [2560/5000 (53%)]	Loss: 0.000001
====> Epoch: 81 Average loss: 0.0000
Train epoch = 82, alpha = 6.586147687908683, beta = 1e-07, gamma = 0.0001
2021-05-15 22:24:14.357156	Train Epoch: 82 [0/5000 (0%)]	Loss: 0.000001
2021-05-15 22:24:14.474942	Train Epoch: 82 [2560/5000 (53%)]	Loss: 0.000001
====> Epoch: 82 Average loss: 0.0000
Train epoch = 83, alpha = 6.586147687908683, beta = 1e-07, gamma = 0.0001
2021-05-15 22:24:14.573003	Train Epoch: 83 [0/5000 (0%)]	Loss: 0.000001
2021-05-15 22:24:14.669105	Train Epoch: 83 [2560/5000 (53%)]	Loss: 0.000001
====> Epoch: 83 Average loss: 0.0000
Train epoch = 84, alpha = 7.155905984855657, beta = 1e-07, gamma = 0.0001
2021-05-15 22:24:14.765175	Train Epoch: 84 [0/5000 (0%)]	Loss: 0.000001
2021-05-15 22:24:14.860465	Train Epoch: 84 [2560/5000 (53%)]	Loss: 0.000001
====> Epoch: 84 Average loss: 0.0000
Train epoch = 85, alpha = 7.155905984855657, beta = 1e-07, gamma = 0.0001
2021-05-15 22:24:14.954193	Train Epoch: 85 [0/5000 (0%)]	Loss: 0.000001
2021-05-15 22:24:15.064903	Train Epoch: 85 [2560/5000 (53%)]	Loss: 0.000001
====> Epoch: 85 Average loss: 0.0000
Train epoch = 86, alpha = 7.155905984855657, beta = 1e-07, gamma = 0.0001
2021-05-15 22:24:15.158062	Train Epoch: 86 [0/5000 (0%)]	Loss: 0.000000
2021-05-15 22:24:15.251815	Train Epoch: 86 [2560/5000 (53%)]	Loss: 0.000000
====> Epoch: 86 Average loss: 0.0000
Train epoch = 87, alpha = 7.155905984855657, beta = 1e-07, gamma = 0.0001
2021-05-15 22:24:15.347287	Train Epoch: 87 [0/5000 (0%)]	Loss: 0.000000
2021-05-15 22:24:15.441586	Train Epoch: 87 [2560/5000 (53%)]	Loss: 0.000000
====> Epoch: 87 Average loss: 0.0000
Train epoch = 88, alpha = 7.155905984855657, beta = 1e-07, gamma = 0.0001
2021-05-15 22:24:15.546805	Train Epoch: 88 [0/5000 (0%)]	Loss: 0.000000
2021-05-15 22:24:15.701590	Train Epoch: 88 [2560/5000 (53%)]	Loss: 0.000000
====> Epoch: 88 Average loss: 0.0000
Train epoch = 89, alpha = 7.751515502863206, beta = 1e-07, gamma = 0.0001
2021-05-15 22:24:15.816161	Train Epoch: 89 [0/5000 (0%)]	Loss: 0.000000
2021-05-15 22:24:15.950384	Train Epoch: 89 [2560/5000 (53%)]	Loss: 0.000000
====> Epoch: 89 Average loss: 0.0000
Train epoch = 90, alpha = 7.751515502863206, beta = 1e-07, gamma = 0.0001
2021-05-15 22:24:16.054181	Train Epoch: 90 [0/5000 (0%)]	Loss: 0.000000
2021-05-15 22:24:16.181419	Train Epoch: 90 [2560/5000 (53%)]	Loss: 0.000000
====> Epoch: 90 Average loss: 0.0000
Train epoch = 91, alpha = 7.751515502863206, beta = 1e-07, gamma = 0.0001
2021-05-15 22:24:16.290576	Train Epoch: 91 [0/5000 (0%)]	Loss: 0.000000
2021-05-15 22:24:16.398092	Train Epoch: 91 [2560/5000 (53%)]	Loss: 0.000000
====> Epoch: 91 Average loss: 0.0000
Train epoch = 92, alpha = 7.751515502863206, beta = 1e-07, gamma = 0.0001
2021-05-15 22:24:16.500476	Train Epoch: 92 [0/5000 (0%)]	Loss: 0.000000
2021-05-15 22:24:16.633047	Train Epoch: 92 [2560/5000 (53%)]	Loss: 0.000000
====> Epoch: 92 Average loss: 0.0000
Train epoch = 93, alpha = 7.751515502863206, beta = 1e-07, gamma = 0.0001
2021-05-15 22:24:16.737786	Train Epoch: 93 [0/5000 (0%)]	Loss: 0.000000
2021-05-15 22:24:16.835414	Train Epoch: 93 [2560/5000 (53%)]	Loss: 0.000000
====> Epoch: 93 Average loss: 0.0000
Train epoch = 94, alpha = 8.373938454865366, beta = 1e-07, gamma = 0.0001
2021-05-15 22:24:16.937769	Train Epoch: 94 [0/5000 (0%)]	Loss: 0.000000
2021-05-15 22:24:17.038848	Train Epoch: 94 [2560/5000 (53%)]	Loss: 0.000000
====> Epoch: 94 Average loss: 0.0000
Train epoch = 95, alpha = 8.373938454865366, beta = 1e-07, gamma = 0.0001
2021-05-15 22:24:17.135610	Train Epoch: 95 [0/5000 (0%)]	Loss: 0.000000
2021-05-15 22:24:17.236931	Train Epoch: 95 [2560/5000 (53%)]	Loss: 0.000000
====> Epoch: 95 Average loss: 0.0000
Train epoch = 96, alpha = 8.373938454865366, beta = 1e-07, gamma = 0.0001
2021-05-15 22:24:17.336978	Train Epoch: 96 [0/5000 (0%)]	Loss: 0.000000
2021-05-15 22:24:17.437874	Train Epoch: 96 [2560/5000 (53%)]	Loss: 0.000000
====> Epoch: 96 Average loss: 0.0000
Train epoch = 97, alpha = 8.373938454865366, beta = 1e-07, gamma = 0.0001
2021-05-15 22:24:17.538432	Train Epoch: 97 [0/5000 (0%)]	Loss: 0.000000
2021-05-15 22:24:17.637741	Train Epoch: 97 [2560/5000 (53%)]	Loss: 0.000000
====> Epoch: 97 Average loss: 0.0000
Train epoch = 98, alpha = 8.373938454865366, beta = 1e-07, gamma = 0.0001
2021-05-15 22:24:17.739138	Train Epoch: 98 [0/5000 (0%)]	Loss: 0.000000
2021-05-15 22:24:17.860693	Train Epoch: 98 [2560/5000 (53%)]	Loss: 0.000000
====> Epoch: 98 Average loss: 0.0000
Train epoch = 99, alpha = 9.024152561056017, beta = 1e-07, gamma = 0.0001
2021-05-15 22:24:17.969761	Train Epoch: 99 [0/5000 (0%)]	Loss: 0.000000
2021-05-15 22:24:18.100876	Train Epoch: 99 [2560/5000 (53%)]	Loss: 0.000000
====> Epoch: 99 Average loss: 0.0000
Starting lap 3 for evolution on synthetic_clusters data in mode train...
Running k-means...
Running k-means...
shape of s torch.Size([2, 4])
Running k-segments...
s1 shape:  torch.Size([18, 2])
s2 shape:  torch.Size([18, 2])
s_alphas shape:  torch.Size([18, 2])
s1 shape:  torch.Size([18, 2])
s2 shape:  torch.Size([18, 2])
s_alphas shape:  torch.Size([18, 2])
s1 shape:  torch.Size([2, 2])
s2 shape:  torch.Size([2, 2])
shape s_inter_rec_np =  (18, 2)
i = 0, X_full shape = (5002, 2)
i = 1, X_full shape = (5022, 2)
i = 2, X_full shape = (5022, 2)
i = 3, X_full shape = (5002, 2)
i = 4, X_full shape = (5020, 2)
i = 0, X_full shape = (5002, 2)
i = 1, X_full shape = (5022, 2)
i = 2, X_full shape = (5022, 2)
i = 3, X_full shape = (5002, 2)
i = 4, X_full shape = (5020, 2)
['ACC = 0.999', 'NMI = 0.993', 'ARI = 0.998']
Lap 3 for evolution DONE!
Train epoch = 100, alpha = 9.024152561056017, beta = 1e-07, gamma = 0.0001
2021-05-15 22:24:21.992318	Train Epoch: 100 [0/5000 (0%)]	Loss: 0.000000
2021-05-15 22:24:22.092700	Train Epoch: 100 [2560/5000 (53%)]	Loss: 0.000000
====> Epoch: 100 Average loss: 0.0000
Train epoch = 101, alpha = 9.024152561056017, beta = 1e-07, gamma = 0.0001
2021-05-15 22:24:22.186980	Train Epoch: 101 [0/5000 (0%)]	Loss: 0.000000
2021-05-15 22:24:22.301801	Train Epoch: 101 [2560/5000 (53%)]	Loss: 0.000000
====> Epoch: 101 Average loss: 0.0000
Train epoch = 102, alpha = 9.024152561056017, beta = 1e-07, gamma = 0.0001
2021-05-15 22:24:22.399466	Train Epoch: 102 [0/5000 (0%)]	Loss: 0.000000
2021-05-15 22:24:22.513613	Train Epoch: 102 [2560/5000 (53%)]	Loss: 0.000000
====> Epoch: 102 Average loss: 0.0000
Train epoch = 103, alpha = 9.024152561056017, beta = 1e-07, gamma = 0.0001
2021-05-15 22:24:22.609527	Train Epoch: 103 [0/5000 (0%)]	Loss: 0.000000
2021-05-15 22:24:22.724938	Train Epoch: 103 [2560/5000 (53%)]	Loss: 0.000000
====> Epoch: 103 Average loss: 0.0000
Train epoch = 104, alpha = 9.70315357178555, beta = 1e-07, gamma = 0.0001
2021-05-15 22:24:22.818586	Train Epoch: 104 [0/5000 (0%)]	Loss: 0.000000
2021-05-15 22:24:22.915434	Train Epoch: 104 [2560/5000 (53%)]	Loss: 0.000000
====> Epoch: 104 Average loss: 0.0000
Train epoch = 105, alpha = 9.70315357178555, beta = 1e-07, gamma = 0.0001
2021-05-15 22:24:23.009289	Train Epoch: 105 [0/5000 (0%)]	Loss: 0.000000
2021-05-15 22:24:23.105664	Train Epoch: 105 [2560/5000 (53%)]	Loss: 0.000000
====> Epoch: 105 Average loss: 0.0000
Train epoch = 106, alpha = 9.70315357178555, beta = 1e-07, gamma = 0.0001
2021-05-15 22:24:23.204893	Train Epoch: 106 [0/5000 (0%)]	Loss: 0.000000
2021-05-15 22:24:23.438491	Train Epoch: 106 [2560/5000 (53%)]	Loss: 0.000000
====> Epoch: 106 Average loss: 0.0000
Train epoch = 107, alpha = 9.70315357178555, beta = 1e-07, gamma = 0.0001
2021-05-15 22:24:23.720058	Train Epoch: 107 [0/5000 (0%)]	Loss: 0.000000
2021-05-15 22:24:23.936143	Train Epoch: 107 [2560/5000 (53%)]	Loss: 0.000000
====> Epoch: 107 Average loss: 0.0000
Train epoch = 108, alpha = 9.70315357178555, beta = 1e-07, gamma = 0.0001
2021-05-15 22:24:24.039321	Train Epoch: 108 [0/5000 (0%)]	Loss: 0.000000
2021-05-15 22:24:24.141491	Train Epoch: 108 [2560/5000 (53%)]	Loss: 0.000000
====> Epoch: 108 Average loss: 0.0000
Train epoch = 109, alpha = 10.41195738045587, beta = 1e-07, gamma = 0.0001
2021-05-15 22:24:24.241913	Train Epoch: 109 [0/5000 (0%)]	Loss: 0.000000
2021-05-15 22:24:24.341829	Train Epoch: 109 [2560/5000 (53%)]	Loss: 0.000000
====> Epoch: 109 Average loss: 0.0000
Train epoch = 110, alpha = 10.41195738045587, beta = 1e-07, gamma = 0.0001
2021-05-15 22:24:24.441279	Train Epoch: 110 [0/5000 (0%)]	Loss: 0.000000
2021-05-15 22:24:24.539555	Train Epoch: 110 [2560/5000 (53%)]	Loss: 0.000000
====> Epoch: 110 Average loss: 0.0000
Train epoch = 111, alpha = 10.41195738045587, beta = 1e-07, gamma = 0.0001
2021-05-15 22:24:24.634383	Train Epoch: 111 [0/5000 (0%)]	Loss: 0.000000
2021-05-15 22:24:24.751042	Train Epoch: 111 [2560/5000 (53%)]	Loss: 0.000000
====> Epoch: 111 Average loss: 0.0000
Train epoch = 112, alpha = 10.41195738045587, beta = 1e-07, gamma = 0.0001
2021-05-15 22:24:24.845984	Train Epoch: 112 [0/5000 (0%)]	Loss: 0.000000
2021-05-15 22:24:24.957501	Train Epoch: 112 [2560/5000 (53%)]	Loss: 0.000000
====> Epoch: 112 Average loss: 0.0000
Train epoch = 113, alpha = 10.41195738045587, beta = 1e-07, gamma = 0.0001
2021-05-15 22:24:25.055824	Train Epoch: 113 [0/5000 (0%)]	Loss: 0.000000
2021-05-15 22:24:25.150004	Train Epoch: 113 [2560/5000 (53%)]	Loss: 0.000000
====> Epoch: 113 Average loss: 0.0000
Train epoch = 114, alpha = 11.151601834294587, beta = 1e-07, gamma = 0.0001
2021-05-15 22:24:25.243030	Train Epoch: 114 [0/5000 (0%)]	Loss: 0.000000
2021-05-15 22:24:25.339048	Train Epoch: 114 [2560/5000 (53%)]	Loss: 0.000000
====> Epoch: 114 Average loss: 0.0000
Train epoch = 115, alpha = 11.151601834294587, beta = 1e-07, gamma = 0.0001
2021-05-15 22:24:25.439234	Train Epoch: 115 [0/5000 (0%)]	Loss: 0.000000
2021-05-15 22:24:25.537977	Train Epoch: 115 [2560/5000 (53%)]	Loss: 0.000000
====> Epoch: 115 Average loss: 0.0000
Train epoch = 116, alpha = 11.151601834294587, beta = 1e-07, gamma = 0.0001
2021-05-15 22:24:25.633376	Train Epoch: 116 [0/5000 (0%)]	Loss: 0.000000
2021-05-15 22:24:25.731873	Train Epoch: 116 [2560/5000 (53%)]	Loss: 0.000000
====> Epoch: 116 Average loss: 0.0000
Train epoch = 117, alpha = 11.151601834294587, beta = 1e-07, gamma = 0.0001
2021-05-15 22:24:25.827656	Train Epoch: 117 [0/5000 (0%)]	Loss: 0.000000
2021-05-15 22:24:25.925607	Train Epoch: 117 [2560/5000 (53%)]	Loss: 0.000000
====> Epoch: 117 Average loss: 0.0000
Train epoch = 118, alpha = 11.151601834294587, beta = 1e-07, gamma = 0.0001
2021-05-15 22:24:26.020522	Train Epoch: 118 [0/5000 (0%)]	Loss: 0.000000
2021-05-15 22:24:26.120042	Train Epoch: 118 [2560/5000 (53%)]	Loss: 0.000000
====> Epoch: 118 Average loss: 0.0000
Train epoch = 119, alpha = 11.923148320526698, beta = 1e-07, gamma = 0.0001
2021-05-15 22:24:26.216463	Train Epoch: 119 [0/5000 (0%)]	Loss: 0.000000
2021-05-15 22:24:26.310682	Train Epoch: 119 [2560/5000 (53%)]	Loss: 0.000000
====> Epoch: 119 Average loss: 0.0000
Train epoch = 120, alpha = 11.923148320526698, beta = 1e-07, gamma = 0.0001
2021-05-15 22:24:26.408535	Train Epoch: 120 [0/5000 (0%)]	Loss: 0.000000
2021-05-15 22:24:26.525194	Train Epoch: 120 [2560/5000 (53%)]	Loss: 0.000000
====> Epoch: 120 Average loss: 0.0000
Train epoch = 121, alpha = 11.923148320526698, beta = 1e-07, gamma = 0.0001
2021-05-15 22:24:26.620638	Train Epoch: 121 [0/5000 (0%)]	Loss: 0.000000
2021-05-15 22:24:26.718573	Train Epoch: 121 [2560/5000 (53%)]	Loss: 0.000000
====> Epoch: 121 Average loss: 0.0000
Train epoch = 122, alpha = 11.923148320526698, beta = 1e-07, gamma = 0.0001
2021-05-15 22:24:26.812196	Train Epoch: 122 [0/5000 (0%)]	Loss: 0.000000
2021-05-15 22:24:26.906628	Train Epoch: 122 [2560/5000 (53%)]	Loss: 0.000000
====> Epoch: 122 Average loss: 0.0000
Train epoch = 123, alpha = 11.923148320526698, beta = 1e-07, gamma = 0.0001
2021-05-15 22:24:27.001031	Train Epoch: 123 [0/5000 (0%)]	Loss: 0.000000
2021-05-15 22:24:27.098911	Train Epoch: 123 [2560/5000 (53%)]	Loss: 0.000000
====> Epoch: 123 Average loss: 0.0000
Train epoch = 124, alpha = 12.727683184476852, beta = 1e-07, gamma = 0.0001
2021-05-15 22:24:27.192157	Train Epoch: 124 [0/5000 (0%)]	Loss: 0.000000
2021-05-15 22:24:27.286507	Train Epoch: 124 [2560/5000 (53%)]	Loss: 0.000000
====> Epoch: 124 Average loss: 0.0000
Train epoch = 125, alpha = 12.727683184476852, beta = 1e-07, gamma = 0.0001
2021-05-15 22:24:27.382408	Train Epoch: 125 [0/5000 (0%)]	Loss: 0.000000
2021-05-15 22:24:27.479315	Train Epoch: 125 [2560/5000 (53%)]	Loss: 0.000000
====> Epoch: 125 Average loss: 0.0000
Train epoch = 126, alpha = 12.727683184476852, beta = 1e-07, gamma = 0.0001
2021-05-15 22:24:27.576771	Train Epoch: 126 [0/5000 (0%)]	Loss: 0.000000
2021-05-15 22:24:27.676530	Train Epoch: 126 [2560/5000 (53%)]	Loss: 0.000000
====> Epoch: 126 Average loss: 0.0000
Train epoch = 127, alpha = 12.727683184476852, beta = 1e-07, gamma = 0.0001
2021-05-15 22:24:27.778431	Train Epoch: 127 [0/5000 (0%)]	Loss: 0.000000
2021-05-15 22:24:27.875861	Train Epoch: 127 [2560/5000 (53%)]	Loss: 0.000000
====> Epoch: 127 Average loss: 0.0000
Train epoch = 128, alpha = 12.727683184476852, beta = 1e-07, gamma = 0.0001
2021-05-15 22:24:27.974292	Train Epoch: 128 [0/5000 (0%)]	Loss: 0.000000
2021-05-15 22:24:28.074195	Train Epoch: 128 [2560/5000 (53%)]	Loss: 0.000000
====> Epoch: 128 Average loss: 0.0000
Train epoch = 129, alpha = 13.56631902140002, beta = 1e-07, gamma = 0.0001
2021-05-15 22:24:28.172025	Train Epoch: 129 [0/5000 (0%)]	Loss: 0.000000
2021-05-15 22:24:28.265449	Train Epoch: 129 [2560/5000 (53%)]	Loss: 0.000000
====> Epoch: 129 Average loss: 0.0000
Train epoch = 130, alpha = 13.56631902140002, beta = 1e-07, gamma = 0.0001
2021-05-15 22:24:28.360604	Train Epoch: 130 [0/5000 (0%)]	Loss: 0.000000
2021-05-15 22:24:28.459795	Train Epoch: 130 [2560/5000 (53%)]	Loss: 0.000000
====> Epoch: 130 Average loss: 0.0000
Train epoch = 131, alpha = 13.56631902140002, beta = 1e-07, gamma = 0.0001
2021-05-15 22:24:28.555685	Train Epoch: 131 [0/5000 (0%)]	Loss: 0.000000
2021-05-15 22:24:28.670683	Train Epoch: 131 [2560/5000 (53%)]	Loss: 0.000000
====> Epoch: 131 Average loss: 0.0000
Train epoch = 132, alpha = 13.56631902140002, beta = 1e-07, gamma = 0.0001
2021-05-15 22:24:28.764179	Train Epoch: 132 [0/5000 (0%)]	Loss: 0.000000
2021-05-15 22:24:28.859758	Train Epoch: 132 [2560/5000 (53%)]	Loss: 0.000000
====> Epoch: 132 Average loss: 0.0000
Train epoch = 133, alpha = 13.56631902140002, beta = 1e-07, gamma = 0.0001
2021-05-15 22:24:28.955319	Train Epoch: 133 [0/5000 (0%)]	Loss: 0.000000
2021-05-15 22:24:29.051911	Train Epoch: 133 [2560/5000 (53%)]	Loss: 0.000000
====> Epoch: 133 Average loss: 0.0000
Train epoch = 134, alpha = 14.440195873340702, beta = 1e-07, gamma = 0.0001
2021-05-15 22:24:29.145427	Train Epoch: 134 [0/5000 (0%)]	Loss: 0.000000
2021-05-15 22:24:29.260272	Train Epoch: 134 [2560/5000 (53%)]	Loss: 0.000000
====> Epoch: 134 Average loss: 0.0000
Train epoch = 135, alpha = 14.440195873340702, beta = 1e-07, gamma = 0.0001
2021-05-15 22:24:29.358081	Train Epoch: 135 [0/5000 (0%)]	Loss: 0.000000
2021-05-15 22:24:29.453964	Train Epoch: 135 [2560/5000 (53%)]	Loss: 0.000000
====> Epoch: 135 Average loss: 0.0000
Train epoch = 136, alpha = 14.440195873340702, beta = 1e-07, gamma = 0.0001
2021-05-15 22:24:29.550796	Train Epoch: 136 [0/5000 (0%)]	Loss: 0.000000
2021-05-15 22:24:29.669060	Train Epoch: 136 [2560/5000 (53%)]	Loss: 0.000000
====> Epoch: 136 Average loss: 0.0000
Train epoch = 137, alpha = 14.440195873340702, beta = 1e-07, gamma = 0.0001
2021-05-15 22:24:29.762628	Train Epoch: 137 [0/5000 (0%)]	Loss: 0.000000
2021-05-15 22:24:29.856994	Train Epoch: 137 [2560/5000 (53%)]	Loss: 0.000000
====> Epoch: 137 Average loss: 0.0000
Train epoch = 138, alpha = 14.440195873340702, beta = 1e-07, gamma = 0.0001
2021-05-15 22:24:29.954207	Train Epoch: 138 [0/5000 (0%)]	Loss: 0.000000
2021-05-15 22:24:30.070451	Train Epoch: 138 [2560/5000 (53%)]	Loss: 0.000000
====> Epoch: 138 Average loss: 0.0000
Train epoch = 139, alpha = 15.350482354741938, beta = 1e-07, gamma = 0.0001
2021-05-15 22:24:30.163395	Train Epoch: 139 [0/5000 (0%)]	Loss: 0.000000
2021-05-15 22:24:30.259349	Train Epoch: 139 [2560/5000 (53%)]	Loss: 0.000000
====> Epoch: 139 Average loss: 0.0000
Train epoch = 140, alpha = 15.350482354741938, beta = 1e-07, gamma = 0.0001
2021-05-15 22:24:30.352987	Train Epoch: 140 [0/5000 (0%)]	Loss: 0.000000
2021-05-15 22:24:30.449912	Train Epoch: 140 [2560/5000 (53%)]	Loss: 0.000000
====> Epoch: 140 Average loss: 0.0000
Train epoch = 141, alpha = 15.350482354741938, beta = 1e-07, gamma = 0.0001
2021-05-15 22:24:30.544085	Train Epoch: 141 [0/5000 (0%)]	Loss: 0.000000
2021-05-15 22:24:30.657204	Train Epoch: 141 [2560/5000 (53%)]	Loss: 0.000000
====> Epoch: 141 Average loss: 0.0000
Train epoch = 142, alpha = 15.350482354741938, beta = 1e-07, gamma = 0.0001
2021-05-15 22:24:30.751371	Train Epoch: 142 [0/5000 (0%)]	Loss: 0.000000
2021-05-15 22:24:30.846096	Train Epoch: 142 [2560/5000 (53%)]	Loss: 0.000000
====> Epoch: 142 Average loss: 0.0000
Train epoch = 143, alpha = 15.350482354741938, beta = 1e-07, gamma = 0.0001
2021-05-15 22:24:30.942677	Train Epoch: 143 [0/5000 (0%)]	Loss: 0.000000
2021-05-15 22:24:31.035728	Train Epoch: 143 [2560/5000 (53%)]	Loss: 0.000000
====> Epoch: 143 Average loss: 0.0000
Train epoch = 144, alpha = 16.29837672498614, beta = 1e-07, gamma = 0.0001
2021-05-15 22:24:31.129206	Train Epoch: 144 [0/5000 (0%)]	Loss: 0.000000
2021-05-15 22:24:31.228056	Train Epoch: 144 [2560/5000 (53%)]	Loss: 0.000000
====> Epoch: 144 Average loss: 0.0000
Train epoch = 145, alpha = 16.29837672498614, beta = 1e-07, gamma = 0.0001
2021-05-15 22:24:31.323266	Train Epoch: 145 [0/5000 (0%)]	Loss: 0.000000
2021-05-15 22:24:31.416614	Train Epoch: 145 [2560/5000 (53%)]	Loss: 0.000000
====> Epoch: 145 Average loss: 0.0000
Train epoch = 146, alpha = 16.29837672498614, beta = 1e-07, gamma = 0.0001
2021-05-15 22:24:31.523712	Train Epoch: 146 [0/5000 (0%)]	Loss: 0.000000
2021-05-15 22:24:31.648628	Train Epoch: 146 [2560/5000 (53%)]	Loss: 0.000000
====> Epoch: 146 Average loss: 0.0000
Train epoch = 147, alpha = 16.29837672498614, beta = 1e-07, gamma = 0.0001
2021-05-15 22:24:31.742859	Train Epoch: 147 [0/5000 (0%)]	Loss: 0.000000
2021-05-15 22:24:31.858967	Train Epoch: 147 [2560/5000 (53%)]	Loss: 0.000000
====> Epoch: 147 Average loss: 0.0000
Train epoch = 148, alpha = 16.29837672498614, beta = 1e-07, gamma = 0.0001
2021-05-15 22:24:31.954012	Train Epoch: 148 [0/5000 (0%)]	Loss: 0.000000
2021-05-15 22:24:32.049176	Train Epoch: 148 [2560/5000 (53%)]	Loss: 0.000000
====> Epoch: 148 Average loss: 0.0000
Train epoch = 149, alpha = 17.28510792195538, beta = 1e-07, gamma = 0.0001
2021-05-15 22:24:32.143796	Train Epoch: 149 [0/5000 (0%)]	Loss: 0.000000
2021-05-15 22:24:32.241715	Train Epoch: 149 [2560/5000 (53%)]	Loss: 0.000000
====> Epoch: 149 Average loss: 0.0000
Starting lap 4 for evolution on synthetic_clusters data in mode train...
Running k-means...
Running k-means...
shape of s torch.Size([2, 4])
Running k-segments...
s1 shape:  torch.Size([18, 2])
s2 shape:  torch.Size([18, 2])
s_alphas shape:  torch.Size([18, 2])
s1 shape:  torch.Size([18, 2])
s2 shape:  torch.Size([18, 2])
s_alphas shape:  torch.Size([18, 2])
s1 shape:  torch.Size([2, 2])
s2 shape:  torch.Size([2, 2])
shape s_inter_rec_np =  (18, 2)
i = 0, X_full shape = (5002, 2)
i = 1, X_full shape = (5022, 2)
i = 2, X_full shape = (5022, 2)
i = 3, X_full shape = (5002, 2)
i = 4, X_full shape = (5020, 2)
i = 0, X_full shape = (5002, 2)
i = 1, X_full shape = (5022, 2)
i = 2, X_full shape = (5022, 2)
i = 3, X_full shape = (5002, 2)
i = 4, X_full shape = (5020, 2)
['ACC = 0.995', 'NMI = 0.953', 'ARI = 0.979']
Lap 4 for evolution DONE!
Train epoch = 150, alpha = 17.28510792195538, beta = 1e-07, gamma = 0.0001
2021-05-15 22:24:35.987800	Train Epoch: 150 [0/5000 (0%)]	Loss: 0.000000
2021-05-15 22:24:36.084789	Train Epoch: 150 [2560/5000 (53%)]	Loss: 0.000000
====> Epoch: 150 Average loss: 0.0000
Train epoch = 151, alpha = 17.28510792195538, beta = 1e-07, gamma = 0.0001
2021-05-15 22:24:36.178514	Train Epoch: 151 [0/5000 (0%)]	Loss: 0.000000
2021-05-15 22:24:36.274598	Train Epoch: 151 [2560/5000 (53%)]	Loss: 0.000000
====> Epoch: 151 Average loss: 0.0000
Train epoch = 152, alpha = 17.28510792195538, beta = 1e-07, gamma = 0.0001
2021-05-15 22:24:36.369590	Train Epoch: 152 [0/5000 (0%)]	Loss: 0.000000
2021-05-15 22:24:36.465031	Train Epoch: 152 [2560/5000 (53%)]	Loss: 0.000000
====> Epoch: 152 Average loss: 0.0000
Train epoch = 153, alpha = 17.28510792195538, beta = 1e-07, gamma = 0.0001
2021-05-15 22:24:36.559773	Train Epoch: 153 [0/5000 (0%)]	Loss: 0.000000
2021-05-15 22:24:36.653054	Train Epoch: 153 [2560/5000 (53%)]	Loss: 0.000000
====> Epoch: 153 Average loss: 0.0000
Train epoch = 154, alpha = 18.311936567640323, beta = 1e-07, gamma = 0.0001
2021-05-15 22:24:36.750471	Train Epoch: 154 [0/5000 (0%)]	Loss: 0.000000
2021-05-15 22:24:36.849365	Train Epoch: 154 [2560/5000 (53%)]	Loss: 0.000000
====> Epoch: 154 Average loss: 0.0000
Train epoch = 155, alpha = 18.311936567640323, beta = 1e-07, gamma = 0.0001
2021-05-15 22:24:36.945176	Train Epoch: 155 [0/5000 (0%)]	Loss: 0.000000
2021-05-15 22:24:37.042966	Train Epoch: 155 [2560/5000 (53%)]	Loss: 0.000000
====> Epoch: 155 Average loss: 0.0000
Train epoch = 156, alpha = 18.311936567640323, beta = 1e-07, gamma = 0.0001
2021-05-15 22:24:37.137309	Train Epoch: 156 [0/5000 (0%)]	Loss: 0.000000
2021-05-15 22:24:37.229962	Train Epoch: 156 [2560/5000 (53%)]	Loss: 0.000000
====> Epoch: 156 Average loss: 0.0000
Train epoch = 157, alpha = 18.311936567640323, beta = 1e-07, gamma = 0.0001
2021-05-15 22:24:37.326999	Train Epoch: 157 [0/5000 (0%)]	Loss: 0.000000
2021-05-15 22:24:37.445063	Train Epoch: 157 [2560/5000 (53%)]	Loss: 0.000000
====> Epoch: 157 Average loss: 0.0000
Train epoch = 158, alpha = 18.311936567640323, beta = 1e-07, gamma = 0.0001
2021-05-15 22:24:37.542632	Train Epoch: 158 [0/5000 (0%)]	Loss: 0.000000
2021-05-15 22:24:37.638098	Train Epoch: 158 [2560/5000 (53%)]	Loss: 0.000000
====> Epoch: 158 Average loss: 0.0000
Train epoch = 159, alpha = 19.380155954520465, beta = 1e-07, gamma = 0.0001
2021-05-15 22:24:37.733842	Train Epoch: 159 [0/5000 (0%)]	Loss: 0.000000
2021-05-15 22:24:37.830115	Train Epoch: 159 [2560/5000 (53%)]	Loss: 0.000000
====> Epoch: 159 Average loss: 0.0000
Train epoch = 160, alpha = 19.380155954520465, beta = 1e-07, gamma = 0.0001
2021-05-15 22:24:37.928264	Train Epoch: 160 [0/5000 (0%)]	Loss: 0.000000
2021-05-15 22:24:38.022599	Train Epoch: 160 [2560/5000 (53%)]	Loss: 0.000000
====> Epoch: 160 Average loss: 0.0000
Train epoch = 161, alpha = 19.380155954520465, beta = 1e-07, gamma = 0.0001
2021-05-15 22:24:38.116446	Train Epoch: 161 [0/5000 (0%)]	Loss: 0.000000
2021-05-15 22:24:38.214862	Train Epoch: 161 [2560/5000 (53%)]	Loss: 0.000000
====> Epoch: 161 Average loss: 0.0000
Train epoch = 162, alpha = 19.380155954520465, beta = 1e-07, gamma = 0.0001
2021-05-15 22:24:38.307068	Train Epoch: 162 [0/5000 (0%)]	Loss: 0.000000
2021-05-15 22:24:38.404738	Train Epoch: 162 [2560/5000 (53%)]	Loss: 0.000000
====> Epoch: 162 Average loss: 0.0000
Train epoch = 163, alpha = 19.380155954520465, beta = 1e-07, gamma = 0.0001
2021-05-15 22:24:38.497670	Train Epoch: 163 [0/5000 (0%)]	Loss: 0.000000
2021-05-15 22:24:38.616218	Train Epoch: 163 [2560/5000 (53%)]	Loss: 0.000000
====> Epoch: 163 Average loss: 0.0000
Train epoch = 164, alpha = 20.4910930196826, beta = 1e-07, gamma = 0.0001
2021-05-15 22:24:38.712586	Train Epoch: 164 [0/5000 (0%)]	Loss: 0.000000
2021-05-15 22:24:38.826027	Train Epoch: 164 [2560/5000 (53%)]	Loss: 0.000000
====> Epoch: 164 Average loss: 0.0000
Train epoch = 165, alpha = 20.4910930196826, beta = 1e-07, gamma = 0.0001
2021-05-15 22:24:38.939622	Train Epoch: 165 [0/5000 (0%)]	Loss: 0.000000
2021-05-15 22:24:39.033266	Train Epoch: 165 [2560/5000 (53%)]	Loss: 0.000000
====> Epoch: 165 Average loss: 0.0000
Train epoch = 166, alpha = 20.4910930196826, beta = 1e-07, gamma = 0.0001
2021-05-15 22:24:39.124966	Train Epoch: 166 [0/5000 (0%)]	Loss: 0.000000
2021-05-15 22:24:39.220329	Train Epoch: 166 [2560/5000 (53%)]	Loss: 0.000000
====> Epoch: 166 Average loss: 0.0000
Train epoch = 167, alpha = 20.4910930196826, beta = 1e-07, gamma = 0.0001
2021-05-15 22:24:39.317039	Train Epoch: 167 [0/5000 (0%)]	Loss: 0.000000
2021-05-15 22:24:39.412080	Train Epoch: 167 [2560/5000 (53%)]	Loss: 0.000000
====> Epoch: 167 Average loss: 0.0000
Train epoch = 168, alpha = 20.4910930196826, beta = 1e-07, gamma = 0.0001
2021-05-15 22:24:39.506366	Train Epoch: 168 [0/5000 (0%)]	Loss: 0.000000
2021-05-15 22:24:39.600954	Train Epoch: 168 [2560/5000 (53%)]	Loss: 0.000000
====> Epoch: 168 Average loss: 0.0000
Train epoch = 169, alpha = 21.64610931229765, beta = 1e-07, gamma = 0.0001
2021-05-15 22:24:39.694349	Train Epoch: 169 [0/5000 (0%)]	Loss: 0.000000
2021-05-15 22:24:39.790462	Train Epoch: 169 [2560/5000 (53%)]	Loss: 0.000000
====> Epoch: 169 Average loss: 0.0000
Train epoch = 170, alpha = 21.64610931229765, beta = 1e-07, gamma = 0.0001
2021-05-15 22:24:39.885097	Train Epoch: 170 [0/5000 (0%)]	Loss: 0.000000
2021-05-15 22:24:39.979667	Train Epoch: 170 [2560/5000 (53%)]	Loss: 0.000000
====> Epoch: 170 Average loss: 0.0000
Train epoch = 171, alpha = 21.64610931229765, beta = 1e-07, gamma = 0.0001
2021-05-15 22:24:40.075223	Train Epoch: 171 [0/5000 (0%)]	Loss: 0.000000
2021-05-15 22:24:40.168703	Train Epoch: 171 [2560/5000 (53%)]	Loss: 0.000000
====> Epoch: 171 Average loss: 0.0000
Train epoch = 172, alpha = 21.64610931229765, beta = 1e-07, gamma = 0.0001
2021-05-15 22:24:40.262758	Train Epoch: 172 [0/5000 (0%)]	Loss: 0.000000
2021-05-15 22:24:40.356542	Train Epoch: 172 [2560/5000 (53%)]	Loss: 0.000000
====> Epoch: 172 Average loss: 0.0000
Train epoch = 173, alpha = 21.64610931229765, beta = 1e-07, gamma = 0.0001
2021-05-15 22:24:40.452015	Train Epoch: 173 [0/5000 (0%)]	Loss: 0.000000
2021-05-15 22:24:40.546782	Train Epoch: 173 [2560/5000 (53%)]	Loss: 0.000000
====> Epoch: 173 Average loss: 0.0000
Train epoch = 174, alpha = 22.846601959033872, beta = 1e-07, gamma = 0.0001
2021-05-15 22:24:40.640363	Train Epoch: 174 [0/5000 (0%)]	Loss: 0.000000
2021-05-15 22:24:40.733690	Train Epoch: 174 [2560/5000 (53%)]	Loss: 0.000000
====> Epoch: 174 Average loss: 0.0000
Train epoch = 175, alpha = 22.846601959033872, beta = 1e-07, gamma = 0.0001
2021-05-15 22:24:40.829640	Train Epoch: 175 [0/5000 (0%)]	Loss: 0.000000
2021-05-15 22:24:40.942838	Train Epoch: 175 [2560/5000 (53%)]	Loss: 0.000000
====> Epoch: 175 Average loss: 0.0000
Train epoch = 176, alpha = 22.846601959033872, beta = 1e-07, gamma = 0.0001
2021-05-15 22:24:41.038336	Train Epoch: 176 [0/5000 (0%)]	Loss: 0.000000
2021-05-15 22:24:41.153425	Train Epoch: 176 [2560/5000 (53%)]	Loss: 0.000000
====> Epoch: 176 Average loss: 0.0000
Train epoch = 177, alpha = 22.846601959033872, beta = 1e-07, gamma = 0.0001
2021-05-15 22:24:41.265862	Train Epoch: 177 [0/5000 (0%)]	Loss: 0.000000
2021-05-15 22:24:41.408719	Train Epoch: 177 [2560/5000 (53%)]	Loss: 0.000000
====> Epoch: 177 Average loss: 0.0000
Train epoch = 178, alpha = 22.846601959033872, beta = 1e-07, gamma = 0.0001
2021-05-15 22:24:41.522503	Train Epoch: 178 [0/5000 (0%)]	Loss: 0.000000
2021-05-15 22:24:41.648022	Train Epoch: 178 [2560/5000 (53%)]	Loss: 0.000000
====> Epoch: 178 Average loss: 0.0000
Train epoch = 179, alpha = 24.094004631173387, beta = 1e-07, gamma = 0.0001
2021-05-15 22:24:41.747445	Train Epoch: 179 [0/5000 (0%)]	Loss: 0.000000
2021-05-15 22:24:41.852400	Train Epoch: 179 [2560/5000 (53%)]	Loss: 0.000000
====> Epoch: 179 Average loss: 0.0000
Train epoch = 180, alpha = 24.094004631173387, beta = 1e-07, gamma = 0.0001
2021-05-15 22:24:41.949767	Train Epoch: 180 [0/5000 (0%)]	Loss: 0.000000
2021-05-15 22:24:42.049079	Train Epoch: 180 [2560/5000 (53%)]	Loss: 0.000000
====> Epoch: 180 Average loss: 0.0000
Train epoch = 181, alpha = 24.094004631173387, beta = 1e-07, gamma = 0.0001
2021-05-15 22:24:42.146546	Train Epoch: 181 [0/5000 (0%)]	Loss: 0.000000
2021-05-15 22:24:42.250307	Train Epoch: 181 [2560/5000 (53%)]	Loss: 0.000000
====> Epoch: 181 Average loss: 0.0000
Train epoch = 182, alpha = 24.094004631173387, beta = 1e-07, gamma = 0.0001
2021-05-15 22:24:42.347992	Train Epoch: 182 [0/5000 (0%)]	Loss: 0.000000
2021-05-15 22:24:42.443269	Train Epoch: 182 [2560/5000 (53%)]	Loss: 0.000000
====> Epoch: 182 Average loss: 0.0000
Train epoch = 183, alpha = 24.094004631173387, beta = 1e-07, gamma = 0.0001
2021-05-15 22:24:42.541638	Train Epoch: 183 [0/5000 (0%)]	Loss: 0.000000
2021-05-15 22:24:42.682765	Train Epoch: 183 [2560/5000 (53%)]	Loss: 0.000000
====> Epoch: 183 Average loss: 0.0000
Train epoch = 184, alpha = 25.38978851656256, beta = 1e-07, gamma = 0.0001
2021-05-15 22:24:42.780799	Train Epoch: 184 [0/5000 (0%)]	Loss: 0.000000
2021-05-15 22:24:42.903100	Train Epoch: 184 [2560/5000 (53%)]	Loss: 0.000000
====> Epoch: 184 Average loss: 0.0000
Train epoch = 185, alpha = 25.38978851656256, beta = 1e-07, gamma = 0.0001
2021-05-15 22:24:43.001395	Train Epoch: 185 [0/5000 (0%)]	Loss: 0.000000
2021-05-15 22:24:43.101457	Train Epoch: 185 [2560/5000 (53%)]	Loss: 0.000000
====> Epoch: 185 Average loss: 0.0000
Train epoch = 186, alpha = 25.38978851656256, beta = 1e-07, gamma = 0.0001
2021-05-15 22:24:43.199519	Train Epoch: 186 [0/5000 (0%)]	Loss: 0.000000
2021-05-15 22:24:43.323964	Train Epoch: 186 [2560/5000 (53%)]	Loss: 0.000000
====> Epoch: 186 Average loss: 0.0000
Train epoch = 187, alpha = 25.38978851656256, beta = 1e-07, gamma = 0.0001
2021-05-15 22:24:43.420708	Train Epoch: 187 [0/5000 (0%)]	Loss: 0.000000
2021-05-15 22:24:43.517547	Train Epoch: 187 [2560/5000 (53%)]	Loss: 0.000000
====> Epoch: 187 Average loss: 0.0000
Train epoch = 188, alpha = 25.38978851656256, beta = 1e-07, gamma = 0.0001
2021-05-15 22:24:43.611900	Train Epoch: 188 [0/5000 (0%)]	Loss: 0.000000
2021-05-15 22:24:43.708245	Train Epoch: 188 [2560/5000 (53%)]	Loss: 0.000000
====> Epoch: 188 Average loss: 0.0000
Train epoch = 189, alpha = 26.735463299025135, beta = 1e-07, gamma = 0.0001
2021-05-15 22:24:43.805537	Train Epoch: 189 [0/5000 (0%)]	Loss: 0.000000
2021-05-15 22:24:43.902943	Train Epoch: 189 [2560/5000 (53%)]	Loss: 0.000000
====> Epoch: 189 Average loss: 0.0000
Train epoch = 190, alpha = 26.735463299025135, beta = 1e-07, gamma = 0.0001
2021-05-15 22:24:43.997526	Train Epoch: 190 [0/5000 (0%)]	Loss: 0.000000
2021-05-15 22:24:44.112203	Train Epoch: 190 [2560/5000 (53%)]	Loss: 0.000000
====> Epoch: 190 Average loss: 0.0000
Train epoch = 191, alpha = 26.735463299025135, beta = 1e-07, gamma = 0.0001
2021-05-15 22:24:44.209197	Train Epoch: 191 [0/5000 (0%)]	Loss: 0.000000
2021-05-15 22:24:44.321313	Train Epoch: 191 [2560/5000 (53%)]	Loss: 0.000000
====> Epoch: 191 Average loss: 0.0000
Train epoch = 192, alpha = 26.735463299025135, beta = 1e-07, gamma = 0.0001
2021-05-15 22:24:44.417049	Train Epoch: 192 [0/5000 (0%)]	Loss: 0.000000
2021-05-15 22:24:44.530792	Train Epoch: 192 [2560/5000 (53%)]	Loss: 0.000000
====> Epoch: 192 Average loss: 0.0000
Train epoch = 193, alpha = 26.735463299025135, beta = 1e-07, gamma = 0.0001
2021-05-15 22:24:44.625449	Train Epoch: 193 [0/5000 (0%)]	Loss: 0.000000
2021-05-15 22:24:44.722816	Train Epoch: 193 [2560/5000 (53%)]	Loss: 0.000000
====> Epoch: 193 Average loss: 0.0000
Train epoch = 194, alpha = 28.13257814746897, beta = 1e-07, gamma = 0.0001
2021-05-15 22:24:44.817074	Train Epoch: 194 [0/5000 (0%)]	Loss: 0.000000
2021-05-15 22:24:44.928262	Train Epoch: 194 [2560/5000 (53%)]	Loss: 0.000000
====> Epoch: 194 Average loss: 0.0000
Train epoch = 195, alpha = 28.13257814746897, beta = 1e-07, gamma = 0.0001
2021-05-15 22:24:45.023006	Train Epoch: 195 [0/5000 (0%)]	Loss: 0.000000
2021-05-15 22:24:45.117853	Train Epoch: 195 [2560/5000 (53%)]	Loss: 0.000000
====> Epoch: 195 Average loss: 0.0000
Train epoch = 196, alpha = 28.13257814746897, beta = 1e-07, gamma = 0.0001
2021-05-15 22:24:45.210172	Train Epoch: 196 [0/5000 (0%)]	Loss: 0.000000
2021-05-15 22:24:45.303461	Train Epoch: 196 [2560/5000 (53%)]	Loss: 0.000000
====> Epoch: 196 Average loss: 0.0000
Train epoch = 197, alpha = 28.13257814746897, beta = 1e-07, gamma = 0.0001
2021-05-15 22:24:45.398741	Train Epoch: 197 [0/5000 (0%)]	Loss: 0.000000
2021-05-15 22:24:45.493299	Train Epoch: 197 [2560/5000 (53%)]	Loss: 0.000000
====> Epoch: 197 Average loss: 0.0000
Train epoch = 198, alpha = 28.13257814746897, beta = 1e-07, gamma = 0.0001
2021-05-15 22:24:45.587829	Train Epoch: 198 [0/5000 (0%)]	Loss: 0.000000
2021-05-15 22:24:45.682840	Train Epoch: 198 [2560/5000 (53%)]	Loss: 0.000000
====> Epoch: 198 Average loss: 0.0000
Train epoch = 199, alpha = 29.582722716600045, beta = 1e-07, gamma = 0.0001
2021-05-15 22:24:45.781785	Train Epoch: 199 [0/5000 (0%)]	Loss: 0.000000
2021-05-15 22:24:45.896717	Train Epoch: 199 [2560/5000 (53%)]	Loss: 0.000000
====> Epoch: 199 Average loss: 0.0000
Saving model...
Training DONE!
Loading dataset synthetic_clusters...
Shape X_train:  (5000, 2)
Shape Y_train:  (5000,)
Shape X_test:  (1000, 2)
Shape Y_test:  (1000,)
Dataset loaded!
Initialization of the model...
Scheme train: annealing
Rep init type: fixed_length_random
Space init: latent
Type loss: log_dist
Model:  AE(
  (encoder): Encoder(
    (hidden): ModuleList()
    (out): Linear(in_features=2, out_features=2, bias=True)
  )
  (decoder): Decoder(
    (hidden): ModuleList()
    (out): Linear(in_features=2, out_features=2, bias=True)
  )
)
Starting testing on synthetic_clusters data in mode test...
Running k-means...
Running k-means...
shape of s torch.Size([2, 4])
Running k-segments...
s1 shape:  torch.Size([18, 2])
s2 shape:  torch.Size([18, 2])
s_alphas shape:  torch.Size([18, 2])
s1 shape:  torch.Size([18, 2])
s2 shape:  torch.Size([18, 2])
s_alphas shape:  torch.Size([18, 2])
s1 shape:  torch.Size([2, 2])
s2 shape:  torch.Size([2, 2])
shape s_inter_rec_np =  (18, 2)
i = 0, X_full shape = (1002, 2)
i = 1, X_full shape = (1022, 2)
i = 2, X_full shape = (1022, 2)
i = 3, X_full shape = (1002, 2)
i = 4, X_full shape = (1020, 2)
i = 0, X_full shape = (1002, 2)
i = 1, X_full shape = (1022, 2)
i = 2, X_full shape = (1022, 2)
i = 3, X_full shape = (1002, 2)
i = 4, X_full shape = (1020, 2)
['ACC = 0.994', 'NMI = 0.948', 'ARI = 0.976']
Final testing DONE!
