Loading dataset synthetic_functions...
Shape X_train:  (6000, 2)
Shape Y_train:  (6000,)
Shape X_test:  (1000, 2)
Shape Y_test:  (1000,)
Dataset loaded!
Initialization of the model...
Scheme train: annealing
Rep init type: fixed_length_random
Space init: latent
Type loss: log_dist
Model:  AE(
  (encoder): Encoder(
    (hidden): ModuleList()
    (out): Linear(in_features=2, out_features=2, bias=True)
  )
  (decoder): Decoder(
    (hidden): ModuleList()
    (out): Linear(in_features=2, out_features=2, bias=True)
  )
)
Starting training on synthetic_functions...
Starting lap 1 for evolution on synthetic_functions data in mode train...
Running k-means...
Running k-means...
shape of s torch.Size([2, 4])
Running k-segments...
s1 shape:  torch.Size([18, 2])
s2 shape:  torch.Size([18, 2])
s_alphas shape:  torch.Size([18, 2])
s1 shape:  torch.Size([18, 2])
s2 shape:  torch.Size([18, 2])
s_alphas shape:  torch.Size([18, 2])
s1 shape:  torch.Size([2, 2])
s2 shape:  torch.Size([2, 2])
shape s_inter_rec_np =  (18, 2)
i = 0, X_full shape = (6002, 2)
i = 1, X_full shape = (6022, 2)
i = 2, X_full shape = (6022, 2)
i = 3, X_full shape = (6002, 2)
i = 4, X_full shape = (6020, 2)
i = 0, X_full shape = (6002, 2)
i = 1, X_full shape = (6022, 2)
i = 2, X_full shape = (6022, 2)
i = 3, X_full shape = (6002, 2)
i = 4, X_full shape = (6020, 2)
['ACC = 0.954', 'NMI = 0.776', 'ARI = 0.826']
Lap 1 for evolution DONE!
Train epoch = 0, alpha = 0.1, beta = 0.1, gamma = 0.0001
2021-05-16 00:06:55.642541	Train Epoch: 0 [0/6000 (0%)]	Loss: 1.025532
2021-05-16 00:06:55.735177	Train Epoch: 0 [2560/6000 (43%)]	Loss: 0.963065
2021-05-16 00:06:55.825976	Train Epoch: 0 [5120/6000 (87%)]	Loss: 1.026855
====> Epoch: 0 Average loss: 0.9953
Train epoch = 1, alpha = 0.1, beta = 0.1, gamma = 0.0001
2021-05-16 00:06:55.866037	Train Epoch: 1 [0/6000 (0%)]	Loss: 0.938509
2021-05-16 00:06:55.961960	Train Epoch: 1 [2560/6000 (43%)]	Loss: 0.894622
2021-05-16 00:06:56.051558	Train Epoch: 1 [5120/6000 (87%)]	Loss: 0.818370
====> Epoch: 1 Average loss: 0.8855
Train epoch = 2, alpha = 0.1, beta = 0.1, gamma = 0.0001
2021-05-16 00:06:56.090063	Train Epoch: 2 [0/6000 (0%)]	Loss: 0.786034
2021-05-16 00:06:56.187923	Train Epoch: 2 [2560/6000 (43%)]	Loss: 0.720326
2021-05-16 00:06:56.279556	Train Epoch: 2 [5120/6000 (87%)]	Loss: 0.800846
====> Epoch: 2 Average loss: 0.7947
Train epoch = 3, alpha = 0.1, beta = 0.1, gamma = 0.0001
2021-05-16 00:06:56.318064	Train Epoch: 3 [0/6000 (0%)]	Loss: 0.748192
2021-05-16 00:06:56.415994	Train Epoch: 3 [2560/6000 (43%)]	Loss: 0.695117
2021-05-16 00:06:56.508881	Train Epoch: 3 [5120/6000 (87%)]	Loss: 0.591944
====> Epoch: 3 Average loss: 0.7106
Train epoch = 4, alpha = 0.42320861065570825, beta = 0.1, gamma = 0.0001
2021-05-16 00:06:56.554617	Train Epoch: 4 [0/6000 (0%)]	Loss: 0.672654
2021-05-16 00:06:56.655904	Train Epoch: 4 [2560/6000 (43%)]	Loss: 0.616074
2021-05-16 00:06:56.751474	Train Epoch: 4 [5120/6000 (87%)]	Loss: 0.644578
====> Epoch: 4 Average loss: 0.6318
Train epoch = 5, alpha = 0.42320861065570825, beta = 0.1, gamma = 0.0001
2021-05-16 00:06:56.790834	Train Epoch: 5 [0/6000 (0%)]	Loss: 0.516980
2021-05-16 00:06:56.883430	Train Epoch: 5 [2560/6000 (43%)]	Loss: 0.525714
2021-05-16 00:06:56.979428	Train Epoch: 5 [5120/6000 (87%)]	Loss: 0.504054
====> Epoch: 5 Average loss: 0.5708
Train epoch = 6, alpha = 0.42320861065570825, beta = 0.1, gamma = 0.0001
2021-05-16 00:06:57.014045	Train Epoch: 6 [0/6000 (0%)]	Loss: 0.480774
2021-05-16 00:06:57.110054	Train Epoch: 6 [2560/6000 (43%)]	Loss: 0.495712
2021-05-16 00:06:57.207913	Train Epoch: 6 [5120/6000 (87%)]	Loss: 0.445463
====> Epoch: 6 Average loss: 0.5138
Train epoch = 7, alpha = 0.42320861065570825, beta = 0.1, gamma = 0.0001
2021-05-16 00:06:57.241453	Train Epoch: 7 [0/6000 (0%)]	Loss: 0.473067
2021-05-16 00:06:57.341000	Train Epoch: 7 [2560/6000 (43%)]	Loss: 0.437200
2021-05-16 00:06:57.434104	Train Epoch: 7 [5120/6000 (87%)]	Loss: 0.423055
====> Epoch: 7 Average loss: 0.4641
Train epoch = 8, alpha = 0.42320861065570825, beta = 0.1, gamma = 0.0001
2021-05-16 00:06:57.466630	Train Epoch: 8 [0/6000 (0%)]	Loss: 0.444319
2021-05-16 00:06:57.564842	Train Epoch: 8 [2560/6000 (43%)]	Loss: 0.396406
2021-05-16 00:06:57.658732	Train Epoch: 8 [5120/6000 (87%)]	Loss: 0.393405
====> Epoch: 8 Average loss: 0.4180
Train epoch = 9, alpha = 0.7515684111296623, beta = 0.1, gamma = 0.0001
2021-05-16 00:06:57.702723	Train Epoch: 9 [0/6000 (0%)]	Loss: 0.373041
2021-05-16 00:06:57.797433	Train Epoch: 9 [2560/6000 (43%)]	Loss: 0.362913
2021-05-16 00:06:57.894635	Train Epoch: 9 [5120/6000 (87%)]	Loss: 0.349703
====> Epoch: 9 Average loss: 0.3743
Train epoch = 10, alpha = 0.7515684111296623, beta = 0.1, gamma = 0.0001
2021-05-16 00:06:57.935121	Train Epoch: 10 [0/6000 (0%)]	Loss: 0.348953
2021-05-16 00:06:58.030202	Train Epoch: 10 [2560/6000 (43%)]	Loss: 0.340960
2021-05-16 00:06:58.125415	Train Epoch: 10 [5120/6000 (87%)]	Loss: 0.300706
====> Epoch: 10 Average loss: 0.3392
Train epoch = 11, alpha = 0.7515684111296623, beta = 0.1, gamma = 0.0001
2021-05-16 00:06:58.158738	Train Epoch: 11 [0/6000 (0%)]	Loss: 0.330992
2021-05-16 00:06:58.259666	Train Epoch: 11 [2560/6000 (43%)]	Loss: 0.289008
2021-05-16 00:06:58.352093	Train Epoch: 11 [5120/6000 (87%)]	Loss: 0.309411
====> Epoch: 11 Average loss: 0.3085
Train epoch = 12, alpha = 0.7515684111296623, beta = 0.1, gamma = 0.0001
2021-05-16 00:06:58.392328	Train Epoch: 12 [0/6000 (0%)]	Loss: 0.285694
2021-05-16 00:06:58.508726	Train Epoch: 12 [2560/6000 (43%)]	Loss: 0.266539
2021-05-16 00:06:58.600976	Train Epoch: 12 [5120/6000 (87%)]	Loss: 0.266094
====> Epoch: 12 Average loss: 0.2806
Train epoch = 13, alpha = 0.7515684111296623, beta = 0.1, gamma = 0.0001
2021-05-16 00:06:58.641598	Train Epoch: 13 [0/6000 (0%)]	Loss: 0.265725
2021-05-16 00:06:58.747231	Train Epoch: 13 [2560/6000 (43%)]	Loss: 0.236776
2021-05-16 00:06:58.845150	Train Epoch: 13 [5120/6000 (87%)]	Loss: 0.236254
====> Epoch: 13 Average loss: 0.2571
Train epoch = 14, alpha = 1.077971160195895, beta = 0.1, gamma = 0.0001
2021-05-16 00:06:58.878850	Train Epoch: 14 [0/6000 (0%)]	Loss: 0.241439
2021-05-16 00:06:58.979617	Train Epoch: 14 [2560/6000 (43%)]	Loss: 0.232223
2021-05-16 00:06:59.078296	Train Epoch: 14 [5120/6000 (87%)]	Loss: 0.201802
====> Epoch: 14 Average loss: 0.2315
Train epoch = 15, alpha = 1.077971160195895, beta = 0.1, gamma = 0.0001
2021-05-16 00:06:59.113450	Train Epoch: 15 [0/6000 (0%)]	Loss: 0.232436
2021-05-16 00:06:59.211532	Train Epoch: 15 [2560/6000 (43%)]	Loss: 0.203308
2021-05-16 00:06:59.303823	Train Epoch: 15 [5120/6000 (87%)]	Loss: 0.175485
====> Epoch: 15 Average loss: 0.2109
Train epoch = 16, alpha = 1.077971160195895, beta = 0.1, gamma = 0.0001
2021-05-16 00:06:59.348001	Train Epoch: 16 [0/6000 (0%)]	Loss: 0.187352
2021-05-16 00:06:59.448549	Train Epoch: 16 [2560/6000 (43%)]	Loss: 0.180594
2021-05-16 00:06:59.547198	Train Epoch: 16 [5120/6000 (87%)]	Loss: 0.164298
====> Epoch: 16 Average loss: 0.1918
Train epoch = 17, alpha = 1.077971160195895, beta = 0.1, gamma = 0.0001
2021-05-16 00:06:59.578249	Train Epoch: 17 [0/6000 (0%)]	Loss: 0.167970
2021-05-16 00:06:59.666569	Train Epoch: 17 [2560/6000 (43%)]	Loss: 0.163790
2021-05-16 00:06:59.749448	Train Epoch: 17 [5120/6000 (87%)]	Loss: 0.155805
====> Epoch: 17 Average loss: 0.1741
Train epoch = 18, alpha = 1.077971160195895, beta = 0.1, gamma = 0.0001
2021-05-16 00:06:59.780466	Train Epoch: 18 [0/6000 (0%)]	Loss: 0.170904
2021-05-16 00:06:59.865746	Train Epoch: 18 [2560/6000 (43%)]	Loss: 0.155334
2021-05-16 00:06:59.950278	Train Epoch: 18 [5120/6000 (87%)]	Loss: 0.142827
====> Epoch: 18 Average loss: 0.1555
Train epoch = 19, alpha = 1.4087110115785935, beta = 0.1, gamma = 0.0001
2021-05-16 00:06:59.981401	Train Epoch: 19 [0/6000 (0%)]	Loss: 0.149244
2021-05-16 00:07:00.069329	Train Epoch: 19 [2560/6000 (43%)]	Loss: 0.123552
2021-05-16 00:07:00.153060	Train Epoch: 19 [5120/6000 (87%)]	Loss: 0.124049
====> Epoch: 19 Average loss: 0.1358
Train epoch = 20, alpha = 1.4087110115785935, beta = 0.1, gamma = 0.0001
2021-05-16 00:07:00.190629	Train Epoch: 20 [0/6000 (0%)]	Loss: 0.117601
2021-05-16 00:07:00.276538	Train Epoch: 20 [2560/6000 (43%)]	Loss: 0.129825
2021-05-16 00:07:00.357197	Train Epoch: 20 [5120/6000 (87%)]	Loss: 0.098991
====> Epoch: 20 Average loss: 0.1196
Train epoch = 21, alpha = 1.4087110115785935, beta = 0.1, gamma = 0.0001
2021-05-16 00:07:00.400710	Train Epoch: 21 [0/6000 (0%)]	Loss: 0.105174
2021-05-16 00:07:00.497907	Train Epoch: 21 [2560/6000 (43%)]	Loss: 0.102143
2021-05-16 00:07:00.592529	Train Epoch: 21 [5120/6000 (87%)]	Loss: 0.086304
====> Epoch: 21 Average loss: 0.1028
Train epoch = 22, alpha = 1.4087110115785935, beta = 0.1, gamma = 0.0001
2021-05-16 00:07:00.630154	Train Epoch: 22 [0/6000 (0%)]	Loss: 0.086795
2021-05-16 00:07:00.730321	Train Epoch: 22 [2560/6000 (43%)]	Loss: 0.084543
2021-05-16 00:07:00.822285	Train Epoch: 22 [5120/6000 (87%)]	Loss: 0.070391
====> Epoch: 22 Average loss: 0.0872
Train epoch = 23, alpha = 1.4087110115785935, beta = 0.1, gamma = 0.0001
2021-05-16 00:07:00.862271	Train Epoch: 23 [0/6000 (0%)]	Loss: 0.086444
2021-05-16 00:07:00.962104	Train Epoch: 23 [2560/6000 (43%)]	Loss: 0.057764
2021-05-16 00:07:01.061968	Train Epoch: 23 [5120/6000 (87%)]	Loss: 0.066592
====> Epoch: 23 Average loss: 0.0716
Train epoch = 24, alpha = 1.7481914085889256, beta = 0.1, gamma = 0.0001
2021-05-16 00:07:01.098300	Train Epoch: 24 [0/6000 (0%)]	Loss: 0.053957
2021-05-16 00:07:01.199656	Train Epoch: 24 [2560/6000 (43%)]	Loss: 0.046597
2021-05-16 00:07:01.293372	Train Epoch: 24 [5120/6000 (87%)]	Loss: 0.043374
====> Epoch: 24 Average loss: 0.0533
Train epoch = 25, alpha = 1.7481914085889256, beta = 0.1, gamma = 0.0001
2021-05-16 00:07:01.333317	Train Epoch: 25 [0/6000 (0%)]	Loss: 0.047844
2021-05-16 00:07:01.434992	Train Epoch: 25 [2560/6000 (43%)]	Loss: 0.043572
2021-05-16 00:07:01.536179	Train Epoch: 25 [5120/6000 (87%)]	Loss: 0.035237
====> Epoch: 25 Average loss: 0.0376
Train epoch = 26, alpha = 1.7481914085889256, beta = 0.1, gamma = 0.0001
2021-05-16 00:07:01.575816	Train Epoch: 26 [0/6000 (0%)]	Loss: 0.024563
2021-05-16 00:07:01.679005	Train Epoch: 26 [2560/6000 (43%)]	Loss: 0.028072
2021-05-16 00:07:01.771869	Train Epoch: 26 [5120/6000 (87%)]	Loss: 0.027791
====> Epoch: 26 Average loss: 0.0220
Train epoch = 27, alpha = 1.7481914085889256, beta = 0.1, gamma = 0.0001
2021-05-16 00:07:01.813500	Train Epoch: 27 [0/6000 (0%)]	Loss: 0.010357
2021-05-16 00:07:01.912869	Train Epoch: 27 [2560/6000 (43%)]	Loss: 0.006300
2021-05-16 00:07:02.012171	Train Epoch: 27 [5120/6000 (87%)]	Loss: 0.013729
====> Epoch: 27 Average loss: 0.0077
Train epoch = 28, alpha = 1.7481914085889256, beta = 0.1, gamma = 0.0001
2021-05-16 00:07:02.050593	Train Epoch: 28 [0/6000 (0%)]	Loss: 0.002633
2021-05-16 00:07:02.161544	Train Epoch: 28 [2560/6000 (43%)]	Loss: -0.003645
2021-05-16 00:07:02.266039	Train Epoch: 28 [5120/6000 (87%)]	Loss: -0.009566
====> Epoch: 28 Average loss: -0.0061
Train epoch = 29, alpha = 2.0993673883731723, beta = 0.1, gamma = 0.0001
2021-05-16 00:07:02.312741	Train Epoch: 29 [0/6000 (0%)]	Loss: -0.004818
2021-05-16 00:07:02.418955	Train Epoch: 29 [2560/6000 (43%)]	Loss: -0.018078
2021-05-16 00:07:02.513641	Train Epoch: 29 [5120/6000 (87%)]	Loss: -0.026158
====> Epoch: 29 Average loss: -0.0212
Train epoch = 30, alpha = 2.0993673883731723, beta = 0.1, gamma = 0.0001
2021-05-16 00:07:02.548200	Train Epoch: 30 [0/6000 (0%)]	Loss: -0.017974
2021-05-16 00:07:02.661738	Train Epoch: 30 [2560/6000 (43%)]	Loss: -0.033575
2021-05-16 00:07:02.828589	Train Epoch: 30 [5120/6000 (87%)]	Loss: -0.032474
====> Epoch: 30 Average loss: -0.0326
Train epoch = 31, alpha = 2.0993673883731723, beta = 0.1, gamma = 0.0001
2021-05-16 00:07:02.866251	Train Epoch: 31 [0/6000 (0%)]	Loss: -0.035216
2021-05-16 00:07:02.962728	Train Epoch: 31 [2560/6000 (43%)]	Loss: -0.049046
2021-05-16 00:07:03.061342	Train Epoch: 31 [5120/6000 (87%)]	Loss: -0.044234
====> Epoch: 31 Average loss: -0.0444
Train epoch = 32, alpha = 2.0993673883731723, beta = 0.1, gamma = 0.0001
2021-05-16 00:07:03.098592	Train Epoch: 32 [0/6000 (0%)]	Loss: -0.054488
2021-05-16 00:07:03.198390	Train Epoch: 32 [2560/6000 (43%)]	Loss: -0.032594
2021-05-16 00:07:03.296366	Train Epoch: 32 [5120/6000 (87%)]	Loss: -0.050656
====> Epoch: 32 Average loss: -0.0543
Train epoch = 33, alpha = 2.0993673883731723, beta = 0.1, gamma = 0.0001
2021-05-16 00:07:03.337376	Train Epoch: 33 [0/6000 (0%)]	Loss: -0.063666
2021-05-16 00:07:03.445245	Train Epoch: 33 [2560/6000 (43%)]	Loss: -0.046702
2021-05-16 00:07:03.545099	Train Epoch: 33 [5120/6000 (87%)]	Loss: -0.054451
====> Epoch: 33 Average loss: -0.0625
Train epoch = 34, alpha = 2.464368294574091, beta = 0.1, gamma = 0.0001
2021-05-16 00:07:03.576784	Train Epoch: 34 [0/6000 (0%)]	Loss: -0.069202
2021-05-16 00:07:03.671423	Train Epoch: 34 [2560/6000 (43%)]	Loss: -0.071178
2021-05-16 00:07:03.755749	Train Epoch: 34 [5120/6000 (87%)]	Loss: -0.073759
====> Epoch: 34 Average loss: -0.0721
Train epoch = 35, alpha = 2.464368294574091, beta = 0.1, gamma = 0.0001
2021-05-16 00:07:03.790180	Train Epoch: 35 [0/6000 (0%)]	Loss: -0.066885
2021-05-16 00:07:03.881557	Train Epoch: 35 [2560/6000 (43%)]	Loss: -0.083663
2021-05-16 00:07:03.966534	Train Epoch: 35 [5120/6000 (87%)]	Loss: -0.071905
====> Epoch: 35 Average loss: -0.0805
Train epoch = 36, alpha = 2.464368294574091, beta = 0.1, gamma = 0.0001
2021-05-16 00:07:04.000442	Train Epoch: 36 [0/6000 (0%)]	Loss: -0.071515
2021-05-16 00:07:04.085730	Train Epoch: 36 [2560/6000 (43%)]	Loss: -0.073886
2021-05-16 00:07:04.169476	Train Epoch: 36 [5120/6000 (87%)]	Loss: -0.078905
====> Epoch: 36 Average loss: -0.0871
Train epoch = 37, alpha = 2.464368294574091, beta = 0.1, gamma = 0.0001
2021-05-16 00:07:04.205997	Train Epoch: 37 [0/6000 (0%)]	Loss: -0.072671
2021-05-16 00:07:04.296930	Train Epoch: 37 [2560/6000 (43%)]	Loss: -0.099994
2021-05-16 00:07:04.385016	Train Epoch: 37 [5120/6000 (87%)]	Loss: -0.083352
====> Epoch: 37 Average loss: -0.0932
Train epoch = 38, alpha = 2.464368294574091, beta = 0.1, gamma = 0.0001
2021-05-16 00:07:04.419406	Train Epoch: 38 [0/6000 (0%)]	Loss: -0.084380
2021-05-16 00:07:04.509549	Train Epoch: 38 [2560/6000 (43%)]	Loss: -0.091810
2021-05-16 00:07:04.593508	Train Epoch: 38 [5120/6000 (87%)]	Loss: -0.088884
====> Epoch: 38 Average loss: -0.0989
Train epoch = 39, alpha = 2.844848336696129, beta = 0.1, gamma = 0.0001
2021-05-16 00:07:04.628931	Train Epoch: 39 [0/6000 (0%)]	Loss: -0.100256
2021-05-16 00:07:04.719254	Train Epoch: 39 [2560/6000 (43%)]	Loss: -0.100916
2021-05-16 00:07:04.802810	Train Epoch: 39 [5120/6000 (87%)]	Loss: -0.095041
====> Epoch: 39 Average loss: -0.1055
Train epoch = 40, alpha = 2.844848336696129, beta = 0.1, gamma = 0.0001
2021-05-16 00:07:04.838701	Train Epoch: 40 [0/6000 (0%)]	Loss: -0.103310
2021-05-16 00:07:04.936128	Train Epoch: 40 [2560/6000 (43%)]	Loss: -0.105370
2021-05-16 00:07:05.032294	Train Epoch: 40 [5120/6000 (87%)]	Loss: -0.104954
====> Epoch: 40 Average loss: -0.1098
Train epoch = 41, alpha = 2.844848336696129, beta = 0.1, gamma = 0.0001
2021-05-16 00:07:05.066884	Train Epoch: 41 [0/6000 (0%)]	Loss: -0.112704
2021-05-16 00:07:05.175158	Train Epoch: 41 [2560/6000 (43%)]	Loss: -0.110395
2021-05-16 00:07:05.263541	Train Epoch: 41 [5120/6000 (87%)]	Loss: -0.105331
====> Epoch: 41 Average loss: -0.1146
Train epoch = 42, alpha = 2.844848336696129, beta = 0.1, gamma = 0.0001
2021-05-16 00:07:05.298995	Train Epoch: 42 [0/6000 (0%)]	Loss: -0.118825
2021-05-16 00:07:05.390497	Train Epoch: 42 [2560/6000 (43%)]	Loss: -0.119753
2021-05-16 00:07:05.473132	Train Epoch: 42 [5120/6000 (87%)]	Loss: -0.125105
====> Epoch: 42 Average loss: -0.1184
Train epoch = 43, alpha = 2.844848336696129, beta = 0.1, gamma = 0.0001
2021-05-16 00:07:05.505272	Train Epoch: 43 [0/6000 (0%)]	Loss: -0.103806
2021-05-16 00:07:05.598805	Train Epoch: 43 [2560/6000 (43%)]	Loss: -0.118023
2021-05-16 00:07:05.684225	Train Epoch: 43 [5120/6000 (87%)]	Loss: -0.124040
====> Epoch: 43 Average loss: -0.1221
Train epoch = 44, alpha = 3.242178315324023, beta = 0.1, gamma = 0.0001
2021-05-16 00:07:05.721620	Train Epoch: 44 [0/6000 (0%)]	Loss: -0.121904
2021-05-16 00:07:05.809671	Train Epoch: 44 [2560/6000 (43%)]	Loss: -0.122044
2021-05-16 00:07:05.894452	Train Epoch: 44 [5120/6000 (87%)]	Loss: -0.132802
====> Epoch: 44 Average loss: -0.1266
Train epoch = 45, alpha = 3.242178315324023, beta = 0.1, gamma = 0.0001
2021-05-16 00:07:05.927796	Train Epoch: 45 [0/6000 (0%)]	Loss: -0.125109
2021-05-16 00:07:06.012944	Train Epoch: 45 [2560/6000 (43%)]	Loss: -0.121276
2021-05-16 00:07:06.100240	Train Epoch: 45 [5120/6000 (87%)]	Loss: -0.131105
====> Epoch: 45 Average loss: -0.1296
Train epoch = 46, alpha = 3.242178315324023, beta = 0.1, gamma = 0.0001
2021-05-16 00:07:06.133210	Train Epoch: 46 [0/6000 (0%)]	Loss: -0.134822
2021-05-16 00:07:06.218614	Train Epoch: 46 [2560/6000 (43%)]	Loss: -0.118354
2021-05-16 00:07:06.305600	Train Epoch: 46 [5120/6000 (87%)]	Loss: -0.131933
====> Epoch: 46 Average loss: -0.1334
Train epoch = 47, alpha = 3.242178315324023, beta = 0.1, gamma = 0.0001
2021-05-16 00:07:06.343802	Train Epoch: 47 [0/6000 (0%)]	Loss: -0.122108
2021-05-16 00:07:06.428275	Train Epoch: 47 [2560/6000 (43%)]	Loss: -0.126639
2021-05-16 00:07:06.510627	Train Epoch: 47 [5120/6000 (87%)]	Loss: -0.133541
====> Epoch: 47 Average loss: -0.1360
Train epoch = 48, alpha = 3.242178315324023, beta = 0.1, gamma = 0.0001
2021-05-16 00:07:06.546937	Train Epoch: 48 [0/6000 (0%)]	Loss: -0.125918
2021-05-16 00:07:06.634149	Train Epoch: 48 [2560/6000 (43%)]	Loss: -0.129685
2021-05-16 00:07:06.720502	Train Epoch: 48 [5120/6000 (87%)]	Loss: -0.138185
====> Epoch: 48 Average loss: -0.1390
Train epoch = 49, alpha = 3.65755473609305, beta = 0.1, gamma = 0.0001
2021-05-16 00:07:06.752330	Train Epoch: 49 [0/6000 (0%)]	Loss: -0.140124
2021-05-16 00:07:06.844916	Train Epoch: 49 [2560/6000 (43%)]	Loss: -0.134334
2021-05-16 00:07:06.927800	Train Epoch: 49 [5120/6000 (87%)]	Loss: -0.142913
====> Epoch: 49 Average loss: -0.1430
Starting lap 2 for evolution on synthetic_functions data in mode train...
Running k-means...
Running k-means...
shape of s torch.Size([2, 4])
Running k-segments...
s1 shape:  torch.Size([18, 2])
s2 shape:  torch.Size([18, 2])
s_alphas shape:  torch.Size([18, 2])
s1 shape:  torch.Size([18, 2])
s2 shape:  torch.Size([18, 2])
s_alphas shape:  torch.Size([18, 2])
s1 shape:  torch.Size([2, 2])
s2 shape:  torch.Size([2, 2])
shape s_inter_rec_np =  (18, 2)
i = 0, X_full shape = (6002, 2)
i = 1, X_full shape = (6022, 2)
i = 2, X_full shape = (6022, 2)
i = 3, X_full shape = (6002, 2)
i = 4, X_full shape = (6020, 2)
i = 0, X_full shape = (6002, 2)
i = 1, X_full shape = (6022, 2)
i = 2, X_full shape = (6022, 2)
i = 3, X_full shape = (6002, 2)
i = 4, X_full shape = (6020, 2)
['ACC = 0.999', 'NMI = 0.993', 'ARI = 0.997']
Lap 2 for evolution DONE!
Train epoch = 50, alpha = 3.65755473609305, beta = 0.1, gamma = 0.0001
2021-05-16 00:07:11.347626	Train Epoch: 50 [0/6000 (0%)]	Loss: -0.144985
2021-05-16 00:07:11.430250	Train Epoch: 50 [2560/6000 (43%)]	Loss: -0.141769
2021-05-16 00:07:11.513867	Train Epoch: 50 [5120/6000 (87%)]	Loss: -0.141529
====> Epoch: 50 Average loss: -0.1457
Train epoch = 51, alpha = 3.65755473609305, beta = 0.1, gamma = 0.0001
2021-05-16 00:07:11.549041	Train Epoch: 51 [0/6000 (0%)]	Loss: -0.141403
2021-05-16 00:07:11.632571	Train Epoch: 51 [2560/6000 (43%)]	Loss: -0.144645
2021-05-16 00:07:11.716395	Train Epoch: 51 [5120/6000 (87%)]	Loss: -0.144788
====> Epoch: 51 Average loss: -0.1481
Train epoch = 52, alpha = 3.65755473609305, beta = 0.1, gamma = 0.0001
2021-05-16 00:07:11.752301	Train Epoch: 52 [0/6000 (0%)]	Loss: -0.147815
2021-05-16 00:07:11.853378	Train Epoch: 52 [2560/6000 (43%)]	Loss: -0.143698
2021-05-16 00:07:11.954596	Train Epoch: 52 [5120/6000 (87%)]	Loss: -0.145535
====> Epoch: 52 Average loss: -0.1508
Train epoch = 53, alpha = 3.65755473609305, beta = 0.1, gamma = 0.0001
2021-05-16 00:07:11.989095	Train Epoch: 53 [0/6000 (0%)]	Loss: -0.147859
2021-05-16 00:07:12.089120	Train Epoch: 53 [2560/6000 (43%)]	Loss: -0.147641
2021-05-16 00:07:12.187035	Train Epoch: 53 [5120/6000 (87%)]	Loss: -0.149813
====> Epoch: 53 Average loss: -0.1539
Train epoch = 54, alpha = 4.092064942246333, beta = 0.1, gamma = 0.0001
2021-05-16 00:07:12.222506	Train Epoch: 54 [0/6000 (0%)]	Loss: -0.151547
2021-05-16 00:07:12.321480	Train Epoch: 54 [2560/6000 (43%)]	Loss: -0.151879
2021-05-16 00:07:12.417790	Train Epoch: 54 [5120/6000 (87%)]	Loss: -0.150871
====> Epoch: 54 Average loss: -0.1581
Train epoch = 55, alpha = 4.092064942246333, beta = 0.1, gamma = 0.0001
2021-05-16 00:07:12.458861	Train Epoch: 55 [0/6000 (0%)]	Loss: -0.155264
2021-05-16 00:07:12.561956	Train Epoch: 55 [2560/6000 (43%)]	Loss: -0.152001
2021-05-16 00:07:12.655851	Train Epoch: 55 [5120/6000 (87%)]	Loss: -0.160013
====> Epoch: 55 Average loss: -0.1617
Train epoch = 56, alpha = 4.092064942246333, beta = 0.1, gamma = 0.0001
2021-05-16 00:07:12.698568	Train Epoch: 56 [0/6000 (0%)]	Loss: -0.163203
2021-05-16 00:07:12.801263	Train Epoch: 56 [2560/6000 (43%)]	Loss: -0.163829
2021-05-16 00:07:12.886564	Train Epoch: 56 [5120/6000 (87%)]	Loss: -0.162508
====> Epoch: 56 Average loss: -0.1663
Train epoch = 57, alpha = 4.092064942246333, beta = 0.1, gamma = 0.0001
2021-05-16 00:07:12.922693	Train Epoch: 57 [0/6000 (0%)]	Loss: -0.166175
2021-05-16 00:07:13.006076	Train Epoch: 57 [2560/6000 (43%)]	Loss: -0.165628
2021-05-16 00:07:13.090222	Train Epoch: 57 [5120/6000 (87%)]	Loss: -0.161859
====> Epoch: 57 Average loss: -0.1721
Train epoch = 58, alpha = 4.092064942246333, beta = 0.1, gamma = 0.0001
2021-05-16 00:07:13.129670	Train Epoch: 58 [0/6000 (0%)]	Loss: -0.165107
2021-05-16 00:07:13.216251	Train Epoch: 58 [2560/6000 (43%)]	Loss: -0.171748
2021-05-16 00:07:13.300056	Train Epoch: 58 [5120/6000 (87%)]	Loss: -0.176962
====> Epoch: 58 Average loss: -0.1794
Train epoch = 59, alpha = 4.546727776716206, beta = 0.1, gamma = 0.0001
2021-05-16 00:07:13.335893	Train Epoch: 59 [0/6000 (0%)]	Loss: -0.174662
2021-05-16 00:07:13.422489	Train Epoch: 59 [2560/6000 (43%)]	Loss: -0.176607
2021-05-16 00:07:13.505685	Train Epoch: 59 [5120/6000 (87%)]	Loss: -0.193091
====> Epoch: 59 Average loss: -0.1883
Train epoch = 60, alpha = 4.546727776716206, beta = 0.1, gamma = 0.0001
2021-05-16 00:07:13.541329	Train Epoch: 60 [0/6000 (0%)]	Loss: -0.188235
2021-05-16 00:07:13.639615	Train Epoch: 60 [2560/6000 (43%)]	Loss: -0.181990
2021-05-16 00:07:13.723977	Train Epoch: 60 [5120/6000 (87%)]	Loss: -0.191983
====> Epoch: 60 Average loss: -0.1964
Train epoch = 61, alpha = 4.546727776716206, beta = 0.1, gamma = 0.0001
2021-05-16 00:07:13.756656	Train Epoch: 61 [0/6000 (0%)]	Loss: -0.190906
2021-05-16 00:07:13.841669	Train Epoch: 61 [2560/6000 (43%)]	Loss: -0.194014
2021-05-16 00:07:13.923562	Train Epoch: 61 [5120/6000 (87%)]	Loss: -0.197775
====> Epoch: 61 Average loss: -0.2036
Train epoch = 62, alpha = 4.546727776716206, beta = 0.1, gamma = 0.0001
2021-05-16 00:07:13.964513	Train Epoch: 62 [0/6000 (0%)]	Loss: -0.197793
2021-05-16 00:07:14.046619	Train Epoch: 62 [2560/6000 (43%)]	Loss: -0.205560
2021-05-16 00:07:14.137985	Train Epoch: 62 [5120/6000 (87%)]	Loss: -0.206317
====> Epoch: 62 Average loss: -0.2104
Train epoch = 63, alpha = 4.546727776716206, beta = 0.1, gamma = 0.0001
2021-05-16 00:07:14.192722	Train Epoch: 63 [0/6000 (0%)]	Loss: -0.205210
2021-05-16 00:07:14.277121	Train Epoch: 63 [2560/6000 (43%)]	Loss: -0.207613
2021-05-16 00:07:14.363343	Train Epoch: 63 [5120/6000 (87%)]	Loss: -0.210416
====> Epoch: 63 Average loss: -0.2162
Train epoch = 64, alpha = 5.0225200099929665, beta = 0.1, gamma = 0.0001
2021-05-16 00:07:14.396576	Train Epoch: 64 [0/6000 (0%)]	Loss: -0.207317
2021-05-16 00:07:14.488487	Train Epoch: 64 [2560/6000 (43%)]	Loss: -0.213166
2021-05-16 00:07:14.576175	Train Epoch: 64 [5120/6000 (87%)]	Loss: -0.213220
====> Epoch: 64 Average loss: -0.2209
Train epoch = 65, alpha = 5.0225200099929665, beta = 0.1, gamma = 0.0001
2021-05-16 00:07:14.606754	Train Epoch: 65 [0/6000 (0%)]	Loss: -0.214113
2021-05-16 00:07:14.699489	Train Epoch: 65 [2560/6000 (43%)]	Loss: -0.212997
2021-05-16 00:07:14.799900	Train Epoch: 65 [5120/6000 (87%)]	Loss: -0.214388
====> Epoch: 65 Average loss: -0.2245
Train epoch = 66, alpha = 5.0225200099929665, beta = 0.1, gamma = 0.0001
2021-05-16 00:07:14.832360	Train Epoch: 66 [0/6000 (0%)]	Loss: -0.217533
2021-05-16 00:07:14.918961	Train Epoch: 66 [2560/6000 (43%)]	Loss: -0.217943
2021-05-16 00:07:15.003513	Train Epoch: 66 [5120/6000 (87%)]	Loss: -0.218276
====> Epoch: 66 Average loss: -0.2272
Train epoch = 67, alpha = 5.0225200099929665, beta = 0.1, gamma = 0.0001
2021-05-16 00:07:15.037163	Train Epoch: 67 [0/6000 (0%)]	Loss: -0.219522
2021-05-16 00:07:15.129194	Train Epoch: 67 [2560/6000 (43%)]	Loss: -0.220422
2021-05-16 00:07:15.213166	Train Epoch: 67 [5120/6000 (87%)]	Loss: -0.220770
====> Epoch: 67 Average loss: -0.2291
Train epoch = 68, alpha = 5.0225200099929665, beta = 0.1, gamma = 0.0001
2021-05-16 00:07:15.250202	Train Epoch: 68 [0/6000 (0%)]	Loss: -0.221187
2021-05-16 00:07:15.342547	Train Epoch: 68 [2560/6000 (43%)]	Loss: -0.220841
2021-05-16 00:07:15.425693	Train Epoch: 68 [5120/6000 (87%)]	Loss: -0.224638
====> Epoch: 68 Average loss: -0.2306
Train epoch = 69, alpha = 5.520394146673345, beta = 0.1, gamma = 0.0001
2021-05-16 00:07:15.457151	Train Epoch: 69 [0/6000 (0%)]	Loss: -0.221188
2021-05-16 00:07:15.545634	Train Epoch: 69 [2560/6000 (43%)]	Loss: -0.221158
2021-05-16 00:07:15.628683	Train Epoch: 69 [5120/6000 (87%)]	Loss: -0.221810
====> Epoch: 69 Average loss: -0.2318
Train epoch = 70, alpha = 5.520394146673345, beta = 0.1, gamma = 0.0001
2021-05-16 00:07:15.660545	Train Epoch: 70 [0/6000 (0%)]	Loss: -0.224427
2021-05-16 00:07:15.750220	Train Epoch: 70 [2560/6000 (43%)]	Loss: -0.222669
2021-05-16 00:07:15.836552	Train Epoch: 70 [5120/6000 (87%)]	Loss: -0.223175
====> Epoch: 70 Average loss: -0.2327
Train epoch = 71, alpha = 5.520394146673345, beta = 0.1, gamma = 0.0001
2021-05-16 00:07:15.870968	Train Epoch: 71 [0/6000 (0%)]	Loss: -0.224437
2021-05-16 00:07:15.963926	Train Epoch: 71 [2560/6000 (43%)]	Loss: -0.223870
2021-05-16 00:07:16.049253	Train Epoch: 71 [5120/6000 (87%)]	Loss: -0.224724
====> Epoch: 71 Average loss: -0.2335
Train epoch = 72, alpha = 5.520394146673345, beta = 0.1, gamma = 0.0001
2021-05-16 00:07:16.083625	Train Epoch: 72 [0/6000 (0%)]	Loss: -0.222843
2021-05-16 00:07:16.170590	Train Epoch: 72 [2560/6000 (43%)]	Loss: -0.223354
2021-05-16 00:07:16.252067	Train Epoch: 72 [5120/6000 (87%)]	Loss: -0.223726
====> Epoch: 72 Average loss: -0.2340
Train epoch = 73, alpha = 5.520394146673345, beta = 0.1, gamma = 0.0001
2021-05-16 00:07:16.288283	Train Epoch: 73 [0/6000 (0%)]	Loss: -0.224648
2021-05-16 00:07:16.381645	Train Epoch: 73 [2560/6000 (43%)]	Loss: -0.224914
2021-05-16 00:07:16.464819	Train Epoch: 73 [5120/6000 (87%)]	Loss: -0.223930
====> Epoch: 73 Average loss: -0.2346
Train epoch = 74, alpha = 6.041290820871168, beta = 0.1, gamma = 0.0001
2021-05-16 00:07:16.500664	Train Epoch: 74 [0/6000 (0%)]	Loss: -0.224760
2021-05-16 00:07:16.602407	Train Epoch: 74 [2560/6000 (43%)]	Loss: -0.226092
2021-05-16 00:07:16.707224	Train Epoch: 74 [5120/6000 (87%)]	Loss: -0.225283
====> Epoch: 74 Average loss: -0.2350
Train epoch = 75, alpha = 6.041290820871168, beta = 0.1, gamma = 0.0001
2021-05-16 00:07:16.766693	Train Epoch: 75 [0/6000 (0%)]	Loss: -0.224346
2021-05-16 00:07:16.874846	Train Epoch: 75 [2560/6000 (43%)]	Loss: -0.225149
2021-05-16 00:07:16.977210	Train Epoch: 75 [5120/6000 (87%)]	Loss: -0.225599
====> Epoch: 75 Average loss: -0.2353
Train epoch = 76, alpha = 6.041290820871168, beta = 0.1, gamma = 0.0001
2021-05-16 00:07:17.017883	Train Epoch: 76 [0/6000 (0%)]	Loss: -0.224765
2021-05-16 00:07:17.128670	Train Epoch: 76 [2560/6000 (43%)]	Loss: -0.224894
2021-05-16 00:07:17.226810	Train Epoch: 76 [5120/6000 (87%)]	Loss: -0.226423
====> Epoch: 76 Average loss: -0.2357
Train epoch = 77, alpha = 6.041290820871168, beta = 0.1, gamma = 0.0001
2021-05-16 00:07:17.265355	Train Epoch: 77 [0/6000 (0%)]	Loss: -0.225653
2021-05-16 00:07:17.377782	Train Epoch: 77 [2560/6000 (43%)]	Loss: -0.225775
2021-05-16 00:07:17.475550	Train Epoch: 77 [5120/6000 (87%)]	Loss: -0.226413
====> Epoch: 77 Average loss: -0.2359
Train epoch = 78, alpha = 6.041290820871168, beta = 0.1, gamma = 0.0001
2021-05-16 00:07:17.515176	Train Epoch: 78 [0/6000 (0%)]	Loss: -0.225348
2021-05-16 00:07:17.632794	Train Epoch: 78 [2560/6000 (43%)]	Loss: -0.226970
2021-05-16 00:07:17.719132	Train Epoch: 78 [5120/6000 (87%)]	Loss: -0.226641
====> Epoch: 78 Average loss: -0.2361
Train epoch = 79, alpha = 6.586147687908683, beta = 0.1, gamma = 0.0001
2021-05-16 00:07:17.755246	Train Epoch: 79 [0/6000 (0%)]	Loss: -0.225997
2021-05-16 00:07:17.841168	Train Epoch: 79 [2560/6000 (43%)]	Loss: -0.226096
2021-05-16 00:07:17.924611	Train Epoch: 79 [5120/6000 (87%)]	Loss: -0.226328
====> Epoch: 79 Average loss: -0.2363
Train epoch = 80, alpha = 6.586147687908683, beta = 0.1, gamma = 0.0001
2021-05-16 00:07:17.961188	Train Epoch: 80 [0/6000 (0%)]	Loss: -0.226563
2021-05-16 00:07:18.041991	Train Epoch: 80 [2560/6000 (43%)]	Loss: -0.227032
2021-05-16 00:07:18.134178	Train Epoch: 80 [5120/6000 (87%)]	Loss: -0.225838
====> Epoch: 80 Average loss: -0.2365
Train epoch = 81, alpha = 6.586147687908683, beta = 0.1, gamma = 0.0001
2021-05-16 00:07:18.177400	Train Epoch: 81 [0/6000 (0%)]	Loss: -0.226637
2021-05-16 00:07:18.263787	Train Epoch: 81 [2560/6000 (43%)]	Loss: -0.226530
2021-05-16 00:07:18.345621	Train Epoch: 81 [5120/6000 (87%)]	Loss: -0.227014
====> Epoch: 81 Average loss: -0.2366
Train epoch = 82, alpha = 6.586147687908683, beta = 0.1, gamma = 0.0001
2021-05-16 00:07:18.379256	Train Epoch: 82 [0/6000 (0%)]	Loss: -0.226765
2021-05-16 00:07:18.461933	Train Epoch: 82 [2560/6000 (43%)]	Loss: -0.227233
2021-05-16 00:07:18.543967	Train Epoch: 82 [5120/6000 (87%)]	Loss: -0.227539
====> Epoch: 82 Average loss: -0.2367
Train epoch = 83, alpha = 6.586147687908683, beta = 0.1, gamma = 0.0001
2021-05-16 00:07:18.574696	Train Epoch: 83 [0/6000 (0%)]	Loss: -0.227106
2021-05-16 00:07:18.659994	Train Epoch: 83 [2560/6000 (43%)]	Loss: -0.227437
2021-05-16 00:07:18.763010	Train Epoch: 83 [5120/6000 (87%)]	Loss: -0.226751
====> Epoch: 83 Average loss: -0.2368
Train epoch = 84, alpha = 7.155905984855657, beta = 0.1, gamma = 0.0001
2021-05-16 00:07:18.811598	Train Epoch: 84 [0/6000 (0%)]	Loss: -0.226959
2021-05-16 00:07:18.913781	Train Epoch: 84 [2560/6000 (43%)]	Loss: -0.226715
2021-05-16 00:07:19.008630	Train Epoch: 84 [5120/6000 (87%)]	Loss: -0.227005
====> Epoch: 84 Average loss: -0.2369
Train epoch = 85, alpha = 7.155905984855657, beta = 0.1, gamma = 0.0001
2021-05-16 00:07:19.042159	Train Epoch: 85 [0/6000 (0%)]	Loss: -0.226402
2021-05-16 00:07:19.145181	Train Epoch: 85 [2560/6000 (43%)]	Loss: -0.227526
2021-05-16 00:07:19.241720	Train Epoch: 85 [5120/6000 (87%)]	Loss: -0.226953
====> Epoch: 85 Average loss: -0.2370
Train epoch = 86, alpha = 7.155905984855657, beta = 0.1, gamma = 0.0001
2021-05-16 00:07:19.281098	Train Epoch: 86 [0/6000 (0%)]	Loss: -0.227200
2021-05-16 00:07:19.382174	Train Epoch: 86 [2560/6000 (43%)]	Loss: -0.227209
2021-05-16 00:07:19.481634	Train Epoch: 86 [5120/6000 (87%)]	Loss: -0.227356
====> Epoch: 86 Average loss: -0.2370
Train epoch = 87, alpha = 7.155905984855657, beta = 0.1, gamma = 0.0001
2021-05-16 00:07:19.520373	Train Epoch: 87 [0/6000 (0%)]	Loss: -0.227065
2021-05-16 00:07:19.623283	Train Epoch: 87 [2560/6000 (43%)]	Loss: -0.227242
2021-05-16 00:07:19.714708	Train Epoch: 87 [5120/6000 (87%)]	Loss: -0.227262
====> Epoch: 87 Average loss: -0.2371
Train epoch = 88, alpha = 7.155905984855657, beta = 0.1, gamma = 0.0001
2021-05-16 00:07:19.756432	Train Epoch: 88 [0/6000 (0%)]	Loss: -0.227410
2021-05-16 00:07:19.862420	Train Epoch: 88 [2560/6000 (43%)]	Loss: -0.227428
2021-05-16 00:07:19.961248	Train Epoch: 88 [5120/6000 (87%)]	Loss: -0.227690
====> Epoch: 88 Average loss: -0.2371
Train epoch = 89, alpha = 7.751515502863206, beta = 0.1, gamma = 0.0001
2021-05-16 00:07:20.000858	Train Epoch: 89 [0/6000 (0%)]	Loss: -0.227135
2021-05-16 00:07:20.102895	Train Epoch: 89 [2560/6000 (43%)]	Loss: -0.227347
2021-05-16 00:07:20.193001	Train Epoch: 89 [5120/6000 (87%)]	Loss: -0.227556
====> Epoch: 89 Average loss: -0.2372
Train epoch = 90, alpha = 7.751515502863206, beta = 0.1, gamma = 0.0001
2021-05-16 00:07:20.226408	Train Epoch: 90 [0/6000 (0%)]	Loss: -0.227452
2021-05-16 00:07:20.317347	Train Epoch: 90 [2560/6000 (43%)]	Loss: -0.227112
2021-05-16 00:07:20.403991	Train Epoch: 90 [5120/6000 (87%)]	Loss: -0.227182
====> Epoch: 90 Average loss: -0.2373
Train epoch = 91, alpha = 7.751515502863206, beta = 0.1, gamma = 0.0001
2021-05-16 00:07:20.441781	Train Epoch: 91 [0/6000 (0%)]	Loss: -0.227378
2021-05-16 00:07:20.530648	Train Epoch: 91 [2560/6000 (43%)]	Loss: -0.227476
2021-05-16 00:07:20.615073	Train Epoch: 91 [5120/6000 (87%)]	Loss: -0.227219
====> Epoch: 91 Average loss: -0.2373
Train epoch = 92, alpha = 7.751515502863206, beta = 0.1, gamma = 0.0001
2021-05-16 00:07:20.651617	Train Epoch: 92 [0/6000 (0%)]	Loss: -0.227605
2021-05-16 00:07:20.741443	Train Epoch: 92 [2560/6000 (43%)]	Loss: -0.227454
2021-05-16 00:07:20.827132	Train Epoch: 92 [5120/6000 (87%)]	Loss: -0.227249
====> Epoch: 92 Average loss: -0.2373
Train epoch = 93, alpha = 7.751515502863206, beta = 0.1, gamma = 0.0001
2021-05-16 00:07:20.859400	Train Epoch: 93 [0/6000 (0%)]	Loss: -0.227346
2021-05-16 00:07:20.945599	Train Epoch: 93 [2560/6000 (43%)]	Loss: -0.227364
2021-05-16 00:07:21.027998	Train Epoch: 93 [5120/6000 (87%)]	Loss: -0.227218
====> Epoch: 93 Average loss: -0.2373
Train epoch = 94, alpha = 8.373938454865366, beta = 0.1, gamma = 0.0001
2021-05-16 00:07:21.058765	Train Epoch: 94 [0/6000 (0%)]	Loss: -0.227263
2021-05-16 00:07:21.148747	Train Epoch: 94 [2560/6000 (43%)]	Loss: -0.227395
2021-05-16 00:07:21.233460	Train Epoch: 94 [5120/6000 (87%)]	Loss: -0.227410
====> Epoch: 94 Average loss: -0.2374
Train epoch = 95, alpha = 8.373938454865366, beta = 0.1, gamma = 0.0001
2021-05-16 00:07:21.268225	Train Epoch: 95 [0/6000 (0%)]	Loss: -0.227386
2021-05-16 00:07:21.358958	Train Epoch: 95 [2560/6000 (43%)]	Loss: -0.227487
2021-05-16 00:07:21.441992	Train Epoch: 95 [5120/6000 (87%)]	Loss: -0.227587
====> Epoch: 95 Average loss: -0.2374
Train epoch = 96, alpha = 8.373938454865366, beta = 0.1, gamma = 0.0001
2021-05-16 00:07:21.473477	Train Epoch: 96 [0/6000 (0%)]	Loss: -0.227389
2021-05-16 00:07:21.561540	Train Epoch: 96 [2560/6000 (43%)]	Loss: -0.227448
2021-05-16 00:07:21.644122	Train Epoch: 96 [5120/6000 (87%)]	Loss: -0.227465
====> Epoch: 96 Average loss: -0.2374
Train epoch = 97, alpha = 8.373938454865366, beta = 0.1, gamma = 0.0001
2021-05-16 00:07:21.683488	Train Epoch: 97 [0/6000 (0%)]	Loss: -0.227489
2021-05-16 00:07:21.779365	Train Epoch: 97 [2560/6000 (43%)]	Loss: -0.227112
2021-05-16 00:07:21.872157	Train Epoch: 97 [5120/6000 (87%)]	Loss: -0.227761
====> Epoch: 97 Average loss: -0.2374
Train epoch = 98, alpha = 8.373938454865366, beta = 0.1, gamma = 0.0001
2021-05-16 00:07:21.903252	Train Epoch: 98 [0/6000 (0%)]	Loss: -0.227448
2021-05-16 00:07:21.987436	Train Epoch: 98 [2560/6000 (43%)]	Loss: -0.227455
2021-05-16 00:07:22.083419	Train Epoch: 98 [5120/6000 (87%)]	Loss: -0.227214
====> Epoch: 98 Average loss: -0.2375
Train epoch = 99, alpha = 9.024152561056017, beta = 0.1, gamma = 0.0001
2021-05-16 00:07:22.116365	Train Epoch: 99 [0/6000 (0%)]	Loss: -0.227600
2021-05-16 00:07:22.203934	Train Epoch: 99 [2560/6000 (43%)]	Loss: -0.227845
2021-05-16 00:07:22.288309	Train Epoch: 99 [5120/6000 (87%)]	Loss: -0.227635
====> Epoch: 99 Average loss: -0.2375
Starting lap 3 for evolution on synthetic_functions data in mode train...
Running k-means...
Running k-means...
shape of s torch.Size([2, 4])
Running k-segments...
s1 shape:  torch.Size([18, 2])
s2 shape:  torch.Size([18, 2])
s_alphas shape:  torch.Size([18, 2])
s1 shape:  torch.Size([18, 2])
s2 shape:  torch.Size([18, 2])
s_alphas shape:  torch.Size([18, 2])
s1 shape:  torch.Size([2, 2])
s2 shape:  torch.Size([2, 2])
shape s_inter_rec_np =  (18, 2)
i = 0, X_full shape = (6002, 2)
i = 1, X_full shape = (6022, 2)
i = 2, X_full shape = (6022, 2)
i = 3, X_full shape = (6002, 2)
i = 4, X_full shape = (6020, 2)
i = 0, X_full shape = (6002, 2)
i = 1, X_full shape = (6022, 2)
i = 2, X_full shape = (6022, 2)
i = 3, X_full shape = (6002, 2)
i = 4, X_full shape = (6020, 2)
['ACC = 1.0', 'NMI = 1.0', 'ARI = 1.0']
Lap 3 for evolution DONE!
Train epoch = 100, alpha = 9.024152561056017, beta = 0.1, gamma = 0.0001
2021-05-16 00:07:26.539777	Train Epoch: 100 [0/6000 (0%)]	Loss: -0.227193
2021-05-16 00:07:26.626193	Train Epoch: 100 [2560/6000 (43%)]	Loss: -0.227461
2021-05-16 00:07:26.710703	Train Epoch: 100 [5120/6000 (87%)]	Loss: -0.227637
====> Epoch: 100 Average loss: -0.2375
Train epoch = 101, alpha = 9.024152561056017, beta = 0.1, gamma = 0.0001
2021-05-16 00:07:26.747012	Train Epoch: 101 [0/6000 (0%)]	Loss: -0.227743
2021-05-16 00:07:26.840270	Train Epoch: 101 [2560/6000 (43%)]	Loss: -0.227510
2021-05-16 00:07:26.923649	Train Epoch: 101 [5120/6000 (87%)]	Loss: -0.227506
====> Epoch: 101 Average loss: -0.2375
Train epoch = 102, alpha = 9.024152561056017, beta = 0.1, gamma = 0.0001
2021-05-16 00:07:26.959156	Train Epoch: 102 [0/6000 (0%)]	Loss: -0.227821
2021-05-16 00:07:27.042493	Train Epoch: 102 [2560/6000 (43%)]	Loss: -0.227599
2021-05-16 00:07:27.130972	Train Epoch: 102 [5120/6000 (87%)]	Loss: -0.227576
====> Epoch: 102 Average loss: -0.2375
Train epoch = 103, alpha = 9.024152561056017, beta = 0.1, gamma = 0.0001
2021-05-16 00:07:27.174007	Train Epoch: 103 [0/6000 (0%)]	Loss: -0.227251
2021-05-16 00:07:27.273502	Train Epoch: 103 [2560/6000 (43%)]	Loss: -0.227603
2021-05-16 00:07:27.374958	Train Epoch: 103 [5120/6000 (87%)]	Loss: -0.227364
====> Epoch: 103 Average loss: -0.2375
Train epoch = 104, alpha = 9.70315357178555, beta = 0.1, gamma = 0.0001
2021-05-16 00:07:27.415293	Train Epoch: 104 [0/6000 (0%)]	Loss: -0.227720
2021-05-16 00:07:27.515912	Train Epoch: 104 [2560/6000 (43%)]	Loss: -0.227693
2021-05-16 00:07:27.616832	Train Epoch: 104 [5120/6000 (87%)]	Loss: -0.227617
====> Epoch: 104 Average loss: -0.2375
Train epoch = 105, alpha = 9.70315357178555, beta = 0.1, gamma = 0.0001
2021-05-16 00:07:27.660888	Train Epoch: 105 [0/6000 (0%)]	Loss: -0.227612
2021-05-16 00:07:27.762210	Train Epoch: 105 [2560/6000 (43%)]	Loss: -0.227691
2021-05-16 00:07:27.864190	Train Epoch: 105 [5120/6000 (87%)]	Loss: -0.227755
====> Epoch: 105 Average loss: -0.2375
Train epoch = 106, alpha = 9.70315357178555, beta = 0.1, gamma = 0.0001
2021-05-16 00:07:27.902162	Train Epoch: 106 [0/6000 (0%)]	Loss: -0.227501
2021-05-16 00:07:27.995669	Train Epoch: 106 [2560/6000 (43%)]	Loss: -0.227601
2021-05-16 00:07:28.078702	Train Epoch: 106 [5120/6000 (87%)]	Loss: -0.227636
====> Epoch: 106 Average loss: -0.2375
Train epoch = 107, alpha = 9.70315357178555, beta = 0.1, gamma = 0.0001
2021-05-16 00:07:28.111189	Train Epoch: 107 [0/6000 (0%)]	Loss: -0.227852
2021-05-16 00:07:28.198890	Train Epoch: 107 [2560/6000 (43%)]	Loss: -0.227602
2021-05-16 00:07:28.289184	Train Epoch: 107 [5120/6000 (87%)]	Loss: -0.227614
====> Epoch: 107 Average loss: -0.2376
Train epoch = 108, alpha = 9.70315357178555, beta = 0.1, gamma = 0.0001
2021-05-16 00:07:28.328515	Train Epoch: 108 [0/6000 (0%)]	Loss: -0.227715
2021-05-16 00:07:28.415532	Train Epoch: 108 [2560/6000 (43%)]	Loss: -0.227530
2021-05-16 00:07:28.498719	Train Epoch: 108 [5120/6000 (87%)]	Loss: -0.227654
====> Epoch: 108 Average loss: -0.2376
Train epoch = 109, alpha = 10.41195738045587, beta = 0.1, gamma = 0.0001
2021-05-16 00:07:28.532979	Train Epoch: 109 [0/6000 (0%)]	Loss: -0.227574
2021-05-16 00:07:28.623525	Train Epoch: 109 [2560/6000 (43%)]	Loss: -0.227682
2021-05-16 00:07:28.706764	Train Epoch: 109 [5120/6000 (87%)]	Loss: -0.227471
====> Epoch: 109 Average loss: -0.2376
Train epoch = 110, alpha = 10.41195738045587, beta = 0.1, gamma = 0.0001
2021-05-16 00:07:28.742206	Train Epoch: 110 [0/6000 (0%)]	Loss: -0.227687
2021-05-16 00:07:28.828284	Train Epoch: 110 [2560/6000 (43%)]	Loss: -0.227604
2021-05-16 00:07:28.912933	Train Epoch: 110 [5120/6000 (87%)]	Loss: -0.227542
====> Epoch: 110 Average loss: -0.2376
Train epoch = 111, alpha = 10.41195738045587, beta = 0.1, gamma = 0.0001
2021-05-16 00:07:28.944265	Train Epoch: 111 [0/6000 (0%)]	Loss: -0.227854
2021-05-16 00:07:29.033728	Train Epoch: 111 [2560/6000 (43%)]	Loss: -0.227821
2021-05-16 00:07:29.132471	Train Epoch: 111 [5120/6000 (87%)]	Loss: -0.227715
====> Epoch: 111 Average loss: -0.2376
Train epoch = 112, alpha = 10.41195738045587, beta = 0.1, gamma = 0.0001
2021-05-16 00:07:29.170913	Train Epoch: 112 [0/6000 (0%)]	Loss: -0.227784
2021-05-16 00:07:29.278083	Train Epoch: 112 [2560/6000 (43%)]	Loss: -0.227845
2021-05-16 00:07:29.373679	Train Epoch: 112 [5120/6000 (87%)]	Loss: -0.227709
====> Epoch: 112 Average loss: -0.2376
Train epoch = 113, alpha = 10.41195738045587, beta = 0.1, gamma = 0.0001
2021-05-16 00:07:29.412844	Train Epoch: 113 [0/6000 (0%)]	Loss: -0.227701
2021-05-16 00:07:29.527726	Train Epoch: 113 [2560/6000 (43%)]	Loss: -0.227695
2021-05-16 00:07:29.615468	Train Epoch: 113 [5120/6000 (87%)]	Loss: -0.227896
====> Epoch: 113 Average loss: -0.2376
Train epoch = 114, alpha = 11.151601834294587, beta = 0.1, gamma = 0.0001
2021-05-16 00:07:29.651993	Train Epoch: 114 [0/6000 (0%)]	Loss: -0.227850
2021-05-16 00:07:29.737191	Train Epoch: 114 [2560/6000 (43%)]	Loss: -0.227741
2021-05-16 00:07:29.822717	Train Epoch: 114 [5120/6000 (87%)]	Loss: -0.227852
====> Epoch: 114 Average loss: -0.2376
Train epoch = 115, alpha = 11.151601834294587, beta = 0.1, gamma = 0.0001
2021-05-16 00:07:29.860906	Train Epoch: 115 [0/6000 (0%)]	Loss: -0.227694
2021-05-16 00:07:29.953025	Train Epoch: 115 [2560/6000 (43%)]	Loss: -0.227953
2021-05-16 00:07:30.039979	Train Epoch: 115 [5120/6000 (87%)]	Loss: -0.227926
====> Epoch: 115 Average loss: -0.2376
Train epoch = 116, alpha = 11.151601834294587, beta = 0.1, gamma = 0.0001
2021-05-16 00:07:30.078385	Train Epoch: 116 [0/6000 (0%)]	Loss: -0.227558
2021-05-16 00:07:30.167715	Train Epoch: 116 [2560/6000 (43%)]	Loss: -0.227452
2021-05-16 00:07:30.252788	Train Epoch: 116 [5120/6000 (87%)]	Loss: -0.227786
====> Epoch: 116 Average loss: -0.2376
Train epoch = 117, alpha = 11.151601834294587, beta = 0.1, gamma = 0.0001
2021-05-16 00:07:30.285184	Train Epoch: 117 [0/6000 (0%)]	Loss: -0.227664
2021-05-16 00:07:30.381230	Train Epoch: 117 [2560/6000 (43%)]	Loss: -0.227618
2021-05-16 00:07:30.478992	Train Epoch: 117 [5120/6000 (87%)]	Loss: -0.227809
====> Epoch: 117 Average loss: -0.2376
Train epoch = 118, alpha = 11.151601834294587, beta = 0.1, gamma = 0.0001
2021-05-16 00:07:30.513780	Train Epoch: 118 [0/6000 (0%)]	Loss: -0.227726
2021-05-16 00:07:30.616633	Train Epoch: 118 [2560/6000 (43%)]	Loss: -0.227686
2021-05-16 00:07:30.713455	Train Epoch: 118 [5120/6000 (87%)]	Loss: -0.227805
====> Epoch: 118 Average loss: -0.2376
Train epoch = 119, alpha = 11.923148320526698, beta = 0.1, gamma = 0.0001
2021-05-16 00:07:30.755001	Train Epoch: 119 [0/6000 (0%)]	Loss: -0.227910
2021-05-16 00:07:30.858065	Train Epoch: 119 [2560/6000 (43%)]	Loss: -0.227591
2021-05-16 00:07:30.949464	Train Epoch: 119 [5120/6000 (87%)]	Loss: -0.227632
====> Epoch: 119 Average loss: -0.2376
Train epoch = 120, alpha = 11.923148320526698, beta = 0.1, gamma = 0.0001
2021-05-16 00:07:30.989878	Train Epoch: 120 [0/6000 (0%)]	Loss: -0.228016
2021-05-16 00:07:31.098285	Train Epoch: 120 [2560/6000 (43%)]	Loss: -0.227501
2021-05-16 00:07:31.193404	Train Epoch: 120 [5120/6000 (87%)]	Loss: -0.227892
====> Epoch: 120 Average loss: -0.2376
Train epoch = 121, alpha = 11.923148320526698, beta = 0.1, gamma = 0.0001
2021-05-16 00:07:31.230063	Train Epoch: 121 [0/6000 (0%)]	Loss: -0.227810
2021-05-16 00:07:31.330150	Train Epoch: 121 [2560/6000 (43%)]	Loss: -0.227712
2021-05-16 00:07:31.425073	Train Epoch: 121 [5120/6000 (87%)]	Loss: -0.227712
====> Epoch: 121 Average loss: -0.2377
Train epoch = 122, alpha = 11.923148320526698, beta = 0.1, gamma = 0.0001
2021-05-16 00:07:31.460004	Train Epoch: 122 [0/6000 (0%)]	Loss: -0.227755
2021-05-16 00:07:31.558224	Train Epoch: 122 [2560/6000 (43%)]	Loss: -0.227810
2021-05-16 00:07:31.657916	Train Epoch: 122 [5120/6000 (87%)]	Loss: -0.227697
====> Epoch: 122 Average loss: -0.2377
Train epoch = 123, alpha = 11.923148320526698, beta = 0.1, gamma = 0.0001
2021-05-16 00:07:31.698000	Train Epoch: 123 [0/6000 (0%)]	Loss: -0.227825
2021-05-16 00:07:31.798804	Train Epoch: 123 [2560/6000 (43%)]	Loss: -0.227850
2021-05-16 00:07:31.889970	Train Epoch: 123 [5120/6000 (87%)]	Loss: -0.227916
====> Epoch: 123 Average loss: -0.2377
Train epoch = 124, alpha = 12.727683184476852, beta = 0.1, gamma = 0.0001
2021-05-16 00:07:31.926583	Train Epoch: 124 [0/6000 (0%)]	Loss: -0.227779
2021-05-16 00:07:32.034242	Train Epoch: 124 [2560/6000 (43%)]	Loss: -0.227589
2021-05-16 00:07:32.129693	Train Epoch: 124 [5120/6000 (87%)]	Loss: -0.227741
====> Epoch: 124 Average loss: -0.2377
Train epoch = 125, alpha = 12.727683184476852, beta = 0.1, gamma = 0.0001
2021-05-16 00:07:32.165429	Train Epoch: 125 [0/6000 (0%)]	Loss: -0.227820
2021-05-16 00:07:32.262929	Train Epoch: 125 [2560/6000 (43%)]	Loss: -0.227784
2021-05-16 00:07:32.358298	Train Epoch: 125 [5120/6000 (87%)]	Loss: -0.227851
====> Epoch: 125 Average loss: -0.2377
Train epoch = 126, alpha = 12.727683184476852, beta = 0.1, gamma = 0.0001
2021-05-16 00:07:32.402437	Train Epoch: 126 [0/6000 (0%)]	Loss: -0.227722
2021-05-16 00:07:32.522431	Train Epoch: 126 [2560/6000 (43%)]	Loss: -0.227586
2021-05-16 00:07:32.784363	Train Epoch: 126 [5120/6000 (87%)]	Loss: -0.227646
====> Epoch: 126 Average loss: -0.2377
Train epoch = 127, alpha = 12.727683184476852, beta = 0.1, gamma = 0.0001
2021-05-16 00:07:32.920163	Train Epoch: 127 [0/6000 (0%)]	Loss: -0.227859
2021-05-16 00:07:33.109085	Train Epoch: 127 [2560/6000 (43%)]	Loss: -0.227876
2021-05-16 00:07:33.254632	Train Epoch: 127 [5120/6000 (87%)]	Loss: -0.227794
====> Epoch: 127 Average loss: -0.2377
Train epoch = 128, alpha = 12.727683184476852, beta = 0.1, gamma = 0.0001
2021-05-16 00:07:33.287680	Train Epoch: 128 [0/6000 (0%)]	Loss: -0.227865
2021-05-16 00:07:33.383367	Train Epoch: 128 [2560/6000 (43%)]	Loss: -0.227714
2021-05-16 00:07:33.474124	Train Epoch: 128 [5120/6000 (87%)]	Loss: -0.227607
====> Epoch: 128 Average loss: -0.2377
Train epoch = 129, alpha = 13.56631902140002, beta = 0.1, gamma = 0.0001
2021-05-16 00:07:33.514973	Train Epoch: 129 [0/6000 (0%)]	Loss: -0.228080
2021-05-16 00:07:33.668676	Train Epoch: 129 [2560/6000 (43%)]	Loss: -0.227765
2021-05-16 00:07:33.757836	Train Epoch: 129 [5120/6000 (87%)]	Loss: -0.227885
====> Epoch: 129 Average loss: -0.2377
Train epoch = 130, alpha = 13.56631902140002, beta = 0.1, gamma = 0.0001
2021-05-16 00:07:33.795144	Train Epoch: 130 [0/6000 (0%)]	Loss: -0.227603
2021-05-16 00:07:33.889356	Train Epoch: 130 [2560/6000 (43%)]	Loss: -0.227850
2021-05-16 00:07:33.974472	Train Epoch: 130 [5120/6000 (87%)]	Loss: -0.227733
====> Epoch: 130 Average loss: -0.2377
Train epoch = 131, alpha = 13.56631902140002, beta = 0.1, gamma = 0.0001
2021-05-16 00:07:34.007633	Train Epoch: 131 [0/6000 (0%)]	Loss: -0.227702
2021-05-16 00:07:34.097201	Train Epoch: 131 [2560/6000 (43%)]	Loss: -0.228022
2021-05-16 00:07:34.181464	Train Epoch: 131 [5120/6000 (87%)]	Loss: -0.227808
====> Epoch: 131 Average loss: -0.2377
Train epoch = 132, alpha = 13.56631902140002, beta = 0.1, gamma = 0.0001
2021-05-16 00:07:34.219822	Train Epoch: 132 [0/6000 (0%)]	Loss: -0.227565
2021-05-16 00:07:34.311448	Train Epoch: 132 [2560/6000 (43%)]	Loss: -0.227870
2021-05-16 00:07:34.409397	Train Epoch: 132 [5120/6000 (87%)]	Loss: -0.227829
====> Epoch: 132 Average loss: -0.2377
Train epoch = 133, alpha = 13.56631902140002, beta = 0.1, gamma = 0.0001
2021-05-16 00:07:34.446497	Train Epoch: 133 [0/6000 (0%)]	Loss: -0.227734
2021-05-16 00:07:34.547826	Train Epoch: 133 [2560/6000 (43%)]	Loss: -0.227908
2021-05-16 00:07:34.650228	Train Epoch: 133 [5120/6000 (87%)]	Loss: -0.227776
====> Epoch: 133 Average loss: -0.2377
Train epoch = 134, alpha = 14.440195873340702, beta = 0.1, gamma = 0.0001
2021-05-16 00:07:34.692842	Train Epoch: 134 [0/6000 (0%)]	Loss: -0.227798
2021-05-16 00:07:34.870186	Train Epoch: 134 [2560/6000 (43%)]	Loss: -0.227761
2021-05-16 00:07:34.957015	Train Epoch: 134 [5120/6000 (87%)]	Loss: -0.227890
====> Epoch: 134 Average loss: -0.2377
Train epoch = 135, alpha = 14.440195873340702, beta = 0.1, gamma = 0.0001
2021-05-16 00:07:34.989109	Train Epoch: 135 [0/6000 (0%)]	Loss: -0.227983
2021-05-16 00:07:35.084378	Train Epoch: 135 [2560/6000 (43%)]	Loss: -0.227907
2021-05-16 00:07:35.171273	Train Epoch: 135 [5120/6000 (87%)]	Loss: -0.227755
====> Epoch: 135 Average loss: -0.2377
Train epoch = 136, alpha = 14.440195873340702, beta = 0.1, gamma = 0.0001
2021-05-16 00:07:35.208462	Train Epoch: 136 [0/6000 (0%)]	Loss: -0.227778
2021-05-16 00:07:35.302477	Train Epoch: 136 [2560/6000 (43%)]	Loss: -0.227739
2021-05-16 00:07:35.394676	Train Epoch: 136 [5120/6000 (87%)]	Loss: -0.227846
====> Epoch: 136 Average loss: -0.2377
Train epoch = 137, alpha = 14.440195873340702, beta = 0.1, gamma = 0.0001
2021-05-16 00:07:35.433338	Train Epoch: 137 [0/6000 (0%)]	Loss: -0.227631
2021-05-16 00:07:35.528320	Train Epoch: 137 [2560/6000 (43%)]	Loss: -0.227751
2021-05-16 00:07:35.619126	Train Epoch: 137 [5120/6000 (87%)]	Loss: -0.227869
====> Epoch: 137 Average loss: -0.2377
Train epoch = 138, alpha = 14.440195873340702, beta = 0.1, gamma = 0.0001
2021-05-16 00:07:35.656951	Train Epoch: 138 [0/6000 (0%)]	Loss: -0.227865
2021-05-16 00:07:35.750412	Train Epoch: 138 [2560/6000 (43%)]	Loss: -0.227861
2021-05-16 00:07:35.834809	Train Epoch: 138 [5120/6000 (87%)]	Loss: -0.227795
====> Epoch: 138 Average loss: -0.2377
Train epoch = 139, alpha = 15.350482354741938, beta = 0.1, gamma = 0.0001
2021-05-16 00:07:35.867918	Train Epoch: 139 [0/6000 (0%)]	Loss: -0.227700
2021-05-16 00:07:35.956496	Train Epoch: 139 [2560/6000 (43%)]	Loss: -0.227702
2021-05-16 00:07:36.043366	Train Epoch: 139 [5120/6000 (87%)]	Loss: -0.227895
====> Epoch: 139 Average loss: -0.2377
Train epoch = 140, alpha = 15.350482354741938, beta = 0.1, gamma = 0.0001
2021-05-16 00:07:36.077542	Train Epoch: 140 [0/6000 (0%)]	Loss: -0.227874
2021-05-16 00:07:36.161088	Train Epoch: 140 [2560/6000 (43%)]	Loss: -0.227794
2021-05-16 00:07:36.249133	Train Epoch: 140 [5120/6000 (87%)]	Loss: -0.227808
====> Epoch: 140 Average loss: -0.2377
Train epoch = 141, alpha = 15.350482354741938, beta = 0.1, gamma = 0.0001
2021-05-16 00:07:36.282853	Train Epoch: 141 [0/6000 (0%)]	Loss: -0.227837
2021-05-16 00:07:36.373674	Train Epoch: 141 [2560/6000 (43%)]	Loss: -0.227878
2021-05-16 00:07:36.461455	Train Epoch: 141 [5120/6000 (87%)]	Loss: -0.227888
====> Epoch: 141 Average loss: -0.2377
Train epoch = 142, alpha = 15.350482354741938, beta = 0.1, gamma = 0.0001
2021-05-16 00:07:36.500868	Train Epoch: 142 [0/6000 (0%)]	Loss: -0.227784
2021-05-16 00:07:36.605111	Train Epoch: 142 [2560/6000 (43%)]	Loss: -0.227934
2021-05-16 00:07:36.698076	Train Epoch: 142 [5120/6000 (87%)]	Loss: -0.227741
====> Epoch: 142 Average loss: -0.2378
Train epoch = 143, alpha = 15.350482354741938, beta = 0.1, gamma = 0.0001
2021-05-16 00:07:36.734137	Train Epoch: 143 [0/6000 (0%)]	Loss: -0.227792
2021-05-16 00:07:36.835121	Train Epoch: 143 [2560/6000 (43%)]	Loss: -0.227946
2021-05-16 00:07:36.917903	Train Epoch: 143 [5120/6000 (87%)]	Loss: -0.227669
====> Epoch: 143 Average loss: -0.2378
Train epoch = 144, alpha = 16.29837672498614, beta = 0.1, gamma = 0.0001
2021-05-16 00:07:36.952541	Train Epoch: 144 [0/6000 (0%)]	Loss: -0.227867
2021-05-16 00:07:37.038827	Train Epoch: 144 [2560/6000 (43%)]	Loss: -0.227847
2021-05-16 00:07:37.123483	Train Epoch: 144 [5120/6000 (87%)]	Loss: -0.227865
====> Epoch: 144 Average loss: -0.2378
Train epoch = 145, alpha = 16.29837672498614, beta = 0.1, gamma = 0.0001
2021-05-16 00:07:37.157673	Train Epoch: 145 [0/6000 (0%)]	Loss: -0.227805
2021-05-16 00:07:37.246231	Train Epoch: 145 [2560/6000 (43%)]	Loss: -0.227794
2021-05-16 00:07:37.329798	Train Epoch: 145 [5120/6000 (87%)]	Loss: -0.227998
====> Epoch: 145 Average loss: -0.2378
Train epoch = 146, alpha = 16.29837672498614, beta = 0.1, gamma = 0.0001
2021-05-16 00:07:37.365914	Train Epoch: 146 [0/6000 (0%)]	Loss: -0.227632
2021-05-16 00:07:37.450768	Train Epoch: 146 [2560/6000 (43%)]	Loss: -0.228067
2021-05-16 00:07:37.534215	Train Epoch: 146 [5120/6000 (87%)]	Loss: -0.227839
====> Epoch: 146 Average loss: -0.2378
Train epoch = 147, alpha = 16.29837672498614, beta = 0.1, gamma = 0.0001
2021-05-16 00:07:37.566421	Train Epoch: 147 [0/6000 (0%)]	Loss: -0.227747
2021-05-16 00:07:37.661269	Train Epoch: 147 [2560/6000 (43%)]	Loss: -0.227926
2021-05-16 00:07:37.746188	Train Epoch: 147 [5120/6000 (87%)]	Loss: -0.228113
====> Epoch: 147 Average loss: -0.2378
Train epoch = 148, alpha = 16.29837672498614, beta = 0.1, gamma = 0.0001
2021-05-16 00:07:37.783384	Train Epoch: 148 [0/6000 (0%)]	Loss: -0.227775
2021-05-16 00:07:37.884665	Train Epoch: 148 [2560/6000 (43%)]	Loss: -0.228008
2021-05-16 00:07:37.985201	Train Epoch: 148 [5120/6000 (87%)]	Loss: -0.227936
====> Epoch: 148 Average loss: -0.2378
Train epoch = 149, alpha = 17.28510792195538, beta = 0.1, gamma = 0.0001
2021-05-16 00:07:38.026927	Train Epoch: 149 [0/6000 (0%)]	Loss: -0.227757
2021-05-16 00:07:38.121026	Train Epoch: 149 [2560/6000 (43%)]	Loss: -0.227955
2021-05-16 00:07:38.208597	Train Epoch: 149 [5120/6000 (87%)]	Loss: -0.227867
====> Epoch: 149 Average loss: -0.2378
Starting lap 4 for evolution on synthetic_functions data in mode train...
Running k-means...
Running k-means...
shape of s torch.Size([2, 4])
Running k-segments...
s1 shape:  torch.Size([18, 2])
s2 shape:  torch.Size([18, 2])
s_alphas shape:  torch.Size([18, 2])
s1 shape:  torch.Size([18, 2])
s2 shape:  torch.Size([18, 2])
s_alphas shape:  torch.Size([18, 2])
s1 shape:  torch.Size([2, 2])
s2 shape:  torch.Size([2, 2])
shape s_inter_rec_np =  (18, 2)
i = 0, X_full shape = (6002, 2)
i = 1, X_full shape = (6022, 2)
i = 2, X_full shape = (6022, 2)
i = 3, X_full shape = (6002, 2)
i = 4, X_full shape = (6020, 2)
i = 0, X_full shape = (6002, 2)
i = 1, X_full shape = (6022, 2)
i = 2, X_full shape = (6022, 2)
i = 3, X_full shape = (6002, 2)
i = 4, X_full shape = (6020, 2)
['ACC = 1.0', 'NMI = 1.0', 'ARI = 1.0']
Lap 4 for evolution DONE!
Train epoch = 150, alpha = 17.28510792195538, beta = 0.1, gamma = 0.0001
2021-05-16 00:07:42.816513	Train Epoch: 150 [0/6000 (0%)]	Loss: -0.228050
2021-05-16 00:07:42.989492	Train Epoch: 150 [2560/6000 (43%)]	Loss: -0.227821
2021-05-16 00:07:43.077143	Train Epoch: 150 [5120/6000 (87%)]	Loss: -0.227917
====> Epoch: 150 Average loss: -0.2378
Train epoch = 151, alpha = 17.28510792195538, beta = 0.1, gamma = 0.0001
2021-05-16 00:07:43.114508	Train Epoch: 151 [0/6000 (0%)]	Loss: -0.227849
2021-05-16 00:07:43.203179	Train Epoch: 151 [2560/6000 (43%)]	Loss: -0.227757
2021-05-16 00:07:43.288795	Train Epoch: 151 [5120/6000 (87%)]	Loss: -0.227806
====> Epoch: 151 Average loss: -0.2378
Train epoch = 152, alpha = 17.28510792195538, beta = 0.1, gamma = 0.0001
2021-05-16 00:07:43.325867	Train Epoch: 152 [0/6000 (0%)]	Loss: -0.227753
2021-05-16 00:07:43.425166	Train Epoch: 152 [2560/6000 (43%)]	Loss: -0.227885
2021-05-16 00:07:43.516183	Train Epoch: 152 [5120/6000 (87%)]	Loss: -0.227777
====> Epoch: 152 Average loss: -0.2378
Train epoch = 153, alpha = 17.28510792195538, beta = 0.1, gamma = 0.0001
2021-05-16 00:07:43.557105	Train Epoch: 153 [0/6000 (0%)]	Loss: -0.228021
2021-05-16 00:07:43.649639	Train Epoch: 153 [2560/6000 (43%)]	Loss: -0.227858
2021-05-16 00:07:43.747438	Train Epoch: 153 [5120/6000 (87%)]	Loss: -0.227829
====> Epoch: 153 Average loss: -0.2378
Train epoch = 154, alpha = 18.311936567640323, beta = 0.1, gamma = 0.0001
2021-05-16 00:07:43.786728	Train Epoch: 154 [0/6000 (0%)]	Loss: -0.228100
2021-05-16 00:07:43.882238	Train Epoch: 154 [2560/6000 (43%)]	Loss: -0.227967
2021-05-16 00:07:43.967581	Train Epoch: 154 [5120/6000 (87%)]	Loss: -0.227665
====> Epoch: 154 Average loss: -0.2378
Train epoch = 155, alpha = 18.311936567640323, beta = 0.1, gamma = 0.0001
2021-05-16 00:07:43.999017	Train Epoch: 155 [0/6000 (0%)]	Loss: -0.227836
2021-05-16 00:07:44.117793	Train Epoch: 155 [2560/6000 (43%)]	Loss: -0.227978
2021-05-16 00:07:44.216400	Train Epoch: 155 [5120/6000 (87%)]	Loss: -0.227997
====> Epoch: 155 Average loss: -0.2378
Train epoch = 156, alpha = 18.311936567640323, beta = 0.1, gamma = 0.0001
2021-05-16 00:07:44.256954	Train Epoch: 156 [0/6000 (0%)]	Loss: -0.228048
2021-05-16 00:07:44.352474	Train Epoch: 156 [2560/6000 (43%)]	Loss: -0.227925
2021-05-16 00:07:44.441439	Train Epoch: 156 [5120/6000 (87%)]	Loss: -0.227832
====> Epoch: 156 Average loss: -0.2378
Train epoch = 157, alpha = 18.311936567640323, beta = 0.1, gamma = 0.0001
2021-05-16 00:07:44.485671	Train Epoch: 157 [0/6000 (0%)]	Loss: -0.228022
2021-05-16 00:07:44.575577	Train Epoch: 157 [2560/6000 (43%)]	Loss: -0.227703
2021-05-16 00:07:44.666482	Train Epoch: 157 [5120/6000 (87%)]	Loss: -0.227917
====> Epoch: 157 Average loss: -0.2378
Train epoch = 158, alpha = 18.311936567640323, beta = 0.1, gamma = 0.0001
2021-05-16 00:07:44.708612	Train Epoch: 158 [0/6000 (0%)]	Loss: -0.227924
2021-05-16 00:07:44.803224	Train Epoch: 158 [2560/6000 (43%)]	Loss: -0.227850
2021-05-16 00:07:44.888383	Train Epoch: 158 [5120/6000 (87%)]	Loss: -0.227889
====> Epoch: 158 Average loss: -0.2378
Train epoch = 159, alpha = 19.380155954520465, beta = 0.1, gamma = 0.0001
2021-05-16 00:07:44.925217	Train Epoch: 159 [0/6000 (0%)]	Loss: -0.227802
2021-05-16 00:07:45.009409	Train Epoch: 159 [2560/6000 (43%)]	Loss: -0.228201
2021-05-16 00:07:45.102338	Train Epoch: 159 [5120/6000 (87%)]	Loss: -0.227909
====> Epoch: 159 Average loss: -0.2378
Train epoch = 160, alpha = 19.380155954520465, beta = 0.1, gamma = 0.0001
2021-05-16 00:07:45.139379	Train Epoch: 160 [0/6000 (0%)]	Loss: -0.227939
2021-05-16 00:07:45.247475	Train Epoch: 160 [2560/6000 (43%)]	Loss: -0.227979
2021-05-16 00:07:45.349045	Train Epoch: 160 [5120/6000 (87%)]	Loss: -0.227842
====> Epoch: 160 Average loss: -0.2378
Train epoch = 161, alpha = 19.380155954520465, beta = 0.1, gamma = 0.0001
2021-05-16 00:07:45.386028	Train Epoch: 161 [0/6000 (0%)]	Loss: -0.227897
2021-05-16 00:07:45.495019	Train Epoch: 161 [2560/6000 (43%)]	Loss: -0.228063
2021-05-16 00:07:45.588576	Train Epoch: 161 [5120/6000 (87%)]	Loss: -0.227898
====> Epoch: 161 Average loss: -0.2378
Train epoch = 162, alpha = 19.380155954520465, beta = 0.1, gamma = 0.0001
2021-05-16 00:07:45.625371	Train Epoch: 162 [0/6000 (0%)]	Loss: -0.227909
2021-05-16 00:07:45.726970	Train Epoch: 162 [2560/6000 (43%)]	Loss: -0.227756
2021-05-16 00:07:45.810824	Train Epoch: 162 [5120/6000 (87%)]	Loss: -0.228004
====> Epoch: 162 Average loss: -0.2378
Train epoch = 163, alpha = 19.380155954520465, beta = 0.1, gamma = 0.0001
2021-05-16 00:07:45.844325	Train Epoch: 163 [0/6000 (0%)]	Loss: -0.227823
2021-05-16 00:07:45.932887	Train Epoch: 163 [2560/6000 (43%)]	Loss: -0.227996
2021-05-16 00:07:46.015065	Train Epoch: 163 [5120/6000 (87%)]	Loss: -0.227940
====> Epoch: 163 Average loss: -0.2379
Train epoch = 164, alpha = 20.4910930196826, beta = 0.1, gamma = 0.0001
2021-05-16 00:07:46.057200	Train Epoch: 164 [0/6000 (0%)]	Loss: -0.227861
2021-05-16 00:07:46.148619	Train Epoch: 164 [2560/6000 (43%)]	Loss: -0.227976
2021-05-16 00:07:46.235957	Train Epoch: 164 [5120/6000 (87%)]	Loss: -0.227958
====> Epoch: 164 Average loss: -0.2379
Train epoch = 165, alpha = 20.4910930196826, beta = 0.1, gamma = 0.0001
2021-05-16 00:07:46.269906	Train Epoch: 165 [0/6000 (0%)]	Loss: -0.227970
2021-05-16 00:07:46.361873	Train Epoch: 165 [2560/6000 (43%)]	Loss: -0.228036
2021-05-16 00:07:46.448002	Train Epoch: 165 [5120/6000 (87%)]	Loss: -0.227855
====> Epoch: 165 Average loss: -0.2379
Train epoch = 166, alpha = 20.4910930196826, beta = 0.1, gamma = 0.0001
2021-05-16 00:07:46.484004	Train Epoch: 166 [0/6000 (0%)]	Loss: -0.228124
2021-05-16 00:07:46.575984	Train Epoch: 166 [2560/6000 (43%)]	Loss: -0.227981
2021-05-16 00:07:46.661549	Train Epoch: 166 [5120/6000 (87%)]	Loss: -0.227859
====> Epoch: 166 Average loss: -0.2379
Train epoch = 167, alpha = 20.4910930196826, beta = 0.1, gamma = 0.0001
2021-05-16 00:07:46.698182	Train Epoch: 167 [0/6000 (0%)]	Loss: -0.227887
2021-05-16 00:07:46.794186	Train Epoch: 167 [2560/6000 (43%)]	Loss: -0.227865
2021-05-16 00:07:46.889612	Train Epoch: 167 [5120/6000 (87%)]	Loss: -0.228098
====> Epoch: 167 Average loss: -0.2379
Train epoch = 168, alpha = 20.4910930196826, beta = 0.1, gamma = 0.0001
2021-05-16 00:07:46.927518	Train Epoch: 168 [0/6000 (0%)]	Loss: -0.227957
2021-05-16 00:07:47.030620	Train Epoch: 168 [2560/6000 (43%)]	Loss: -0.227957
2021-05-16 00:07:47.124625	Train Epoch: 168 [5120/6000 (87%)]	Loss: -0.227921
====> Epoch: 168 Average loss: -0.2379
Train epoch = 169, alpha = 21.64610931229765, beta = 0.1, gamma = 0.0001
2021-05-16 00:07:47.163775	Train Epoch: 169 [0/6000 (0%)]	Loss: -0.227824
2021-05-16 00:07:47.255993	Train Epoch: 169 [2560/6000 (43%)]	Loss: -0.228061
2021-05-16 00:07:47.346929	Train Epoch: 169 [5120/6000 (87%)]	Loss: -0.227955
====> Epoch: 169 Average loss: -0.2379
Train epoch = 170, alpha = 21.64610931229765, beta = 0.1, gamma = 0.0001
2021-05-16 00:07:47.386588	Train Epoch: 170 [0/6000 (0%)]	Loss: -0.228002
2021-05-16 00:07:47.485406	Train Epoch: 170 [2560/6000 (43%)]	Loss: -0.227972
2021-05-16 00:07:47.580137	Train Epoch: 170 [5120/6000 (87%)]	Loss: -0.227876
====> Epoch: 170 Average loss: -0.2379
Train epoch = 171, alpha = 21.64610931229765, beta = 0.1, gamma = 0.0001
2021-05-16 00:07:47.617961	Train Epoch: 171 [0/6000 (0%)]	Loss: -0.227810
2021-05-16 00:07:47.719786	Train Epoch: 171 [2560/6000 (43%)]	Loss: -0.228024
2021-05-16 00:07:47.817468	Train Epoch: 171 [5120/6000 (87%)]	Loss: -0.227938
====> Epoch: 171 Average loss: -0.2379
Train epoch = 172, alpha = 21.64610931229765, beta = 0.1, gamma = 0.0001
2021-05-16 00:07:47.859457	Train Epoch: 172 [0/6000 (0%)]	Loss: -0.227912
2021-05-16 00:07:47.946182	Train Epoch: 172 [2560/6000 (43%)]	Loss: -0.227948
2021-05-16 00:07:48.031333	Train Epoch: 172 [5120/6000 (87%)]	Loss: -0.228104
====> Epoch: 172 Average loss: -0.2379
Train epoch = 173, alpha = 21.64610931229765, beta = 0.1, gamma = 0.0001
2021-05-16 00:07:48.066923	Train Epoch: 173 [0/6000 (0%)]	Loss: -0.228000
2021-05-16 00:07:48.169490	Train Epoch: 173 [2560/6000 (43%)]	Loss: -0.228116
2021-05-16 00:07:48.281821	Train Epoch: 173 [5120/6000 (87%)]	Loss: -0.228146
====> Epoch: 173 Average loss: -0.2379
Train epoch = 174, alpha = 22.846601959033872, beta = 0.1, gamma = 0.0001
2021-05-16 00:07:48.316831	Train Epoch: 174 [0/6000 (0%)]	Loss: -0.228096
2021-05-16 00:07:48.409677	Train Epoch: 174 [2560/6000 (43%)]	Loss: -0.227979
2021-05-16 00:07:48.497909	Train Epoch: 174 [5120/6000 (87%)]	Loss: -0.227944
====> Epoch: 174 Average loss: -0.2379
Train epoch = 175, alpha = 22.846601959033872, beta = 0.1, gamma = 0.0001
2021-05-16 00:07:48.531760	Train Epoch: 175 [0/6000 (0%)]	Loss: -0.227956
2021-05-16 00:07:48.629227	Train Epoch: 175 [2560/6000 (43%)]	Loss: -0.228008
2021-05-16 00:07:48.756502	Train Epoch: 175 [5120/6000 (87%)]	Loss: -0.228111
====> Epoch: 175 Average loss: -0.2379
Train epoch = 176, alpha = 22.846601959033872, beta = 0.1, gamma = 0.0001
2021-05-16 00:07:48.811206	Train Epoch: 176 [0/6000 (0%)]	Loss: -0.228043
2021-05-16 00:07:48.912540	Train Epoch: 176 [2560/6000 (43%)]	Loss: -0.228054
2021-05-16 00:07:49.011281	Train Epoch: 176 [5120/6000 (87%)]	Loss: -0.227994
====> Epoch: 176 Average loss: -0.2379
Train epoch = 177, alpha = 22.846601959033872, beta = 0.1, gamma = 0.0001
2021-05-16 00:07:49.047620	Train Epoch: 177 [0/6000 (0%)]	Loss: -0.227913
2021-05-16 00:07:49.162303	Train Epoch: 177 [2560/6000 (43%)]	Loss: -0.227948
2021-05-16 00:07:49.266699	Train Epoch: 177 [5120/6000 (87%)]	Loss: -0.227908
====> Epoch: 177 Average loss: -0.2379
Train epoch = 178, alpha = 22.846601959033872, beta = 0.1, gamma = 0.0001
2021-05-16 00:07:49.328641	Train Epoch: 178 [0/6000 (0%)]	Loss: -0.228080
2021-05-16 00:07:49.438769	Train Epoch: 178 [2560/6000 (43%)]	Loss: -0.228021
2021-05-16 00:07:49.535724	Train Epoch: 178 [5120/6000 (87%)]	Loss: -0.228169
====> Epoch: 178 Average loss: -0.2379
Train epoch = 179, alpha = 24.094004631173387, beta = 0.1, gamma = 0.0001
2021-05-16 00:07:49.582412	Train Epoch: 179 [0/6000 (0%)]	Loss: -0.228019
2021-05-16 00:07:49.675255	Train Epoch: 179 [2560/6000 (43%)]	Loss: -0.228192
2021-05-16 00:07:49.765571	Train Epoch: 179 [5120/6000 (87%)]	Loss: -0.227974
====> Epoch: 179 Average loss: -0.2379
Train epoch = 180, alpha = 24.094004631173387, beta = 0.1, gamma = 0.0001
2021-05-16 00:07:49.806532	Train Epoch: 180 [0/6000 (0%)]	Loss: -0.228058
2021-05-16 00:07:49.912343	Train Epoch: 180 [2560/6000 (43%)]	Loss: -0.228155
2021-05-16 00:07:50.002136	Train Epoch: 180 [5120/6000 (87%)]	Loss: -0.228066
====> Epoch: 180 Average loss: -0.2379
Train epoch = 181, alpha = 24.094004631173387, beta = 0.1, gamma = 0.0001
2021-05-16 00:07:50.037290	Train Epoch: 181 [0/6000 (0%)]	Loss: -0.228087
2021-05-16 00:07:50.132727	Train Epoch: 181 [2560/6000 (43%)]	Loss: -0.228211
2021-05-16 00:07:50.218965	Train Epoch: 181 [5120/6000 (87%)]	Loss: -0.227940
====> Epoch: 181 Average loss: -0.2379
Train epoch = 182, alpha = 24.094004631173387, beta = 0.1, gamma = 0.0001
2021-05-16 00:07:50.256912	Train Epoch: 182 [0/6000 (0%)]	Loss: -0.228052
2021-05-16 00:07:50.353804	Train Epoch: 182 [2560/6000 (43%)]	Loss: -0.227892
2021-05-16 00:07:50.445009	Train Epoch: 182 [5120/6000 (87%)]	Loss: -0.227951
====> Epoch: 182 Average loss: -0.2380
Train epoch = 183, alpha = 24.094004631173387, beta = 0.1, gamma = 0.0001
2021-05-16 00:07:50.483170	Train Epoch: 183 [0/6000 (0%)]	Loss: -0.227989
2021-05-16 00:07:50.575561	Train Epoch: 183 [2560/6000 (43%)]	Loss: -0.227960
2021-05-16 00:07:50.669528	Train Epoch: 183 [5120/6000 (87%)]	Loss: -0.228162
====> Epoch: 183 Average loss: -0.2380
Train epoch = 184, alpha = 25.38978851656256, beta = 0.1, gamma = 0.0001
2021-05-16 00:07:50.706434	Train Epoch: 184 [0/6000 (0%)]	Loss: -0.228088
2021-05-16 00:07:50.806743	Train Epoch: 184 [2560/6000 (43%)]	Loss: -0.228135
2021-05-16 00:07:50.900496	Train Epoch: 184 [5120/6000 (87%)]	Loss: -0.227783
====> Epoch: 184 Average loss: -0.2380
Train epoch = 185, alpha = 25.38978851656256, beta = 0.1, gamma = 0.0001
2021-05-16 00:07:50.936861	Train Epoch: 185 [0/6000 (0%)]	Loss: -0.228076
2021-05-16 00:07:51.030338	Train Epoch: 185 [2560/6000 (43%)]	Loss: -0.227764
2021-05-16 00:07:51.116874	Train Epoch: 185 [5120/6000 (87%)]	Loss: -0.228067
====> Epoch: 185 Average loss: -0.2380
Train epoch = 186, alpha = 25.38978851656256, beta = 0.1, gamma = 0.0001
2021-05-16 00:07:51.160855	Train Epoch: 186 [0/6000 (0%)]	Loss: -0.228194
2021-05-16 00:07:51.255926	Train Epoch: 186 [2560/6000 (43%)]	Loss: -0.228078
2021-05-16 00:07:51.357952	Train Epoch: 186 [5120/6000 (87%)]	Loss: -0.228074
====> Epoch: 186 Average loss: -0.2380
Train epoch = 187, alpha = 25.38978851656256, beta = 0.1, gamma = 0.0001
2021-05-16 00:07:51.401812	Train Epoch: 187 [0/6000 (0%)]	Loss: -0.228079
2021-05-16 00:07:51.498412	Train Epoch: 187 [2560/6000 (43%)]	Loss: -0.228182
2021-05-16 00:07:51.600012	Train Epoch: 187 [5120/6000 (87%)]	Loss: -0.227929
====> Epoch: 187 Average loss: -0.2380
Train epoch = 188, alpha = 25.38978851656256, beta = 0.1, gamma = 0.0001
2021-05-16 00:07:51.647400	Train Epoch: 188 [0/6000 (0%)]	Loss: -0.228096
2021-05-16 00:07:51.758522	Train Epoch: 188 [2560/6000 (43%)]	Loss: -0.228157
2021-05-16 00:07:51.864099	Train Epoch: 188 [5120/6000 (87%)]	Loss: -0.228031
====> Epoch: 188 Average loss: -0.2380
Train epoch = 189, alpha = 26.735463299025135, beta = 0.1, gamma = 0.0001
2021-05-16 00:07:51.901407	Train Epoch: 189 [0/6000 (0%)]	Loss: -0.228146
2021-05-16 00:07:52.009320	Train Epoch: 189 [2560/6000 (43%)]	Loss: -0.227965
2021-05-16 00:07:52.269401	Train Epoch: 189 [5120/6000 (87%)]	Loss: -0.228113
====> Epoch: 189 Average loss: -0.2380
Train epoch = 190, alpha = 26.735463299025135, beta = 0.1, gamma = 0.0001
2021-05-16 00:07:52.374106	Train Epoch: 190 [0/6000 (0%)]	Loss: -0.228067
2021-05-16 00:07:52.495152	Train Epoch: 190 [2560/6000 (43%)]	Loss: -0.227953
2021-05-16 00:07:52.602373	Train Epoch: 190 [5120/6000 (87%)]	Loss: -0.228180
====> Epoch: 190 Average loss: -0.2380
Train epoch = 191, alpha = 26.735463299025135, beta = 0.1, gamma = 0.0001
2021-05-16 00:07:52.644450	Train Epoch: 191 [0/6000 (0%)]	Loss: -0.228041
2021-05-16 00:07:52.751193	Train Epoch: 191 [2560/6000 (43%)]	Loss: -0.228212
2021-05-16 00:07:52.867862	Train Epoch: 191 [5120/6000 (87%)]	Loss: -0.228153
====> Epoch: 191 Average loss: -0.2380
Train epoch = 192, alpha = 26.735463299025135, beta = 0.1, gamma = 0.0001
2021-05-16 00:07:52.916381	Train Epoch: 192 [0/6000 (0%)]	Loss: -0.228142
2021-05-16 00:07:53.010118	Train Epoch: 192 [2560/6000 (43%)]	Loss: -0.228224
2021-05-16 00:07:53.129272	Train Epoch: 192 [5120/6000 (87%)]	Loss: -0.228100
====> Epoch: 192 Average loss: -0.2380
Train epoch = 193, alpha = 26.735463299025135, beta = 0.1, gamma = 0.0001
2021-05-16 00:07:53.199185	Train Epoch: 193 [0/6000 (0%)]	Loss: -0.227991
2021-05-16 00:07:53.335608	Train Epoch: 193 [2560/6000 (43%)]	Loss: -0.228113
2021-05-16 00:07:53.454639	Train Epoch: 193 [5120/6000 (87%)]	Loss: -0.228073
====> Epoch: 193 Average loss: -0.2380
Train epoch = 194, alpha = 28.13257814746897, beta = 0.1, gamma = 0.0001
2021-05-16 00:07:53.505990	Train Epoch: 194 [0/6000 (0%)]	Loss: -0.228059
2021-05-16 00:07:53.609974	Train Epoch: 194 [2560/6000 (43%)]	Loss: -0.228092
2021-05-16 00:07:53.703754	Train Epoch: 194 [5120/6000 (87%)]	Loss: -0.228210
====> Epoch: 194 Average loss: -0.2380
Train epoch = 195, alpha = 28.13257814746897, beta = 0.1, gamma = 0.0001
2021-05-16 00:07:53.741043	Train Epoch: 195 [0/6000 (0%)]	Loss: -0.228177
2021-05-16 00:07:53.848816	Train Epoch: 195 [2560/6000 (43%)]	Loss: -0.227990
2021-05-16 00:07:53.935465	Train Epoch: 195 [5120/6000 (87%)]	Loss: -0.227996
====> Epoch: 195 Average loss: -0.2380
Train epoch = 196, alpha = 28.13257814746897, beta = 0.1, gamma = 0.0001
2021-05-16 00:07:53.976967	Train Epoch: 196 [0/6000 (0%)]	Loss: -0.228018
2021-05-16 00:07:54.071810	Train Epoch: 196 [2560/6000 (43%)]	Loss: -0.228232
2021-05-16 00:07:54.168137	Train Epoch: 196 [5120/6000 (87%)]	Loss: -0.228033
====> Epoch: 196 Average loss: -0.2380
Train epoch = 197, alpha = 28.13257814746897, beta = 0.1, gamma = 0.0001
2021-05-16 00:07:54.211058	Train Epoch: 197 [0/6000 (0%)]	Loss: -0.228086
2021-05-16 00:07:54.323820	Train Epoch: 197 [2560/6000 (43%)]	Loss: -0.228140
2021-05-16 00:07:54.420396	Train Epoch: 197 [5120/6000 (87%)]	Loss: -0.228015
====> Epoch: 197 Average loss: -0.2380
Train epoch = 198, alpha = 28.13257814746897, beta = 0.1, gamma = 0.0001
2021-05-16 00:07:54.463732	Train Epoch: 198 [0/6000 (0%)]	Loss: -0.228035
2021-05-16 00:07:54.566733	Train Epoch: 198 [2560/6000 (43%)]	Loss: -0.228348
2021-05-16 00:07:54.664776	Train Epoch: 198 [5120/6000 (87%)]	Loss: -0.228035
====> Epoch: 198 Average loss: -0.2380
Train epoch = 199, alpha = 29.582722716600045, beta = 0.1, gamma = 0.0001
2021-05-16 00:07:54.706372	Train Epoch: 199 [0/6000 (0%)]	Loss: -0.228011
2021-05-16 00:07:54.813209	Train Epoch: 199 [2560/6000 (43%)]	Loss: -0.228274
2021-05-16 00:07:54.904301	Train Epoch: 199 [5120/6000 (87%)]	Loss: -0.228217
====> Epoch: 199 Average loss: -0.2381
Saving model...
Training DONE!
Loading dataset synthetic_functions...
Shape X_train:  (6000, 2)
Shape Y_train:  (6000,)
Shape X_test:  (1000, 2)
Shape Y_test:  (1000,)
Dataset loaded!
Initialization of the model...
Scheme train: annealing
Rep init type: fixed_length_random
Space init: latent
Type loss: log_dist
Model:  AE(
  (encoder): Encoder(
    (hidden): ModuleList()
    (out): Linear(in_features=2, out_features=2, bias=True)
  )
  (decoder): Decoder(
    (hidden): ModuleList()
    (out): Linear(in_features=2, out_features=2, bias=True)
  )
)
Starting testing on synthetic_functions data in mode test...
Running k-means...
Running k-means...
shape of s torch.Size([2, 4])
Running k-segments...
s1 shape:  torch.Size([18, 2])
s2 shape:  torch.Size([18, 2])
s_alphas shape:  torch.Size([18, 2])
s1 shape:  torch.Size([18, 2])
s2 shape:  torch.Size([18, 2])
s_alphas shape:  torch.Size([18, 2])
s1 shape:  torch.Size([2, 2])
s2 shape:  torch.Size([2, 2])
shape s_inter_rec_np =  (18, 2)
i = 0, X_full shape = (1002, 2)
i = 1, X_full shape = (1022, 2)
i = 2, X_full shape = (1022, 2)
i = 3, X_full shape = (1002, 2)
i = 4, X_full shape = (1020, 2)
i = 0, X_full shape = (1002, 2)
i = 1, X_full shape = (1022, 2)
i = 2, X_full shape = (1022, 2)
i = 3, X_full shape = (1002, 2)
i = 4, X_full shape = (1020, 2)
['ACC = 1.0', 'NMI = 1.0', 'ARI = 1.0']
Final testing DONE!
