Loading dataset synthetic_clusters...
Shape X_train:  (5000, 2)
Shape Y_train:  (5000,)
Shape X_test:  (1000, 2)
Shape Y_test:  (1000,)
Dataset loaded!
Initialization of the model...
Scheme train: annealing
Rep init type: fixed_length_random
Space init: latent
Type loss: log_dist
Model:  AE(
  (encoder): Encoder(
    (hidden): ModuleList()
    (out): Linear(in_features=2, out_features=2, bias=True)
  )
  (decoder): Decoder(
    (hidden): ModuleList()
    (out): Linear(in_features=2, out_features=2, bias=True)
  )
)
Starting training on synthetic_clusters...
Starting lap 1 for evolution on synthetic_clusters data in mode train...
Running k-means...
Running k-means...
shape of s torch.Size([2, 4])
Running k-segments...
s1 shape:  torch.Size([18, 2])
s2 shape:  torch.Size([18, 2])
s_alphas shape:  torch.Size([18, 2])
s1 shape:  torch.Size([18, 2])
s2 shape:  torch.Size([18, 2])
s_alphas shape:  torch.Size([18, 2])
s1 shape:  torch.Size([2, 2])
s2 shape:  torch.Size([2, 2])
shape s_inter_rec_np =  (18, 2)
i = 0, X_full shape = (5002, 2)
i = 1, X_full shape = (5022, 2)
i = 2, X_full shape = (5022, 2)
i = 3, X_full shape = (5002, 2)
i = 4, X_full shape = (5020, 2)
i = 0, X_full shape = (5002, 2)
i = 1, X_full shape = (5022, 2)
i = 2, X_full shape = (5022, 2)
i = 3, X_full shape = (5002, 2)
i = 4, X_full shape = (5020, 2)
['ACC = 0.5', 'NMI = 0.0', 'ARI = 0.0']
Lap 1 for evolution DONE!
Train epoch = 0, alpha = 0.1, beta = 1.0, gamma = 0.0001
2021-05-15 22:12:24.355534	Train Epoch: 0 [0/5000 (0%)]	Loss: 1.120765
2021-05-15 22:12:24.448268	Train Epoch: 0 [2560/5000 (53%)]	Loss: 0.820974
====> Epoch: 0 Average loss: 0.9491
Train epoch = 1, alpha = 0.1, beta = 1.0, gamma = 0.0001
2021-05-15 22:12:24.538639	Train Epoch: 1 [0/5000 (0%)]	Loss: 0.828602
2021-05-15 22:12:24.629497	Train Epoch: 1 [2560/5000 (53%)]	Loss: 0.466444
====> Epoch: 1 Average loss: 0.6974
Train epoch = 2, alpha = 0.1, beta = 1.0, gamma = 0.0001
2021-05-15 22:12:24.719404	Train Epoch: 2 [0/5000 (0%)]	Loss: 0.573977
2021-05-15 22:12:24.811600	Train Epoch: 2 [2560/5000 (53%)]	Loss: 0.447454
====> Epoch: 2 Average loss: 0.4506
Train epoch = 3, alpha = 0.1, beta = 1.0, gamma = 0.0001
2021-05-15 22:12:24.901551	Train Epoch: 3 [0/5000 (0%)]	Loss: 0.326141
2021-05-15 22:12:24.994016	Train Epoch: 3 [2560/5000 (53%)]	Loss: 0.218151
====> Epoch: 3 Average loss: 0.2074
Train epoch = 4, alpha = 0.42320861065570825, beta = 1.0, gamma = 0.0001
2021-05-15 22:12:25.087472	Train Epoch: 4 [0/5000 (0%)]	Loss: 0.156698
2021-05-15 22:12:25.195535	Train Epoch: 4 [2560/5000 (53%)]	Loss: 0.069932
====> Epoch: 4 Average loss: -0.0518
Train epoch = 5, alpha = 0.42320861065570825, beta = 1.0, gamma = 0.0001
2021-05-15 22:12:25.290085	Train Epoch: 5 [0/5000 (0%)]	Loss: -0.184272
2021-05-15 22:12:25.397750	Train Epoch: 5 [2560/5000 (53%)]	Loss: -0.152750
====> Epoch: 5 Average loss: -0.2680
Train epoch = 6, alpha = 0.42320861065570825, beta = 1.0, gamma = 0.0001
2021-05-15 22:12:25.488624	Train Epoch: 6 [0/5000 (0%)]	Loss: -0.314897
2021-05-15 22:12:25.597750	Train Epoch: 6 [2560/5000 (53%)]	Loss: -0.338199
====> Epoch: 6 Average loss: -0.4769
Train epoch = 7, alpha = 0.42320861065570825, beta = 1.0, gamma = 0.0001
2021-05-15 22:12:25.688756	Train Epoch: 7 [0/5000 (0%)]	Loss: -0.497899
2021-05-15 22:12:25.779319	Train Epoch: 7 [2560/5000 (53%)]	Loss: -0.670553
====> Epoch: 7 Average loss: -0.6724
Train epoch = 8, alpha = 0.42320861065570825, beta = 1.0, gamma = 0.0001
2021-05-15 22:12:25.871290	Train Epoch: 8 [0/5000 (0%)]	Loss: -0.680355
2021-05-15 22:12:25.983480	Train Epoch: 8 [2560/5000 (53%)]	Loss: -0.770903
====> Epoch: 8 Average loss: -0.8401
Train epoch = 9, alpha = 0.7515684111296623, beta = 1.0, gamma = 0.0001
2021-05-15 22:12:26.075393	Train Epoch: 9 [0/5000 (0%)]	Loss: -0.913877
2021-05-15 22:12:26.166426	Train Epoch: 9 [2560/5000 (53%)]	Loss: -0.958175
====> Epoch: 9 Average loss: -0.9947
Train epoch = 10, alpha = 0.7515684111296623, beta = 1.0, gamma = 0.0001
2021-05-15 22:12:26.260507	Train Epoch: 10 [0/5000 (0%)]	Loss: -0.958760
2021-05-15 22:12:26.370863	Train Epoch: 10 [2560/5000 (53%)]	Loss: -1.005613
====> Epoch: 10 Average loss: -1.1043
Train epoch = 11, alpha = 0.7515684111296623, beta = 1.0, gamma = 0.0001
2021-05-15 22:12:26.462428	Train Epoch: 11 [0/5000 (0%)]	Loss: -1.077854
2021-05-15 22:12:26.553064	Train Epoch: 11 [2560/5000 (53%)]	Loss: -1.159970
====> Epoch: 11 Average loss: -1.1967
Train epoch = 12, alpha = 0.7515684111296623, beta = 1.0, gamma = 0.0001
2021-05-15 22:12:26.643517	Train Epoch: 12 [0/5000 (0%)]	Loss: -1.232230
2021-05-15 22:12:26.736050	Train Epoch: 12 [2560/5000 (53%)]	Loss: -1.220878
====> Epoch: 12 Average loss: -1.2708
Train epoch = 13, alpha = 0.7515684111296623, beta = 1.0, gamma = 0.0001
2021-05-15 22:12:26.826488	Train Epoch: 13 [0/5000 (0%)]	Loss: -1.255651
2021-05-15 22:12:26.917018	Train Epoch: 13 [2560/5000 (53%)]	Loss: -1.261924
====> Epoch: 13 Average loss: -1.3284
Train epoch = 14, alpha = 1.077971160195895, beta = 1.0, gamma = 0.0001
2021-05-15 22:12:27.007690	Train Epoch: 14 [0/5000 (0%)]	Loss: -1.200116
2021-05-15 22:12:27.118509	Train Epoch: 14 [2560/5000 (53%)]	Loss: -1.279564
====> Epoch: 14 Average loss: -1.3717
Train epoch = 15, alpha = 1.077971160195895, beta = 1.0, gamma = 0.0001
2021-05-15 22:12:27.207909	Train Epoch: 15 [0/5000 (0%)]	Loss: -1.316787
2021-05-15 22:12:27.300160	Train Epoch: 15 [2560/5000 (53%)]	Loss: -1.316043
====> Epoch: 15 Average loss: -1.4077
Train epoch = 16, alpha = 1.077971160195895, beta = 1.0, gamma = 0.0001
2021-05-15 22:12:27.390318	Train Epoch: 16 [0/5000 (0%)]	Loss: -1.316467
2021-05-15 22:12:27.482845	Train Epoch: 16 [2560/5000 (53%)]	Loss: -1.314535
====> Epoch: 16 Average loss: -1.4323
Train epoch = 17, alpha = 1.077971160195895, beta = 1.0, gamma = 0.0001
2021-05-15 22:12:27.570964	Train Epoch: 17 [0/5000 (0%)]	Loss: -1.388304
2021-05-15 22:12:27.661724	Train Epoch: 17 [2560/5000 (53%)]	Loss: -1.415119
====> Epoch: 17 Average loss: -1.4492
Train epoch = 18, alpha = 1.077971160195895, beta = 1.0, gamma = 0.0001
2021-05-15 22:12:27.752420	Train Epoch: 18 [0/5000 (0%)]	Loss: -1.394317
2021-05-15 22:12:27.843479	Train Epoch: 18 [2560/5000 (53%)]	Loss: -1.465135
====> Epoch: 18 Average loss: -1.4656
Train epoch = 19, alpha = 1.4087110115785935, beta = 1.0, gamma = 0.0001
2021-05-15 22:12:27.934304	Train Epoch: 19 [0/5000 (0%)]	Loss: -1.408190
2021-05-15 22:12:28.025885	Train Epoch: 19 [2560/5000 (53%)]	Loss: -1.340322
====> Epoch: 19 Average loss: -1.4755
Train epoch = 20, alpha = 1.4087110115785935, beta = 1.0, gamma = 0.0001
2021-05-15 22:12:28.117856	Train Epoch: 20 [0/5000 (0%)]	Loss: -1.421003
2021-05-15 22:12:28.208280	Train Epoch: 20 [2560/5000 (53%)]	Loss: -1.444968
====> Epoch: 20 Average loss: -1.4868
Train epoch = 21, alpha = 1.4087110115785935, beta = 1.0, gamma = 0.0001
2021-05-15 22:12:28.299324	Train Epoch: 21 [0/5000 (0%)]	Loss: -1.418708
2021-05-15 22:12:28.409760	Train Epoch: 21 [2560/5000 (53%)]	Loss: -1.418994
====> Epoch: 21 Average loss: -1.4965
Train epoch = 22, alpha = 1.4087110115785935, beta = 1.0, gamma = 0.0001
2021-05-15 22:12:28.500872	Train Epoch: 22 [0/5000 (0%)]	Loss: -1.390872
2021-05-15 22:12:28.593614	Train Epoch: 22 [2560/5000 (53%)]	Loss: -1.337506
====> Epoch: 22 Average loss: -1.5078
Train epoch = 23, alpha = 1.4087110115785935, beta = 1.0, gamma = 0.0001
2021-05-15 22:12:28.686864	Train Epoch: 23 [0/5000 (0%)]	Loss: -1.372241
2021-05-15 22:12:28.796640	Train Epoch: 23 [2560/5000 (53%)]	Loss: -1.520019
====> Epoch: 23 Average loss: -1.5161
Train epoch = 24, alpha = 1.7481914085889256, beta = 1.0, gamma = 0.0001
2021-05-15 22:12:28.888327	Train Epoch: 24 [0/5000 (0%)]	Loss: -1.409645
2021-05-15 22:12:28.979064	Train Epoch: 24 [2560/5000 (53%)]	Loss: -1.436321
====> Epoch: 24 Average loss: -1.5277
Train epoch = 25, alpha = 1.7481914085889256, beta = 1.0, gamma = 0.0001
2021-05-15 22:12:29.071598	Train Epoch: 25 [0/5000 (0%)]	Loss: -1.456851
2021-05-15 22:12:29.179747	Train Epoch: 25 [2560/5000 (53%)]	Loss: -1.478375
====> Epoch: 25 Average loss: -1.5411
Train epoch = 26, alpha = 1.7481914085889256, beta = 1.0, gamma = 0.0001
2021-05-15 22:12:29.271306	Train Epoch: 26 [0/5000 (0%)]	Loss: -1.507350
2021-05-15 22:12:29.362442	Train Epoch: 26 [2560/5000 (53%)]	Loss: -1.502684
====> Epoch: 26 Average loss: -1.5548
Train epoch = 27, alpha = 1.7481914085889256, beta = 1.0, gamma = 0.0001
2021-05-15 22:12:29.453607	Train Epoch: 27 [0/5000 (0%)]	Loss: -1.460680
2021-05-15 22:12:29.546753	Train Epoch: 27 [2560/5000 (53%)]	Loss: -1.517843
====> Epoch: 27 Average loss: -1.5674
Train epoch = 28, alpha = 1.7481914085889256, beta = 1.0, gamma = 0.0001
2021-05-15 22:12:29.639198	Train Epoch: 28 [0/5000 (0%)]	Loss: -1.498584
2021-05-15 22:12:29.747179	Train Epoch: 28 [2560/5000 (53%)]	Loss: -1.518596
====> Epoch: 28 Average loss: -1.5835
Train epoch = 29, alpha = 2.0993673883731723, beta = 1.0, gamma = 0.0001
2021-05-15 22:12:29.838898	Train Epoch: 29 [0/5000 (0%)]	Loss: -1.528508
2021-05-15 22:12:29.948890	Train Epoch: 29 [2560/5000 (53%)]	Loss: -1.507692
====> Epoch: 29 Average loss: -1.5992
Train epoch = 30, alpha = 2.0993673883731723, beta = 1.0, gamma = 0.0001
2021-05-15 22:12:30.040467	Train Epoch: 30 [0/5000 (0%)]	Loss: -1.552421
2021-05-15 22:12:30.148971	Train Epoch: 30 [2560/5000 (53%)]	Loss: -1.580182
====> Epoch: 30 Average loss: -1.6167
Train epoch = 31, alpha = 2.0993673883731723, beta = 1.0, gamma = 0.0001
2021-05-15 22:12:30.240713	Train Epoch: 31 [0/5000 (0%)]	Loss: -1.555154
2021-05-15 22:12:30.347934	Train Epoch: 31 [2560/5000 (53%)]	Loss: -1.573820
====> Epoch: 31 Average loss: -1.6352
Train epoch = 32, alpha = 2.0993673883731723, beta = 1.0, gamma = 0.0001
2021-05-15 22:12:30.440518	Train Epoch: 32 [0/5000 (0%)]	Loss: -1.555865
2021-05-15 22:12:30.550122	Train Epoch: 32 [2560/5000 (53%)]	Loss: -1.609054
====> Epoch: 32 Average loss: -1.6532
Train epoch = 33, alpha = 2.0993673883731723, beta = 1.0, gamma = 0.0001
2021-05-15 22:12:30.639506	Train Epoch: 33 [0/5000 (0%)]	Loss: -1.625224
2021-05-15 22:12:30.731266	Train Epoch: 33 [2560/5000 (53%)]	Loss: -1.601648
====> Epoch: 33 Average loss: -1.6739
Train epoch = 34, alpha = 2.464368294574091, beta = 1.0, gamma = 0.0001
2021-05-15 22:12:30.823638	Train Epoch: 34 [0/5000 (0%)]	Loss: -1.601059
2021-05-15 22:12:30.916205	Train Epoch: 34 [2560/5000 (53%)]	Loss: -1.602491
====> Epoch: 34 Average loss: -1.6946
Train epoch = 35, alpha = 2.464368294574091, beta = 1.0, gamma = 0.0001
2021-05-15 22:12:31.008049	Train Epoch: 35 [0/5000 (0%)]	Loss: -1.625900
2021-05-15 22:12:31.098653	Train Epoch: 35 [2560/5000 (53%)]	Loss: -1.668028
====> Epoch: 35 Average loss: -1.7170
Train epoch = 36, alpha = 2.464368294574091, beta = 1.0, gamma = 0.0001
2021-05-15 22:12:31.189037	Train Epoch: 36 [0/5000 (0%)]	Loss: -1.590479
2021-05-15 22:12:31.298781	Train Epoch: 36 [2560/5000 (53%)]	Loss: -1.599422
====> Epoch: 36 Average loss: -1.7393
Train epoch = 37, alpha = 2.464368294574091, beta = 1.0, gamma = 0.0001
2021-05-15 22:12:31.389410	Train Epoch: 37 [0/5000 (0%)]	Loss: -1.692639
2021-05-15 22:12:31.480844	Train Epoch: 37 [2560/5000 (53%)]	Loss: -1.695910
====> Epoch: 37 Average loss: -1.7634
Train epoch = 38, alpha = 2.464368294574091, beta = 1.0, gamma = 0.0001
2021-05-15 22:12:31.572271	Train Epoch: 38 [0/5000 (0%)]	Loss: -1.695345
2021-05-15 22:12:31.682237	Train Epoch: 38 [2560/5000 (53%)]	Loss: -1.729805
====> Epoch: 38 Average loss: -1.7871
Train epoch = 39, alpha = 2.844848336696129, beta = 1.0, gamma = 0.0001
2021-05-15 22:12:31.774841	Train Epoch: 39 [0/5000 (0%)]	Loss: -1.699634
2021-05-15 22:12:31.867392	Train Epoch: 39 [2560/5000 (53%)]	Loss: -1.727948
====> Epoch: 39 Average loss: -1.8137
Train epoch = 40, alpha = 2.844848336696129, beta = 1.0, gamma = 0.0001
2021-05-15 22:12:31.959182	Train Epoch: 40 [0/5000 (0%)]	Loss: -1.757578
2021-05-15 22:12:32.068809	Train Epoch: 40 [2560/5000 (53%)]	Loss: -1.718973
====> Epoch: 40 Average loss: -1.8380
Train epoch = 41, alpha = 2.844848336696129, beta = 1.0, gamma = 0.0001
2021-05-15 22:12:32.159654	Train Epoch: 41 [0/5000 (0%)]	Loss: -1.773326
2021-05-15 22:12:32.251982	Train Epoch: 41 [2560/5000 (53%)]	Loss: -1.806314
====> Epoch: 41 Average loss: -1.8625
Train epoch = 42, alpha = 2.844848336696129, beta = 1.0, gamma = 0.0001
2021-05-15 22:12:32.343735	Train Epoch: 42 [0/5000 (0%)]	Loss: -1.750213
2021-05-15 22:12:32.435957	Train Epoch: 42 [2560/5000 (53%)]	Loss: -1.740058
====> Epoch: 42 Average loss: -1.8871
Train epoch = 43, alpha = 2.844848336696129, beta = 1.0, gamma = 0.0001
2021-05-15 22:12:32.530683	Train Epoch: 43 [0/5000 (0%)]	Loss: -1.822291
2021-05-15 22:12:32.638791	Train Epoch: 43 [2560/5000 (53%)]	Loss: -1.849839
====> Epoch: 43 Average loss: -1.9134
Train epoch = 44, alpha = 3.242178315324023, beta = 1.0, gamma = 0.0001
2021-05-15 22:12:32.730172	Train Epoch: 44 [0/5000 (0%)]	Loss: -1.824420
2021-05-15 22:12:32.839942	Train Epoch: 44 [2560/5000 (53%)]	Loss: -1.874851
====> Epoch: 44 Average loss: -1.9385
Train epoch = 45, alpha = 3.242178315324023, beta = 1.0, gamma = 0.0001
2021-05-15 22:12:32.934093	Train Epoch: 45 [0/5000 (0%)]	Loss: -1.836219
2021-05-15 22:12:33.047086	Train Epoch: 45 [2560/5000 (53%)]	Loss: -1.889363
====> Epoch: 45 Average loss: -1.9615
Train epoch = 46, alpha = 3.242178315324023, beta = 1.0, gamma = 0.0001
2021-05-15 22:12:33.137843	Train Epoch: 46 [0/5000 (0%)]	Loss: -1.875699
2021-05-15 22:12:33.229517	Train Epoch: 46 [2560/5000 (53%)]	Loss: -1.891062
====> Epoch: 46 Average loss: -1.9835
Train epoch = 47, alpha = 3.242178315324023, beta = 1.0, gamma = 0.0001
2021-05-15 22:12:33.320588	Train Epoch: 47 [0/5000 (0%)]	Loss: -1.908570
2021-05-15 22:12:33.416709	Train Epoch: 47 [2560/5000 (53%)]	Loss: -1.888945
====> Epoch: 47 Average loss: -2.0068
Train epoch = 48, alpha = 3.242178315324023, beta = 1.0, gamma = 0.0001
2021-05-15 22:12:33.508038	Train Epoch: 48 [0/5000 (0%)]	Loss: -1.950127
2021-05-15 22:12:33.601071	Train Epoch: 48 [2560/5000 (53%)]	Loss: -1.925115
====> Epoch: 48 Average loss: -2.0274
Train epoch = 49, alpha = 3.65755473609305, beta = 1.0, gamma = 0.0001
2021-05-15 22:12:33.694211	Train Epoch: 49 [0/5000 (0%)]	Loss: -1.921500
2021-05-15 22:12:33.790322	Train Epoch: 49 [2560/5000 (53%)]	Loss: -1.940348
====> Epoch: 49 Average loss: -2.0488
Starting lap 2 for evolution on synthetic_clusters data in mode train...
Running k-means...
Running k-means...
shape of s torch.Size([2, 4])
Running k-segments...
s1 shape:  torch.Size([18, 2])
s2 shape:  torch.Size([18, 2])
s_alphas shape:  torch.Size([18, 2])
s1 shape:  torch.Size([18, 2])
s2 shape:  torch.Size([18, 2])
s_alphas shape:  torch.Size([18, 2])
s1 shape:  torch.Size([2, 2])
s2 shape:  torch.Size([2, 2])
shape s_inter_rec_np =  (18, 2)
i = 0, X_full shape = (5002, 2)
i = 1, X_full shape = (5022, 2)
i = 2, X_full shape = (5022, 2)
i = 3, X_full shape = (5002, 2)
i = 4, X_full shape = (5020, 2)
i = 0, X_full shape = (5002, 2)
i = 1, X_full shape = (5022, 2)
i = 2, X_full shape = (5022, 2)
i = 3, X_full shape = (5002, 2)
i = 4, X_full shape = (5020, 2)
['ACC = 0.738', 'NMI = 0.298', 'ARI = 0.227']
Lap 2 for evolution DONE!
Train epoch = 50, alpha = 3.65755473609305, beta = 1.0, gamma = 0.0001
2021-05-15 22:12:37.355002	Train Epoch: 50 [0/5000 (0%)]	Loss: -1.949903
2021-05-15 22:12:37.448703	Train Epoch: 50 [2560/5000 (53%)]	Loss: -1.977025
====> Epoch: 50 Average loss: -2.0671
Train epoch = 51, alpha = 3.65755473609305, beta = 1.0, gamma = 0.0001
2021-05-15 22:12:37.540874	Train Epoch: 51 [0/5000 (0%)]	Loss: -1.955543
2021-05-15 22:12:37.649673	Train Epoch: 51 [2560/5000 (53%)]	Loss: -2.001857
====> Epoch: 51 Average loss: -2.0859
Train epoch = 52, alpha = 3.65755473609305, beta = 1.0, gamma = 0.0001
2021-05-15 22:12:37.741100	Train Epoch: 52 [0/5000 (0%)]	Loss: -1.975396
2021-05-15 22:12:37.833168	Train Epoch: 52 [2560/5000 (53%)]	Loss: -2.040681
====> Epoch: 52 Average loss: -2.0995
Train epoch = 53, alpha = 3.65755473609305, beta = 1.0, gamma = 0.0001
2021-05-15 22:12:37.923162	Train Epoch: 53 [0/5000 (0%)]	Loss: -1.987178
2021-05-15 22:12:38.015882	Train Epoch: 53 [2560/5000 (53%)]	Loss: -2.023574
====> Epoch: 53 Average loss: -2.1164
Train epoch = 54, alpha = 4.092064942246333, beta = 1.0, gamma = 0.0001
2021-05-15 22:12:38.106260	Train Epoch: 54 [0/5000 (0%)]	Loss: -2.039581
2021-05-15 22:12:38.199143	Train Epoch: 54 [2560/5000 (53%)]	Loss: -2.000347
====> Epoch: 54 Average loss: -2.1313
Train epoch = 55, alpha = 4.092064942246333, beta = 1.0, gamma = 0.0001
2021-05-15 22:12:38.290342	Train Epoch: 55 [0/5000 (0%)]	Loss: -2.022009
2021-05-15 22:12:38.404234	Train Epoch: 55 [2560/5000 (53%)]	Loss: -2.052468
====> Epoch: 55 Average loss: -2.1446
Train epoch = 56, alpha = 4.092064942246333, beta = 1.0, gamma = 0.0001
2021-05-15 22:12:38.497003	Train Epoch: 56 [0/5000 (0%)]	Loss: -2.030111
2021-05-15 22:12:38.607898	Train Epoch: 56 [2560/5000 (53%)]	Loss: -2.047470
====> Epoch: 56 Average loss: -2.1565
Train epoch = 57, alpha = 4.092064942246333, beta = 1.0, gamma = 0.0001
2021-05-15 22:12:38.698615	Train Epoch: 57 [0/5000 (0%)]	Loss: -2.056656
2021-05-15 22:12:38.789261	Train Epoch: 57 [2560/5000 (53%)]	Loss: -2.046895
====> Epoch: 57 Average loss: -2.1661
Train epoch = 58, alpha = 4.092064942246333, beta = 1.0, gamma = 0.0001
2021-05-15 22:12:38.879933	Train Epoch: 58 [0/5000 (0%)]	Loss: -2.061332
2021-05-15 22:12:38.989390	Train Epoch: 58 [2560/5000 (53%)]	Loss: -2.071027
====> Epoch: 58 Average loss: -2.1754
Train epoch = 59, alpha = 4.546727776716206, beta = 1.0, gamma = 0.0001
2021-05-15 22:12:39.080675	Train Epoch: 59 [0/5000 (0%)]	Loss: -2.061563
2021-05-15 22:12:39.172387	Train Epoch: 59 [2560/5000 (53%)]	Loss: -2.072457
====> Epoch: 59 Average loss: -2.1856
Train epoch = 60, alpha = 4.546727776716206, beta = 1.0, gamma = 0.0001
2021-05-15 22:12:39.266289	Train Epoch: 60 [0/5000 (0%)]	Loss: -2.094502
2021-05-15 22:12:39.357674	Train Epoch: 60 [2560/5000 (53%)]	Loss: -2.075112
====> Epoch: 60 Average loss: -2.1935
Train epoch = 61, alpha = 4.546727776716206, beta = 1.0, gamma = 0.0001
2021-05-15 22:12:39.449888	Train Epoch: 61 [0/5000 (0%)]	Loss: -2.081733
2021-05-15 22:12:39.542311	Train Epoch: 61 [2560/5000 (53%)]	Loss: -2.096469
====> Epoch: 61 Average loss: -2.2012
Train epoch = 62, alpha = 4.546727776716206, beta = 1.0, gamma = 0.0001
2021-05-15 22:12:39.634778	Train Epoch: 62 [0/5000 (0%)]	Loss: -2.089662
2021-05-15 22:12:39.743493	Train Epoch: 62 [2560/5000 (53%)]	Loss: -2.078857
====> Epoch: 62 Average loss: -2.2070
Train epoch = 63, alpha = 4.546727776716206, beta = 1.0, gamma = 0.0001
2021-05-15 22:12:39.835147	Train Epoch: 63 [0/5000 (0%)]	Loss: -2.118916
2021-05-15 22:12:39.943727	Train Epoch: 63 [2560/5000 (53%)]	Loss: -2.122941
====> Epoch: 63 Average loss: -2.2131
Train epoch = 64, alpha = 5.0225200099929665, beta = 1.0, gamma = 0.0001
2021-05-15 22:12:40.036512	Train Epoch: 64 [0/5000 (0%)]	Loss: -2.114069
2021-05-15 22:12:40.145418	Train Epoch: 64 [2560/5000 (53%)]	Loss: -2.085176
====> Epoch: 64 Average loss: -2.2199
Train epoch = 65, alpha = 5.0225200099929665, beta = 1.0, gamma = 0.0001
2021-05-15 22:12:40.237536	Train Epoch: 65 [0/5000 (0%)]	Loss: -2.114726
2021-05-15 22:12:40.347692	Train Epoch: 65 [2560/5000 (53%)]	Loss: -2.137151
====> Epoch: 65 Average loss: -2.2238
Train epoch = 66, alpha = 5.0225200099929665, beta = 1.0, gamma = 0.0001
2021-05-15 22:12:40.438520	Train Epoch: 66 [0/5000 (0%)]	Loss: -2.119107
2021-05-15 22:12:40.532031	Train Epoch: 66 [2560/5000 (53%)]	Loss: -2.113352
====> Epoch: 66 Average loss: -2.2279
Train epoch = 67, alpha = 5.0225200099929665, beta = 1.0, gamma = 0.0001
2021-05-15 22:12:40.623380	Train Epoch: 67 [0/5000 (0%)]	Loss: -2.111156
2021-05-15 22:12:40.734204	Train Epoch: 67 [2560/5000 (53%)]	Loss: -2.124462
====> Epoch: 67 Average loss: -2.2312
Train epoch = 68, alpha = 5.0225200099929665, beta = 1.0, gamma = 0.0001
2021-05-15 22:12:40.825392	Train Epoch: 68 [0/5000 (0%)]	Loss: -2.133057
2021-05-15 22:12:40.934844	Train Epoch: 68 [2560/5000 (53%)]	Loss: -2.132187
====> Epoch: 68 Average loss: -2.2341
Train epoch = 69, alpha = 5.520394146673345, beta = 1.0, gamma = 0.0001
2021-05-15 22:12:41.024182	Train Epoch: 69 [0/5000 (0%)]	Loss: -2.111931
2021-05-15 22:12:41.115616	Train Epoch: 69 [2560/5000 (53%)]	Loss: -2.135760
====> Epoch: 69 Average loss: -2.2394
Train epoch = 70, alpha = 5.520394146673345, beta = 1.0, gamma = 0.0001
2021-05-15 22:12:41.222904	Train Epoch: 70 [0/5000 (0%)]	Loss: -2.125113
2021-05-15 22:12:41.324161	Train Epoch: 70 [2560/5000 (53%)]	Loss: -2.145651
====> Epoch: 70 Average loss: -2.2419
Train epoch = 71, alpha = 5.520394146673345, beta = 1.0, gamma = 0.0001
2021-05-15 22:12:41.430993	Train Epoch: 71 [0/5000 (0%)]	Loss: -2.147200
2021-05-15 22:12:41.539513	Train Epoch: 71 [2560/5000 (53%)]	Loss: -2.114076
====> Epoch: 71 Average loss: -2.2448
Train epoch = 72, alpha = 5.520394146673345, beta = 1.0, gamma = 0.0001
2021-05-15 22:12:41.630980	Train Epoch: 72 [0/5000 (0%)]	Loss: -2.117786
2021-05-15 22:12:41.725760	Train Epoch: 72 [2560/5000 (53%)]	Loss: -2.144110
====> Epoch: 72 Average loss: -2.2460
Train epoch = 73, alpha = 5.520394146673345, beta = 1.0, gamma = 0.0001
2021-05-15 22:12:41.815641	Train Epoch: 73 [0/5000 (0%)]	Loss: -2.125454
2021-05-15 22:12:41.907998	Train Epoch: 73 [2560/5000 (53%)]	Loss: -2.132466
====> Epoch: 73 Average loss: -2.2483
Train epoch = 74, alpha = 6.041290820871168, beta = 1.0, gamma = 0.0001
2021-05-15 22:12:41.997958	Train Epoch: 74 [0/5000 (0%)]	Loss: -2.135548
2021-05-15 22:12:42.089036	Train Epoch: 74 [2560/5000 (53%)]	Loss: -2.131741
====> Epoch: 74 Average loss: -2.2515
Train epoch = 75, alpha = 6.041290820871168, beta = 1.0, gamma = 0.0001
2021-05-15 22:12:42.180299	Train Epoch: 75 [0/5000 (0%)]	Loss: -2.142256
2021-05-15 22:12:42.272878	Train Epoch: 75 [2560/5000 (53%)]	Loss: -2.141313
====> Epoch: 75 Average loss: -2.2528
Train epoch = 76, alpha = 6.041290820871168, beta = 1.0, gamma = 0.0001
2021-05-15 22:12:42.365110	Train Epoch: 76 [0/5000 (0%)]	Loss: -2.171550
2021-05-15 22:12:42.456265	Train Epoch: 76 [2560/5000 (53%)]	Loss: -2.118836
====> Epoch: 76 Average loss: -2.2541
Train epoch = 77, alpha = 6.041290820871168, beta = 1.0, gamma = 0.0001
2021-05-15 22:12:42.567740	Train Epoch: 77 [0/5000 (0%)]	Loss: -2.153716
2021-05-15 22:12:42.681595	Train Epoch: 77 [2560/5000 (53%)]	Loss: -2.153562
====> Epoch: 77 Average loss: -2.2561
Train epoch = 78, alpha = 6.041290820871168, beta = 1.0, gamma = 0.0001
2021-05-15 22:12:42.777950	Train Epoch: 78 [0/5000 (0%)]	Loss: -2.144704
2021-05-15 22:12:42.876961	Train Epoch: 78 [2560/5000 (53%)]	Loss: -2.143410
====> Epoch: 78 Average loss: -2.2572
Train epoch = 79, alpha = 6.586147687908683, beta = 1.0, gamma = 0.0001
2021-05-15 22:12:42.972825	Train Epoch: 79 [0/5000 (0%)]	Loss: -2.162160
2021-05-15 22:12:43.070149	Train Epoch: 79 [2560/5000 (53%)]	Loss: -2.158189
====> Epoch: 79 Average loss: -2.2586
Train epoch = 80, alpha = 6.586147687908683, beta = 1.0, gamma = 0.0001
2021-05-15 22:12:43.166044	Train Epoch: 80 [0/5000 (0%)]	Loss: -2.139966
2021-05-15 22:12:43.262614	Train Epoch: 80 [2560/5000 (53%)]	Loss: -2.154443
====> Epoch: 80 Average loss: -2.2594
Train epoch = 81, alpha = 6.586147687908683, beta = 1.0, gamma = 0.0001
2021-05-15 22:12:43.356737	Train Epoch: 81 [0/5000 (0%)]	Loss: -2.147355
2021-05-15 22:12:43.468715	Train Epoch: 81 [2560/5000 (53%)]	Loss: -2.162557
====> Epoch: 81 Average loss: -2.2611
Train epoch = 82, alpha = 6.586147687908683, beta = 1.0, gamma = 0.0001
2021-05-15 22:12:43.559358	Train Epoch: 82 [0/5000 (0%)]	Loss: -2.141220
2021-05-15 22:12:43.651697	Train Epoch: 82 [2560/5000 (53%)]	Loss: -2.135223
====> Epoch: 82 Average loss: -2.2613
Train epoch = 83, alpha = 6.586147687908683, beta = 1.0, gamma = 0.0001
2021-05-15 22:12:43.743138	Train Epoch: 83 [0/5000 (0%)]	Loss: -2.137698
2021-05-15 22:12:43.853245	Train Epoch: 83 [2560/5000 (53%)]	Loss: -2.143447
====> Epoch: 83 Average loss: -2.2627
Train epoch = 84, alpha = 7.155905984855657, beta = 1.0, gamma = 0.0001
2021-05-15 22:12:43.948446	Train Epoch: 84 [0/5000 (0%)]	Loss: -2.141280
2021-05-15 22:12:44.042514	Train Epoch: 84 [2560/5000 (53%)]	Loss: -2.160205
====> Epoch: 84 Average loss: -2.2634
Train epoch = 85, alpha = 7.155905984855657, beta = 1.0, gamma = 0.0001
2021-05-15 22:12:44.135587	Train Epoch: 85 [0/5000 (0%)]	Loss: -2.142982
2021-05-15 22:12:44.230051	Train Epoch: 85 [2560/5000 (53%)]	Loss: -2.166858
====> Epoch: 85 Average loss: -2.2644
Train epoch = 86, alpha = 7.155905984855657, beta = 1.0, gamma = 0.0001
2021-05-15 22:12:44.321915	Train Epoch: 86 [0/5000 (0%)]	Loss: -2.155638
2021-05-15 22:12:44.416830	Train Epoch: 86 [2560/5000 (53%)]	Loss: -2.170443
====> Epoch: 86 Average loss: -2.2650
Train epoch = 87, alpha = 7.155905984855657, beta = 1.0, gamma = 0.0001
2021-05-15 22:12:44.510060	Train Epoch: 87 [0/5000 (0%)]	Loss: -2.176409
2021-05-15 22:12:44.604879	Train Epoch: 87 [2560/5000 (53%)]	Loss: -2.158694
====> Epoch: 87 Average loss: -2.2644
Train epoch = 88, alpha = 7.155905984855657, beta = 1.0, gamma = 0.0001
2021-05-15 22:12:44.696700	Train Epoch: 88 [0/5000 (0%)]	Loss: -2.135232
2021-05-15 22:12:44.791018	Train Epoch: 88 [2560/5000 (53%)]	Loss: -2.149076
====> Epoch: 88 Average loss: -2.2659
Train epoch = 89, alpha = 7.751515502863206, beta = 1.0, gamma = 0.0001
2021-05-15 22:12:44.886320	Train Epoch: 89 [0/5000 (0%)]	Loss: -2.167410
2021-05-15 22:12:44.981019	Train Epoch: 89 [2560/5000 (53%)]	Loss: -2.157413
====> Epoch: 89 Average loss: -2.2657
Train epoch = 90, alpha = 7.751515502863206, beta = 1.0, gamma = 0.0001
2021-05-15 22:12:45.074648	Train Epoch: 90 [0/5000 (0%)]	Loss: -2.165891
2021-05-15 22:12:45.168691	Train Epoch: 90 [2560/5000 (53%)]	Loss: -2.169852
====> Epoch: 90 Average loss: -2.2674
Train epoch = 91, alpha = 7.751515502863206, beta = 1.0, gamma = 0.0001
2021-05-15 22:12:45.263219	Train Epoch: 91 [0/5000 (0%)]	Loss: -2.166630
2021-05-15 22:12:45.372380	Train Epoch: 91 [2560/5000 (53%)]	Loss: -2.167613
====> Epoch: 91 Average loss: -2.2675
Train epoch = 92, alpha = 7.751515502863206, beta = 1.0, gamma = 0.0001
2021-05-15 22:12:45.464846	Train Epoch: 92 [0/5000 (0%)]	Loss: -2.167072
2021-05-15 22:12:45.576662	Train Epoch: 92 [2560/5000 (53%)]	Loss: -2.152312
====> Epoch: 92 Average loss: -2.2675
Train epoch = 93, alpha = 7.751515502863206, beta = 1.0, gamma = 0.0001
2021-05-15 22:12:45.670599	Train Epoch: 93 [0/5000 (0%)]	Loss: -2.153472
2021-05-15 22:12:45.763447	Train Epoch: 93 [2560/5000 (53%)]	Loss: -2.148401
====> Epoch: 93 Average loss: -2.2680
Train epoch = 94, alpha = 8.373938454865366, beta = 1.0, gamma = 0.0001
2021-05-15 22:12:45.854838	Train Epoch: 94 [0/5000 (0%)]	Loss: -2.161525
2021-05-15 22:12:45.947229	Train Epoch: 94 [2560/5000 (53%)]	Loss: -2.154479
====> Epoch: 94 Average loss: -2.2693
Train epoch = 95, alpha = 8.373938454865366, beta = 1.0, gamma = 0.0001
2021-05-15 22:12:46.038936	Train Epoch: 95 [0/5000 (0%)]	Loss: -2.166615
2021-05-15 22:12:46.130897	Train Epoch: 95 [2560/5000 (53%)]	Loss: -2.154235
====> Epoch: 95 Average loss: -2.2690
Train epoch = 96, alpha = 8.373938454865366, beta = 1.0, gamma = 0.0001
2021-05-15 22:12:46.220224	Train Epoch: 96 [0/5000 (0%)]	Loss: -2.155829
2021-05-15 22:12:46.313159	Train Epoch: 96 [2560/5000 (53%)]	Loss: -2.147409
====> Epoch: 96 Average loss: -2.2696
Train epoch = 97, alpha = 8.373938454865366, beta = 1.0, gamma = 0.0001
2021-05-15 22:12:46.405724	Train Epoch: 97 [0/5000 (0%)]	Loss: -2.173086
2021-05-15 22:12:46.514215	Train Epoch: 97 [2560/5000 (53%)]	Loss: -2.162752
====> Epoch: 97 Average loss: -2.2683
Train epoch = 98, alpha = 8.373938454865366, beta = 1.0, gamma = 0.0001
2021-05-15 22:12:46.606544	Train Epoch: 98 [0/5000 (0%)]	Loss: -2.137832
2021-05-15 22:12:46.699127	Train Epoch: 98 [2560/5000 (53%)]	Loss: -2.167731
====> Epoch: 98 Average loss: -2.2704
Train epoch = 99, alpha = 9.024152561056017, beta = 1.0, gamma = 0.0001
2021-05-15 22:12:46.790188	Train Epoch: 99 [0/5000 (0%)]	Loss: -2.165012
2021-05-15 22:12:46.902573	Train Epoch: 99 [2560/5000 (53%)]	Loss: -2.134027
====> Epoch: 99 Average loss: -2.2708
Starting lap 3 for evolution on synthetic_clusters data in mode train...
Running k-means...
Running k-means...
shape of s torch.Size([2, 4])
Running k-segments...
s1 shape:  torch.Size([18, 2])
s2 shape:  torch.Size([18, 2])
s_alphas shape:  torch.Size([18, 2])
s1 shape:  torch.Size([18, 2])
s2 shape:  torch.Size([18, 2])
s_alphas shape:  torch.Size([18, 2])
s1 shape:  torch.Size([2, 2])
s2 shape:  torch.Size([2, 2])
shape s_inter_rec_np =  (18, 2)
i = 0, X_full shape = (5002, 2)
i = 1, X_full shape = (5022, 2)
i = 2, X_full shape = (5022, 2)
i = 3, X_full shape = (5002, 2)
i = 4, X_full shape = (5020, 2)
i = 0, X_full shape = (5002, 2)
i = 1, X_full shape = (5022, 2)
i = 2, X_full shape = (5022, 2)
i = 3, X_full shape = (5002, 2)
i = 4, X_full shape = (5020, 2)
['ACC = 0.572', 'NMI = 0.016', 'ARI = 0.021']
Lap 3 for evolution DONE!
Train epoch = 100, alpha = 9.024152561056017, beta = 1.0, gamma = 0.0001
2021-05-15 22:12:50.868088	Train Epoch: 100 [0/5000 (0%)]	Loss: -2.158718
2021-05-15 22:12:50.969420	Train Epoch: 100 [2560/5000 (53%)]	Loss: -2.158480
====> Epoch: 100 Average loss: -2.2709
Train epoch = 101, alpha = 9.024152561056017, beta = 1.0, gamma = 0.0001
2021-05-15 22:12:51.069464	Train Epoch: 101 [0/5000 (0%)]	Loss: -2.155108
2021-05-15 22:12:51.187857	Train Epoch: 101 [2560/5000 (53%)]	Loss: -2.144419
====> Epoch: 101 Average loss: -2.2715
Train epoch = 102, alpha = 9.024152561056017, beta = 1.0, gamma = 0.0001
2021-05-15 22:12:51.286878	Train Epoch: 102 [0/5000 (0%)]	Loss: -2.158357
2021-05-15 22:12:51.383498	Train Epoch: 102 [2560/5000 (53%)]	Loss: -2.157514
====> Epoch: 102 Average loss: -2.2713
Train epoch = 103, alpha = 9.024152561056017, beta = 1.0, gamma = 0.0001
2021-05-15 22:12:51.481157	Train Epoch: 103 [0/5000 (0%)]	Loss: -2.158270
2021-05-15 22:12:51.590781	Train Epoch: 103 [2560/5000 (53%)]	Loss: -2.160249
====> Epoch: 103 Average loss: -2.2714
Train epoch = 104, alpha = 9.70315357178555, beta = 1.0, gamma = 0.0001
2021-05-15 22:12:51.682441	Train Epoch: 104 [0/5000 (0%)]	Loss: -2.143599
2021-05-15 22:12:51.775932	Train Epoch: 104 [2560/5000 (53%)]	Loss: -2.146483
====> Epoch: 104 Average loss: -2.2715
Train epoch = 105, alpha = 9.70315357178555, beta = 1.0, gamma = 0.0001
2021-05-15 22:12:51.867925	Train Epoch: 105 [0/5000 (0%)]	Loss: -2.148047
2021-05-15 22:12:51.964394	Train Epoch: 105 [2560/5000 (53%)]	Loss: -2.159646
====> Epoch: 105 Average loss: -2.2731
Train epoch = 106, alpha = 9.70315357178555, beta = 1.0, gamma = 0.0001
2021-05-15 22:12:52.055006	Train Epoch: 106 [0/5000 (0%)]	Loss: -2.178922
2021-05-15 22:12:52.147839	Train Epoch: 106 [2560/5000 (53%)]	Loss: -2.144715
====> Epoch: 106 Average loss: -2.2728
Train epoch = 107, alpha = 9.70315357178555, beta = 1.0, gamma = 0.0001
2021-05-15 22:12:52.239629	Train Epoch: 107 [0/5000 (0%)]	Loss: -2.168220
2021-05-15 22:12:52.333646	Train Epoch: 107 [2560/5000 (53%)]	Loss: -2.179976
====> Epoch: 107 Average loss: -2.2724
Train epoch = 108, alpha = 9.70315357178555, beta = 1.0, gamma = 0.0001
2021-05-15 22:12:52.424916	Train Epoch: 108 [0/5000 (0%)]	Loss: -2.143508
2021-05-15 22:12:52.517214	Train Epoch: 108 [2560/5000 (53%)]	Loss: -2.145672
====> Epoch: 108 Average loss: -2.2724
Train epoch = 109, alpha = 10.41195738045587, beta = 1.0, gamma = 0.0001
2021-05-15 22:12:52.610242	Train Epoch: 109 [0/5000 (0%)]	Loss: -2.152478
2021-05-15 22:12:52.718992	Train Epoch: 109 [2560/5000 (53%)]	Loss: -2.154796
====> Epoch: 109 Average loss: -2.2727
Train epoch = 110, alpha = 10.41195738045587, beta = 1.0, gamma = 0.0001
2021-05-15 22:12:52.811136	Train Epoch: 110 [0/5000 (0%)]	Loss: -2.157061
2021-05-15 22:12:52.904289	Train Epoch: 110 [2560/5000 (53%)]	Loss: -2.155405
====> Epoch: 110 Average loss: -2.2730
Train epoch = 111, alpha = 10.41195738045587, beta = 1.0, gamma = 0.0001
2021-05-15 22:12:52.995687	Train Epoch: 111 [0/5000 (0%)]	Loss: -2.160026
2021-05-15 22:12:53.091186	Train Epoch: 111 [2560/5000 (53%)]	Loss: -2.154851
====> Epoch: 111 Average loss: -2.2729
Train epoch = 112, alpha = 10.41195738045587, beta = 1.0, gamma = 0.0001
2021-05-15 22:12:53.185152	Train Epoch: 112 [0/5000 (0%)]	Loss: -2.156755
2021-05-15 22:12:53.296959	Train Epoch: 112 [2560/5000 (53%)]	Loss: -2.139889
====> Epoch: 112 Average loss: -2.2738
Train epoch = 113, alpha = 10.41195738045587, beta = 1.0, gamma = 0.0001
2021-05-15 22:12:53.389321	Train Epoch: 113 [0/5000 (0%)]	Loss: -2.165160
2021-05-15 22:12:53.501243	Train Epoch: 113 [2560/5000 (53%)]	Loss: -2.161259
====> Epoch: 113 Average loss: -2.2732
Train epoch = 114, alpha = 11.151601834294587, beta = 1.0, gamma = 0.0001
2021-05-15 22:12:53.600007	Train Epoch: 114 [0/5000 (0%)]	Loss: -2.148915
2021-05-15 22:12:53.712861	Train Epoch: 114 [2560/5000 (53%)]	Loss: -2.160168
====> Epoch: 114 Average loss: -2.2733
Train epoch = 115, alpha = 11.151601834294587, beta = 1.0, gamma = 0.0001
2021-05-15 22:12:53.803637	Train Epoch: 115 [0/5000 (0%)]	Loss: -2.178489
2021-05-15 22:12:53.896847	Train Epoch: 115 [2560/5000 (53%)]	Loss: -2.141412
====> Epoch: 115 Average loss: -2.2738
Train epoch = 116, alpha = 11.151601834294587, beta = 1.0, gamma = 0.0001
2021-05-15 22:12:53.988313	Train Epoch: 116 [0/5000 (0%)]	Loss: -2.165458
2021-05-15 22:12:54.081625	Train Epoch: 116 [2560/5000 (53%)]	Loss: -2.170539
====> Epoch: 116 Average loss: -2.2742
Train epoch = 117, alpha = 11.151601834294587, beta = 1.0, gamma = 0.0001
2021-05-15 22:12:54.172502	Train Epoch: 117 [0/5000 (0%)]	Loss: -2.157368
2021-05-15 22:12:54.265985	Train Epoch: 117 [2560/5000 (53%)]	Loss: -2.143066
====> Epoch: 117 Average loss: -2.2744
Train epoch = 118, alpha = 11.151601834294587, beta = 1.0, gamma = 0.0001
2021-05-15 22:12:54.358981	Train Epoch: 118 [0/5000 (0%)]	Loss: -2.149469
2021-05-15 22:12:54.469943	Train Epoch: 118 [2560/5000 (53%)]	Loss: -2.163643
====> Epoch: 118 Average loss: -2.2741
Train epoch = 119, alpha = 11.923148320526698, beta = 1.0, gamma = 0.0001
2021-05-15 22:12:54.564854	Train Epoch: 119 [0/5000 (0%)]	Loss: -2.145536
2021-05-15 22:12:54.675090	Train Epoch: 119 [2560/5000 (53%)]	Loss: -2.164110
====> Epoch: 119 Average loss: -2.2741
Train epoch = 120, alpha = 11.923148320526698, beta = 1.0, gamma = 0.0001
2021-05-15 22:12:54.767045	Train Epoch: 120 [0/5000 (0%)]	Loss: -2.137040
2021-05-15 22:12:54.970090	Train Epoch: 120 [2560/5000 (53%)]	Loss: -2.157522
====> Epoch: 120 Average loss: -2.2746
Train epoch = 121, alpha = 11.923148320526698, beta = 1.0, gamma = 0.0001
2021-05-15 22:12:55.220855	Train Epoch: 121 [0/5000 (0%)]	Loss: -2.165298
2021-05-15 22:12:55.477845	Train Epoch: 121 [2560/5000 (53%)]	Loss: -2.146280
====> Epoch: 121 Average loss: -2.2744
Train epoch = 122, alpha = 11.923148320526698, beta = 1.0, gamma = 0.0001
2021-05-15 22:12:55.587880	Train Epoch: 122 [0/5000 (0%)]	Loss: -2.153827
2021-05-15 22:12:55.703666	Train Epoch: 122 [2560/5000 (53%)]	Loss: -2.165187
====> Epoch: 122 Average loss: -2.2748
Train epoch = 123, alpha = 11.923148320526698, beta = 1.0, gamma = 0.0001
2021-05-15 22:12:55.801399	Train Epoch: 123 [0/5000 (0%)]	Loss: -2.167583
2021-05-15 22:12:55.919011	Train Epoch: 123 [2560/5000 (53%)]	Loss: -2.148888
====> Epoch: 123 Average loss: -2.2748
Train epoch = 124, alpha = 12.727683184476852, beta = 1.0, gamma = 0.0001
2021-05-15 22:12:56.018685	Train Epoch: 124 [0/5000 (0%)]	Loss: -2.173588
2021-05-15 22:12:56.116114	Train Epoch: 124 [2560/5000 (53%)]	Loss: -2.159071
====> Epoch: 124 Average loss: -2.2752
Train epoch = 125, alpha = 12.727683184476852, beta = 1.0, gamma = 0.0001
2021-05-15 22:12:56.214439	Train Epoch: 125 [0/5000 (0%)]	Loss: -2.183756
2021-05-15 22:12:56.324975	Train Epoch: 125 [2560/5000 (53%)]	Loss: -2.141212
====> Epoch: 125 Average loss: -2.2748
Train epoch = 126, alpha = 12.727683184476852, beta = 1.0, gamma = 0.0001
2021-05-15 22:12:56.418867	Train Epoch: 126 [0/5000 (0%)]	Loss: -2.161921
2021-05-15 22:12:56.532842	Train Epoch: 126 [2560/5000 (53%)]	Loss: -2.169777
====> Epoch: 126 Average loss: -2.2747
Train epoch = 127, alpha = 12.727683184476852, beta = 1.0, gamma = 0.0001
2021-05-15 22:12:56.627352	Train Epoch: 127 [0/5000 (0%)]	Loss: -2.161171
2021-05-15 22:12:56.723300	Train Epoch: 127 [2560/5000 (53%)]	Loss: -2.159780
====> Epoch: 127 Average loss: -2.2756
Train epoch = 128, alpha = 12.727683184476852, beta = 1.0, gamma = 0.0001
2021-05-15 22:12:56.815052	Train Epoch: 128 [0/5000 (0%)]	Loss: -2.153004
2021-05-15 22:12:56.907490	Train Epoch: 128 [2560/5000 (53%)]	Loss: -2.157811
====> Epoch: 128 Average loss: -2.2752
Train epoch = 129, alpha = 13.56631902140002, beta = 1.0, gamma = 0.0001
2021-05-15 22:12:56.999621	Train Epoch: 129 [0/5000 (0%)]	Loss: -2.148622
2021-05-15 22:12:57.092743	Train Epoch: 129 [2560/5000 (53%)]	Loss: -2.161489
====> Epoch: 129 Average loss: -2.2758
Train epoch = 130, alpha = 13.56631902140002, beta = 1.0, gamma = 0.0001
2021-05-15 22:12:57.186825	Train Epoch: 130 [0/5000 (0%)]	Loss: -2.179178
2021-05-15 22:12:57.281212	Train Epoch: 130 [2560/5000 (53%)]	Loss: -2.164256
====> Epoch: 130 Average loss: -2.2752
Train epoch = 131, alpha = 13.56631902140002, beta = 1.0, gamma = 0.0001
2021-05-15 22:12:57.378821	Train Epoch: 131 [0/5000 (0%)]	Loss: -2.163954
2021-05-15 22:12:57.494305	Train Epoch: 131 [2560/5000 (53%)]	Loss: -2.152965
====> Epoch: 131 Average loss: -2.2753
Train epoch = 132, alpha = 13.56631902140002, beta = 1.0, gamma = 0.0001
2021-05-15 22:12:57.588971	Train Epoch: 132 [0/5000 (0%)]	Loss: -2.161350
2021-05-15 22:12:57.708730	Train Epoch: 132 [2560/5000 (53%)]	Loss: -2.159085
====> Epoch: 132 Average loss: -2.2764
Train epoch = 133, alpha = 13.56631902140002, beta = 1.0, gamma = 0.0001
2021-05-15 22:12:57.804438	Train Epoch: 133 [0/5000 (0%)]	Loss: -2.151772
2021-05-15 22:12:57.918648	Train Epoch: 133 [2560/5000 (53%)]	Loss: -2.160086
====> Epoch: 133 Average loss: -2.2759
Train epoch = 134, alpha = 14.440195873340702, beta = 1.0, gamma = 0.0001
2021-05-15 22:12:58.015853	Train Epoch: 134 [0/5000 (0%)]	Loss: -2.172417
2021-05-15 22:12:58.114837	Train Epoch: 134 [2560/5000 (53%)]	Loss: -2.169389
====> Epoch: 134 Average loss: -2.2756
Train epoch = 135, alpha = 14.440195873340702, beta = 1.0, gamma = 0.0001
2021-05-15 22:12:58.216347	Train Epoch: 135 [0/5000 (0%)]	Loss: -2.162256
2021-05-15 22:12:58.318444	Train Epoch: 135 [2560/5000 (53%)]	Loss: -2.176448
====> Epoch: 135 Average loss: -2.2763
Train epoch = 136, alpha = 14.440195873340702, beta = 1.0, gamma = 0.0001
2021-05-15 22:12:58.417242	Train Epoch: 136 [0/5000 (0%)]	Loss: -2.150158
2021-05-15 22:12:58.516445	Train Epoch: 136 [2560/5000 (53%)]	Loss: -2.155043
====> Epoch: 136 Average loss: -2.2768
Train epoch = 137, alpha = 14.440195873340702, beta = 1.0, gamma = 0.0001
2021-05-15 22:12:58.614237	Train Epoch: 137 [0/5000 (0%)]	Loss: -2.171618
2021-05-15 22:12:58.705595	Train Epoch: 137 [2560/5000 (53%)]	Loss: -2.144747
====> Epoch: 137 Average loss: -2.2766
Train epoch = 138, alpha = 14.440195873340702, beta = 1.0, gamma = 0.0001
2021-05-15 22:12:58.800190	Train Epoch: 138 [0/5000 (0%)]	Loss: -2.165654
2021-05-15 22:12:58.893848	Train Epoch: 138 [2560/5000 (53%)]	Loss: -2.164357
====> Epoch: 138 Average loss: -2.2765
Train epoch = 139, alpha = 15.350482354741938, beta = 1.0, gamma = 0.0001
2021-05-15 22:12:58.987283	Train Epoch: 139 [0/5000 (0%)]	Loss: -2.158819
2021-05-15 22:12:59.097245	Train Epoch: 139 [2560/5000 (53%)]	Loss: -2.175959
====> Epoch: 139 Average loss: -2.2762
Train epoch = 140, alpha = 15.350482354741938, beta = 1.0, gamma = 0.0001
2021-05-15 22:12:59.190472	Train Epoch: 140 [0/5000 (0%)]	Loss: -2.128010
2021-05-15 22:12:59.282750	Train Epoch: 140 [2560/5000 (53%)]	Loss: -2.183301
====> Epoch: 140 Average loss: -2.2768
Train epoch = 141, alpha = 15.350482354741938, beta = 1.0, gamma = 0.0001
2021-05-15 22:12:59.374870	Train Epoch: 141 [0/5000 (0%)]	Loss: -2.168356
2021-05-15 22:12:59.468489	Train Epoch: 141 [2560/5000 (53%)]	Loss: -2.148830
====> Epoch: 141 Average loss: -2.2766
Train epoch = 142, alpha = 15.350482354741938, beta = 1.0, gamma = 0.0001
2021-05-15 22:12:59.561857	Train Epoch: 142 [0/5000 (0%)]	Loss: -2.181406
2021-05-15 22:12:59.673991	Train Epoch: 142 [2560/5000 (53%)]	Loss: -2.149670
====> Epoch: 142 Average loss: -2.2772
Train epoch = 143, alpha = 15.350482354741938, beta = 1.0, gamma = 0.0001
2021-05-15 22:12:59.764773	Train Epoch: 143 [0/5000 (0%)]	Loss: -2.152418
2021-05-15 22:12:59.859053	Train Epoch: 143 [2560/5000 (53%)]	Loss: -2.158561
====> Epoch: 143 Average loss: -2.2772
Train epoch = 144, alpha = 16.29837672498614, beta = 1.0, gamma = 0.0001
2021-05-15 22:12:59.951139	Train Epoch: 144 [0/5000 (0%)]	Loss: -2.174186
2021-05-15 22:13:00.048638	Train Epoch: 144 [2560/5000 (53%)]	Loss: -2.166517
====> Epoch: 144 Average loss: -2.2771
Train epoch = 145, alpha = 16.29837672498614, beta = 1.0, gamma = 0.0001
2021-05-15 22:13:00.141474	Train Epoch: 145 [0/5000 (0%)]	Loss: -2.163528
2021-05-15 22:13:00.234690	Train Epoch: 145 [2560/5000 (53%)]	Loss: -2.190931
====> Epoch: 145 Average loss: -2.2768
Train epoch = 146, alpha = 16.29837672498614, beta = 1.0, gamma = 0.0001
2021-05-15 22:13:00.328941	Train Epoch: 146 [0/5000 (0%)]	Loss: -2.153255
2021-05-15 22:13:00.427818	Train Epoch: 146 [2560/5000 (53%)]	Loss: -2.165473
====> Epoch: 146 Average loss: -2.2775
Train epoch = 147, alpha = 16.29837672498614, beta = 1.0, gamma = 0.0001
2021-05-15 22:13:00.523578	Train Epoch: 147 [0/5000 (0%)]	Loss: -2.153904
2021-05-15 22:13:00.617299	Train Epoch: 147 [2560/5000 (53%)]	Loss: -2.173849
====> Epoch: 147 Average loss: -2.2775
Train epoch = 148, alpha = 16.29837672498614, beta = 1.0, gamma = 0.0001
2021-05-15 22:13:00.711518	Train Epoch: 148 [0/5000 (0%)]	Loss: -2.172421
2021-05-15 22:13:00.804356	Train Epoch: 148 [2560/5000 (53%)]	Loss: -2.164250
====> Epoch: 148 Average loss: -2.2781
Train epoch = 149, alpha = 17.28510792195538, beta = 1.0, gamma = 0.0001
2021-05-15 22:13:00.899310	Train Epoch: 149 [0/5000 (0%)]	Loss: -2.173898
2021-05-15 22:13:01.009917	Train Epoch: 149 [2560/5000 (53%)]	Loss: -2.151778
====> Epoch: 149 Average loss: -2.2775
Starting lap 4 for evolution on synthetic_clusters data in mode train...
Running k-means...
Running k-means...
shape of s torch.Size([2, 4])
Running k-segments...
s1 shape:  torch.Size([18, 2])
s2 shape:  torch.Size([18, 2])
s_alphas shape:  torch.Size([18, 2])
s1 shape:  torch.Size([18, 2])
s2 shape:  torch.Size([18, 2])
s_alphas shape:  torch.Size([18, 2])
s1 shape:  torch.Size([2, 2])
s2 shape:  torch.Size([2, 2])
shape s_inter_rec_np =  (18, 2)
i = 0, X_full shape = (5002, 2)
i = 1, X_full shape = (5022, 2)
i = 2, X_full shape = (5022, 2)
i = 3, X_full shape = (5002, 2)
i = 4, X_full shape = (5020, 2)
i = 0, X_full shape = (5002, 2)
i = 1, X_full shape = (5022, 2)
i = 2, X_full shape = (5022, 2)
i = 3, X_full shape = (5002, 2)
i = 4, X_full shape = (5020, 2)
['ACC = 0.501', 'NMI = 0.0', 'ARI = -0.0']
Lap 4 for evolution DONE!
Train epoch = 150, alpha = 17.28510792195538, beta = 1.0, gamma = 0.0001
2021-05-15 22:13:04.676733	Train Epoch: 150 [0/5000 (0%)]	Loss: -2.160826
2021-05-15 22:13:04.771636	Train Epoch: 150 [2560/5000 (53%)]	Loss: -2.142765
====> Epoch: 150 Average loss: -2.2769
Train epoch = 151, alpha = 17.28510792195538, beta = 1.0, gamma = 0.0001
2021-05-15 22:13:04.864385	Train Epoch: 151 [0/5000 (0%)]	Loss: -2.167421
2021-05-15 22:13:04.957653	Train Epoch: 151 [2560/5000 (53%)]	Loss: -2.169180
====> Epoch: 151 Average loss: -2.2765
Train epoch = 152, alpha = 17.28510792195538, beta = 1.0, gamma = 0.0001
2021-05-15 22:13:05.052034	Train Epoch: 152 [0/5000 (0%)]	Loss: -2.156680
2021-05-15 22:13:05.180349	Train Epoch: 152 [2560/5000 (53%)]	Loss: -2.161882
====> Epoch: 152 Average loss: -2.2783
Train epoch = 153, alpha = 17.28510792195538, beta = 1.0, gamma = 0.0001
2021-05-15 22:13:05.272387	Train Epoch: 153 [0/5000 (0%)]	Loss: -2.177777
2021-05-15 22:13:05.365351	Train Epoch: 153 [2560/5000 (53%)]	Loss: -2.179590
====> Epoch: 153 Average loss: -2.2780
Train epoch = 154, alpha = 18.311936567640323, beta = 1.0, gamma = 0.0001
2021-05-15 22:13:05.458617	Train Epoch: 154 [0/5000 (0%)]	Loss: -2.161934
2021-05-15 22:13:05.571706	Train Epoch: 154 [2560/5000 (53%)]	Loss: -2.150883
====> Epoch: 154 Average loss: -2.2785
Train epoch = 155, alpha = 18.311936567640323, beta = 1.0, gamma = 0.0001
2021-05-15 22:13:05.662836	Train Epoch: 155 [0/5000 (0%)]	Loss: -2.172093
2021-05-15 22:13:05.755532	Train Epoch: 155 [2560/5000 (53%)]	Loss: -2.178422
====> Epoch: 155 Average loss: -2.2787
Train epoch = 156, alpha = 18.311936567640323, beta = 1.0, gamma = 0.0001
2021-05-15 22:13:05.846691	Train Epoch: 156 [0/5000 (0%)]	Loss: -2.151603
2021-05-15 22:13:05.956905	Train Epoch: 156 [2560/5000 (53%)]	Loss: -2.168921
====> Epoch: 156 Average loss: -2.2782
Train epoch = 157, alpha = 18.311936567640323, beta = 1.0, gamma = 0.0001
2021-05-15 22:13:06.047686	Train Epoch: 157 [0/5000 (0%)]	Loss: -2.179356
2021-05-15 22:13:06.162107	Train Epoch: 157 [2560/5000 (53%)]	Loss: -2.170166
====> Epoch: 157 Average loss: -2.2781
Train epoch = 158, alpha = 18.311936567640323, beta = 1.0, gamma = 0.0001
2021-05-15 22:13:06.257505	Train Epoch: 158 [0/5000 (0%)]	Loss: -2.152097
2021-05-15 22:13:06.367634	Train Epoch: 158 [2560/5000 (53%)]	Loss: -2.169740
====> Epoch: 158 Average loss: -2.2778
Train epoch = 159, alpha = 19.380155954520465, beta = 1.0, gamma = 0.0001
2021-05-15 22:13:06.461694	Train Epoch: 159 [0/5000 (0%)]	Loss: -2.175333
2021-05-15 22:13:06.576169	Train Epoch: 159 [2560/5000 (53%)]	Loss: -2.156962
====> Epoch: 159 Average loss: -2.2788
Train epoch = 160, alpha = 19.380155954520465, beta = 1.0, gamma = 0.0001
2021-05-15 22:13:06.673403	Train Epoch: 160 [0/5000 (0%)]	Loss: -2.155767
2021-05-15 22:13:06.766779	Train Epoch: 160 [2560/5000 (53%)]	Loss: -2.158530
====> Epoch: 160 Average loss: -2.2781
Train epoch = 161, alpha = 19.380155954520465, beta = 1.0, gamma = 0.0001
2021-05-15 22:13:06.859457	Train Epoch: 161 [0/5000 (0%)]	Loss: -2.179132
2021-05-15 22:13:06.951724	Train Epoch: 161 [2560/5000 (53%)]	Loss: -2.158537
====> Epoch: 161 Average loss: -2.2788
Train epoch = 162, alpha = 19.380155954520465, beta = 1.0, gamma = 0.0001
2021-05-15 22:13:07.043576	Train Epoch: 162 [0/5000 (0%)]	Loss: -2.152041
2021-05-15 22:13:07.137686	Train Epoch: 162 [2560/5000 (53%)]	Loss: -2.169413
====> Epoch: 162 Average loss: -2.2787
Train epoch = 163, alpha = 19.380155954520465, beta = 1.0, gamma = 0.0001
2021-05-15 22:13:07.228504	Train Epoch: 163 [0/5000 (0%)]	Loss: -2.187962
2021-05-15 22:13:07.320764	Train Epoch: 163 [2560/5000 (53%)]	Loss: -2.185706
====> Epoch: 163 Average loss: -2.2788
Train epoch = 164, alpha = 20.4910930196826, beta = 1.0, gamma = 0.0001
2021-05-15 22:13:07.412767	Train Epoch: 164 [0/5000 (0%)]	Loss: -2.189002
2021-05-15 22:13:07.506619	Train Epoch: 164 [2560/5000 (53%)]	Loss: -2.185798
====> Epoch: 164 Average loss: -2.2793
Train epoch = 165, alpha = 20.4910930196826, beta = 1.0, gamma = 0.0001
2021-05-15 22:13:07.598323	Train Epoch: 165 [0/5000 (0%)]	Loss: -2.177381
2021-05-15 22:13:07.702508	Train Epoch: 165 [2560/5000 (53%)]	Loss: -2.150924
====> Epoch: 165 Average loss: -2.2795
Train epoch = 166, alpha = 20.4910930196826, beta = 1.0, gamma = 0.0001
2021-05-15 22:13:07.793752	Train Epoch: 166 [0/5000 (0%)]	Loss: -2.154397
2021-05-15 22:13:07.887307	Train Epoch: 166 [2560/5000 (53%)]	Loss: -2.140482
====> Epoch: 166 Average loss: -2.2797
Train epoch = 167, alpha = 20.4910930196826, beta = 1.0, gamma = 0.0001
2021-05-15 22:13:07.980231	Train Epoch: 167 [0/5000 (0%)]	Loss: -2.167879
2021-05-15 22:13:08.092170	Train Epoch: 167 [2560/5000 (53%)]	Loss: -2.149802
====> Epoch: 167 Average loss: -2.2800
Train epoch = 168, alpha = 20.4910930196826, beta = 1.0, gamma = 0.0001
2021-05-15 22:13:08.184042	Train Epoch: 168 [0/5000 (0%)]	Loss: -2.147605
2021-05-15 22:13:08.295416	Train Epoch: 168 [2560/5000 (53%)]	Loss: -2.165784
====> Epoch: 168 Average loss: -2.2792
Train epoch = 169, alpha = 21.64610931229765, beta = 1.0, gamma = 0.0001
2021-05-15 22:13:08.387937	Train Epoch: 169 [0/5000 (0%)]	Loss: -2.176004
2021-05-15 22:13:08.480989	Train Epoch: 169 [2560/5000 (53%)]	Loss: -2.176262
====> Epoch: 169 Average loss: -2.2798
Train epoch = 170, alpha = 21.64610931229765, beta = 1.0, gamma = 0.0001
2021-05-15 22:13:08.574364	Train Epoch: 170 [0/5000 (0%)]	Loss: -2.170691
2021-05-15 22:13:08.668320	Train Epoch: 170 [2560/5000 (53%)]	Loss: -2.162819
====> Epoch: 170 Average loss: -2.2794
Train epoch = 171, alpha = 21.64610931229765, beta = 1.0, gamma = 0.0001
2021-05-15 22:13:08.759124	Train Epoch: 171 [0/5000 (0%)]	Loss: -2.166311
2021-05-15 22:13:08.851959	Train Epoch: 171 [2560/5000 (53%)]	Loss: -2.176337
====> Epoch: 171 Average loss: -2.2803
Train epoch = 172, alpha = 21.64610931229765, beta = 1.0, gamma = 0.0001
2021-05-15 22:13:08.945061	Train Epoch: 172 [0/5000 (0%)]	Loss: -2.188292
2021-05-15 22:13:09.054414	Train Epoch: 172 [2560/5000 (53%)]	Loss: -2.181145
====> Epoch: 172 Average loss: -2.2804
Train epoch = 173, alpha = 21.64610931229765, beta = 1.0, gamma = 0.0001
2021-05-15 22:13:09.147494	Train Epoch: 173 [0/5000 (0%)]	Loss: -2.165702
2021-05-15 22:13:09.259412	Train Epoch: 173 [2560/5000 (53%)]	Loss: -2.182316
====> Epoch: 173 Average loss: -2.2807
Train epoch = 174, alpha = 22.846601959033872, beta = 1.0, gamma = 0.0001
2021-05-15 22:13:09.353939	Train Epoch: 174 [0/5000 (0%)]	Loss: -2.168780
2021-05-15 22:13:09.468348	Train Epoch: 174 [2560/5000 (53%)]	Loss: -2.153923
====> Epoch: 174 Average loss: -2.2803
Train epoch = 175, alpha = 22.846601959033872, beta = 1.0, gamma = 0.0001
2021-05-15 22:13:09.561244	Train Epoch: 175 [0/5000 (0%)]	Loss: -2.166930
2021-05-15 22:13:09.653163	Train Epoch: 175 [2560/5000 (53%)]	Loss: -2.177862
====> Epoch: 175 Average loss: -2.2812
Train epoch = 176, alpha = 22.846601959033872, beta = 1.0, gamma = 0.0001
2021-05-15 22:13:09.746063	Train Epoch: 176 [0/5000 (0%)]	Loss: -2.180547
2021-05-15 22:13:09.837007	Train Epoch: 176 [2560/5000 (53%)]	Loss: -2.149447
====> Epoch: 176 Average loss: -2.2812
Train epoch = 177, alpha = 22.846601959033872, beta = 1.0, gamma = 0.0001
2021-05-15 22:13:09.927583	Train Epoch: 177 [0/5000 (0%)]	Loss: -2.150603
2021-05-15 22:13:10.020433	Train Epoch: 177 [2560/5000 (53%)]	Loss: -2.173927
====> Epoch: 177 Average loss: -2.2815
Train epoch = 178, alpha = 22.846601959033872, beta = 1.0, gamma = 0.0001
2021-05-15 22:13:10.114733	Train Epoch: 178 [0/5000 (0%)]	Loss: -2.162998
2021-05-15 22:13:10.223947	Train Epoch: 178 [2560/5000 (53%)]	Loss: -2.160926
====> Epoch: 178 Average loss: -2.2818
Train epoch = 179, alpha = 24.094004631173387, beta = 1.0, gamma = 0.0001
2021-05-15 22:13:10.316585	Train Epoch: 179 [0/5000 (0%)]	Loss: -2.166079
2021-05-15 22:13:10.430384	Train Epoch: 179 [2560/5000 (53%)]	Loss: -2.167847
====> Epoch: 179 Average loss: -2.2814
Train epoch = 180, alpha = 24.094004631173387, beta = 1.0, gamma = 0.0001
2021-05-15 22:13:10.523333	Train Epoch: 180 [0/5000 (0%)]	Loss: -2.171371
2021-05-15 22:13:10.617837	Train Epoch: 180 [2560/5000 (53%)]	Loss: -2.168988
====> Epoch: 180 Average loss: -2.2817
Train epoch = 181, alpha = 24.094004631173387, beta = 1.0, gamma = 0.0001
2021-05-15 22:13:10.710601	Train Epoch: 181 [0/5000 (0%)]	Loss: -2.170382
2021-05-15 22:13:10.820119	Train Epoch: 181 [2560/5000 (53%)]	Loss: -2.158069
====> Epoch: 181 Average loss: -2.2819
Train epoch = 182, alpha = 24.094004631173387, beta = 1.0, gamma = 0.0001
2021-05-15 22:13:10.912189	Train Epoch: 182 [0/5000 (0%)]	Loss: -2.187572
2021-05-15 22:13:11.004261	Train Epoch: 182 [2560/5000 (53%)]	Loss: -2.177853
====> Epoch: 182 Average loss: -2.2817
Train epoch = 183, alpha = 24.094004631173387, beta = 1.0, gamma = 0.0001
2021-05-15 22:13:11.094087	Train Epoch: 183 [0/5000 (0%)]	Loss: -2.177190
2021-05-15 22:13:11.186407	Train Epoch: 183 [2560/5000 (53%)]	Loss: -2.185808
====> Epoch: 183 Average loss: -2.2823
Train epoch = 184, alpha = 25.38978851656256, beta = 1.0, gamma = 0.0001
2021-05-15 22:13:11.277462	Train Epoch: 184 [0/5000 (0%)]	Loss: -2.179085
2021-05-15 22:13:11.371363	Train Epoch: 184 [2560/5000 (53%)]	Loss: -2.161762
====> Epoch: 184 Average loss: -2.2823
Train epoch = 185, alpha = 25.38978851656256, beta = 1.0, gamma = 0.0001
2021-05-15 22:13:11.463210	Train Epoch: 185 [0/5000 (0%)]	Loss: -2.183138
2021-05-15 22:13:11.557040	Train Epoch: 185 [2560/5000 (53%)]	Loss: -2.169293
====> Epoch: 185 Average loss: -2.2821
Train epoch = 186, alpha = 25.38978851656256, beta = 1.0, gamma = 0.0001
2021-05-15 22:13:11.648835	Train Epoch: 186 [0/5000 (0%)]	Loss: -2.160985
2021-05-15 22:13:11.740278	Train Epoch: 186 [2560/5000 (53%)]	Loss: -2.178385
====> Epoch: 186 Average loss: -2.2821
Train epoch = 187, alpha = 25.38978851656256, beta = 1.0, gamma = 0.0001
2021-05-15 22:13:11.831574	Train Epoch: 187 [0/5000 (0%)]	Loss: -2.163846
2021-05-15 22:13:11.942300	Train Epoch: 187 [2560/5000 (53%)]	Loss: -2.157660
====> Epoch: 187 Average loss: -2.2827
Train epoch = 188, alpha = 25.38978851656256, beta = 1.0, gamma = 0.0001
2021-05-15 22:13:12.034369	Train Epoch: 188 [0/5000 (0%)]	Loss: -2.151179
2021-05-15 22:13:12.127219	Train Epoch: 188 [2560/5000 (53%)]	Loss: -2.158976
====> Epoch: 188 Average loss: -2.2832
Train epoch = 189, alpha = 26.735463299025135, beta = 1.0, gamma = 0.0001
2021-05-15 22:13:12.218872	Train Epoch: 189 [0/5000 (0%)]	Loss: -2.189619
2021-05-15 22:13:12.311423	Train Epoch: 189 [2560/5000 (53%)]	Loss: -2.167239
====> Epoch: 189 Average loss: -2.2835
Train epoch = 190, alpha = 26.735463299025135, beta = 1.0, gamma = 0.0001
2021-05-15 22:13:12.403016	Train Epoch: 190 [0/5000 (0%)]	Loss: -2.186451
2021-05-15 22:13:12.496216	Train Epoch: 190 [2560/5000 (53%)]	Loss: -2.179322
====> Epoch: 190 Average loss: -2.2834
Train epoch = 191, alpha = 26.735463299025135, beta = 1.0, gamma = 0.0001
2021-05-15 22:13:12.588660	Train Epoch: 191 [0/5000 (0%)]	Loss: -2.154847
2021-05-15 22:13:12.710558	Train Epoch: 191 [2560/5000 (53%)]	Loss: -2.168594
====> Epoch: 191 Average loss: -2.2837
Train epoch = 192, alpha = 26.735463299025135, beta = 1.0, gamma = 0.0001
2021-05-15 22:13:12.836757	Train Epoch: 192 [0/5000 (0%)]	Loss: -2.154786
2021-05-15 22:13:12.977397	Train Epoch: 192 [2560/5000 (53%)]	Loss: -2.160774
====> Epoch: 192 Average loss: -2.2838
Train epoch = 193, alpha = 26.735463299025135, beta = 1.0, gamma = 0.0001
2021-05-15 22:13:13.094398	Train Epoch: 193 [0/5000 (0%)]	Loss: -2.168555
2021-05-15 22:13:13.197623	Train Epoch: 193 [2560/5000 (53%)]	Loss: -2.171839
====> Epoch: 193 Average loss: -2.2837
Train epoch = 194, alpha = 28.13257814746897, beta = 1.0, gamma = 0.0001
2021-05-15 22:13:13.304618	Train Epoch: 194 [0/5000 (0%)]	Loss: -2.188210
2021-05-15 22:13:13.418975	Train Epoch: 194 [2560/5000 (53%)]	Loss: -2.163566
====> Epoch: 194 Average loss: -2.2841
Train epoch = 195, alpha = 28.13257814746897, beta = 1.0, gamma = 0.0001
2021-05-15 22:13:13.527294	Train Epoch: 195 [0/5000 (0%)]	Loss: -2.167814
2021-05-15 22:13:13.639573	Train Epoch: 195 [2560/5000 (53%)]	Loss: -2.154864
====> Epoch: 195 Average loss: -2.2849
Train epoch = 196, alpha = 28.13257814746897, beta = 1.0, gamma = 0.0001
2021-05-15 22:13:13.746961	Train Epoch: 196 [0/5000 (0%)]	Loss: -2.179925
2021-05-15 22:13:13.863824	Train Epoch: 196 [2560/5000 (53%)]	Loss: -2.182331
====> Epoch: 196 Average loss: -2.2845
Train epoch = 197, alpha = 28.13257814746897, beta = 1.0, gamma = 0.0001
2021-05-15 22:13:13.979976	Train Epoch: 197 [0/5000 (0%)]	Loss: -2.154590
2021-05-15 22:13:14.108935	Train Epoch: 197 [2560/5000 (53%)]	Loss: -2.182634
====> Epoch: 197 Average loss: -2.2847
Train epoch = 198, alpha = 28.13257814746897, beta = 1.0, gamma = 0.0001
2021-05-15 22:13:14.214923	Train Epoch: 198 [0/5000 (0%)]	Loss: -2.172692
2021-05-15 22:13:14.345482	Train Epoch: 198 [2560/5000 (53%)]	Loss: -2.180540
====> Epoch: 198 Average loss: -2.2849
Train epoch = 199, alpha = 29.582722716600045, beta = 1.0, gamma = 0.0001
2021-05-15 22:13:14.452257	Train Epoch: 199 [0/5000 (0%)]	Loss: -2.173567
2021-05-15 22:13:14.571273	Train Epoch: 199 [2560/5000 (53%)]	Loss: -2.175452
====> Epoch: 199 Average loss: -2.2850
Saving model...
Training DONE!
Loading dataset synthetic_clusters...
Shape X_train:  (5000, 2)
Shape Y_train:  (5000,)
Shape X_test:  (1000, 2)
Shape Y_test:  (1000,)
Dataset loaded!
Initialization of the model...
Scheme train: annealing
Rep init type: fixed_length_random
Space init: latent
Type loss: log_dist
Model:  AE(
  (encoder): Encoder(
    (hidden): ModuleList()
    (out): Linear(in_features=2, out_features=2, bias=True)
  )
  (decoder): Decoder(
    (hidden): ModuleList()
    (out): Linear(in_features=2, out_features=2, bias=True)
  )
)
Starting testing on synthetic_clusters data in mode test...
Running k-means...
Running k-means...
shape of s torch.Size([2, 4])
Running k-segments...
s1 shape:  torch.Size([18, 2])
s2 shape:  torch.Size([18, 2])
s_alphas shape:  torch.Size([18, 2])
s1 shape:  torch.Size([18, 2])
s2 shape:  torch.Size([18, 2])
s_alphas shape:  torch.Size([18, 2])
s1 shape:  torch.Size([2, 2])
s2 shape:  torch.Size([2, 2])
shape s_inter_rec_np =  (18, 2)
i = 0, X_full shape = (1002, 2)
i = 1, X_full shape = (1022, 2)
i = 2, X_full shape = (1022, 2)
i = 3, X_full shape = (1002, 2)
i = 4, X_full shape = (1020, 2)
i = 0, X_full shape = (1002, 2)
i = 1, X_full shape = (1022, 2)
i = 2, X_full shape = (1022, 2)
i = 3, X_full shape = (1002, 2)
i = 4, X_full shape = (1020, 2)
['ACC = 0.599', 'NMI = 0.028', 'ARI = 0.038']
Final testing DONE!
